<?xml version="1.0" encoding="UTF-8"?>
<robot generator="Robot 4.0.2 (Python 3.9.1 on win32)" generated="20211005 21:13:02.417" rpa="false" schemaversion="2">
<suite id="s1" name="SignUpTests" source="C:\QANinja\RocklovJulius\backend\tests\SignUpTests.robot">
<test id="s1-t1" name="Add New User">
<kw name="GET Json" library="Helpers">
<var>${payload}</var>
<arg>signup</arg>
<arg>new_user.json</arg>
<kw name="Get File" library="OperatingSystem">
<var>${fixture}</var>
<arg>${EXECDIR}/resources/fixtures/${route}/${file_name}</arg>
<doc>Returns the contents of a specified file.</doc>
<msg timestamp="20211005 21:13:02.868" level="INFO" html="true">Getting file '&lt;a href="file://C:\QANinja\RocklovJulius\backend\resources\fixtures\signup\new_user.json"&gt;C:\QANinja\RocklovJulius\backend\resources\fixtures\signup\new_user.json&lt;/a&gt;'.</msg>
<msg timestamp="20211005 21:13:02.869" level="INFO">${fixture} = {
    "name": "jose",
    "email": "jose@Jose.com.br",
    "password": "Jose@123"
}</msg>
<status status="PASS" starttime="20211005 21:13:02.868" endtime="20211005 21:13:02.869"/>
</kw>
<kw name="Evaluate" library="BuiltIn">
<var>${json}</var>
<arg>json.loads($fixture)</arg>
<arg>json</arg>
<doc>Evaluates the given expression in Python and returns the result.</doc>
<msg timestamp="20211005 21:13:02.892" level="INFO">${json} = {'name': 'jose', 'email': 'jose@Jose.com.br', 'password': 'Jose@123'}</msg>
<status status="PASS" starttime="20211005 21:13:02.869" endtime="20211005 21:13:02.892"/>
</kw>
<msg timestamp="20211005 21:13:02.892" level="INFO">${payload} = {'name': 'jose', 'email': 'jose@Jose.com.br', 'password': 'Jose@123'}</msg>
<status status="PASS" starttime="20211005 21:13:02.867" endtime="20211005 21:13:02.892"/>
</kw>
<kw name="Remove User By Email" library="mongo">
<arg>${payload["email"]}</arg>
<status status="PASS" starttime="20211005 21:13:02.892" endtime="20211005 21:13:03.310"/>
</kw>
<kw name="Log" library="BuiltIn">
<arg>${payload["email"]}</arg>
<doc>Logs the given message with the given level.</doc>
<msg timestamp="20211005 21:13:03.312" level="INFO">jose@Jose.com.br</msg>
<status status="PASS" starttime="20211005 21:13:03.311" endtime="20211005 21:13:03.312"/>
</kw>
<kw name="POST User" library="Signup">
<var>${response}</var>
<arg>${payload}</arg>
<kw name="POST" library="RequestsLibrary">
<var>${response}</var>
<arg>${base_url}/signup</arg>
<arg>json=${payload}</arg>
<arg>expected_status=any</arg>
<doc>Sends a POST request.</doc>
<msg timestamp="20211005 21:13:04.517" level="INFO">POST Request : url=https://rocklov-julius-api.herokuapp.com/signup 
 path_url=/signup 
 headers={'User-Agent': 'python-requests/2.25.0', 'Accept-Encoding': 'gzip, deflate', 'Accept': '*/*', 'Connection': 'keep-alive', 'Content-Length': '69', 'Content-Type': 'application/json'} 
 body=b'{"name": "jose", "email": "jose@Jose.com.br", "password": "Jose@123"}' 
 </msg>
<msg timestamp="20211005 21:13:04.517" level="INFO">POST Response : url=https://rocklov-julius-api.herokuapp.com/signup 
 status=200, reason=OK 
 headers={'Server': 'Cowboy', 'Connection': 'keep-alive', 'X-Powered-By': 'Express', 'Access-Control-Allow-Origin': '*', 'Content-Type': 'application/json; charset=utf-8', 'Content-Length': '129', 'Etag': 'W/"81-h8Ea0rPfSKKxs3MsC85+OOBrefU"', 'Date': 'Wed, 06 Oct 2021 00:13:04 GMT', 'Via': '1.1 vegur'} 
 body={"_id":"615cea10a1676e001693e8f0","name":"jose","email":"jose@Jose.com.br","password":"72d2eb11a781225cefbca50add3e0dd5","__v":0} 
 </msg>
<msg timestamp="20211005 21:13:04.517" level="INFO">${response} = &lt;Response [200]&gt;</msg>
<status status="PASS" starttime="20211005 21:13:03.314" endtime="20211005 21:13:04.517"/>
</kw>
<msg timestamp="20211005 21:13:04.518" level="INFO">${response} = &lt;Response [200]&gt;</msg>
<status status="PASS" starttime="20211005 21:13:03.313" endtime="20211005 21:13:04.518"/>
</kw>
<kw name="Status Should Be" library="RequestsLibrary">
<arg>200</arg>
<arg>${response}</arg>
<doc>Fails if response status code is different than the expected.</doc>
<status status="PASS" starttime="20211005 21:13:04.522" endtime="20211005 21:13:04.523"/>
</kw>
<status status="PASS" starttime="20211005 21:13:02.864" endtime="20211005 21:13:04.523"/>
</test>
<test id="s1-t2" name="Duplicated Email">
<kw name="GET Json" library="Helpers">
<var>${payload}</var>
<arg>signup</arg>
<arg>duplicated.json</arg>
<kw name="Get File" library="OperatingSystem">
<var>${fixture}</var>
<arg>${EXECDIR}/resources/fixtures/${route}/${file_name}</arg>
<doc>Returns the contents of a specified file.</doc>
<msg timestamp="20211005 21:13:04.560" level="INFO" html="true">Getting file '&lt;a href="file://C:\QANinja\RocklovJulius\backend\resources\fixtures\signup\duplicated.json"&gt;C:\QANinja\RocklovJulius\backend\resources\fixtures\signup\duplicated.json&lt;/a&gt;'.</msg>
<msg timestamp="20211005 21:13:04.560" level="INFO">${fixture} = {
    "name": "Maria",
    "email": "maria@maria.com.br",
    "password": "maria@123"
}</msg>
<status status="PASS" starttime="20211005 21:13:04.559" endtime="20211005 21:13:04.560"/>
</kw>
<kw name="Evaluate" library="BuiltIn">
<var>${json}</var>
<arg>json.loads($fixture)</arg>
<arg>json</arg>
<doc>Evaluates the given expression in Python and returns the result.</doc>
<msg timestamp="20211005 21:13:04.561" level="INFO">${json} = {'name': 'Maria', 'email': 'maria@maria.com.br', 'password': 'maria@123'}</msg>
<status status="PASS" starttime="20211005 21:13:04.561" endtime="20211005 21:13:04.561"/>
</kw>
<msg timestamp="20211005 21:13:04.562" level="INFO">${payload} = {'name': 'Maria', 'email': 'maria@maria.com.br', 'password': 'maria@123'}</msg>
<status status="PASS" starttime="20211005 21:13:04.558" endtime="20211005 21:13:04.562"/>
</kw>
<kw name="POST User" library="Signup">
<arg>${payload}</arg>
<kw name="POST" library="RequestsLibrary">
<var>${response}</var>
<arg>${base_url}/signup</arg>
<arg>json=${payload}</arg>
<arg>expected_status=any</arg>
<doc>Sends a POST request.</doc>
<msg timestamp="20211005 21:13:05.375" level="INFO">POST Request : url=https://rocklov-julius-api.herokuapp.com/signup 
 path_url=/signup 
 headers={'User-Agent': 'python-requests/2.25.0', 'Accept-Encoding': 'gzip, deflate', 'Accept': '*/*', 'Connection': 'keep-alive', 'Content-Length': '73', 'Content-Type': 'application/json'} 
 body=b'{"name": "Maria", "email": "maria@maria.com.br", "password": "maria@123"}' 
 </msg>
<msg timestamp="20211005 21:13:05.375" level="INFO">POST Response : url=https://rocklov-julius-api.herokuapp.com/signup 
 status=409, reason=Conflict 
 headers={'Server': 'Cowboy', 'Connection': 'keep-alive', 'X-Powered-By': 'Express', 'Access-Control-Allow-Origin': '*', 'Content-Type': 'application/json; charset=utf-8', 'Content-Length': '47', 'Etag': 'W/"2f-6vgYhFf+FNZGgYfaQq8uG8nL6FU"', 'Date': 'Wed, 06 Oct 2021 00:13:05 GMT', 'Via': '1.1 vegur'} 
 body={"code":1001,"error":"Email already exists :("} 
 </msg>
<msg timestamp="20211005 21:13:05.375" level="INFO">${response} = &lt;Response [409]&gt;</msg>
<status status="PASS" starttime="20211005 21:13:04.572" endtime="20211005 21:13:05.375"/>
</kw>
<status status="PASS" starttime="20211005 21:13:04.571" endtime="20211005 21:13:05.376"/>
</kw>
<kw name="POST User" library="Signup">
<var>${response}</var>
<arg>${payload}</arg>
<kw name="POST" library="RequestsLibrary">
<var>${response}</var>
<arg>${base_url}/signup</arg>
<arg>json=${payload}</arg>
<arg>expected_status=any</arg>
<doc>Sends a POST request.</doc>
<msg timestamp="20211005 21:13:06.165" level="INFO">POST Request : url=https://rocklov-julius-api.herokuapp.com/signup 
 path_url=/signup 
 headers={'User-Agent': 'python-requests/2.25.0', 'Accept-Encoding': 'gzip, deflate', 'Accept': '*/*', 'Connection': 'keep-alive', 'Content-Length': '73', 'Content-Type': 'application/json'} 
 body=b'{"name": "Maria", "email": "maria@maria.com.br", "password": "maria@123"}' 
 </msg>
<msg timestamp="20211005 21:13:06.165" level="INFO">POST Response : url=https://rocklov-julius-api.herokuapp.com/signup 
 status=409, reason=Conflict 
 headers={'Server': 'Cowboy', 'Connection': 'keep-alive', 'X-Powered-By': 'Express', 'Access-Control-Allow-Origin': '*', 'Content-Type': 'application/json; charset=utf-8', 'Content-Length': '47', 'Etag': 'W/"2f-6vgYhFf+FNZGgYfaQq8uG8nL6FU"', 'Date': 'Wed, 06 Oct 2021 00:13:06 GMT', 'Via': '1.1 vegur'} 
 body={"code":1001,"error":"Email already exists :("} 
 </msg>
<msg timestamp="20211005 21:13:06.166" level="INFO">${response} = &lt;Response [409]&gt;</msg>
<status status="PASS" starttime="20211005 21:13:05.378" endtime="20211005 21:13:06.166"/>
</kw>
<msg timestamp="20211005 21:13:06.167" level="INFO">${response} = &lt;Response [409]&gt;</msg>
<status status="PASS" starttime="20211005 21:13:05.378" endtime="20211005 21:13:06.167"/>
</kw>
<kw name="Status Should Be" library="RequestsLibrary">
<arg>409</arg>
<arg>${response}</arg>
<doc>Fails if response status code is different than the expected.</doc>
<status status="PASS" starttime="20211005 21:13:06.167" endtime="20211005 21:13:06.168"/>
</kw>
<status status="PASS" starttime="20211005 21:13:04.557" endtime="20211005 21:13:06.168"/>
</test>
<doc>Signup Tests</doc>
<status status="PASS" starttime="20211005 21:13:02.421" endtime="20211005 21:13:06.170"/>
</suite>
<statistics>
<total>
<stat pass="2" fail="0" skip="0">All Tests</stat>
</total>
<tag>
</tag>
<suite>
<stat pass="2" fail="0" skip="0" id="s1" name="SignUpTests">SignUpTests</stat>
</suite>
</statistics>
<errors>
</errors>
</robot>
