<?xml version="1.0" encoding="UTF-8"?>
<robot generator="Robot 4.0.2 (Python 3.9.1 on win32)" generated="20211005 22:30:47.727" rpa="false" schemaversion="2">
<suite id="s1" name="Tests" source="C:\QANinja\RocklovJulius\backend\tests">
<suite id="s1-s1" name="AttemptLoginTests" source="C:\QANinja\RocklovJulius\backend\tests\AttemptLoginTests.robot">
<test id="s1-s1-t1" name="Incorect password">
<kw name="Attempt Login">
<arg>incorect_password.json</arg>
<arg>401</arg>
<arg>Unauthorized</arg>
<kw name="GET Json" library="Helpers">
<var>${payload}</var>
<arg>Sessions</arg>
<arg>${json_file}</arg>
<kw name="Get File" library="OperatingSystem">
<var>${fixture}</var>
<arg>${EXECDIR}/resources/fixtures/${route}/${file_name}</arg>
<doc>Returns the contents of a specified file.</doc>
<msg timestamp="20211005 22:30:48.393" level="INFO" html="true">Getting file '&lt;a href="file://C:\QANinja\RocklovJulius\backend\resources\fixtures\Sessions\incorect_password.json"&gt;C:\QANinja\RocklovJulius\backend\resources\fixtures\Sessions\incorect_password.json&lt;/a&gt;'.</msg>
<msg timestamp="20211005 22:30:48.396" level="INFO">${fixture} = {
    "email": "francisca@francisca.com.br",
    "password": "Francisca@1"
}</msg>
<status status="PASS" starttime="20211005 22:30:48.393" endtime="20211005 22:30:48.396"/>
</kw>
<kw name="Evaluate" library="BuiltIn">
<var>${json}</var>
<arg>json.loads($fixture)</arg>
<arg>json</arg>
<doc>Evaluates the given expression in Python and returns the result.</doc>
<msg timestamp="20211005 22:30:48.405" level="INFO">${json} = {'email': 'francisca@francisca.com.br', 'password': 'Francisca@1'}</msg>
<status status="PASS" starttime="20211005 22:30:48.397" endtime="20211005 22:30:48.405"/>
</kw>
<msg timestamp="20211005 22:30:48.406" level="INFO">${payload} = {'email': 'francisca@francisca.com.br', 'password': 'Francisca@1'}</msg>
<status status="PASS" starttime="20211005 22:30:48.392" endtime="20211005 22:30:48.406"/>
</kw>
<kw name="POST Login" library="Sessions">
<var>${response}</var>
<arg>${payload}</arg>
<kw name="POST" library="RequestsLibrary">
<var>${response}</var>
<arg>${base_url}/sessions</arg>
<arg>json=${payload}</arg>
<arg>expected_status=any</arg>
<doc>Sends a POST request.</doc>
<msg timestamp="20211005 22:30:49.717" level="INFO">POST Request : url=https://rocklov-julius-api.herokuapp.com/sessions 
 path_url=/sessions 
 headers={'User-Agent': 'python-requests/2.25.0', 'Accept-Encoding': 'gzip, deflate', 'Accept': '*/*', 'Connection': 'keep-alive', 'Content-Length': '66', 'Content-Type': 'application/json'} 
 body=b'{"email": "francisca@francisca.com.br", "password": "Francisca@1"}' 
 </msg>
<msg timestamp="20211005 22:30:49.717" level="INFO">POST Response : url=https://rocklov-julius-api.herokuapp.com/sessions 
 status=401, reason=Unauthorized 
 headers={'Server': 'Cowboy', 'Connection': 'keep-alive', 'X-Powered-By': 'Express', 'Access-Control-Allow-Origin': '*', 'Content-Type': 'application/json; charset=utf-8', 'Content-Length': '24', 'Etag': 'W/"18-XPDV80vbMk4yY1/PADG4jYM4rSI"', 'Date': 'Wed, 06 Oct 2021 01:30:50 GMT', 'Via': '1.1 vegur'} 
 body={"error":"Unauthorized"} 
 </msg>
<msg timestamp="20211005 22:30:49.717" level="INFO">${response} = &lt;Response [401]&gt;</msg>
<status status="PASS" starttime="20211005 22:30:48.407" endtime="20211005 22:30:49.717"/>
</kw>
<msg timestamp="20211005 22:30:49.717" level="INFO">${response} = &lt;Response [401]&gt;</msg>
<status status="PASS" starttime="20211005 22:30:48.406" endtime="20211005 22:30:49.717"/>
</kw>
<kw name="Status Should Be" library="RequestsLibrary">
<arg>${status_code}</arg>
<arg>${response}</arg>
<doc>Fails if response status code is different than the expected.</doc>
<status status="PASS" starttime="20211005 22:30:49.717" endtime="20211005 22:30:49.718"/>
</kw>
<kw name="Should Be Equal" library="BuiltIn">
<arg>${message}</arg>
<arg>${response.json()}[error]</arg>
<doc>Fails if the given objects are unequal.</doc>
<status status="PASS" starttime="20211005 22:30:49.718" endtime="20211005 22:30:49.719"/>
</kw>
<status status="PASS" starttime="20211005 22:30:48.392" endtime="20211005 22:30:49.719"/>
</kw>
<status status="PASS" starttime="20211005 22:30:48.391" endtime="20211005 22:30:49.719"/>
</test>
<test id="s1-s1-t2" name="User not found">
<kw name="Attempt Login">
<arg>user_not_found.json</arg>
<arg>401</arg>
<arg>Unauthorized</arg>
<kw name="GET Json" library="Helpers">
<var>${payload}</var>
<arg>Sessions</arg>
<arg>${json_file}</arg>
<kw name="Get File" library="OperatingSystem">
<var>${fixture}</var>
<arg>${EXECDIR}/resources/fixtures/${route}/${file_name}</arg>
<doc>Returns the contents of a specified file.</doc>
<msg timestamp="20211005 22:30:49.722" level="INFO" html="true">Getting file '&lt;a href="file://C:\QANinja\RocklovJulius\backend\resources\fixtures\Sessions\user_not_found.json"&gt;C:\QANinja\RocklovJulius\backend\resources\fixtures\Sessions\user_not_found.json&lt;/a&gt;'.</msg>
<msg timestamp="20211005 22:30:49.723" level="INFO">${fixture} = {
    "email": "fracisca@francisca.com.br",
    "password": "Francisca@1"
}
  </msg>
<status status="PASS" starttime="20211005 22:30:49.722" endtime="20211005 22:30:49.723"/>
</kw>
<kw name="Evaluate" library="BuiltIn">
<var>${json}</var>
<arg>json.loads($fixture)</arg>
<arg>json</arg>
<doc>Evaluates the given expression in Python and returns the result.</doc>
<msg timestamp="20211005 22:30:49.724" level="INFO">${json} = {'email': 'fracisca@francisca.com.br', 'password': 'Francisca@1'}</msg>
<status status="PASS" starttime="20211005 22:30:49.723" endtime="20211005 22:30:49.724"/>
</kw>
<msg timestamp="20211005 22:30:49.724" level="INFO">${payload} = {'email': 'fracisca@francisca.com.br', 'password': 'Francisca@1'}</msg>
<status status="PASS" starttime="20211005 22:30:49.722" endtime="20211005 22:30:49.724"/>
</kw>
<kw name="POST Login" library="Sessions">
<var>${response}</var>
<arg>${payload}</arg>
<kw name="POST" library="RequestsLibrary">
<var>${response}</var>
<arg>${base_url}/sessions</arg>
<arg>json=${payload}</arg>
<arg>expected_status=any</arg>
<doc>Sends a POST request.</doc>
<msg timestamp="20211005 22:30:50.556" level="INFO">POST Request : url=https://rocklov-julius-api.herokuapp.com/sessions 
 path_url=/sessions 
 headers={'User-Agent': 'python-requests/2.25.0', 'Accept-Encoding': 'gzip, deflate', 'Accept': '*/*', 'Connection': 'keep-alive', 'Content-Length': '65', 'Content-Type': 'application/json'} 
 body=b'{"email": "fracisca@francisca.com.br", "password": "Francisca@1"}' 
 </msg>
<msg timestamp="20211005 22:30:50.556" level="INFO">POST Response : url=https://rocklov-julius-api.herokuapp.com/sessions 
 status=401, reason=Unauthorized 
 headers={'Server': 'Cowboy', 'Connection': 'keep-alive', 'X-Powered-By': 'Express', 'Access-Control-Allow-Origin': '*', 'Content-Type': 'application/json; charset=utf-8', 'Content-Length': '24', 'Etag': 'W/"18-XPDV80vbMk4yY1/PADG4jYM4rSI"', 'Date': 'Wed, 06 Oct 2021 01:30:50 GMT', 'Via': '1.1 vegur'} 
 body={"error":"Unauthorized"} 
 </msg>
<msg timestamp="20211005 22:30:50.556" level="INFO">${response} = &lt;Response [401]&gt;</msg>
<status status="PASS" starttime="20211005 22:30:49.726" endtime="20211005 22:30:50.556"/>
</kw>
<msg timestamp="20211005 22:30:50.556" level="INFO">${response} = &lt;Response [401]&gt;</msg>
<status status="PASS" starttime="20211005 22:30:49.725" endtime="20211005 22:30:50.557"/>
</kw>
<kw name="Status Should Be" library="RequestsLibrary">
<arg>${status_code}</arg>
<arg>${response}</arg>
<doc>Fails if response status code is different than the expected.</doc>
<status status="PASS" starttime="20211005 22:30:50.557" endtime="20211005 22:30:50.557"/>
</kw>
<kw name="Should Be Equal" library="BuiltIn">
<arg>${message}</arg>
<arg>${response.json()}[error]</arg>
<doc>Fails if the given objects are unequal.</doc>
<status status="PASS" starttime="20211005 22:30:50.558" endtime="20211005 22:30:50.558"/>
</kw>
<status status="PASS" starttime="20211005 22:30:49.721" endtime="20211005 22:30:50.558"/>
</kw>
<status status="PASS" starttime="20211005 22:30:49.721" endtime="20211005 22:30:50.560"/>
</test>
<test id="s1-s1-t3" name="Wrong email">
<kw name="Attempt Login">
<arg>wrong_email.json</arg>
<arg>412</arg>
<arg>wrong email</arg>
<kw name="GET Json" library="Helpers">
<var>${payload}</var>
<arg>Sessions</arg>
<arg>${json_file}</arg>
<kw name="Get File" library="OperatingSystem">
<var>${fixture}</var>
<arg>${EXECDIR}/resources/fixtures/${route}/${file_name}</arg>
<doc>Returns the contents of a specified file.</doc>
<msg timestamp="20211005 22:30:50.564" level="INFO" html="true">Getting file '&lt;a href="file://C:\QANinja\RocklovJulius\backend\resources\fixtures\Sessions\wrong_email.json"&gt;C:\QANinja\RocklovJulius\backend\resources\fixtures\Sessions\wrong_email.json&lt;/a&gt;'.</msg>
<msg timestamp="20211005 22:30:50.565" level="INFO">${fixture} = {
    "email": "fracisca%%francisca.com.br",
    "password": "Francisca@1"
}</msg>
<status status="PASS" starttime="20211005 22:30:50.564" endtime="20211005 22:30:50.565"/>
</kw>
<kw name="Evaluate" library="BuiltIn">
<var>${json}</var>
<arg>json.loads($fixture)</arg>
<arg>json</arg>
<doc>Evaluates the given expression in Python and returns the result.</doc>
<msg timestamp="20211005 22:30:50.566" level="INFO">${json} = {'email': 'fracisca%%francisca.com.br', 'password': 'Francisca@1'}</msg>
<status status="PASS" starttime="20211005 22:30:50.565" endtime="20211005 22:30:50.566"/>
</kw>
<msg timestamp="20211005 22:30:50.566" level="INFO">${payload} = {'email': 'fracisca%%francisca.com.br', 'password': 'Francisca@1'}</msg>
<status status="PASS" starttime="20211005 22:30:50.563" endtime="20211005 22:30:50.566"/>
</kw>
<kw name="POST Login" library="Sessions">
<var>${response}</var>
<arg>${payload}</arg>
<kw name="POST" library="RequestsLibrary">
<var>${response}</var>
<arg>${base_url}/sessions</arg>
<arg>json=${payload}</arg>
<arg>expected_status=any</arg>
<doc>Sends a POST request.</doc>
<msg timestamp="20211005 22:30:51.464" level="INFO">POST Request : url=https://rocklov-julius-api.herokuapp.com/sessions 
 path_url=/sessions 
 headers={'User-Agent': 'python-requests/2.25.0', 'Accept-Encoding': 'gzip, deflate', 'Accept': '*/*', 'Connection': 'keep-alive', 'Content-Length': '66', 'Content-Type': 'application/json'} 
 body=b'{"email": "fracisca%%francisca.com.br", "password": "Francisca@1"}' 
 </msg>
<msg timestamp="20211005 22:30:51.464" level="INFO">POST Response : url=https://rocklov-julius-api.herokuapp.com/sessions 
 status=412, reason=Precondition Failed 
 headers={'Server': 'Cowboy', 'Connection': 'keep-alive', 'X-Powered-By': 'Express', 'Access-Control-Allow-Origin': '*', 'Content-Type': 'application/json; charset=utf-8', 'Content-Length': '23', 'Etag': 'W/"17-J+BxLoUN8ST7m7fP0enwagCQK4E"', 'Date': 'Wed, 06 Oct 2021 01:30:51 GMT', 'Via': '1.1 vegur'} 
 body={"error":"wrong email"} 
 </msg>
<msg timestamp="20211005 22:30:51.464" level="INFO">${response} = &lt;Response [412]&gt;</msg>
<status status="PASS" starttime="20211005 22:30:50.567" endtime="20211005 22:30:51.464"/>
</kw>
<msg timestamp="20211005 22:30:51.465" level="INFO">${response} = &lt;Response [412]&gt;</msg>
<status status="PASS" starttime="20211005 22:30:50.566" endtime="20211005 22:30:51.465"/>
</kw>
<kw name="Status Should Be" library="RequestsLibrary">
<arg>${status_code}</arg>
<arg>${response}</arg>
<doc>Fails if response status code is different than the expected.</doc>
<status status="PASS" starttime="20211005 22:30:51.465" endtime="20211005 22:30:51.465"/>
</kw>
<kw name="Should Be Equal" library="BuiltIn">
<arg>${message}</arg>
<arg>${response.json()}[error]</arg>
<doc>Fails if the given objects are unequal.</doc>
<status status="PASS" starttime="20211005 22:30:51.465" endtime="20211005 22:30:51.466"/>
</kw>
<status status="PASS" starttime="20211005 22:30:50.562" endtime="20211005 22:30:51.466"/>
</kw>
<status status="PASS" starttime="20211005 22:30:50.561" endtime="20211005 22:30:51.467"/>
</test>
<test id="s1-s1-t4" name="Empty email">
<kw name="Attempt Login">
<arg>empty_email.json</arg>
<arg>412</arg>
<arg>required email</arg>
<kw name="GET Json" library="Helpers">
<var>${payload}</var>
<arg>Sessions</arg>
<arg>${json_file}</arg>
<kw name="Get File" library="OperatingSystem">
<var>${fixture}</var>
<arg>${EXECDIR}/resources/fixtures/${route}/${file_name}</arg>
<doc>Returns the contents of a specified file.</doc>
<msg timestamp="20211005 22:30:51.472" level="INFO" html="true">Getting file '&lt;a href="file://C:\QANinja\RocklovJulius\backend\resources\fixtures\Sessions\empty_email.json"&gt;C:\QANinja\RocklovJulius\backend\resources\fixtures\Sessions\empty_email.json&lt;/a&gt;'.</msg>
<msg timestamp="20211005 22:30:51.473" level="INFO">${fixture} = {
    "email": "",
    "password": "Francisca@1"
}</msg>
<status status="PASS" starttime="20211005 22:30:51.470" endtime="20211005 22:30:51.473"/>
</kw>
<kw name="Evaluate" library="BuiltIn">
<var>${json}</var>
<arg>json.loads($fixture)</arg>
<arg>json</arg>
<doc>Evaluates the given expression in Python and returns the result.</doc>
<msg timestamp="20211005 22:30:51.475" level="INFO">${json} = {'email': '', 'password': 'Francisca@1'}</msg>
<status status="PASS" starttime="20211005 22:30:51.473" endtime="20211005 22:30:51.475"/>
</kw>
<msg timestamp="20211005 22:30:51.475" level="INFO">${payload} = {'email': '', 'password': 'Francisca@1'}</msg>
<status status="PASS" starttime="20211005 22:30:51.470" endtime="20211005 22:30:51.476"/>
</kw>
<kw name="POST Login" library="Sessions">
<var>${response}</var>
<arg>${payload}</arg>
<kw name="POST" library="RequestsLibrary">
<var>${response}</var>
<arg>${base_url}/sessions</arg>
<arg>json=${payload}</arg>
<arg>expected_status=any</arg>
<doc>Sends a POST request.</doc>
<msg timestamp="20211005 22:30:52.405" level="INFO">POST Request : url=https://rocklov-julius-api.herokuapp.com/sessions 
 path_url=/sessions 
 headers={'User-Agent': 'python-requests/2.25.0', 'Accept-Encoding': 'gzip, deflate', 'Accept': '*/*', 'Connection': 'keep-alive', 'Content-Length': '40', 'Content-Type': 'application/json'} 
 body=b'{"email": "", "password": "Francisca@1"}' 
 </msg>
<msg timestamp="20211005 22:30:52.405" level="INFO">POST Response : url=https://rocklov-julius-api.herokuapp.com/sessions 
 status=412, reason=Precondition Failed 
 headers={'Server': 'Cowboy', 'Connection': 'keep-alive', 'X-Powered-By': 'Express', 'Access-Control-Allow-Origin': '*', 'Content-Type': 'application/json; charset=utf-8', 'Content-Length': '26', 'Etag': 'W/"1a-8KRaSvY57iDhlue9EjFWx2TpquE"', 'Date': 'Wed, 06 Oct 2021 01:30:52 GMT', 'Via': '1.1 vegur'} 
 body={"error":"required email"} 
 </msg>
<msg timestamp="20211005 22:30:52.405" level="INFO">${response} = &lt;Response [412]&gt;</msg>
<status status="PASS" starttime="20211005 22:30:51.476" endtime="20211005 22:30:52.405"/>
</kw>
<msg timestamp="20211005 22:30:52.405" level="INFO">${response} = &lt;Response [412]&gt;</msg>
<status status="PASS" starttime="20211005 22:30:51.476" endtime="20211005 22:30:52.405"/>
</kw>
<kw name="Status Should Be" library="RequestsLibrary">
<arg>${status_code}</arg>
<arg>${response}</arg>
<doc>Fails if response status code is different than the expected.</doc>
<status status="PASS" starttime="20211005 22:30:52.406" endtime="20211005 22:30:52.406"/>
</kw>
<kw name="Should Be Equal" library="BuiltIn">
<arg>${message}</arg>
<arg>${response.json()}[error]</arg>
<doc>Fails if the given objects are unequal.</doc>
<status status="PASS" starttime="20211005 22:30:52.406" endtime="20211005 22:30:52.407"/>
</kw>
<status status="PASS" starttime="20211005 22:30:51.469" endtime="20211005 22:30:52.407"/>
</kw>
<status status="PASS" starttime="20211005 22:30:51.468" endtime="20211005 22:30:52.408"/>
</test>
<test id="s1-s1-t5" name="Empty password">
<kw name="Attempt Login">
<arg>empty_password.json</arg>
<arg>412</arg>
<arg>required password</arg>
<kw name="GET Json" library="Helpers">
<var>${payload}</var>
<arg>Sessions</arg>
<arg>${json_file}</arg>
<kw name="Get File" library="OperatingSystem">
<var>${fixture}</var>
<arg>${EXECDIR}/resources/fixtures/${route}/${file_name}</arg>
<doc>Returns the contents of a specified file.</doc>
<msg timestamp="20211005 22:30:52.415" level="INFO" html="true">Getting file '&lt;a href="file://C:\QANinja\RocklovJulius\backend\resources\fixtures\Sessions\empty_password.json"&gt;C:\QANinja\RocklovJulius\backend\resources\fixtures\Sessions\empty_password.json&lt;/a&gt;'.</msg>
<msg timestamp="20211005 22:30:52.416" level="INFO">${fixture} = {
    "email": "francisca@francisca.com.br",
    "password": ""
}</msg>
<status status="PASS" starttime="20211005 22:30:52.413" endtime="20211005 22:30:52.416"/>
</kw>
<kw name="Evaluate" library="BuiltIn">
<var>${json}</var>
<arg>json.loads($fixture)</arg>
<arg>json</arg>
<doc>Evaluates the given expression in Python and returns the result.</doc>
<msg timestamp="20211005 22:30:52.417" level="INFO">${json} = {'email': 'francisca@francisca.com.br', 'password': ''}</msg>
<status status="PASS" starttime="20211005 22:30:52.416" endtime="20211005 22:30:52.417"/>
</kw>
<msg timestamp="20211005 22:30:52.417" level="INFO">${payload} = {'email': 'francisca@francisca.com.br', 'password': ''}</msg>
<status status="PASS" starttime="20211005 22:30:52.410" endtime="20211005 22:30:52.417"/>
</kw>
<kw name="POST Login" library="Sessions">
<var>${response}</var>
<arg>${payload}</arg>
<kw name="POST" library="RequestsLibrary">
<var>${response}</var>
<arg>${base_url}/sessions</arg>
<arg>json=${payload}</arg>
<arg>expected_status=any</arg>
<doc>Sends a POST request.</doc>
<msg timestamp="20211005 22:30:53.395" level="INFO">POST Request : url=https://rocklov-julius-api.herokuapp.com/sessions 
 path_url=/sessions 
 headers={'User-Agent': 'python-requests/2.25.0', 'Accept-Encoding': 'gzip, deflate', 'Accept': '*/*', 'Connection': 'keep-alive', 'Content-Length': '55', 'Content-Type': 'application/json'} 
 body=b'{"email": "francisca@francisca.com.br", "password": ""}' 
 </msg>
<msg timestamp="20211005 22:30:53.395" level="INFO">POST Response : url=https://rocklov-julius-api.herokuapp.com/sessions 
 status=412, reason=Precondition Failed 
 headers={'Server': 'Cowboy', 'Connection': 'keep-alive', 'X-Powered-By': 'Express', 'Access-Control-Allow-Origin': '*', 'Content-Type': 'application/json; charset=utf-8', 'Content-Length': '29', 'Etag': 'W/"1d-tUn0yUHtqO1XqLN8GlARJKKNdM8"', 'Date': 'Wed, 06 Oct 2021 01:30:53 GMT', 'Via': '1.1 vegur'} 
 body={"error":"required password"} 
 </msg>
<msg timestamp="20211005 22:30:53.395" level="INFO">${response} = &lt;Response [412]&gt;</msg>
<status status="PASS" starttime="20211005 22:30:52.418" endtime="20211005 22:30:53.395"/>
</kw>
<msg timestamp="20211005 22:30:53.395" level="INFO">${response} = &lt;Response [412]&gt;</msg>
<status status="PASS" starttime="20211005 22:30:52.418" endtime="20211005 22:30:53.395"/>
</kw>
<kw name="Status Should Be" library="RequestsLibrary">
<arg>${status_code}</arg>
<arg>${response}</arg>
<doc>Fails if response status code is different than the expected.</doc>
<status status="PASS" starttime="20211005 22:30:53.396" endtime="20211005 22:30:53.396"/>
</kw>
<kw name="Should Be Equal" library="BuiltIn">
<arg>${message}</arg>
<arg>${response.json()}[error]</arg>
<doc>Fails if the given objects are unequal.</doc>
<status status="PASS" starttime="20211005 22:30:53.396" endtime="20211005 22:30:53.398"/>
</kw>
<status status="PASS" starttime="20211005 22:30:52.410" endtime="20211005 22:30:53.398"/>
</kw>
<status status="PASS" starttime="20211005 22:30:52.409" endtime="20211005 22:30:53.398"/>
</test>
<test id="s1-s1-t6" name="Without Email">
<kw name="Attempt Login">
<arg>without_email.json</arg>
<arg>412</arg>
<arg>required email</arg>
<kw name="GET Json" library="Helpers">
<var>${payload}</var>
<arg>Sessions</arg>
<arg>${json_file}</arg>
<kw name="Get File" library="OperatingSystem">
<var>${fixture}</var>
<arg>${EXECDIR}/resources/fixtures/${route}/${file_name}</arg>
<doc>Returns the contents of a specified file.</doc>
<msg timestamp="20211005 22:30:53.403" level="INFO" html="true">Getting file '&lt;a href="file://C:\QANinja\RocklovJulius\backend\resources\fixtures\Sessions\without_email.json"&gt;C:\QANinja\RocklovJulius\backend\resources\fixtures\Sessions\without_email.json&lt;/a&gt;'.</msg>
<msg timestamp="20211005 22:30:53.403" level="INFO">${fixture} = {
    "password": "Francisca@1"
}</msg>
<status status="PASS" starttime="20211005 22:30:53.402" endtime="20211005 22:30:53.403"/>
</kw>
<kw name="Evaluate" library="BuiltIn">
<var>${json}</var>
<arg>json.loads($fixture)</arg>
<arg>json</arg>
<doc>Evaluates the given expression in Python and returns the result.</doc>
<msg timestamp="20211005 22:30:53.404" level="INFO">${json} = {'password': 'Francisca@1'}</msg>
<status status="PASS" starttime="20211005 22:30:53.404" endtime="20211005 22:30:53.404"/>
</kw>
<msg timestamp="20211005 22:30:53.405" level="INFO">${payload} = {'password': 'Francisca@1'}</msg>
<status status="PASS" starttime="20211005 22:30:53.401" endtime="20211005 22:30:53.405"/>
</kw>
<kw name="POST Login" library="Sessions">
<var>${response}</var>
<arg>${payload}</arg>
<kw name="POST" library="RequestsLibrary">
<var>${response}</var>
<arg>${base_url}/sessions</arg>
<arg>json=${payload}</arg>
<arg>expected_status=any</arg>
<doc>Sends a POST request.</doc>
<msg timestamp="20211005 22:30:54.286" level="INFO">POST Request : url=https://rocklov-julius-api.herokuapp.com/sessions 
 path_url=/sessions 
 headers={'User-Agent': 'python-requests/2.25.0', 'Accept-Encoding': 'gzip, deflate', 'Accept': '*/*', 'Connection': 'keep-alive', 'Content-Length': '27', 'Content-Type': 'application/json'} 
 body=b'{"password": "Francisca@1"}' 
 </msg>
<msg timestamp="20211005 22:30:54.286" level="INFO">POST Response : url=https://rocklov-julius-api.herokuapp.com/sessions 
 status=412, reason=Precondition Failed 
 headers={'Server': 'Cowboy', 'Connection': 'keep-alive', 'X-Powered-By': 'Express', 'Access-Control-Allow-Origin': '*', 'Content-Type': 'application/json; charset=utf-8', 'Content-Length': '26', 'Etag': 'W/"1a-8KRaSvY57iDhlue9EjFWx2TpquE"', 'Date': 'Wed, 06 Oct 2021 01:30:54 GMT', 'Via': '1.1 vegur'} 
 body={"error":"required email"} 
 </msg>
<msg timestamp="20211005 22:30:54.286" level="INFO">${response} = &lt;Response [412]&gt;</msg>
<status status="PASS" starttime="20211005 22:30:53.405" endtime="20211005 22:30:54.286"/>
</kw>
<msg timestamp="20211005 22:30:54.286" level="INFO">${response} = &lt;Response [412]&gt;</msg>
<status status="PASS" starttime="20211005 22:30:53.405" endtime="20211005 22:30:54.286"/>
</kw>
<kw name="Status Should Be" library="RequestsLibrary">
<arg>${status_code}</arg>
<arg>${response}</arg>
<doc>Fails if response status code is different than the expected.</doc>
<status status="PASS" starttime="20211005 22:30:54.287" endtime="20211005 22:30:54.287"/>
</kw>
<kw name="Should Be Equal" library="BuiltIn">
<arg>${message}</arg>
<arg>${response.json()}[error]</arg>
<doc>Fails if the given objects are unequal.</doc>
<status status="PASS" starttime="20211005 22:30:54.287" endtime="20211005 22:30:54.288"/>
</kw>
<status status="PASS" starttime="20211005 22:30:53.400" endtime="20211005 22:30:54.288"/>
</kw>
<status status="PASS" starttime="20211005 22:30:53.400" endtime="20211005 22:30:54.289"/>
</test>
<test id="s1-s1-t7" name="Without Password">
<kw name="Attempt Login">
<arg>without_password.json</arg>
<arg>412</arg>
<arg>required password</arg>
<kw name="GET Json" library="Helpers">
<var>${payload}</var>
<arg>Sessions</arg>
<arg>${json_file}</arg>
<kw name="Get File" library="OperatingSystem">
<var>${fixture}</var>
<arg>${EXECDIR}/resources/fixtures/${route}/${file_name}</arg>
<doc>Returns the contents of a specified file.</doc>
<msg timestamp="20211005 22:30:54.292" level="INFO" html="true">Getting file '&lt;a href="file://C:\QANinja\RocklovJulius\backend\resources\fixtures\Sessions\without_password.json"&gt;C:\QANinja\RocklovJulius\backend\resources\fixtures\Sessions\without_password.json&lt;/a&gt;'.</msg>
<msg timestamp="20211005 22:30:54.293" level="INFO">${fixture} = {
    "email": "francisca@francisca.com.br"
    
}</msg>
<status status="PASS" starttime="20211005 22:30:54.292" endtime="20211005 22:30:54.293"/>
</kw>
<kw name="Evaluate" library="BuiltIn">
<var>${json}</var>
<arg>json.loads($fixture)</arg>
<arg>json</arg>
<doc>Evaluates the given expression in Python and returns the result.</doc>
<msg timestamp="20211005 22:30:54.296" level="INFO">${json} = {'email': 'francisca@francisca.com.br'}</msg>
<status status="PASS" starttime="20211005 22:30:54.294" endtime="20211005 22:30:54.297"/>
</kw>
<msg timestamp="20211005 22:30:54.297" level="INFO">${payload} = {'email': 'francisca@francisca.com.br'}</msg>
<status status="PASS" starttime="20211005 22:30:54.291" endtime="20211005 22:30:54.297"/>
</kw>
<kw name="POST Login" library="Sessions">
<var>${response}</var>
<arg>${payload}</arg>
<kw name="POST" library="RequestsLibrary">
<var>${response}</var>
<arg>${base_url}/sessions</arg>
<arg>json=${payload}</arg>
<arg>expected_status=any</arg>
<doc>Sends a POST request.</doc>
<msg timestamp="20211005 22:30:55.261" level="INFO">POST Request : url=https://rocklov-julius-api.herokuapp.com/sessions 
 path_url=/sessions 
 headers={'User-Agent': 'python-requests/2.25.0', 'Accept-Encoding': 'gzip, deflate', 'Accept': '*/*', 'Connection': 'keep-alive', 'Content-Length': '39', 'Content-Type': 'application/json'} 
 body=b'{"email": "francisca@francisca.com.br"}' 
 </msg>
<msg timestamp="20211005 22:30:55.262" level="INFO">POST Response : url=https://rocklov-julius-api.herokuapp.com/sessions 
 status=412, reason=Precondition Failed 
 headers={'Server': 'Cowboy', 'Connection': 'keep-alive', 'X-Powered-By': 'Express', 'Access-Control-Allow-Origin': '*', 'Content-Type': 'application/json; charset=utf-8', 'Content-Length': '29', 'Etag': 'W/"1d-tUn0yUHtqO1XqLN8GlARJKKNdM8"', 'Date': 'Wed, 06 Oct 2021 01:30:55 GMT', 'Via': '1.1 vegur'} 
 body={"error":"required password"} 
 </msg>
<msg timestamp="20211005 22:30:55.263" level="INFO">${response} = &lt;Response [412]&gt;</msg>
<status status="PASS" starttime="20211005 22:30:54.299" endtime="20211005 22:30:55.263"/>
</kw>
<msg timestamp="20211005 22:30:55.264" level="INFO">${response} = &lt;Response [412]&gt;</msg>
<status status="PASS" starttime="20211005 22:30:54.298" endtime="20211005 22:30:55.264"/>
</kw>
<kw name="Status Should Be" library="RequestsLibrary">
<arg>${status_code}</arg>
<arg>${response}</arg>
<doc>Fails if response status code is different than the expected.</doc>
<status status="PASS" starttime="20211005 22:30:55.264" endtime="20211005 22:30:55.265"/>
</kw>
<kw name="Should Be Equal" library="BuiltIn">
<arg>${message}</arg>
<arg>${response.json()}[error]</arg>
<doc>Fails if the given objects are unequal.</doc>
<status status="PASS" starttime="20211005 22:30:55.265" endtime="20211005 22:30:55.265"/>
</kw>
<status status="PASS" starttime="20211005 22:30:54.291" endtime="20211005 22:30:55.266"/>
</kw>
<status status="PASS" starttime="20211005 22:30:54.290" endtime="20211005 22:30:55.266"/>
</test>
<doc>Sessions Attempt Login Tests</doc>
<status status="PASS" starttime="20211005 22:30:47.779" endtime="20211005 22:30:55.268"/>
</suite>
<suite id="s1-s2" name="AttemptSignupTests" source="C:\QANinja\RocklovJulius\backend\tests\AttemptSignupTests.robot">
<test id="s1-s2-t1" name="Empty Name">
<kw name="Attempt Signup">
<arg>empty_name</arg>
<arg>required name</arg>
<kw name="GET Json" library="Helpers">
<var>${attempt}</var>
<arg>signup</arg>
<arg>attempt.json</arg>
<kw name="Get File" library="OperatingSystem">
<var>${fixture}</var>
<arg>${EXECDIR}/resources/fixtures/${route}/${file_name}</arg>
<doc>Returns the contents of a specified file.</doc>
<msg timestamp="20211005 22:30:55.290" level="INFO" html="true">Getting file '&lt;a href="file://C:\QANinja\RocklovJulius\backend\resources\fixtures\signup\attempt.json"&gt;C:\QANinja\RocklovJulius\backend\resources\fixtures\signup\attempt.json&lt;/a&gt;'.</msg>
<msg timestamp="20211005 22:30:55.290" level="INFO">${fixture} = {
    "empty_name":{
        "name": "",
        "email": "Teste1@signup.com" ,
        "password": "signup@123"
    },
    "empty_email":{
        "name": "Teste 2",
        "email": "" ,
        "pa...</msg>
<status status="PASS" starttime="20211005 22:30:55.289" endtime="20211005 22:30:55.290"/>
</kw>
<kw name="Evaluate" library="BuiltIn">
<var>${json}</var>
<arg>json.loads($fixture)</arg>
<arg>json</arg>
<doc>Evaluates the given expression in Python and returns the result.</doc>
<msg timestamp="20211005 22:30:55.291" level="INFO">${json} = {'empty_name': {'name': '', 'email': 'Teste1@signup.com', 'password': 'signup@123'}, 'empty_email': {'name': 'Teste 2', 'email': '', 'password': 'signup@123'}, 'empty_password': {'name': 'Teste 3', 'e...</msg>
<status status="PASS" starttime="20211005 22:30:55.291" endtime="20211005 22:30:55.291"/>
</kw>
<msg timestamp="20211005 22:30:55.291" level="INFO">${attempt} = {'empty_name': {'name': '', 'email': 'Teste1@signup.com', 'password': 'signup@123'}, 'empty_email': {'name': 'Teste 2', 'email': '', 'password': 'signup@123'}, 'empty_password': {'name': 'Teste 3', 'e...</msg>
<status status="PASS" starttime="20211005 22:30:55.289" endtime="20211005 22:30:55.291"/>
</kw>
<kw name="POST User" library="Signup">
<var>${response}</var>
<arg>${attempt['${scenario}']}</arg>
<kw name="POST" library="RequestsLibrary">
<var>${response}</var>
<arg>${base_url}/signup</arg>
<arg>json=${payload}</arg>
<arg>expected_status=any</arg>
<doc>Sends a POST request.</doc>
<msg timestamp="20211005 22:30:56.076" level="INFO">POST Request : url=https://rocklov-julius-api.herokuapp.com/signup 
 path_url=/signup 
 headers={'User-Agent': 'python-requests/2.25.0', 'Accept-Encoding': 'gzip, deflate', 'Accept': '*/*', 'Connection': 'keep-alive', 'Content-Length': '68', 'Content-Type': 'application/json'} 
 body=b'{"name": "", "email": "Teste1@signup.com", "password": "signup@123"}' 
 </msg>
<msg timestamp="20211005 22:30:56.076" level="INFO">POST Response : url=https://rocklov-julius-api.herokuapp.com/signup 
 status=412, reason=Precondition Failed 
 headers={'Server': 'Cowboy', 'Connection': 'keep-alive', 'X-Powered-By': 'Express', 'Access-Control-Allow-Origin': '*', 'Content-Type': 'application/json; charset=utf-8', 'Content-Length': '25', 'Etag': 'W/"19-8apYp5yIZ4Lt0/70KtMmuiuknDU"', 'Date': 'Wed, 06 Oct 2021 01:30:56 GMT', 'Via': '1.1 vegur'} 
 body={"error":"required name"} 
 </msg>
<msg timestamp="20211005 22:30:56.076" level="INFO">${response} = &lt;Response [412]&gt;</msg>
<status status="PASS" starttime="20211005 22:30:55.292" endtime="20211005 22:30:56.076"/>
</kw>
<msg timestamp="20211005 22:30:56.077" level="INFO">${response} = &lt;Response [412]&gt;</msg>
<status status="PASS" starttime="20211005 22:30:55.291" endtime="20211005 22:30:56.077"/>
</kw>
<kw name="Status Should Be" library="RequestsLibrary">
<arg>412</arg>
<arg>${response}</arg>
<doc>Fails if response status code is different than the expected.</doc>
<status status="PASS" starttime="20211005 22:30:56.078" endtime="20211005 22:30:56.079"/>
</kw>
<kw name="Should Be Equal" library="BuiltIn">
<arg>${message}</arg>
<arg>${response.json()}[error]</arg>
<doc>Fails if the given objects are unequal.</doc>
<status status="PASS" starttime="20211005 22:30:56.080" endtime="20211005 22:30:56.081"/>
</kw>
<status status="PASS" starttime="20211005 22:30:55.288" endtime="20211005 22:30:56.082"/>
</kw>
<status status="PASS" starttime="20211005 22:30:55.287" endtime="20211005 22:30:56.082"/>
</test>
<test id="s1-s2-t2" name="Empty Email">
<kw name="Attempt Signup">
<arg>empty_email</arg>
<arg>required email</arg>
<kw name="GET Json" library="Helpers">
<var>${attempt}</var>
<arg>signup</arg>
<arg>attempt.json</arg>
<kw name="Get File" library="OperatingSystem">
<var>${fixture}</var>
<arg>${EXECDIR}/resources/fixtures/${route}/${file_name}</arg>
<doc>Returns the contents of a specified file.</doc>
<msg timestamp="20211005 22:30:56.086" level="INFO" html="true">Getting file '&lt;a href="file://C:\QANinja\RocklovJulius\backend\resources\fixtures\signup\attempt.json"&gt;C:\QANinja\RocklovJulius\backend\resources\fixtures\signup\attempt.json&lt;/a&gt;'.</msg>
<msg timestamp="20211005 22:30:56.087" level="INFO">${fixture} = {
    "empty_name":{
        "name": "",
        "email": "Teste1@signup.com" ,
        "password": "signup@123"
    },
    "empty_email":{
        "name": "Teste 2",
        "email": "" ,
        "pa...</msg>
<status status="PASS" starttime="20211005 22:30:56.085" endtime="20211005 22:30:56.087"/>
</kw>
<kw name="Evaluate" library="BuiltIn">
<var>${json}</var>
<arg>json.loads($fixture)</arg>
<arg>json</arg>
<doc>Evaluates the given expression in Python and returns the result.</doc>
<msg timestamp="20211005 22:30:56.088" level="INFO">${json} = {'empty_name': {'name': '', 'email': 'Teste1@signup.com', 'password': 'signup@123'}, 'empty_email': {'name': 'Teste 2', 'email': '', 'password': 'signup@123'}, 'empty_password': {'name': 'Teste 3', 'e...</msg>
<status status="PASS" starttime="20211005 22:30:56.087" endtime="20211005 22:30:56.088"/>
</kw>
<msg timestamp="20211005 22:30:56.089" level="INFO">${attempt} = {'empty_name': {'name': '', 'email': 'Teste1@signup.com', 'password': 'signup@123'}, 'empty_email': {'name': 'Teste 2', 'email': '', 'password': 'signup@123'}, 'empty_password': {'name': 'Teste 3', 'e...</msg>
<status status="PASS" starttime="20211005 22:30:56.085" endtime="20211005 22:30:56.089"/>
</kw>
<kw name="POST User" library="Signup">
<var>${response}</var>
<arg>${attempt['${scenario}']}</arg>
<kw name="POST" library="RequestsLibrary">
<var>${response}</var>
<arg>${base_url}/signup</arg>
<arg>json=${payload}</arg>
<arg>expected_status=any</arg>
<doc>Sends a POST request.</doc>
<msg timestamp="20211005 22:30:56.799" level="INFO">POST Request : url=https://rocklov-julius-api.herokuapp.com/signup 
 path_url=/signup 
 headers={'User-Agent': 'python-requests/2.25.0', 'Accept-Encoding': 'gzip, deflate', 'Accept': '*/*', 'Connection': 'keep-alive', 'Content-Length': '58', 'Content-Type': 'application/json'} 
 body=b'{"name": "Teste 2", "email": "", "password": "signup@123"}' 
 </msg>
<msg timestamp="20211005 22:30:56.799" level="INFO">POST Response : url=https://rocklov-julius-api.herokuapp.com/signup 
 status=412, reason=Precondition Failed 
 headers={'Server': 'Cowboy', 'Connection': 'keep-alive', 'X-Powered-By': 'Express', 'Access-Control-Allow-Origin': '*', 'Content-Type': 'application/json; charset=utf-8', 'Content-Length': '26', 'Etag': 'W/"1a-8KRaSvY57iDhlue9EjFWx2TpquE"', 'Date': 'Wed, 06 Oct 2021 01:30:57 GMT', 'Via': '1.1 vegur'} 
 body={"error":"required email"} 
 </msg>
<msg timestamp="20211005 22:30:56.799" level="INFO">${response} = &lt;Response [412]&gt;</msg>
<status status="PASS" starttime="20211005 22:30:56.090" endtime="20211005 22:30:56.799"/>
</kw>
<msg timestamp="20211005 22:30:56.800" level="INFO">${response} = &lt;Response [412]&gt;</msg>
<status status="PASS" starttime="20211005 22:30:56.089" endtime="20211005 22:30:56.800"/>
</kw>
<kw name="Status Should Be" library="RequestsLibrary">
<arg>412</arg>
<arg>${response}</arg>
<doc>Fails if response status code is different than the expected.</doc>
<status status="PASS" starttime="20211005 22:30:56.800" endtime="20211005 22:30:56.800"/>
</kw>
<kw name="Should Be Equal" library="BuiltIn">
<arg>${message}</arg>
<arg>${response.json()}[error]</arg>
<doc>Fails if the given objects are unequal.</doc>
<status status="PASS" starttime="20211005 22:30:56.800" endtime="20211005 22:30:56.801"/>
</kw>
<status status="PASS" starttime="20211005 22:30:56.084" endtime="20211005 22:30:56.801"/>
</kw>
<status status="PASS" starttime="20211005 22:30:56.083" endtime="20211005 22:30:56.802"/>
</test>
<test id="s1-s2-t3" name="Empty Password">
<kw name="Attempt Signup">
<arg>empty_password</arg>
<arg>required password</arg>
<kw name="GET Json" library="Helpers">
<var>${attempt}</var>
<arg>signup</arg>
<arg>attempt.json</arg>
<kw name="Get File" library="OperatingSystem">
<var>${fixture}</var>
<arg>${EXECDIR}/resources/fixtures/${route}/${file_name}</arg>
<doc>Returns the contents of a specified file.</doc>
<msg timestamp="20211005 22:30:56.805" level="INFO" html="true">Getting file '&lt;a href="file://C:\QANinja\RocklovJulius\backend\resources\fixtures\signup\attempt.json"&gt;C:\QANinja\RocklovJulius\backend\resources\fixtures\signup\attempt.json&lt;/a&gt;'.</msg>
<msg timestamp="20211005 22:30:56.806" level="INFO">${fixture} = {
    "empty_name":{
        "name": "",
        "email": "Teste1@signup.com" ,
        "password": "signup@123"
    },
    "empty_email":{
        "name": "Teste 2",
        "email": "" ,
        "pa...</msg>
<status status="PASS" starttime="20211005 22:30:56.805" endtime="20211005 22:30:56.806"/>
</kw>
<kw name="Evaluate" library="BuiltIn">
<var>${json}</var>
<arg>json.loads($fixture)</arg>
<arg>json</arg>
<doc>Evaluates the given expression in Python and returns the result.</doc>
<msg timestamp="20211005 22:30:56.807" level="INFO">${json} = {'empty_name': {'name': '', 'email': 'Teste1@signup.com', 'password': 'signup@123'}, 'empty_email': {'name': 'Teste 2', 'email': '', 'password': 'signup@123'}, 'empty_password': {'name': 'Teste 3', 'e...</msg>
<status status="PASS" starttime="20211005 22:30:56.806" endtime="20211005 22:30:56.807"/>
</kw>
<msg timestamp="20211005 22:30:56.808" level="INFO">${attempt} = {'empty_name': {'name': '', 'email': 'Teste1@signup.com', 'password': 'signup@123'}, 'empty_email': {'name': 'Teste 2', 'email': '', 'password': 'signup@123'}, 'empty_password': {'name': 'Teste 3', 'e...</msg>
<status status="PASS" starttime="20211005 22:30:56.804" endtime="20211005 22:30:56.808"/>
</kw>
<kw name="POST User" library="Signup">
<var>${response}</var>
<arg>${attempt['${scenario}']}</arg>
<kw name="POST" library="RequestsLibrary">
<var>${response}</var>
<arg>${base_url}/signup</arg>
<arg>json=${payload}</arg>
<arg>expected_status=any</arg>
<doc>Sends a POST request.</doc>
<msg timestamp="20211005 22:30:57.590" level="INFO">POST Request : url=https://rocklov-julius-api.herokuapp.com/signup 
 path_url=/signup 
 headers={'User-Agent': 'python-requests/2.25.0', 'Accept-Encoding': 'gzip, deflate', 'Accept': '*/*', 'Connection': 'keep-alive', 'Content-Length': '65', 'Content-Type': 'application/json'} 
 body=b'{"name": "Teste 3", "email": "Teste3@signup.com", "password": ""}' 
 </msg>
<msg timestamp="20211005 22:30:57.590" level="INFO">POST Response : url=https://rocklov-julius-api.herokuapp.com/signup 
 status=412, reason=Precondition Failed 
 headers={'Server': 'Cowboy', 'Connection': 'keep-alive', 'X-Powered-By': 'Express', 'Access-Control-Allow-Origin': '*', 'Content-Type': 'application/json; charset=utf-8', 'Content-Length': '29', 'Etag': 'W/"1d-tUn0yUHtqO1XqLN8GlARJKKNdM8"', 'Date': 'Wed, 06 Oct 2021 01:30:57 GMT', 'Via': '1.1 vegur'} 
 body={"error":"required password"} 
 </msg>
<msg timestamp="20211005 22:30:57.590" level="INFO">${response} = &lt;Response [412]&gt;</msg>
<status status="PASS" starttime="20211005 22:30:56.809" endtime="20211005 22:30:57.590"/>
</kw>
<msg timestamp="20211005 22:30:57.590" level="INFO">${response} = &lt;Response [412]&gt;</msg>
<status status="PASS" starttime="20211005 22:30:56.808" endtime="20211005 22:30:57.591"/>
</kw>
<kw name="Status Should Be" library="RequestsLibrary">
<arg>412</arg>
<arg>${response}</arg>
<doc>Fails if response status code is different than the expected.</doc>
<status status="PASS" starttime="20211005 22:30:57.591" endtime="20211005 22:30:57.591"/>
</kw>
<kw name="Should Be Equal" library="BuiltIn">
<arg>${message}</arg>
<arg>${response.json()}[error]</arg>
<doc>Fails if the given objects are unequal.</doc>
<status status="PASS" starttime="20211005 22:30:57.591" endtime="20211005 22:30:57.593"/>
</kw>
<status status="PASS" starttime="20211005 22:30:56.804" endtime="20211005 22:30:57.593"/>
</kw>
<status status="PASS" starttime="20211005 22:30:56.803" endtime="20211005 22:30:57.594"/>
</test>
<test id="s1-s2-t4" name="Without Name">
<kw name="Attempt Signup">
<arg>without_name</arg>
<arg>required name</arg>
<kw name="GET Json" library="Helpers">
<var>${attempt}</var>
<arg>signup</arg>
<arg>attempt.json</arg>
<kw name="Get File" library="OperatingSystem">
<var>${fixture}</var>
<arg>${EXECDIR}/resources/fixtures/${route}/${file_name}</arg>
<doc>Returns the contents of a specified file.</doc>
<msg timestamp="20211005 22:30:57.603" level="INFO" html="true">Getting file '&lt;a href="file://C:\QANinja\RocklovJulius\backend\resources\fixtures\signup\attempt.json"&gt;C:\QANinja\RocklovJulius\backend\resources\fixtures\signup\attempt.json&lt;/a&gt;'.</msg>
<msg timestamp="20211005 22:30:57.604" level="INFO">${fixture} = {
    "empty_name":{
        "name": "",
        "email": "Teste1@signup.com" ,
        "password": "signup@123"
    },
    "empty_email":{
        "name": "Teste 2",
        "email": "" ,
        "pa...</msg>
<status status="PASS" starttime="20211005 22:30:57.603" endtime="20211005 22:30:57.604"/>
</kw>
<kw name="Evaluate" library="BuiltIn">
<var>${json}</var>
<arg>json.loads($fixture)</arg>
<arg>json</arg>
<doc>Evaluates the given expression in Python and returns the result.</doc>
<msg timestamp="20211005 22:30:57.605" level="INFO">${json} = {'empty_name': {'name': '', 'email': 'Teste1@signup.com', 'password': 'signup@123'}, 'empty_email': {'name': 'Teste 2', 'email': '', 'password': 'signup@123'}, 'empty_password': {'name': 'Teste 3', 'e...</msg>
<status status="PASS" starttime="20211005 22:30:57.604" endtime="20211005 22:30:57.605"/>
</kw>
<msg timestamp="20211005 22:30:57.605" level="INFO">${attempt} = {'empty_name': {'name': '', 'email': 'Teste1@signup.com', 'password': 'signup@123'}, 'empty_email': {'name': 'Teste 2', 'email': '', 'password': 'signup@123'}, 'empty_password': {'name': 'Teste 3', 'e...</msg>
<status status="PASS" starttime="20211005 22:30:57.602" endtime="20211005 22:30:57.605"/>
</kw>
<kw name="POST User" library="Signup">
<var>${response}</var>
<arg>${attempt['${scenario}']}</arg>
<kw name="POST" library="RequestsLibrary">
<var>${response}</var>
<arg>${base_url}/signup</arg>
<arg>json=${payload}</arg>
<arg>expected_status=any</arg>
<doc>Sends a POST request.</doc>
<msg timestamp="20211005 22:30:58.506" level="INFO">POST Request : url=https://rocklov-julius-api.herokuapp.com/signup 
 path_url=/signup 
 headers={'User-Agent': 'python-requests/2.25.0', 'Accept-Encoding': 'gzip, deflate', 'Accept': '*/*', 'Connection': 'keep-alive', 'Content-Length': '46', 'Content-Type': 'application/json'} 
 body=b'{"email": "Teste4@signup.com", "password": ""}' 
 </msg>
<msg timestamp="20211005 22:30:58.507" level="INFO">POST Response : url=https://rocklov-julius-api.herokuapp.com/signup 
 status=412, reason=Precondition Failed 
 headers={'Server': 'Cowboy', 'Connection': 'keep-alive', 'X-Powered-By': 'Express', 'Access-Control-Allow-Origin': '*', 'Content-Type': 'application/json; charset=utf-8', 'Content-Length': '25', 'Etag': 'W/"19-8apYp5yIZ4Lt0/70KtMmuiuknDU"', 'Date': 'Wed, 06 Oct 2021 01:30:58 GMT', 'Via': '1.1 vegur'} 
 body={"error":"required name"} 
 </msg>
<msg timestamp="20211005 22:30:58.507" level="INFO">${response} = &lt;Response [412]&gt;</msg>
<status status="PASS" starttime="20211005 22:30:57.607" endtime="20211005 22:30:58.507"/>
</kw>
<msg timestamp="20211005 22:30:58.507" level="INFO">${response} = &lt;Response [412]&gt;</msg>
<status status="PASS" starttime="20211005 22:30:57.605" endtime="20211005 22:30:58.507"/>
</kw>
<kw name="Status Should Be" library="RequestsLibrary">
<arg>412</arg>
<arg>${response}</arg>
<doc>Fails if response status code is different than the expected.</doc>
<status status="PASS" starttime="20211005 22:30:58.508" endtime="20211005 22:30:58.508"/>
</kw>
<kw name="Should Be Equal" library="BuiltIn">
<arg>${message}</arg>
<arg>${response.json()}[error]</arg>
<doc>Fails if the given objects are unequal.</doc>
<status status="PASS" starttime="20211005 22:30:58.508" endtime="20211005 22:30:58.510"/>
</kw>
<status status="PASS" starttime="20211005 22:30:57.601" endtime="20211005 22:30:58.510"/>
</kw>
<status status="PASS" starttime="20211005 22:30:57.600" endtime="20211005 22:30:58.512"/>
</test>
<test id="s1-s2-t5" name="Without Email">
<kw name="Attempt Signup">
<arg>without_email</arg>
<arg>required email</arg>
<kw name="GET Json" library="Helpers">
<var>${attempt}</var>
<arg>signup</arg>
<arg>attempt.json</arg>
<kw name="Get File" library="OperatingSystem">
<var>${fixture}</var>
<arg>${EXECDIR}/resources/fixtures/${route}/${file_name}</arg>
<doc>Returns the contents of a specified file.</doc>
<msg timestamp="20211005 22:30:58.517" level="INFO" html="true">Getting file '&lt;a href="file://C:\QANinja\RocklovJulius\backend\resources\fixtures\signup\attempt.json"&gt;C:\QANinja\RocklovJulius\backend\resources\fixtures\signup\attempt.json&lt;/a&gt;'.</msg>
<msg timestamp="20211005 22:30:58.518" level="INFO">${fixture} = {
    "empty_name":{
        "name": "",
        "email": "Teste1@signup.com" ,
        "password": "signup@123"
    },
    "empty_email":{
        "name": "Teste 2",
        "email": "" ,
        "pa...</msg>
<status status="PASS" starttime="20211005 22:30:58.516" endtime="20211005 22:30:58.518"/>
</kw>
<kw name="Evaluate" library="BuiltIn">
<var>${json}</var>
<arg>json.loads($fixture)</arg>
<arg>json</arg>
<doc>Evaluates the given expression in Python and returns the result.</doc>
<msg timestamp="20211005 22:30:58.519" level="INFO">${json} = {'empty_name': {'name': '', 'email': 'Teste1@signup.com', 'password': 'signup@123'}, 'empty_email': {'name': 'Teste 2', 'email': '', 'password': 'signup@123'}, 'empty_password': {'name': 'Teste 3', 'e...</msg>
<status status="PASS" starttime="20211005 22:30:58.518" endtime="20211005 22:30:58.519"/>
</kw>
<msg timestamp="20211005 22:30:58.519" level="INFO">${attempt} = {'empty_name': {'name': '', 'email': 'Teste1@signup.com', 'password': 'signup@123'}, 'empty_email': {'name': 'Teste 2', 'email': '', 'password': 'signup@123'}, 'empty_password': {'name': 'Teste 3', 'e...</msg>
<status status="PASS" starttime="20211005 22:30:58.516" endtime="20211005 22:30:58.519"/>
</kw>
<kw name="POST User" library="Signup">
<var>${response}</var>
<arg>${attempt['${scenario}']}</arg>
<kw name="POST" library="RequestsLibrary">
<var>${response}</var>
<arg>${base_url}/signup</arg>
<arg>json=${payload}</arg>
<arg>expected_status=any</arg>
<doc>Sends a POST request.</doc>
<msg timestamp="20211005 22:30:59.460" level="INFO">POST Request : url=https://rocklov-julius-api.herokuapp.com/signup 
 path_url=/signup 
 headers={'User-Agent': 'python-requests/2.25.0', 'Accept-Encoding': 'gzip, deflate', 'Accept': '*/*', 'Connection': 'keep-alive', 'Content-Length': '45', 'Content-Type': 'application/json'} 
 body=b'{"name": "Teste 5", "password": "signup@123"}' 
 </msg>
<msg timestamp="20211005 22:30:59.460" level="INFO">POST Response : url=https://rocklov-julius-api.herokuapp.com/signup 
 status=412, reason=Precondition Failed 
 headers={'Server': 'Cowboy', 'Connection': 'keep-alive', 'X-Powered-By': 'Express', 'Access-Control-Allow-Origin': '*', 'Content-Type': 'application/json; charset=utf-8', 'Content-Length': '26', 'Etag': 'W/"1a-8KRaSvY57iDhlue9EjFWx2TpquE"', 'Date': 'Wed, 06 Oct 2021 01:30:59 GMT', 'Via': '1.1 vegur'} 
 body={"error":"required email"} 
 </msg>
<msg timestamp="20211005 22:30:59.461" level="INFO">${response} = &lt;Response [412]&gt;</msg>
<status status="PASS" starttime="20211005 22:30:58.521" endtime="20211005 22:30:59.461"/>
</kw>
<msg timestamp="20211005 22:30:59.461" level="INFO">${response} = &lt;Response [412]&gt;</msg>
<status status="PASS" starttime="20211005 22:30:58.520" endtime="20211005 22:30:59.461"/>
</kw>
<kw name="Status Should Be" library="RequestsLibrary">
<arg>412</arg>
<arg>${response}</arg>
<doc>Fails if response status code is different than the expected.</doc>
<status status="PASS" starttime="20211005 22:30:59.461" endtime="20211005 22:30:59.461"/>
</kw>
<kw name="Should Be Equal" library="BuiltIn">
<arg>${message}</arg>
<arg>${response.json()}[error]</arg>
<doc>Fails if the given objects are unequal.</doc>
<status status="PASS" starttime="20211005 22:30:59.462" endtime="20211005 22:30:59.463"/>
</kw>
<status status="PASS" starttime="20211005 22:30:58.515" endtime="20211005 22:30:59.463"/>
</kw>
<status status="PASS" starttime="20211005 22:30:58.514" endtime="20211005 22:30:59.463"/>
</test>
<test id="s1-s2-t6" name="Without Password">
<kw name="Attempt Signup">
<arg>without_password</arg>
<arg>required password</arg>
<kw name="GET Json" library="Helpers">
<var>${attempt}</var>
<arg>signup</arg>
<arg>attempt.json</arg>
<kw name="Get File" library="OperatingSystem">
<var>${fixture}</var>
<arg>${EXECDIR}/resources/fixtures/${route}/${file_name}</arg>
<doc>Returns the contents of a specified file.</doc>
<msg timestamp="20211005 22:30:59.467" level="INFO" html="true">Getting file '&lt;a href="file://C:\QANinja\RocklovJulius\backend\resources\fixtures\signup\attempt.json"&gt;C:\QANinja\RocklovJulius\backend\resources\fixtures\signup\attempt.json&lt;/a&gt;'.</msg>
<msg timestamp="20211005 22:30:59.468" level="INFO">${fixture} = {
    "empty_name":{
        "name": "",
        "email": "Teste1@signup.com" ,
        "password": "signup@123"
    },
    "empty_email":{
        "name": "Teste 2",
        "email": "" ,
        "pa...</msg>
<status status="PASS" starttime="20211005 22:30:59.467" endtime="20211005 22:30:59.468"/>
</kw>
<kw name="Evaluate" library="BuiltIn">
<var>${json}</var>
<arg>json.loads($fixture)</arg>
<arg>json</arg>
<doc>Evaluates the given expression in Python and returns the result.</doc>
<msg timestamp="20211005 22:30:59.469" level="INFO">${json} = {'empty_name': {'name': '', 'email': 'Teste1@signup.com', 'password': 'signup@123'}, 'empty_email': {'name': 'Teste 2', 'email': '', 'password': 'signup@123'}, 'empty_password': {'name': 'Teste 3', 'e...</msg>
<status status="PASS" starttime="20211005 22:30:59.468" endtime="20211005 22:30:59.469"/>
</kw>
<msg timestamp="20211005 22:30:59.470" level="INFO">${attempt} = {'empty_name': {'name': '', 'email': 'Teste1@signup.com', 'password': 'signup@123'}, 'empty_email': {'name': 'Teste 2', 'email': '', 'password': 'signup@123'}, 'empty_password': {'name': 'Teste 3', 'e...</msg>
<status status="PASS" starttime="20211005 22:30:59.466" endtime="20211005 22:30:59.470"/>
</kw>
<kw name="POST User" library="Signup">
<var>${response}</var>
<arg>${attempt['${scenario}']}</arg>
<kw name="POST" library="RequestsLibrary">
<var>${response}</var>
<arg>${base_url}/signup</arg>
<arg>json=${payload}</arg>
<arg>expected_status=any</arg>
<doc>Sends a POST request.</doc>
<msg timestamp="20211005 22:31:00.373" level="INFO">POST Request : url=https://rocklov-julius-api.herokuapp.com/signup 
 path_url=/signup 
 headers={'User-Agent': 'python-requests/2.25.0', 'Accept-Encoding': 'gzip, deflate', 'Accept': '*/*', 'Connection': 'keep-alive', 'Content-Length': '49', 'Content-Type': 'application/json'} 
 body=b'{"name": "Teste 6", "email": "Teste6@signup.com"}' 
 </msg>
<msg timestamp="20211005 22:31:00.373" level="INFO">POST Response : url=https://rocklov-julius-api.herokuapp.com/signup 
 status=412, reason=Precondition Failed 
 headers={'Server': 'Cowboy', 'Connection': 'keep-alive', 'X-Powered-By': 'Express', 'Access-Control-Allow-Origin': '*', 'Content-Type': 'application/json; charset=utf-8', 'Content-Length': '29', 'Etag': 'W/"1d-tUn0yUHtqO1XqLN8GlARJKKNdM8"', 'Date': 'Wed, 06 Oct 2021 01:31:00 GMT', 'Via': '1.1 vegur'} 
 body={"error":"required password"} 
 </msg>
<msg timestamp="20211005 22:31:00.373" level="INFO">${response} = &lt;Response [412]&gt;</msg>
<status status="PASS" starttime="20211005 22:30:59.471" endtime="20211005 22:31:00.373"/>
</kw>
<msg timestamp="20211005 22:31:00.374" level="INFO">${response} = &lt;Response [412]&gt;</msg>
<status status="PASS" starttime="20211005 22:30:59.470" endtime="20211005 22:31:00.374"/>
</kw>
<kw name="Status Should Be" library="RequestsLibrary">
<arg>412</arg>
<arg>${response}</arg>
<doc>Fails if response status code is different than the expected.</doc>
<status status="PASS" starttime="20211005 22:31:00.374" endtime="20211005 22:31:00.374"/>
</kw>
<kw name="Should Be Equal" library="BuiltIn">
<arg>${message}</arg>
<arg>${response.json()}[error]</arg>
<doc>Fails if the given objects are unequal.</doc>
<status status="PASS" starttime="20211005 22:31:00.375" endtime="20211005 22:31:00.376"/>
</kw>
<status status="PASS" starttime="20211005 22:30:59.465" endtime="20211005 22:31:00.377"/>
</kw>
<status status="PASS" starttime="20211005 22:30:59.465" endtime="20211005 22:31:00.379"/>
</test>
<test id="s1-s2-t7" name="Wrong Email">
<kw name="Attempt Signup">
<arg>wrong_email</arg>
<arg>wrong email</arg>
<kw name="GET Json" library="Helpers">
<var>${attempt}</var>
<arg>signup</arg>
<arg>attempt.json</arg>
<kw name="Get File" library="OperatingSystem">
<var>${fixture}</var>
<arg>${EXECDIR}/resources/fixtures/${route}/${file_name}</arg>
<doc>Returns the contents of a specified file.</doc>
<msg timestamp="20211005 22:31:00.383" level="INFO" html="true">Getting file '&lt;a href="file://C:\QANinja\RocklovJulius\backend\resources\fixtures\signup\attempt.json"&gt;C:\QANinja\RocklovJulius\backend\resources\fixtures\signup\attempt.json&lt;/a&gt;'.</msg>
<msg timestamp="20211005 22:31:00.384" level="INFO">${fixture} = {
    "empty_name":{
        "name": "",
        "email": "Teste1@signup.com" ,
        "password": "signup@123"
    },
    "empty_email":{
        "name": "Teste 2",
        "email": "" ,
        "pa...</msg>
<status status="PASS" starttime="20211005 22:31:00.383" endtime="20211005 22:31:00.384"/>
</kw>
<kw name="Evaluate" library="BuiltIn">
<var>${json}</var>
<arg>json.loads($fixture)</arg>
<arg>json</arg>
<doc>Evaluates the given expression in Python and returns the result.</doc>
<msg timestamp="20211005 22:31:00.385" level="INFO">${json} = {'empty_name': {'name': '', 'email': 'Teste1@signup.com', 'password': 'signup@123'}, 'empty_email': {'name': 'Teste 2', 'email': '', 'password': 'signup@123'}, 'empty_password': {'name': 'Teste 3', 'e...</msg>
<status status="PASS" starttime="20211005 22:31:00.384" endtime="20211005 22:31:00.385"/>
</kw>
<msg timestamp="20211005 22:31:00.385" level="INFO">${attempt} = {'empty_name': {'name': '', 'email': 'Teste1@signup.com', 'password': 'signup@123'}, 'empty_email': {'name': 'Teste 2', 'email': '', 'password': 'signup@123'}, 'empty_password': {'name': 'Teste 3', 'e...</msg>
<status status="PASS" starttime="20211005 22:31:00.382" endtime="20211005 22:31:00.385"/>
</kw>
<kw name="POST User" library="Signup">
<var>${response}</var>
<arg>${attempt['${scenario}']}</arg>
<kw name="POST" library="RequestsLibrary">
<var>${response}</var>
<arg>${base_url}/signup</arg>
<arg>json=${payload}</arg>
<arg>expected_status=any</arg>
<doc>Sends a POST request.</doc>
<msg timestamp="20211005 22:31:01.311" level="INFO">POST Request : url=https://rocklov-julius-api.herokuapp.com/signup 
 path_url=/signup 
 headers={'User-Agent': 'python-requests/2.25.0', 'Accept-Encoding': 'gzip, deflate', 'Accept': '*/*', 'Connection': 'keep-alive', 'Content-Length': '76', 'Content-Type': 'application/json'} 
 body=b'{"name": "Teste 7", "email": "Teste7%$signup.com", "password": "signup@123"}' 
 </msg>
<msg timestamp="20211005 22:31:01.312" level="INFO">POST Response : url=https://rocklov-julius-api.herokuapp.com/signup 
 status=412, reason=Precondition Failed 
 headers={'Server': 'Cowboy', 'Connection': 'keep-alive', 'X-Powered-By': 'Express', 'Access-Control-Allow-Origin': '*', 'Content-Type': 'application/json; charset=utf-8', 'Content-Length': '23', 'Etag': 'W/"17-J+BxLoUN8ST7m7fP0enwagCQK4E"', 'Date': 'Wed, 06 Oct 2021 01:31:01 GMT', 'Via': '1.1 vegur'} 
 body={"error":"wrong email"} 
 </msg>
<msg timestamp="20211005 22:31:01.312" level="INFO">${response} = &lt;Response [412]&gt;</msg>
<status status="PASS" starttime="20211005 22:31:00.387" endtime="20211005 22:31:01.312"/>
</kw>
<msg timestamp="20211005 22:31:01.313" level="INFO">${response} = &lt;Response [412]&gt;</msg>
<status status="PASS" starttime="20211005 22:31:00.385" endtime="20211005 22:31:01.313"/>
</kw>
<kw name="Status Should Be" library="RequestsLibrary">
<arg>412</arg>
<arg>${response}</arg>
<doc>Fails if response status code is different than the expected.</doc>
<status status="PASS" starttime="20211005 22:31:01.313" endtime="20211005 22:31:01.314"/>
</kw>
<kw name="Should Be Equal" library="BuiltIn">
<arg>${message}</arg>
<arg>${response.json()}[error]</arg>
<doc>Fails if the given objects are unequal.</doc>
<status status="PASS" starttime="20211005 22:31:01.314" endtime="20211005 22:31:01.315"/>
</kw>
<status status="PASS" starttime="20211005 22:31:00.382" endtime="20211005 22:31:01.315"/>
</kw>
<status status="PASS" starttime="20211005 22:31:00.381" endtime="20211005 22:31:01.316"/>
</test>
<doc>Sessions Attempt Signup Tests</doc>
<status status="PASS" starttime="20211005 22:30:55.271" endtime="20211005 22:31:01.317"/>
</suite>
<suite id="s1-s3" name="SignUpTests" source="C:\QANinja\RocklovJulius\backend\tests\SignUpTests.robot">
<test id="s1-s3-t1" name="Add New User">
<kw name="GET Json" library="Helpers">
<var>${payload}</var>
<arg>signup</arg>
<arg>new_user.json</arg>
<kw name="Get File" library="OperatingSystem">
<var>${fixture}</var>
<arg>${EXECDIR}/resources/fixtures/${route}/${file_name}</arg>
<doc>Returns the contents of a specified file.</doc>
<msg timestamp="20211005 22:31:01.336" level="INFO" html="true">Getting file '&lt;a href="file://C:\QANinja\RocklovJulius\backend\resources\fixtures\signup\new_user.json"&gt;C:\QANinja\RocklovJulius\backend\resources\fixtures\signup\new_user.json&lt;/a&gt;'.</msg>
<msg timestamp="20211005 22:31:01.336" level="INFO">${fixture} = {
    "name": "jose",
    "email": "jose@Jose.com.br",
    "password": "Jose@123"
}</msg>
<status status="PASS" starttime="20211005 22:31:01.336" endtime="20211005 22:31:01.336"/>
</kw>
<kw name="Evaluate" library="BuiltIn">
<var>${json}</var>
<arg>json.loads($fixture)</arg>
<arg>json</arg>
<doc>Evaluates the given expression in Python and returns the result.</doc>
<msg timestamp="20211005 22:31:01.337" level="INFO">${json} = {'name': 'jose', 'email': 'jose@Jose.com.br', 'password': 'Jose@123'}</msg>
<status status="PASS" starttime="20211005 22:31:01.337" endtime="20211005 22:31:01.338"/>
</kw>
<msg timestamp="20211005 22:31:01.338" level="INFO">${payload} = {'name': 'jose', 'email': 'jose@Jose.com.br', 'password': 'Jose@123'}</msg>
<status status="PASS" starttime="20211005 22:31:01.335" endtime="20211005 22:31:01.338"/>
</kw>
<kw name="Remove User By Email" library="mongo">
<arg>${payload["email"]}</arg>
<status status="PASS" starttime="20211005 22:31:01.338" endtime="20211005 22:31:01.632"/>
</kw>
<kw name="Log" library="BuiltIn">
<arg>${payload["email"]}</arg>
<doc>Logs the given message with the given level.</doc>
<msg timestamp="20211005 22:31:01.634" level="INFO">jose@Jose.com.br</msg>
<status status="PASS" starttime="20211005 22:31:01.633" endtime="20211005 22:31:01.634"/>
</kw>
<kw name="POST User" library="Signup">
<var>${response}</var>
<arg>${payload}</arg>
<kw name="POST" library="RequestsLibrary">
<var>${response}</var>
<arg>${base_url}/signup</arg>
<arg>json=${payload}</arg>
<arg>expected_status=any</arg>
<doc>Sends a POST request.</doc>
<msg timestamp="20211005 22:31:02.781" level="INFO">POST Request : url=https://rocklov-julius-api.herokuapp.com/signup 
 path_url=/signup 
 headers={'User-Agent': 'python-requests/2.25.0', 'Accept-Encoding': 'gzip, deflate', 'Accept': '*/*', 'Connection': 'keep-alive', 'Content-Length': '69', 'Content-Type': 'application/json'} 
 body=b'{"name": "jose", "email": "jose@Jose.com.br", "password": "Jose@123"}' 
 </msg>
<msg timestamp="20211005 22:31:02.781" level="INFO">POST Response : url=https://rocklov-julius-api.herokuapp.com/signup 
 status=200, reason=OK 
 headers={'Server': 'Cowboy', 'Connection': 'keep-alive', 'X-Powered-By': 'Express', 'Access-Control-Allow-Origin': '*', 'Content-Type': 'application/json; charset=utf-8', 'Content-Length': '129', 'Etag': 'W/"81-CABo7AujCmhf3PYqA7JupkPrcLg"', 'Date': 'Wed, 06 Oct 2021 01:31:03 GMT', 'Via': '1.1 vegur'} 
 body={"_id":"615cfc564215130016a81825","name":"jose","email":"jose@Jose.com.br","password":"72d2eb11a781225cefbca50add3e0dd5","__v":0} 
 </msg>
<msg timestamp="20211005 22:31:02.781" level="INFO">${response} = &lt;Response [200]&gt;</msg>
<status status="PASS" starttime="20211005 22:31:01.635" endtime="20211005 22:31:02.781"/>
</kw>
<msg timestamp="20211005 22:31:02.782" level="INFO">${response} = &lt;Response [200]&gt;</msg>
<status status="PASS" starttime="20211005 22:31:01.635" endtime="20211005 22:31:02.782"/>
</kw>
<kw name="Status Should Be" library="RequestsLibrary">
<arg>200</arg>
<arg>${response}</arg>
<doc>Fails if response status code is different than the expected.</doc>
<status status="PASS" starttime="20211005 22:31:02.782" endtime="20211005 22:31:02.783"/>
</kw>
<status status="PASS" starttime="20211005 22:31:01.334" endtime="20211005 22:31:02.783"/>
</test>
<test id="s1-s3-t2" name="Duplicated Email">
<kw name="GET Json" library="Helpers">
<var>${payload}</var>
<arg>signup</arg>
<arg>duplicated.json</arg>
<kw name="Get File" library="OperatingSystem">
<var>${fixture}</var>
<arg>${EXECDIR}/resources/fixtures/${route}/${file_name}</arg>
<doc>Returns the contents of a specified file.</doc>
<msg timestamp="20211005 22:31:02.786" level="INFO" html="true">Getting file '&lt;a href="file://C:\QANinja\RocklovJulius\backend\resources\fixtures\signup\duplicated.json"&gt;C:\QANinja\RocklovJulius\backend\resources\fixtures\signup\duplicated.json&lt;/a&gt;'.</msg>
<msg timestamp="20211005 22:31:02.787" level="INFO">${fixture} = {
    "name": "Maria",
    "email": "maria@maria.com.br",
    "password": "maria@123"
}</msg>
<status status="PASS" starttime="20211005 22:31:02.785" endtime="20211005 22:31:02.787"/>
</kw>
<kw name="Evaluate" library="BuiltIn">
<var>${json}</var>
<arg>json.loads($fixture)</arg>
<arg>json</arg>
<doc>Evaluates the given expression in Python and returns the result.</doc>
<msg timestamp="20211005 22:31:02.788" level="INFO">${json} = {'name': 'Maria', 'email': 'maria@maria.com.br', 'password': 'maria@123'}</msg>
<status status="PASS" starttime="20211005 22:31:02.787" endtime="20211005 22:31:02.788"/>
</kw>
<msg timestamp="20211005 22:31:02.788" level="INFO">${payload} = {'name': 'Maria', 'email': 'maria@maria.com.br', 'password': 'maria@123'}</msg>
<status status="PASS" starttime="20211005 22:31:02.785" endtime="20211005 22:31:02.788"/>
</kw>
<kw name="POST User" library="Signup">
<arg>${payload}</arg>
<kw name="POST" library="RequestsLibrary">
<var>${response}</var>
<arg>${base_url}/signup</arg>
<arg>json=${payload}</arg>
<arg>expected_status=any</arg>
<doc>Sends a POST request.</doc>
<msg timestamp="20211005 22:31:03.858" level="INFO">POST Request : url=https://rocklov-julius-api.herokuapp.com/signup 
 path_url=/signup 
 headers={'User-Agent': 'python-requests/2.25.0', 'Accept-Encoding': 'gzip, deflate', 'Accept': '*/*', 'Connection': 'keep-alive', 'Content-Length': '73', 'Content-Type': 'application/json'} 
 body=b'{"name": "Maria", "email": "maria@maria.com.br", "password": "maria@123"}' 
 </msg>
<msg timestamp="20211005 22:31:03.858" level="INFO">POST Response : url=https://rocklov-julius-api.herokuapp.com/signup 
 status=409, reason=Conflict 
 headers={'Server': 'Cowboy', 'Connection': 'keep-alive', 'X-Powered-By': 'Express', 'Access-Control-Allow-Origin': '*', 'Content-Type': 'application/json; charset=utf-8', 'Content-Length': '47', 'Etag': 'W/"2f-6vgYhFf+FNZGgYfaQq8uG8nL6FU"', 'Date': 'Wed, 06 Oct 2021 01:31:04 GMT', 'Via': '1.1 vegur'} 
 body={"code":1001,"error":"Email already exists :("} 
 </msg>
<msg timestamp="20211005 22:31:03.858" level="INFO">${response} = &lt;Response [409]&gt;</msg>
<status status="PASS" starttime="20211005 22:31:02.789" endtime="20211005 22:31:03.858"/>
</kw>
<status status="PASS" starttime="20211005 22:31:02.789" endtime="20211005 22:31:03.859"/>
</kw>
<kw name="POST User" library="Signup">
<var>${response}</var>
<arg>${payload}</arg>
<kw name="POST" library="RequestsLibrary">
<var>${response}</var>
<arg>${base_url}/signup</arg>
<arg>json=${payload}</arg>
<arg>expected_status=any</arg>
<doc>Sends a POST request.</doc>
<msg timestamp="20211005 22:31:04.889" level="INFO">POST Request : url=https://rocklov-julius-api.herokuapp.com/signup 
 path_url=/signup 
 headers={'User-Agent': 'python-requests/2.25.0', 'Accept-Encoding': 'gzip, deflate', 'Accept': '*/*', 'Connection': 'keep-alive', 'Content-Length': '73', 'Content-Type': 'application/json'} 
 body=b'{"name": "Maria", "email": "maria@maria.com.br", "password": "maria@123"}' 
 </msg>
<msg timestamp="20211005 22:31:04.889" level="INFO">POST Response : url=https://rocklov-julius-api.herokuapp.com/signup 
 status=409, reason=Conflict 
 headers={'Server': 'Cowboy', 'Connection': 'keep-alive', 'X-Powered-By': 'Express', 'Access-Control-Allow-Origin': '*', 'Content-Type': 'application/json; charset=utf-8', 'Content-Length': '47', 'Etag': 'W/"2f-6vgYhFf+FNZGgYfaQq8uG8nL6FU"', 'Date': 'Wed, 06 Oct 2021 01:31:05 GMT', 'Via': '1.1 vegur'} 
 body={"code":1001,"error":"Email already exists :("} 
 </msg>
<msg timestamp="20211005 22:31:04.889" level="INFO">${response} = &lt;Response [409]&gt;</msg>
<status status="PASS" starttime="20211005 22:31:03.860" endtime="20211005 22:31:04.889"/>
</kw>
<msg timestamp="20211005 22:31:04.889" level="INFO">${response} = &lt;Response [409]&gt;</msg>
<status status="PASS" starttime="20211005 22:31:03.860" endtime="20211005 22:31:04.889"/>
</kw>
<kw name="Status Should Be" library="RequestsLibrary">
<arg>409</arg>
<arg>${response}</arg>
<doc>Fails if response status code is different than the expected.</doc>
<status status="PASS" starttime="20211005 22:31:04.890" endtime="20211005 22:31:04.890"/>
</kw>
<status status="PASS" starttime="20211005 22:31:02.784" endtime="20211005 22:31:04.891"/>
</test>
<doc>Signup Tests</doc>
<status status="PASS" starttime="20211005 22:31:01.320" endtime="20211005 22:31:04.893"/>
</suite>
<suite id="s1-s4" name="TesteGoogle" source="C:\QANinja\RocklovJulius\backend\tests\TesteGoogle.robot">
<test id="s1-s4-t1" name="Quick Get Request Test">
<kw name="GET" library="RequestsLibrary">
<var>${response}</var>
<arg>https://www.google.com</arg>
<doc>Sends a GET request.</doc>
<msg timestamp="20211005 22:31:05.250" level="INFO">GET Request : url=https://www.google.com/ 
 path_url=/ 
 headers={'User-Agent': 'python-requests/2.25.0', 'Accept-Encoding': 'gzip, deflate', 'Accept': '*/*', 'Connection': 'keep-alive'} 
 body=None 
 </msg>
<msg timestamp="20211005 22:31:05.250" level="INFO">GET Response : url=https://www.google.com/ 
 status=200, reason=OK 
 headers={'Date': 'Wed, 06 Oct 2021 01:31:05 GMT', 'Expires': '-1', 'Cache-Control': 'private, max-age=0', 'Content-Type': 'text/html; charset=ISO-8859-1', 'P3P': 'CP="This is not a P3P policy! See g.co/p3phelp for more info."', 'Content-Encoding': 'gzip', 'Server': 'gws', 'X-XSS-Protection': '0', 'X-Frame-Options': 'SAMEORIGIN', 'Set-Cookie': '1P_JAR=2021-10-06-01; expires=Fri, 05-Nov-2021 01:31:05 GMT; path=/; domain=.google.com; Secure, NID=511=fAqXDOM0PMXyIKccZbdTMVKYsePIXfb2uAE6bPyZIV-dbq-QL9yZ8f59QzZsvSEiKxGX13U8AvMMQFwPKjj2i97IeMdd3r5vq6UcLqhZzE54u4JyV3RN8AAzpWaakz5roZNkXWXSq_qEjerZgDppcFc0IshwCPhka0_CYU8xHBw; expires=Thu, 07-Apr-2022 01:31:05 GMT; path=/; domain=.google.com; HttpOnly', 'Alt-Svc': 'h3=":443"; ma=2592000,h3-29=":443"; ma=2592000,h3-T051=":443"; ma=2592000,h3-Q050=":443"; ma=2592000,h3-Q046=":443"; ma=2592000,h3-Q043=":443"; ma=2592000,quic=":443"; ma=2592000; v="46,43"', 'Transfer-Encoding': 'chunked'} 
 body=&lt;!doctype html&gt;&lt;html itemscope="" itemtype="http://schema.org/WebPage" lang="pt-BR"&gt;&lt;head&gt;&lt;meta content="text/html; charset=UTF-8" http-equiv="Content-Type"&gt;&lt;meta content="/images/branding/googleg/1x/googleg_standard_color_128dp.png" itemprop="image"&gt;&lt;title&gt;Google&lt;/title&gt;&lt;script nonce="tf5Zr/hp3kA+s80WX+Ot2Q=="&gt;(function(){window.google={kEI:'WfxcYYe-I5ez5OUP1qyMuAc',kEXPI:'0,202346,1100190,56873,6059,206,4804,2316,383,246,5,1354,5251,1122515,1197739,329528,51223,16115,19397,9287,17572,4858,1362,9291,3025,17583,4020,978,13228,2677,1170,4192,6430,19046,2776,919,5081,1593,1279,2214,528,149,1943,2197,4100,3514,606,2023,1733,43,521,6345,8325,605,2624,2843,7,5599,6755,5096,605,15715,908,2,941,2614,13142,3,346,230,4337,2122,151,13973,4,1528,2304,1236,5803,4683,2015,11501,2110,1714,3050,2658,4243,2458,656,30,5616,5796,2216,2305,638,18280,652,1869,3294,2542,4094,3138,6,908,3,3541,1,11943,2767,1814,283,38,876,5990,15447,8,1273,1715,2,8603,20,1216,7,29,7,4140,1244,7,680,442,652,7,2808,1680,744,5852,8873,1590,1160,4192,2508,2379,2720,4545,3,4046,1427,4635,3640,2,3,6,7716,4567,2578,10,3122,543,13,2062,897,1022,3,23,2,1,3,2612,266,421,1,2513,665,2,1476,38,2,3840,569,1091,2,279,57,229,315,113,117,269,1903,2618,290,795,848,881,623,3149,40,415,46,42,706,416,191,182,130,304,579,950,682,275,731,895,756,354,641,2771,149,3,362,113,475,562,95,148,2,1020,5,11,262,405,143,2,301,29,253,23,31,20,234,2127,468,1168,22,4,107,3,2,490,78,1774,2,86,619,5560155,1861,2031,446,160,155,1802575,94,4193885,211,2800485,882,444,1,2,80,1,1796,1,9,2553,1,748,141,795,563,1,4265,1,1,2,1331,4142,2609,155,17,13,72,139,4,2,20,2,169,13,19,46,5,39,96,548,29,2,2,1,2,1,2,2,7,4,1,2,2,2,2,2,2,353,513,186,1,1,158,3,2,2,2,2,2,4,2,3,3,269,551,12,4,4,21,94,3,42,18,11,45,2,8,10,2,1,2,15,6,28,23953843,2738465,1300110,3,2774,338,3,2414,1491,9,1435,1517,291,117,2031,267,857,1722,801063',kBL:'sQmO'};google.sn='webhp';google.kHL='pt-BR';})();(function(){
var f=this||self;var h,k=[];function l(a){for(var b;a&amp;&amp;(!a.getAttribute||!(b=a.getAttribute("eid")));)a=a.parentNode;return b||h}function m(a){for(var b=null;a&amp;&amp;(!a.getAttribute||!(b=a.getAttribute("leid")));)a=a.parentNode;return b}
function n(a,b,c,d,g){var e="";c||-1!==b.search("&amp;ei=")||(e="&amp;ei="+l(d),-1===b.search("&amp;lei=")&amp;&amp;(d=m(d))&amp;&amp;(e+="&amp;lei="+d));d="";!c&amp;&amp;f._cshid&amp;&amp;-1===b.search("&amp;cshid=")&amp;&amp;"slh"!==a&amp;&amp;(d="&amp;cshid="+f._cshid);c=c||"/"+(g||"gen_204")+"?atyp=i&amp;ct="+a+"&amp;cad="+b+e+"&amp;zx="+Date.now()+d;/^http:/i.test(c)&amp;&amp;"https:"===window.location.protocol&amp;&amp;(google.ml&amp;&amp;google.ml(Error("a"),!1,{src:c,glmm:1}),c="");return c};h=google.kEI;google.getEI=l;google.getLEI=m;google.ml=function(){return null};google.log=function(a,b,c,d,g){if(c=n(a,b,c,d,g)){a=new Image;var e=k.length;k[e]=a;a.onerror=a.onload=a.onabort=function(){delete k[e]};a.src=c}};google.logUrl=n;}).call(this);(function(){
google.y={};google.sy=[];google.x=function(a,b){if(a)var c=a.id;else{do c=Math.random();while(google.y[c])}google.y[c]=[a,b];return!1};google.sx=function(a){google.sy.push(a)};google.lm=[];google.plm=function(a){google.lm.push.apply(google.lm,a)};google.lq=[];google.load=function(a,b,c){google.lq.push([[a],b,c])};google.loadAll=function(a,b){google.lq.push([a,b])};google.bx=!1;google.lx=function(){};}).call(this);google.f={};(function(){
document.documentElement.addEventListener("submit",function(b){var a;if(a=b.target){var c=a.getAttribute("data-submitfalse");a="1"===c||"q"===c&amp;&amp;!a.elements.q.value?!0:!1}else a=!1;a&amp;&amp;(b.preventDefault(),b.stopPropagation())},!0);document.documentElement.addEventListener("click",function(b){var a;a:{for(a=b.target;a&amp;&amp;a!==document.documentElement;a=a.parentElement)if("A"===a.tagName){a="1"===a.getAttribute("data-nohref");break a}a=!1}a&amp;&amp;b.preventDefault()},!0);}).call(this);&lt;/script&gt;&lt;style&gt;#gbar,#guser{font-size:13px;padding-top:1px !important;}#gbar{height:22px}#guser{padding-bottom:7px !important;text-align:right}.gbh,.gbd{border-top:1px solid #c9d7f1;font-size:1px}.gbh{height:0;position:absolute;top:24px;width:100%}@media all{.gb1{height:22px;margin-right:.5em;vertical-align:top}#gbar{float:left}}a.gb1,a.gb4{text-decoration:underline !important}a.gb1,a.gb4{color:#00c !important}.gbi .gb4{color:#dd8e27 !important}.gbf .gb4{color:#900 !important}
&lt;/style&gt;&lt;style&gt;body,td,a,p,.h{font-family:arial,sans-serif}body{margin:0;overflow-y:scroll}#gog{padding:3px 8px 0}td{line-height:.8em}.gac_m td{line-height:17px}form{margin-bottom:20px}.h{color:#1558d6}em{font-weight:bold;font-style:normal}.lst{height:25px;width:496px}.gsfi,.lst{font:18px arial,sans-serif}.gsfs{font:17px arial,sans-serif}.ds{display:inline-box;display:inline-block;margin:3px 0 4px;margin-left:4px}input{font-family:inherit}body{background:#fff;color:#000}a{color:#4b11a8;text-decoration:none}a:hover,a:active{text-decoration:underline}.fl a{color:#1558d6}a:visited{color:#4b11a8}.sblc{padding-top:5px}.sblc a{display:block;margin:2px 0;margin-left:13px;font-size:11px}.lsbb{background:#f8f9fa;border:solid 1px;border-color:#dadce0 #70757a #70757a #dadce0;height:30px}.lsbb{display:block}#WqQANb a{display:inline-block;margin:0 12px}.lsb{background:url(/images/nav_logo229.png) 0 -261px repeat-x;border:none;color:#000;cursor:pointer;height:30px;margin:0;outline:0;font:15px arial,sans-serif;vertical-align:top}.lsb:active{background:#dadce0}.lst:focus{outline:none}.tiah{width:458px}&lt;/style&gt;&lt;script nonce="tf5Zr/hp3kA+s80WX+Ot2Q=="&gt;(function(){window.google.erd={sp:'hp',jsr:0,bv:1454};
var f=this||self;var g,h,k=null!==(g=f.mei)&amp;&amp;void 0!==g?g:1,l=null!==(h=f.sdo)&amp;&amp;void 0!==h?h:!0,n=0,p,q=google.erd,t=q.jsr;google.ml=function(a,b,e,m,d){d=void 0===d?2:d;b&amp;&amp;(p=a&amp;&amp;a.message);if(google.dl)return google.dl(a,d,e),null;if(0&gt;t){window.console&amp;&amp;console.error(a,e);if(-2===t)throw a;b=!1}else b=!a||!a.message||"Error loading script"===a.message||n&gt;=k&amp;&amp;!m?!1:!0;if(!b)return null;n++;e=e||{};b=encodeURIComponent;var c="/gen_204?atyp=i&amp;ei="+b(google.kEI);google.kEXPI&amp;&amp;(c+="&amp;jexpid="+b(google.kEXPI));c+="&amp;srcpg="+b(q.sp)+"&amp;jsr="+b(q.jsr)+"&amp;bver="+b(q.bv)+("&amp;jsel="+d);c+="&amp;sn="+b(google.sn);for(var r in e)c+="&amp;",c+=b(r),c+="=",c+=b(e[r]);c=c+"&amp;emsg="+b(a.name+": "+a.message);c=c+"&amp;jsst="+b(a.stack||"N/A");12288&lt;=c.length&amp;&amp;(c=c.substr(0,12288));a=c;m||google.log(0,"",a);return a};window.onerror=function(a,b,e,m,d){p!==a&amp;&amp;google.ml(d instanceof Error?d:Error(a),!1,void 0,!1,0);p=null;l&amp;&amp;n&gt;=k&amp;&amp;(window.onerror=null)};})();&lt;/script&gt;&lt;/head&gt;&lt;body bgcolor="#fff"&gt;&lt;script nonce="tf5Zr/hp3kA+s80WX+Ot2Q=="&gt;(function(){var src='/images/nav_logo229.png';var iesg=false;document.body.onload = function(){window.n &amp;&amp; window.n();if (document.images){new Image().src=src;}
if (!iesg){document.f&amp;&amp;document.f.q.focus();document.gbqf&amp;&amp;document.gbqf.q.focus();}
}
})();&lt;/script&gt;&lt;div id="mngb"&gt;&lt;div id=gbar&gt;&lt;nobr&gt;&lt;b class=gb1&gt;Pesquisa&lt;/b&gt; &lt;a class=gb1 href="https://www.google.com.br/imghp?hl=pt-BR&amp;tab=wi"&gt;Imagens&lt;/a&gt; &lt;a class=gb1 href="https://maps.google.com.br/maps?hl=pt-BR&amp;tab=wl"&gt;Maps&lt;/a&gt; &lt;a class=gb1 href="https://play.google.com/?hl=pt-BR&amp;tab=w8"&gt;Play&lt;/a&gt; &lt;a class=gb1 href="https://www.youtube.com/?gl=BR&amp;tab=w1"&gt;YouTube&lt;/a&gt; &lt;a class=gb1 href="https://news.google.com/?tab=wn"&gt;Notícias&lt;/a&gt; &lt;a class=gb1 href="https://mail.google.com/mail/?tab=wm"&gt;Gmail&lt;/a&gt; &lt;a class=gb1 href="https://drive.google.com/?tab=wo"&gt;Drive&lt;/a&gt; &lt;a class=gb1 style="text-decoration:none" href="https://www.google.com.br/intl/pt-BR/about/products?tab=wh"&gt;&lt;u&gt;Mais&lt;/u&gt; &amp;raquo;&lt;/a&gt;&lt;/nobr&gt;&lt;/div&gt;&lt;div id=guser width=100%&gt;&lt;nobr&gt;&lt;span id=gbn class=gbi&gt;&lt;/span&gt;&lt;span id=gbf class=gbf&gt;&lt;/span&gt;&lt;span id=gbe&gt;&lt;/span&gt;&lt;a href="http://www.google.com.br/history/optout?hl=pt-BR" class=gb4&gt;Histórico da Web&lt;/a&gt; | &lt;a  href="/preferences?hl=pt-BR" class=gb4&gt;Configurações&lt;/a&gt; | &lt;a target=_top id=gb_70 href="https://accounts.google.com/ServiceLogin?hl=pt-BR&amp;passive=true&amp;continue=https://www.google.com/&amp;ec=GAZAAQ" class=gb4&gt;Fazer login&lt;/a&gt;&lt;/nobr&gt;&lt;/div&gt;&lt;div class=gbh style=left:0&gt;&lt;/div&gt;&lt;div class=gbh style=right:0&gt;&lt;/div&gt;&lt;/div&gt;&lt;center&gt;&lt;br clear="all" id="lgpd"&gt;&lt;div id="lga"&gt;&lt;img alt="Google" height="92" src="/images/branding/googlelogo/1x/googlelogo_white_background_color_272x92dp.png" style="padding:28px 0 14px" width="272" id="hplogo"&gt;&lt;br&gt;&lt;br&gt;&lt;/div&gt;&lt;form action="/search" name="f"&gt;&lt;table cellpadding="0" cellspacing="0"&gt;&lt;tr valign="top"&gt;&lt;td width="25%"&gt;&amp;nbsp;&lt;/td&gt;&lt;td align="center" nowrap=""&gt;&lt;input name="ie" value="ISO-8859-1" type="hidden"&gt;&lt;input value="pt-BR" name="hl" type="hidden"&gt;&lt;input name="source" type="hidden" value="hp"&gt;&lt;input name="biw" type="hidden"&gt;&lt;input name="bih" type="hidden"&gt;&lt;div class="ds" style="height:32px;margin:4px 0"&gt;&lt;div style="position:relative;zoom:1"&gt;&lt;input class="lst tiah" style="margin:0;padding:5px 8px 0 6px;vertical-align:top;color:#000;padding-right:38px" autocomplete="off" value="" title="Pesquisa Google" maxlength="2048" name="q" size="57"&gt;&lt;img src="/textinputassistant/tia.png" style="position:absolute;cursor:pointer;right:5px;top:4px;z-index:300" data-script-url="/textinputassistant/11/pt-BR_tia.js" id="tsuid1" alt="" height="23" width="27"&gt;&lt;script nonce="tf5Zr/hp3kA+s80WX+Ot2Q=="&gt;(function(){var id='tsuid1';document.getElementById(id).onclick = function(){var s = document.createElement('script');s.src = this.getAttribute('data-script-url');(document.getElementById('xjsc')||document.body).appendChild(s);};})();&lt;/script&gt;&lt;/div&gt;&lt;/div&gt;&lt;br style="line-height:0"&gt;&lt;span class="ds"&gt;&lt;span class="lsbb"&gt;&lt;input class="lsb" value="Pesquisa Google" name="btnG" type="submit"&gt;&lt;/span&gt;&lt;/span&gt;&lt;span class="ds"&gt;&lt;span class="lsbb"&gt;&lt;input class="lsb" id="tsuid2" value="Estou com sorte" name="btnI" type="submit"&gt;&lt;script nonce="tf5Zr/hp3kA+s80WX+Ot2Q=="&gt;(function(){var id='tsuid2';document.getElementById(id).onclick = function(){if (this.form.q.value){this.checked = 1;if (this.form.iflsig)this.form.iflsig.disabled = false;}
else top.location='/doodles/';};})();&lt;/script&gt;&lt;input value="ALs-wAMAAAAAYV0KabqtKSubJ8CFYvFtcKQCH_xaPmg8" name="iflsig" type="hidden"&gt;&lt;/span&gt;&lt;/span&gt;&lt;/td&gt;&lt;td class="fl sblc" align="left" nowrap="" width="25%"&gt;&lt;a href="/advanced_search... (set the log level to DEBUG or TRACE to see the full content) 
 </msg>
<msg timestamp="20211005 22:31:05.251" level="INFO">${response} = &lt;Response [200]&gt;</msg>
<status status="PASS" starttime="20211005 22:31:04.904" endtime="20211005 22:31:05.251"/>
</kw>
<status status="PASS" starttime="20211005 22:31:04.904" endtime="20211005 22:31:05.251"/>
</test>
<test id="s1-s4-t2" name="Quick Get Request With Parameters Test">
<kw name="GET" library="RequestsLibrary">
<var>${response}</var>
<arg>https://www.google.com/search</arg>
<arg>params=query=ciao</arg>
<arg>expected_status=200</arg>
<doc>Sends a GET request.</doc>
<msg timestamp="20211005 22:31:06.061" level="INFO">GET Request : url=https://www.google.com/search?query=ciao 
[...]
 headers={'Content-Type': 'text/html; charset=ISO-8859-1', 'Date': 'Wed, 06 Oct 2021 01:31:06 GMT', 'Expires': '-1', 'Cache-Control': 'private, max-age=0', 'P3P': 'CP="This is not a P3P policy! See g.co/p3phelp for more info."', 'Content-Encoding': 'gzip', 'Server': 'gws', 'X-XSS-Protection': '0', 'X-Frame-Options': 'SAMEORIGIN', 'Set-Cookie': '1P_JAR=2021-10-06-01; expires=Fri, 05-Nov-2021 01:31:06 GMT; path=/; domain=.google.com; Secure, NID=511=t8ErV1ll2rNSYqD5s9k5MLoEFSQNwKtdzwBbsbRv5s2BiwnnaysWzf7OYbCMdhcnwJS05tZoP83qIrLdXpWUObeeL7wWx1YVciL3_8qffbHzTy1Ok74st2UAhYv7aoYuTjk_6vTPeafQv1EQ8MMDUKzlk2r4v8d0KrpBj_rMkq4; expires=Thu, 07-Apr-2022 01:31:06 GMT; path=/; domain=.google.com; HttpOnly', 'Alt-Svc': 'h3=":443"; ma=2592000,h3-29=":443"; ma=2592000,h3-T051=":443"; ma=2592000,h3-Q050=":443"; ma=2592000,h3-Q046=":443"; ma=2592000,h3-Q043=":443"; ma=2592000,quic=":443"; ma=2592000; v="46,43"', 'Transfer-Encoding': 'chunked'} 
 body=&lt;!doctype html&gt;&lt;html lang="pt-BR"&gt;&lt;head&gt;&lt;meta charset="UTF-8"&gt;&lt;meta content="/images/branding/googleg/1x/googleg_standard_color_128dp.png" itemprop="image"&gt;&lt;title&gt;ciao - Pesquisa Google&lt;/title&gt;&lt;script nonce="RkXhH7U1X0HPayRbrGuKtw=="&gt;(function(){
document.documentElement.addEventListener("submit",function(b){var a;if(a=b.target){var c=a.getAttribute("data-submitfalse");a="1"===c||"q"===c&amp;&amp;!a.elements.q.value?!0:!1}else a=!1;a&amp;&amp;(b.preventDefault(),b.stopPropagation())},!0);document.documentElement.addEventListener("click",function(b){var a;a:{for(a=b.target;a&amp;&amp;a!==document.documentElement;a=a.parentElement)if("A"===a.tagName){a="1"===a.getAttribute("data-nohref");break a}a=!1}a&amp;&amp;b.preventDefault()},!0);}).call(this);(function(){
var a=window.performance;window.start=Date.now();a:{var b=window;if(a){var c=a.timing;if(c){var d=c.navigationStart,f=c.responseStart;if(f&gt;d&amp;&amp;f&lt;=window.start){window.start=f;b.wsrt=f-d;break a}}a.now&amp;&amp;(b.wsrt=Math.floor(a.now()))}}window.google=window.google||{};var h=function(g){g&amp;&amp;g.target.setAttribute("data-iml",Date.now())};document.documentElement.addEventListener("load",h,!0);google.rglh=function(){document.documentElement.removeEventListener("load",h,!0)};}).call(this);(function(){window.google.erd={sp:'srp',jsr:0,bv:1454};})();(function(){
var c=[],e=0;window.ping=function(b){-1==b.indexOf("&amp;zx")&amp;&amp;(b+="&amp;zx="+Date.now());var a=new Image,d=e++;c[d]=a;a.onerror=a.onload=a.onabort=function(){delete c[d]};a.src=b};}).call(this);&lt;/script&gt;&lt;style&gt;body{margin:0 auto;max-width:736px;padding:0 8px;}a{color:#1967D2;text-decoration:none;tap-highlight-color:rgba(0,0,0,.10)}a:visited{color:#4B11A8}a:hover{text-decoration:underline}img{border:0}html{font-family:Roboto,Helvetica Neue,Arial,sans-serif;font-size:14px;line-height:20px;text-size-adjust:100%;color:#3c4043;word-wrap:break-word;background-color:#fff}.bRsWnc{background-color:#fff;border-top:1px solid #dadce0;height:39px;overflow:hidden}.N6RWV{height:51px;overflow-scrolling:touch;overflow-x:auto;overflow-y:hidden}.Uv67qb{box-pack:justify;font-size:12px;line-height:37px;justify-content:space-between;justify-content:space-between}.Uv67qb a,.Uv67qb span{color:#70757a;display:block;flex:none;padding:0 16px;text-align:center;text-transform:uppercase;}span.OXXup{border-bottom:2px solid #4285f4;color:#4285f4;font-weight:bold}a.eZt8xd:visited{color:#70757a}.FElbsf{border-left:1px solid rgba(0,0,0,.12)}header article{overflow:visible}.Pg70bf{height:39px;display:box;display:flex;display:flex;width:100%}.H0PQec{position:relative;flex:1}.sbc{display:flex;width:100%}.Pg70bf input{margin:2px 4px 2px 8px;}.x{width:26px;color:#70757a;font:27px/38px arial, sans-serif;line-height:40px;}#qdClwb{flex:0 0 auto;width:39px;height:39px;border-bottom:0;padding:0;border-top-right-radius:8px;background-color:#1a73e8;border:1px solid #1558d6;background-image:url(data:image/gif;base64,R0lGODdhJAAjAPIHAODr/nCk+MPZ/FmV96zK+/7+/5K5+kqL9iwAAAAAJAAjAEADani63P4wykmbKcQRXDscQAEMXmmeaLQVLCukzyC09AjfeK7v/MAajACLhPMVAgwjsUcEiZa8xgAYrVqv2Kx2iwsIAAABknfBBAKrTE4IcMyot8ur8datqIbQfJdnAfo2WE6BV05wXIiJigkAOw==);}.sc{font-size:16px;position:absolute;top:39px;left:0;right:0;box-shadow:0px 2px 5px rgba(0,0,0,.2);z-index:2;background-color:#fff}.sc&gt;div{padding:10px 10px;padding-left:16px;padding-left:14px;border-top:1px solid #dfe1e5}.scs{background-color:#f8f9fa;}.noHIxc{display:block;font-size:16px;padding:0 0 0 8px;flex:1;height:35px;outline:none;border:none;width:100%;-webkit-tap-highlight-color:rgba(0,0,0,.00);overflow:hidden;}.sbc input[type=text]{background:none}.sml .cOl4Id{display:none}.l{display:none}.sml header{background:none}.sml .l{display:block;padding:0 8px}.sml .l{letter-spacing:-1px;text-align:center;border-radius:2px 0 0 0;font:22px/36px Futura, Arial, sans-serif;font-smoothing:antialiased}.bz1lBb{background:#fff;border-radius:8px 8px 0 0;box-shadow:0 1px 6px rgba(32, 33, 36, 0.18);margin-top:10px}.KP7LCb{border-radius:0 0 8px 8px;box-shadow:0 2px 3px rgba(32, 33, 36, 0.18);margin-bottom:10px;overflow:hidden}.cOl4Id{letter-spacing:-1px;text-align:center;font:22pt Futura, Arial, sans-serif;height:37px;font-smoothing:antialiased;padding:10px 0 5px 0;}.cOl4Id span{display:inline-block}.S591j{height:100%}.V6gwVd{color:#4285f4}.iWkuvd{color:#ea4335}.cDrQ7{color:#fcc934}.ntlR9{color:#34a853}.tJ3Myc{-webkit-transform:rotate(-20deg);position:relative;left:-1px;display:inline-block}footer{text-align:center;margin-top:18px}footer a,footer a:visited,.smiUbb{color:#70757a}.xeDNfc{margin:0 13px}#EOlPnc{margin-top:36px}#EOlPnc&gt;div{margin:20px}.Srfpq{color:#70757a}&lt;/style&gt;&lt;/head&gt;&lt;body jsmodel="hspDDf"&gt;&lt;header id="hdr"&gt;&lt;script nonce="RkXhH7U1X0HPayRbrGuKtw=="&gt;(function(){
var k=this||self,l=function(){},m=function(a){var b=typeof a;return"object"==b&amp;&amp;null!=a||"function"==b},n=function(a,b){function c(){}c.prototype=b.prototype;a.j=b.prototype;a.prototype=new c;a.prototype.constructor=a;a.l=function(d,e,f){for(var g=Array(arguments.length-2),h=2;h&lt;arguments.length;h++)g[h-2]=arguments[h];return b.prototype[e].apply(d,g)}};var p=Array.prototype.indexOf?function(a,b){return Array.prototype.indexOf.call(a,b,void 0)}:function(a,b){if("string"===typeof a)return"string"!==typeof b||1!=b.length?-1:a.indexOf(b,0);for(var c=0;c&lt;a.length;c++)if(c in a&amp;&amp;a[c]===b)return c;return-1};var q=function(a){return"string"==typeof a.className?a.className:a.getAttribute&amp;&amp;a.getAttribute("class")||""},r=function(a,b){"string"==typeof a.className?a.className=b:a.setAttribute&amp;&amp;a.setAttribute("class",b)},t=function(a,b){a.classList?b=a.classList.contains(b):(a=a.classList?a.classList:q(a).match(/\S+/g)||[],b=0&lt;=p(a,b));return b},w=function(){var a=u,b=v;a.classList?a.classList.remove(b):t(a,b)&amp;&amp;r(a,Array.prototype.filter.call(a.classList?a.classList:q(a).match(/\S+/g)||[],function(c){return c!=
b}).join(" "))};var x;a:{var y=k.navigator;if(y){var z=y.userAgent;if(z){x=z;break a}}x=""};var A=function(a){A[" "](a);return a};A[" "]=l;var B=-1!=x.indexOf("Gecko")&amp;&amp;!(-1!=x.toLowerCase().indexOf("webkit")&amp;&amp;-1==x.indexOf("Edge"))&amp;&amp;!(-1!=x.indexOf("Trident")||-1!=x.indexOf("MSIE"))&amp;&amp;-1==x.indexOf("Edge");var C=function(a,b){this.type=a;this.target=b};C.prototype.g=function(){};var D=function(){if(!k.addEventListener||!Object.defineProperty)return!1;var a=!1,b=Object.defineProperty({},"passive",{get:function(){a=!0}});try{k.addEventListener("test",l,b),k.removeEventListener("test",l,b)}catch(c){}return a}();var F=function(a){C.call(this,a?a.type:"");this.relatedTarget=this.target=null;this.button=this.screenY=this.screenX=this.clientY=this.clientX=0;this.key="";this.keyCode=0;this.metaKey=this.shiftKey=this.altKey=this.ctrlKey=!1;this.state=null;this.pointerId=0;this.pointerType="";this.h=null;if(a){var b=this.type=a.type,c=a.changedTouches&amp;&amp;a.changedTouches.length?a.changedTouches[0]:null;this.target=a.target||a.srcElement;var d=a.relatedTarget;if(d){if(B){a:{try{A(d.nodeName);var e=!0;break a}catch(f){}e=
!1}e||(d=null)}}else"mouseover"==b?d=a.fromElement:"mouseout"==b&amp;&amp;(d=a.toElement);this.relatedTarget=d;c?(this.clientX=void 0!==c.clientX?c.clientX:c.pageX,this.clientY=void 0!==c.clientY?c.clientY:c.pageY,this.screenX=c.screenX||0,this.screenY=c.screenY||0):(this.clientX=void 0!==a.clientX?a.clientX:a.pageX,this.clientY=void 0!==a.clientY?a.clientY:a.pageY,this.screenX=a.screenX||0,this.screenY=a.screenY||0);this.button=a.button;this.keyCode=a.keyCode||0;this.key=a.key||"";this.ctrlKey=a.ctrlKey;this.altKey=a.altKey;this.shiftKey=a.shiftKey;this.metaKey=a.metaKey;this.pointerId=a.pointerId||0;this.pointerType="string"===typeof a.pointerType?a.pointerType:E[a.pointerType]||"";this.state=a.state;this.h=a;a.defaultPrevented&amp;&amp;F.j.g.call(this)}};n(F,C);var E={2:"touch",3:"pen",4:"mouse"};F.prototype.g=function(){F.j.g.call(this);var a=this.h;a.preventDefault?a.preventDefault():a.returnValue=!1};var G="closure_listenable_"+(1E6*Math.random()|0);var H=0;var I=function(a,b,c,d,e){this.listener=a;this.proxy=null;this.src=b;this.type=c;this.capture=!!d;this.h=e;this.key=++H;this.g=this.i=!1},J=function(a){a.g=!0;a.listener=null;a.proxy=null;a.src=null;a.h=null};var K=function(a){this.src=a;this.g={};this.h=0};K.prototype.add=function(a,b,c,d,e){var f=a.toString();a=this.g[f];a||(a=this.g[f]=[],this.h++);var g;a:{for(g=0;g&lt;a.length;++g){var h=a[g];if(!h.g&amp;&amp;h.listener==b&amp;&amp;h.capture==!!d&amp;&amp;h.h==e)break a}g=-1}-1&lt;g?(b=a[g],c||(b.i=!1)):(b=new I(b,this.src,f,!!d,e),b.i=c,a.push(b));return b};var L="closure_lm_"+(1E6*Math.random()|0),M={},N=0,P=function(a,b,c,d,e){if(d&amp;&amp;d.once)return O(a,b,c,d,e);if(Array.isArray(b)){for(var f=0;f&lt;b.length;f++)P(a,b[f],c,d,e);return null}c=Q(c);return a&amp;&amp;a[G]?a.g(b,c,m(d)?!!d.capture:!!d,e):R(a,b,c,!1,d,e)},R=function(a,b,c,d,e,f){if(!b)throw Error("a");var g=m(e)?!!e.capture:!!e,h=S(a);h||(a[L]=h=new K(a));c=h.add(b,c,d,g,f);if(c.proxy)return c;d=T();c.proxy=d;d.src=a;d.listener=c;if(a.addEventListener)D||(e=g),void 0===e&amp;&amp;(e=!1),a.addEventListener(b.toString(),d,e);else if(a.attachEvent)a.attachEvent(U(b.toString()),d);else if(a.addListener&amp;&amp;a.removeListener)a.addListener(d);else throw Error("b");N++;return c},T=function(){var a=V,b=function(c){return a.call(b.src,b.listener,c)};return b},O=function(a,b,c,d,e){if(Array.isArray(b)){for(var f=0;f&lt;b.length;f++)O(a,b[f],c,d,e);return null}c=Q(c);return a&amp;&amp;a[G]?a.h(b,c,m(d)?!!d.capture:!!d,e):R(a,b,c,!0,d,e)},W=function(a){if("number"!==typeof a&amp;&amp;a&amp;&amp;!a.g){var b=a.src;if(b&amp;&amp;b[G])b.o(a);else{var c=a.type,d=a.proxy;b.removeEventListener?b.removeEventListener(c,d,a.capture):b.detachEvent?b.detachEvent(U(c),d):b.addListener&amp;&amp;b.removeListener&amp;&amp;b.removeListener(d);N--;if(c=S(b)){d=a.type;if(d in c.g){var e=c.g[d],f=p(e,a),g;(g=0&lt;=f)&amp;&amp;Array.prototype.splice.call(e,f,1);g&amp;&amp;(J(a),0==c.g[d].length&amp;&amp;(delete c.g[d],c.h--))}0==c.h&amp;&amp;(c.src=null,b[L]=null)}else J(a)}}},U=function(a){return a in M?M[a]:M[a]="on"+a},V=function(a,b){if(a.g)a=!0;else{b=new F(b,this);var c=a.listener,d=a.h||a.src;a.i&amp;&amp;W(a);a=c.call(d,b)}return a},S=function(a){a=a[L];return a instanceof K... (set the log level to DEBUG or TRACE to see the full content) 
 </msg>
<msg timestamp="20211005 22:31:06.860" level="FAIL">Url: https://www.google.com/search?query=ciao Expected status: 200 != 400</msg>
<status status="FAIL" starttime="20211005 22:31:06.062" endtime="20211005 22:31:06.860"/>
</kw>
<status status="FAIL" starttime="20211005 22:31:05.252" endtime="20211005 22:31:06.861">Url: https://www.google.com/search?query=ciao Expected status: 200 != 400</status>
</test>
<test id="s1-s4-t3" name="Quick Get A JSON Body Test">
<kw name="GET" library="RequestsLibrary">
<var>${response}</var>
<arg>https://jsonplaceholder.typicode.com/posts/1</arg>
<doc>Sends a GET request.</doc>
<msg timestamp="20211005 22:31:07.801" level="INFO">GET Request : url=https://jsonplaceholder.typicode.com/posts/1 
 path_url=/posts/1 
 headers={'User-Agent': 'python-requests/2.25.0', 'Accept-Encoding': 'gzip, deflate', 'Accept': '*/*', 'Connection': 'keep-alive'} 
 body=None 
 </msg>
<msg timestamp="20211005 22:31:07.802" level="INFO">GET Response : url=https://jsonplaceholder.typicode.com/posts/1 
 status=200, reason=OK 
 headers={'Date': 'Wed, 06 Oct 2021 01:31:08 GMT', 'Content-Type': 'application/json; charset=utf-8', 'Transfer-Encoding': 'chunked', 'Connection': 'keep-alive', 'x-powered-by': 'Express', 'x-ratelimit-limit': '1000', 'x-ratelimit-remaining': '999', 'x-ratelimit-reset': '1631494143', 'vary': 'Origin, Accept-Encoding', 'access-control-allow-credentials': 'true', 'cache-control': 'max-age=43200', 'pragma': 'no-cache', 'expires': '-1', 'x-content-type-options': 'nosniff', 'etag': 'W/"124-yiKdLzqO5gfBrJFrcdJ8Yq0LGnU"', 'via': '1.1 vegur', 'CF-Cache-Status': 'HIT', 'Age': '2371', 'Expect-CT': 'max-age=604800, report-uri="https://report-uri.cloudflare.com/cdn-cgi/beacon/expect-ct"', 'Report-To': '{"endpoints":[{"url":"https:\\/\\/a.nel.cloudflare.com\\/report\\/v3?s=AxqSQ9eSVaOBbXzEiQaILRQE69Up8SAG%2FshMm%2BNOeb5mNFUaZROHeLLAO1QZT63iaNKMrfmL1r76ynGlpDvZafNzn%2Fgwx2yevQNlccB452FK07opAbF9EFtTM%2BNbYXhBCNuwYIIf8ZsZIbm5pWLC"}],"group":"cf-nel","max_age":604800}', 'NEL': '{"success_fraction":0,"report_to":"cf-nel","max_age":604800}', 'Server': 'cloudflare', 'CF-RAY': '699b20df580be684-LHR', 'Content-Encoding': 'gzip', 'alt-svc': 'h3=":443"; ma=86400, h3-29=":443"; ma=86400, h3-28=":443"; ma=86400, h3-27=":443"; ma=86400'} 
 body={
  "userId": 1,
  "id": 1,
  "title": "sunt aut facere repellat provident occaecati excepturi optio reprehenderit",
  "body": "quia et suscipit\nsuscipit recusandae consequuntur expedita et cum\nreprehenderit molestiae ut ut quas totam\nnostrum rerum est autem sunt rem eveniet architecto"
} 
 </msg>
<msg timestamp="20211005 22:31:07.802" level="INFO">${response} = &lt;Response [200]&gt;</msg>
<status status="PASS" starttime="20211005 22:31:06.863" endtime="20211005 22:31:07.802"/>
</kw>
<kw name="Should Be Equal As Strings" library="BuiltIn">
<arg>1</arg>
<arg>${response.json()}[id]</arg>
<doc>Fails if objects are unequal after converting them to strings.</doc>
<msg timestamp="20211005 22:31:07.804" level="INFO">Argument types are:
&lt;type 'unicode'&gt;
&lt;class 'int'&gt;</msg>
<status status="PASS" starttime="20211005 22:31:07.803" endtime="20211005 22:31:07.804"/>
</kw>
<status status="PASS" starttime="20211005 22:31:06.862" endtime="20211005 22:31:07.804"/>
</test>
<status status="FAIL" starttime="20211005 22:31:04.896" endtime="20211005 22:31:07.806"/>
</suite>
<suite id="s1-s5" name="UserLoginTest" source="C:\QANinja\RocklovJulius\backend\tests\UserLoginTest.robot">
<test id="s1-s5-t1" name="User Login">
<kw name="GET Json" library="Helpers">
<var>${payload}</var>
<arg>sessions</arg>
<arg>user_login.json</arg>
<kw name="Get File" library="OperatingSystem">
<var>${fixture}</var>
<arg>${EXECDIR}/resources/fixtures/${route}/${file_name}</arg>
<doc>Returns the contents of a specified file.</doc>
<msg timestamp="20211005 22:31:07.827" level="INFO" html="true">Getting file '&lt;a href="file://C:\QANinja\RocklovJulius\backend\resources\fixtures\sessions\user_login.json"&gt;C:\QANinja\RocklovJulius\backend\resources\fixtures\sessions\user_login.json&lt;/a&gt;'.</msg>
<msg timestamp="20211005 22:31:07.827" level="INFO">${fixture} = {
    "email": "francisca@francisca.com.br",
    "password": "Francisca@123"
}</msg>
<status status="PASS" starttime="20211005 22:31:07.826" endtime="20211005 22:31:07.827"/>
</kw>
<kw name="Evaluate" library="BuiltIn">
<var>${json}</var>
<arg>json.loads($fixture)</arg>
<arg>json</arg>
<doc>Evaluates the given expression in Python and returns the result.</doc>
<msg timestamp="20211005 22:31:07.829" level="INFO">${json} = {'email': 'francisca@francisca.com.br', 'password': 'Francisca@123'}</msg>
<status status="PASS" starttime="20211005 22:31:07.828" endtime="20211005 22:31:07.829"/>
</kw>
<msg timestamp="20211005 22:31:07.829" level="INFO">${payload} = {'email': 'francisca@francisca.com.br', 'password': 'Francisca@123'}</msg>
<status status="PASS" starttime="20211005 22:31:07.824" endtime="20211005 22:31:07.829"/>
</kw>
<kw name="POST Login" library="Sessions">
<var>${response}</var>
<arg>${payload}</arg>
<kw name="POST" library="RequestsLibrary">
<var>${response}</var>
<arg>${base_url}/sessions</arg>
<arg>json=${payload}</arg>
<arg>expected_status=any</arg>
<doc>Sends a POST request.</doc>
<msg timestamp="20211005 22:31:08.721" level="INFO">POST Request : url=https://rocklov-julius-api.herokuapp.com/sessions 
 path_url=/sessions 
 headers={'User-Agent': 'python-requests/2.25.0', 'Accept-Encoding': 'gzip, deflate', 'Accept': '*/*', 'Connection': 'keep-alive', 'Content-Length': '68', 'Content-Type': 'application/json'} 
 body=b'{"email": "francisca@francisca.com.br", "password": "Francisca@123"}' 
 </msg>
<msg timestamp="20211005 22:31:08.721" level="INFO">POST Response : url=https://rocklov-julius-api.herokuapp.com/sessions 
 status=200, reason=OK 
 headers={'Server': 'Cowboy', 'Connection': 'keep-alive', 'X-Powered-By': 'Express', 'Access-Control-Allow-Origin': '*', 'Content-Type': 'application/json; charset=utf-8', 'Content-Length': '41', 'Etag': 'W/"29-kq5evL1n0K4ID4vRlfD1JI+ZHF0"', 'Date': 'Wed, 06 Oct 2021 01:31:09 GMT', 'Via': '1.1 vegur'} 
 body={"user_token":"6158f97f101af300162312a5"} 
 </msg>
<msg timestamp="20211005 22:31:08.721" level="INFO">${response} = &lt;Response [200]&gt;</msg>
<status status="PASS" starttime="20211005 22:31:07.830" endtime="20211005 22:31:08.721"/>
</kw>
<msg timestamp="20211005 22:31:08.722" level="INFO">${response} = &lt;Response [200]&gt;</msg>
<status status="PASS" starttime="20211005 22:31:07.830" endtime="20211005 22:31:08.722"/>
</kw>
<kw name="Status Should Be" library="RequestsLibrary">
<arg>200</arg>
<arg>${response}</arg>
<doc>Fails if response status code is different than the expected.</doc>
<status status="PASS" starttime="20211005 22:31:08.722" endtime="20211005 22:31:08.723"/>
</kw>
<kw name="Set Variable" library="BuiltIn">
<var>${token}</var>
<arg>${response.json()}[user_token]</arg>
<doc>Returns the given values which can then be assigned to a variables.</doc>
<msg timestamp="20211005 22:31:08.725" level="INFO">${token} = 6158f97f101af300162312a5</msg>
<status status="PASS" starttime="20211005 22:31:08.723" endtime="20211005 22:31:08.725"/>
</kw>
<kw name="Length Should Be" library="BuiltIn">
<arg>${token}</arg>
<arg>24</arg>
<doc>Verifies that the length of the given item is correct.</doc>
<msg timestamp="20211005 22:31:08.726" level="INFO">Length is 24</msg>
<status status="PASS" starttime="20211005 22:31:08.725" endtime="20211005 22:31:08.726"/>
</kw>
<status status="PASS" starttime="20211005 22:31:07.823" endtime="20211005 22:31:08.727"/>
</test>
<doc>User Login Test</doc>
<status status="PASS" starttime="20211005 22:31:07.809" endtime="20211005 22:31:08.728"/>
</suite>
<status status="FAIL" starttime="20211005 22:30:47.733" endtime="20211005 22:31:08.732"/>
</suite>
<statistics>
<total>
<stat pass="19" fail="1" skip="0">All Tests</stat>
</total>
<tag>
</tag>
<suite>
<stat pass="19" fail="1" skip="0" id="s1" name="Tests">Tests</stat>
<stat pass="7" fail="0" skip="0" id="s1-s1" name="AttemptLoginTests">Tests.AttemptLoginTests</stat>
<stat pass="7" fail="0" skip="0" id="s1-s2" name="AttemptSignupTests">Tests.AttemptSignupTests</stat>
<stat pass="2" fail="0" skip="0" id="s1-s3" name="SignUpTests">Tests.SignUpTests</stat>
<stat pass="2" fail="1" skip="0" id="s1-s4" name="TesteGoogle">Tests.TesteGoogle</stat>
<stat pass="1" fail="0" skip="0" id="s1-s5" name="UserLoginTest">Tests.UserLoginTest</stat>
</suite>
</statistics>
<errors>
</errors>
</robot>
