<?xml version="1.0" encoding="UTF-8"?>
<robot generator="Robot 4.0.2 (Python 3.9.1 on win32)" generated="20211009 20:54:34.818" rpa="false" schemaversion="2">
<suite id="s1" name="Tests" source="C:\QANinja\RocklovJulius\backend\tests">
<kw name="Create Users" type="SETUP">
<kw name="GET Json" library="Helpers">
<var>${users}</var>
<arg>signup</arg>
<arg>user_seeds.json</arg>
<kw name="Get File" library="OperatingSystem">
<var>${fixture}</var>
<arg>${EXECDIR}/resources/fixtures/${route}/${file_name}</arg>
<doc>Returns the contents of a specified file.</doc>
<msg timestamp="20211009 20:54:35.430" level="INFO" html="true">Getting file '&lt;a href="file://C:\QANinja\RocklovJulius\backend\resources\fixtures\signup\user_seeds.json"&gt;C:\QANinja\RocklovJulius\backend\resources\fixtures\signup\user_seeds.json&lt;/a&gt;'.</msg>
<msg timestamp="20211009 20:54:35.431" level="INFO">${fixture} = [
    {
        "name": "Jose",
        "email": "jose@Jose.com.br",
        "password": "Jose@123"
    },
    {
        "name": "Maria",
        "email": "maria@maria.com.br",
        "password": "ma...</msg>
<status status="PASS" starttime="20211009 20:54:35.430" endtime="20211009 20:54:35.431"/>
</kw>
<kw name="Evaluate" library="BuiltIn">
<var>${json}</var>
<arg>json.loads($fixture)</arg>
<arg>json</arg>
<doc>Evaluates the given expression in Python and returns the result.</doc>
<msg timestamp="20211009 20:54:35.435" level="INFO">${json} = [{'name': 'Jose', 'email': 'jose@Jose.com.br', 'password': 'Jose@123'}, {'name': 'Maria', 'email': 'maria@maria.com.br', 'password': 'maria@123'}]</msg>
<status status="PASS" starttime="20211009 20:54:35.431" endtime="20211009 20:54:35.435"/>
</kw>
<msg timestamp="20211009 20:54:35.435" level="INFO">${users} = [{'name': 'Jose', 'email': 'jose@Jose.com.br', 'password': 'Jose@123'}, {'name': 'Maria', 'email': 'maria@maria.com.br', 'password': 'maria@123'}]</msg>
<status status="PASS" starttime="20211009 20:54:35.429" endtime="20211009 20:54:35.435"/>
</kw>
<for flavor="IN">
<var>${users}</var>
<value>@{users}</value>
<iter>
<var name="${users}">{'name': 'Jose', 'email': 'jose@Jose.com.br', 'password': 'Jose@123'}</var>
<kw name="POST User" library="Signup">
<arg>${users}</arg>
<kw name="POST" library="RequestsLibrary">
<var>${response}</var>
<arg>${base_url}/signup</arg>
<arg>json=${payload}</arg>
<arg>expected_status=any</arg>
<doc>Sends a POST request.</doc>
<msg timestamp="20211009 20:54:36.436" level="INFO">POST Request : url=https://rocklov-julius-api.herokuapp.com/signup 
 path_url=/signup 
 headers={'User-Agent': 'python-requests/2.25.0', 'Accept-Encoding': 'gzip, deflate', 'Accept': '*/*', 'Connection': 'keep-alive', 'Content-Length': '69', 'Content-Type': 'application/json'} 
 body=b'{"name": "Jose", "email": "jose@Jose.com.br", "password": "Jose@123"}' 
 </msg>
<msg timestamp="20211009 20:54:36.436" level="INFO">POST Response : url=https://rocklov-julius-api.herokuapp.com/signup 
 status=409, reason=Conflict 
 headers={'Server': 'Cowboy', 'Connection': 'keep-alive', 'X-Powered-By': 'Express', 'Access-Control-Allow-Origin': '*', 'Content-Type': 'application/json; charset=utf-8', 'Content-Length': '47', 'Etag': 'W/"2f-6vgYhFf+FNZGgYfaQq8uG8nL6FU"', 'Date': 'Sat, 09 Oct 2021 23:54:35 GMT', 'Via': '1.1 vegur'} 
 body={"code":1001,"error":"Email already exists :("} 
 </msg>
<msg timestamp="20211009 20:54:36.436" level="INFO">${response} = &lt;Response [409]&gt;</msg>
<status status="PASS" starttime="20211009 20:54:35.436" endtime="20211009 20:54:36.437"/>
</kw>
<status status="PASS" starttime="20211009 20:54:35.435" endtime="20211009 20:54:36.437"/>
</kw>
<status status="PASS" starttime="20211009 20:54:35.435" endtime="20211009 20:54:36.437"/>
</iter>
<iter>
<var name="${users}">{'name': 'Maria', 'email': 'maria@maria.com.br', 'password': 'maria@123'}</var>
<kw name="POST User" library="Signup">
<arg>${users}</arg>
<kw name="POST" library="RequestsLibrary">
<var>${response}</var>
<arg>${base_url}/signup</arg>
<arg>json=${payload}</arg>
<arg>expected_status=any</arg>
<doc>Sends a POST request.</doc>
<msg timestamp="20211009 20:54:37.139" level="INFO">POST Request : url=https://rocklov-julius-api.herokuapp.com/signup 
 path_url=/signup 
 headers={'User-Agent': 'python-requests/2.25.0', 'Accept-Encoding': 'gzip, deflate', 'Accept': '*/*', 'Connection': 'keep-alive', 'Content-Length': '73', 'Content-Type': 'application/json'} 
 body=b'{"name": "Maria", "email": "maria@maria.com.br", "password": "maria@123"}' 
 </msg>
<msg timestamp="20211009 20:54:37.140" level="INFO">POST Response : url=https://rocklov-julius-api.herokuapp.com/signup 
 status=409, reason=Conflict 
 headers={'Server': 'Cowboy', 'Connection': 'keep-alive', 'X-Powered-By': 'Express', 'Access-Control-Allow-Origin': '*', 'Content-Type': 'application/json; charset=utf-8', 'Content-Length': '47', 'Etag': 'W/"2f-6vgYhFf+FNZGgYfaQq8uG8nL6FU"', 'Date': 'Sat, 09 Oct 2021 23:54:36 GMT', 'Via': '1.1 vegur'} 
 body={"code":1001,"error":"Email already exists :("} 
 </msg>
<msg timestamp="20211009 20:54:37.140" level="INFO">${response} = &lt;Response [409]&gt;</msg>
<status status="PASS" starttime="20211009 20:54:36.438" endtime="20211009 20:54:37.140"/>
</kw>
<status status="PASS" starttime="20211009 20:54:36.437" endtime="20211009 20:54:37.141"/>
</kw>
<status status="PASS" starttime="20211009 20:54:36.437" endtime="20211009 20:54:37.141"/>
</iter>
<status status="PASS" starttime="20211009 20:54:35.435" endtime="20211009 20:54:37.141"/>
</for>
<status status="PASS" starttime="20211009 20:54:35.429" endtime="20211009 20:54:37.141"/>
</kw>
<suite id="s1-s1" name="Equipos" source="C:\QANinja\RocklovJulius\backend\tests\equipos">
<suite id="s1-s1-s1" name="AddEquiposTests" source="C:\QANinja\RocklovJulius\backend\tests\equipos\AddEquiposTests.robot">
<test id="s1-s1-s1-t1" name="Add New Equipos">
<kw name="GET Token" library="Helpers">
<var>${token}</var>
<arg>jose@Jose.com.br</arg>
<arg>Jose@123</arg>
<kw name="Create Dictionary" library="BuiltIn">
<var>&amp;{payload}</var>
<arg>email=${email}</arg>
<arg>password=${password}</arg>
<doc>Creates and returns a dictionary based on the given ``items``.</doc>
<msg timestamp="20211009 20:54:37.168" level="INFO">&amp;{payload} = { email=jose@Jose.com.br | password=Jose@123 }</msg>
<status status="PASS" starttime="20211009 20:54:37.167" endtime="20211009 20:54:37.168"/>
</kw>
<kw name="POST Login" library="Sessions">
<var>${response}</var>
<arg>${payload}</arg>
<kw name="POST" library="RequestsLibrary">
<var>${response}</var>
<arg>${base_url}/sessions</arg>
<arg>json=${payload}</arg>
<arg>expected_status=any</arg>
<doc>Sends a POST request.</doc>
<msg timestamp="20211009 20:54:37.850" level="INFO">POST Request : url=https://rocklov-julius-api.herokuapp.com/sessions 
 path_url=/sessions 
 headers={'User-Agent': 'python-requests/2.25.0', 'Accept-Encoding': 'gzip, deflate', 'Accept': '*/*', 'Connection': 'keep-alive', 'Content-Length': '53', 'Content-Type': 'application/json'} 
 body=b'{"email": "jose@Jose.com.br", "password": "Jose@123"}' 
 </msg>
<msg timestamp="20211009 20:54:37.851" level="INFO">POST Response : url=https://rocklov-julius-api.herokuapp.com/sessions 
 status=200, reason=OK 
 headers={'Server': 'Cowboy', 'Connection': 'keep-alive', 'X-Powered-By': 'Express', 'Access-Control-Allow-Origin': '*', 'Content-Type': 'application/json; charset=utf-8', 'Content-Length': '41', 'Etag': 'W/"29-v6P+5L5phMCY29r1jTiMLH+qWs4"', 'Date': 'Sat, 09 Oct 2021 23:54:36 GMT', 'Via': '1.1 vegur'} 
 body={"user_token":"615cfc564215130016a81825"} 
 </msg>
<msg timestamp="20211009 20:54:37.852" level="INFO">${response} = &lt;Response [200]&gt;</msg>
<status status="PASS" starttime="20211009 20:54:37.169" endtime="20211009 20:54:37.852"/>
</kw>
<msg timestamp="20211009 20:54:37.853" level="INFO">${response} = &lt;Response [200]&gt;</msg>
<status status="PASS" starttime="20211009 20:54:37.169" endtime="20211009 20:54:37.853"/>
</kw>
<kw name="Set Variable" library="BuiltIn">
<var>${user_token}</var>
<arg>${response.json()}[user_token]</arg>
<doc>Returns the given values which can then be assigned to a variables.</doc>
<msg timestamp="20211009 20:54:37.857" level="INFO">${user_token} = 615cfc564215130016a81825</msg>
<status status="PASS" starttime="20211009 20:54:37.853" endtime="20211009 20:54:37.858"/>
</kw>
<msg timestamp="20211009 20:54:37.859" level="INFO">${token} = 615cfc564215130016a81825</msg>
<status status="PASS" starttime="20211009 20:54:37.166" endtime="20211009 20:54:37.859"/>
</kw>
<kw name="GET Json" library="Helpers">
<var>${equipo}</var>
<arg>equipos</arg>
<arg>fender.json</arg>
<kw name="Get File" library="OperatingSystem">
<var>${fixture}</var>
<arg>${EXECDIR}/resources/fixtures/${route}/${file_name}</arg>
<doc>Returns the contents of a specified file.</doc>
<msg timestamp="20211009 20:54:37.866" level="INFO" html="true">Getting file '&lt;a href="file://C:\QANinja\RocklovJulius\backend\resources\fixtures\equipos\fender.json"&gt;C:\QANinja\RocklovJulius\backend\resources\fixtures\equipos\fender.json&lt;/a&gt;'.</msg>
<msg timestamp="20211009 20:54:37.867" level="INFO">${fixture} = {    
    "payload":{        
        "name": "Violino Stratus",
        "category": "Cordas",
        "price": 300
    },
    "thumb": "violino.png"
}</msg>
<status status="PASS" starttime="20211009 20:54:37.864" endtime="20211009 20:54:37.868"/>
</kw>
<kw name="Evaluate" library="BuiltIn">
<var>${json}</var>
<arg>json.loads($fixture)</arg>
<arg>json</arg>
<doc>Evaluates the given expression in Python and returns the result.</doc>
<msg timestamp="20211009 20:54:37.870" level="INFO">${json} = {'payload': {'name': 'Violino Stratus', 'category': 'Cordas', 'price': 300}, 'thumb': 'violino.png'}</msg>
<status status="PASS" starttime="20211009 20:54:37.868" endtime="20211009 20:54:37.870"/>
</kw>
<msg timestamp="20211009 20:54:37.871" level="INFO">${equipo} = {'payload': {'name': 'Violino Stratus', 'category': 'Cordas', 'price': 300}, 'thumb': 'violino.png'}</msg>
<status status="PASS" starttime="20211009 20:54:37.862" endtime="20211009 20:54:37.871"/>
</kw>
<kw name="Remove Equipo" library="mongo">
<arg>${equipo}[payload][name]</arg>
<status status="PASS" starttime="20211009 20:54:37.873" endtime="20211009 20:54:38.224"/>
</kw>
<kw name="POST Equipo" library="Equipos">
<var>${response}</var>
<arg>${equipo}</arg>
<arg>${token}</arg>
<kw name="Create Dictionary" library="BuiltIn">
<var>&amp;{headers}</var>
<arg>user_token=${token}</arg>
<doc>Creates and returns a dictionary based on the given ``items``.</doc>
<msg timestamp="20211009 20:54:38.230" level="INFO">&amp;{headers} = { user_token=615cfc564215130016a81825 }</msg>
<status status="PASS" starttime="20211009 20:54:38.229" endtime="20211009 20:54:38.231"/>
</kw>
<kw name="Get Binary File" library="OperatingSystem">
<var>${bin_img}</var>
<arg>${EXECDIR}/thumbnails/${equipo}[thumb]</arg>
<doc>Returns the contents of a specified file.</doc>
<msg timestamp="20211009 20:54:38.232" level="INFO" html="true">Getting file '&lt;a href="file://C:\QANinja\RocklovJulius\backend\thumbnails\violino.png"&gt;C:\QANinja\RocklovJulius\backend\thumbnails\violino.png&lt;/a&gt;'.</msg>
<msg timestamp="20211009 20:54:38.285" level="INFO">${bin_img} = \x89PNG

IHDR\xfa\xfa\x88\xecZ=sRGB\xae\xce\xe9	pHYs\xc4\xc4\x95+ IDATx\x9ct\xbdy\xb0-\xd7u\xde\xf7\xdbCw\x9f\xe9No\xf00\x83\x98p\x92\x82D\xc9\x92(\x8a&amp;)j\xa0...</msg>
<status status="PASS" starttime="20211009 20:54:38.231" endtime="20211009 20:54:38.285"/>
</kw>
<kw name="Create Dictionary" library="BuiltIn">
<var>&amp;{thumbnail}</var>
<arg>thumbnail=${bin_img}</arg>
<doc>Creates and returns a dictionary based on the given ``items``.</doc>
<msg timestamp="20211009 20:54:38.321" level="INFO">&amp;{thumbnail} = { thumbnail=\x89PNG

IHDR\xfa\xfa\x88\xecZ=sRGB\xae\xce\xe9	pHYs\xc4\xc4\x95+ IDATx\x9ct\xbdy\xb0-\xd7u\xde\xf7\xdbCw\x9f\xe9No\xf00\x83\x98p\x92\x82D\xc9\x92...</msg>
<status status="PASS" starttime="20211009 20:54:38.285" endtime="20211009 20:54:38.321"/>
</kw>
<kw name="POST" library="RequestsLibrary">
<var>${response}</var>
<arg>${base_url}/equipos</arg>
<arg>data=${equipo}[payload]</arg>
<arg>headers=${headers}</arg>
<arg>files=${thumbnail}</arg>
<arg>expected_status=any</arg>
<doc>Sends a POST request.</doc>
<msg timestamp="20211009 20:54:39.714" level="INFO">POST Request : url=https://rocklov-julius-api.herokuapp.com/equipos 
 path_url=/equipos 
 headers={'User-Agent': 'python-requests/2.25.0', 'Accept-Encoding': 'gzip, deflate', 'Accept': '*/*', 'Connection': 'keep-alive', 'user_token': '615cfc564215130016a81825', 'Content-Length': '103044', 'Content-Type': 'multipart/form-data; boundary=c789bcefb3ec225363c6dd6c1ae2703b'} 
 body=b'--c789bcefb3ec225363c6dd6c1ae2703b\r\nContent-Disposition: form-data; name="name"\r\n\r\nViolino Stratus\r\n--c789bcefb3ec225363c6dd6c1ae2703b\r\nContent-Disposition: form-data; name="category"\r\n\r\nCordas\r\n--c789bcefb3ec225363c6dd6c1ae2703b\r\nContent-Disposition: form-data; name="price"\r\n\r\n300\r\n--c789bcefb3ec225363c6dd6c1ae2703b\r\nContent-Disposition: form-data; name="thumbnail"; filename="thumbnail"\r\n\r\n\x89PNG\r\n\x1a\n\x00\x00\x00\rIHDR\x00\x00\x00\xfa\x00\x00\x00\xfa\x08\x06\x00\x00\x00\x88\xecZ=\x00\x00\x00\x01sRGB\x00\xae\xce\x1c\xe9\x00\x00\x00\tpHYs\x00\x00\x0e\xc4\x00\x00\x0e\xc4\x01\x95+\x0e\x1b\x00\x00 \x00IDATx\x9ct\xbdy\xb0-\xd7u\xde\xf7\xdbCw\x9f\xe9No\x00\xf00\x83\x98\x08p\x00\x02\x92\x82D\xc9\x92(\x8a&amp;)j\xa0EM\x94DI\xd1\x10[\xb6\xabR\xb1\x13+\xaa\xd8\xa5\x94]\xaeJ\x14\xc7U\xa9\x8a\\J%V\xa2T*\x91dK\xd4H\x9a\x12E\x12"E\x8a#\x00\x11\x04I\x8c\x04\xf00\xbd\xf1\xbe{\xef\x99\xba{\xef\x9d?\xf6\xd8\xe7&gt;\x9e\xc2\xc5\xbb\xf7\x9c&gt;\xdd\xbb\xf7^\xc3\xb7\xbe\xb5\xf6jqz\xfb\x1ag\xad\x05\x01RH\x00\x84\x10\x80\xa3|\xf9\xf7\xfcKJ\x85s\x0ep\x83\xf7\x85\x10\x08!\xc2g`\xadAJ\x85\x10\x02km\xfa&lt;\x9f\xcf_\'\x9fK\x1e\xbbf&lt;W|Yk\x91\xd2\x1f\x17?\x8b\xe7\xf4\xef\xbbp\xde\xe3\xe3.\xdf\xf7/W\x1c\'q\xce\x8fEJ\x99\xe6 \x8eY8\x10H\x9c\xb3\xc5\xf5\xc4`\x1c\x0e\x90\xe9z~\xec\xf1\xde\xb5VXk\xfd\'\x12\x04j0\'y\xce\x05R\n\x9c#\x1d\x0f\x0ec,\xceY\x9c\x8b\xf3\x1c\xeeG\x80\x13\x02E\x9e+\xff}\x87\x93\x02\x1cH\x01\x16\x87tq}@H\x81q\x0e\t8k\xd3:\t\x07N8\x84\x94\xbc\xe3=\xdf\xcd\x8f\xfe\xe4\xcf\xa2\xa5\xe5\x91G\xbf\xc4\'?\xf97\xd8\xde2?\xda\xe7}?\xf6\x13\xfc\xe6o\xfeoh%\x18\x8d\xa6\xdcx\xe3\rT\x95\xe2\x0b_\xf8&lt;\xd3\xe9\x0e\xf3\xf9\x01\xbf\xfc\xcb\xff\x80\x7f\xf7\xbf\xfc\x06J+V\x87k\x04\x02!dZC??\x10\x97\xb8\xef{\xac }&amp;\xf1\x1f\xfa94i\x9d\x8c1\xb8p\x8fR\x80@ \x85\xc4\x85)t8\xa4\x10\x08\x04J)\x94\xf2sm\x8c)\xe4\x0f\xac\r\xeb\x8b\x97}\xe7\x9c?\x07^\xc6\x8d\xe9\x11B \xa5\x1f\xf3\xa6\xbc\x01\xfe\xf8\xe2\xb3\xbc~C\xb9\x95\xd2\x8f;\xde\x9b\xff\xd8\xcb|\x94\x91xn\xe7\\1G\x16%%Zi\x8c\xb1t}G\xa5k\xaaJ\xe3\x9c\xc3\x18\x831\x06\xa5T\x92\xc5\xf8}\x80\xaa\xaa\xd0\xbaB\xfa\tt\x88cJ\xe0\x15qSy\xfd\xc9,B\x10\x14s\xf8\x99\xb5\xf9w)\xfd\x04_M\xc9\xbd\xc0\x92\x16/+\xb9K\xfa\x18\x15%\x8fgSq)\x94\x924\x81\xe5\xb5\xca\xfb\xc9\xe3ta\xfc\xe1=A!H\xc7\x8dQ\xb0C\x83\xa9\xb1\x82\xc1}\x0b!\x11\xe1X\xff\xe3\xd2\xfd)%\xc3\xb1\xe1\xdc\xce\xdf\xab\xd6\xaa\x18{V\xea\xb8X\xf1\xa7\xef{\x8c\xb5t\xd6b\x06\xf3c!,jg\x8d7\x0e\xce\xf9\x1f\xeb\x106*28\x83\xb70\xe4\xf9\x94a\xccRf!A\xfa[m\xbb5?\xf5\xd3?\xcd\xfc\xf0\x80\xf1x\xcc\x9f\xfd\xc9\x87pNbL\xcf\x1dw\xdd\xc5\xfe\xe5}\x0e\x0f\x0e\xd1UC\xdb\xb7\xbc\xf3\x9d\xef\xe0\xec\xd9\xb3\x98\xde\xa2\x94\xa2iF|\xfe\xf3_\xc08C\xdb\x9b07Y\x00\xb3\xe2\xe49\xd6Z\xa3\x85D!\xd0B\xfaO\xc2\x1a9\xbc\xb12.\xac\x93u(@\t\xe9\x95:\x18))\xbd\xb1\x95B&amp;\xa5\xea\xfb&gt;\xc9\xacs6\x8cA\x04c\x90e\xcd\xa65\x88N\xea\xb8\x12FyN\xebe\xf3=\x94\xfaR\xca\x90@\x04\xc5U\xc9\xa8EC\x1d\xe7!\x8b\xab\x1b\x9c\xc3\xaf\x91Lz%\x85\x97\x19cL\x187\xc9\xf1\x95\xdf\x8bF-\x8eU&amp;\xc9%\x0bn\x14\xb0t\xe9\xe0\xe5\xca\x97?\xc6Rj@\x1e\xb0H\x96*z\xffM\x0b\x97\x07AX\x80l\x117\x8dN\x9a8\x07\xa5RG\x83\xe1pI 6\xc7\x1f\x7f\x1f*\x7f\x9e`\xe7O\x80\x942\xfdD\x8f\xb91d\xc0!\xa5\xc0&amp;\xc4b\x93W\x88\xc6\xc3\xcf\x87K\xde&gt;\tj\x98\xafr\x1c^\x80\xb2\xd1\xc9\x82\x95-u\xfcq\xd6"\x1dh!\x83"[\x10~,\xf1^\x8dsX\x07V\x08\x9c\x14X\x82\xe2\x0b\xef\xc1\x07k\x10\x0c\\!ai\xbe\xacu\xbc\xf6\x9e;\xb9te\xce\xde\x89].\x9c?\xcf\xc5K\xfb8\xd7cl\xc7/\xfe\xe2/\xf1\xe9\xcf|\x06\xad\x15}\xdf\xa1\x95\xe0\xf5\xaf\x7f\x03\xe7\xcf_@\xeb\x1a%5\xef|\xe7;\xf8\xdcg?\x83\xc0b\xda&gt;)ui\xbc3\xd2\x8bk,\x93g\x8a\xf3\xa1\xb5F)\x95\xd6\xdf\xd9\xd2\x18\x8bb\x8d\xc2\xfc;\x91\x14?#\xa2\xab\xcb\x92\xb7\x99a\x0e\xfd\x87\x85L\xe4y-\xcf\xa5\x94\x1a8\x97\xcd\x977.\xde\xe1Yk\xc1F\x89\x16\x85\x83\x1c\xca\x86WJ90,\xa5\x83\xcdH\xcd#\xd6\xb6]\'9\xdetjB\x884_\xa5\x8c\xcb\xa8\x90\x9b\x03\x17i\xb2\xb2\xc2\\\xddSF\xcf\x8e\x87\x91a\xc2m\xb0\xbc\x88\xbc\xb0C\x05\x8c7\xb3\xe9\xb9\x8f/L\x84\xf6\x04#\xe2e&amp;\xd9bp\xf6\xd8\xf8\xb2!\xc8\xd7\x8b\xde2Nv\x9cP\xef\xe7\xbc\xe0x\x05u\xa80/*\xfc\x94\xca/\x01EVL!=\\\x96R \xa4\x1b\x8c\xbd\xb4\xd0\xd1\xa2[k\xd2\xf8&lt;,\xcc\x864*\xbf\xb1\x06cM\xf0F\xf9|\xd6\x1aD44Q@\xd3LX\x84\xf4P&lt;\x87\x13\xd9#\xb2\xa1\xec\xc2\x0e\x05\x1a\xc0X\x8bV\x8a\xbb\xee\xb9\x87\x9bo\xbe\x99[n\xbe\x85O\x7f\xfa3\xbc\xe6\xb6;q\xd6\xb25\x99\xa2u\xc5\xf9W/P\xd7c\x04\x82\xeb\xcf\xdc\xc0_\xfc\xc5GY.\x96t]\xcb\xd1|\x9f\xad\xad\x19\xa3\xaa\xc19\x81\x16:\xcd\x85\x87\xb5v`_\xfc&lt;\x0e\r~\x14\xd2\xbe\xef\xe9{\x835&amp;\xad\xbb\x13\x0c\x1cODQ\x04\xa8\xef\x95\xcc$\xc3\x1b\x8dBD\xa0R\x08\x1cyN\xa2\xe7O\xf3\x12\xc4\xad\x84\xeb\xd1\x00e\x99\x0c\xb2\x17d\xcd{v\x871=\xd9\xd8\xcbp\x1d\xef\xcd\x8e\xeb\x81Krc\x8cI\x8e#\x1e\x13\xe1\xbb\x88\xe3\x8d\x0e\x03\x97\xe5$y\xf6\xf2xo \t\xa8[J\x8d.\xe3\xd2RA\xa2r\x94\x0b2\x84\xaa\xf1\x98\x18\x13\xfa?\xe2yR\xbc\x8f@H1\x98\xb4\xa8`\xe5\xebj\xf1x&lt;6^\'\x8c"\x8d)\x8fU\xa5cJa\xf9f\xc6i3\xd6\xf2\x10ID9I\x82\xa1\xa4\x87\x83\xe1F\xe2\x88\x8a?\x82\x12Y\x91\xde\x92B\xe3\xe4q\xc35\x9cc\xff]\x8f\x06\xa2\x02\x07\x88nz@`\xac\xc1\x85\x05\xd61~\x1e\x9c\x8f\x14O\n\x11\xb8\x81x?R\xfa\xb5@\xf8\xd8&lt;x\x02\xe7\x1cBzo#]\xc9f\xb8\xf0\xbb\xbfo\x8b\xe1\xb5\xf7\xbe\x96+\xfb\x97Y-\x0e\xd8\xdf?d&lt;\xa9\xe9:\xc9m\xb7\xdc\xc4\x87?\xfc!\xf6\xaf\xec3\x1e\x8f\xa8\xaa\x8a\xfb\xee{#\x7f\xf2\'\x7f\x8c1\x96\xba\xaa\xd0\xaa\xe2s\x9f\xfd\x1c}\xdf\xa3\x94\xa6\xef: ;\x94\xa4\x94p,\xfe\x8d\x90\xb3\x84\xf9i\xbdd\x98\x03G\x82\xd9q^c\x1cN\x98\xa7M\x07\x92\x11\xa8@H\x0f\xf7\x07r"3\xca\x12\xc1\x88GE\x8ec\x8aJ\x97\xc7h\xb3\x93\x93q\x16\x87z\x82\xf0\xebQ\x86\x86\xf1_/k\x11v\x0f\xe52\xea\x88u.p\x08y\xf5U\x11\x12G\xe4\xe8\rYF\xd5\xde\x8b\xcb\x10\xaa\x18\x0f\xdd7ayV\xba\xe8\xd1\x05\x08\x8b\x90\xfe$\xd1\xebE+\x1d\xadK\x9c(\xe7L\xb2X\x19:g\x82+\xc2\xc3\x08o\xcaE\x1d\xbeJ\x85\xc9\x93\x90 {a\x193l\x1eB\xbbME\x97\x1bF\'Z@\x17&lt;ED\r\xc1\xa4\x1f\xb3\xbc~\xc1\xb3\x87/\t9\xbf8*yno\x04U\x82eC\x03\x13\x17\xc4bL\xcfz\xbdf\xbd^c\x8d\xf5\xa4\x14\x0e\x17\x17;\xfb\x9f\x81WRD4\x12P\x86\x14\xa8 \xc4\x92|\xdfR\x8a\x10\xcb\x02!n7X\xac\xb3\x18,\xc69:\xd3\'!Y\xad\x17\xbc\xf1\xfe\xfbY\xafW\xbc\xf4\xd2Y\xbe\xf1\x8dg1\xbd\x00g9y\xfa\x14O?\xfd\x0c\x02\xc7hTqx\xb8\x8fR\x92\xd5b\x89\x10\x8e\xban\xe8\xba\x9e\xad\xadm@0\x1e\x8f1\xbd+\xbcn\x96\xafMRu\x13\xd6\x97\x08P\x08\t\xc6\xe1\xcc0,\x13\xc5\xfc\x97\x90:\x86a\x9br\x9d&lt;d\xe1t\xf2\xe7\xc1\xf0\xc4\xf3\x17\x9f\xc5\xf5M(P\n\x94\xd2\x85|\xb9\r\xb9\x93\x85\x8c\x0f\xf9\x9f(\xff\xf9~\x8f\x87\x08\xa5\x01\xf4\xde&lt;\xc3rc\r\xd6\x99\xe4`\x9d\xf3\x12\xe0\xdc\x90\x87\xa2P|\xf9\xcd&lt;k9a\x9e\xf4\x91dM\xc8\x1e,Z\xa4\xa8x\xfe{q2\x19L\x04x\xebV\xfe].t\xfc=/d\x1e\x97_\xb8L\x1a\xf9EQi&lt;\xc3k\xa5\xb3\r\xee+Z\xe3\xb8h9\xb6\xb5\x01&amp;w\xc9\xab\xf6\x81?\x88\x0b\xb8i\x88\xca\xf1\x94\xefY\x1b\x89\x1f\x91\x98\xd68\x8e\xcc\x8cB\xe4\tzcX\xb5-\xeb\xbe\xc3\x08G\x87\xf3\x8aml\n\x83d\x08\x89"|\x13\xc1{\xfb\xcf$2\xa8\xbbu\x9e\xb0"Xz\x1fz\x84\xcf\xa5$\x91q\x02b\x84Q\x1ab\x83\xc3b\xf9\xb1\x1f\xff\x11\xd6\xeb\x05\xd7\x9c&gt;\xcd\x95\x83\xa3`dz\xfav\xcd\xfd\xf7\xdd\xcf7\x9e{\x0e\xa9$\x8b\xc5\x1a])\xb6\xb6\xb6\xe8{C]\xd5\xf4}\xc7h\xacy\xf5\xa5\x97\xe8\xfb\x8ev\xb5F+\x9d\xd6e\x10&amp;\x98\xa1\x97\x8b\xbfo2\xe4\xf1X\xebl\xf2\xe49\x8e\xf5dg\x89\xf4\xfc\xe7\xd1\xc9\x94+\xe4\xbd\xf0q\xde\xc6\re"\xcew\x08m\x8e\x87\x84\x91t.\xc2\x1e\x11\r\x8b \x12~\xa5S*QJ\x1e\xb7J\xe3\x8a\xe7VJ^\x95\x0f\x88\x1e\xdd\xf3\x0b\x0ek|&amp;\xc6\xffi\x00\xb3aP$.\x84\x84\xce9\xe4\xd5\xe0r\xb9 YyE\xb0\x18qh\xd9Z\xc6\x1b\xfaf\xf0\xdb\x1f\xe3=g\xf4A\x99\xf4\x1a\xc6-\x9b\x02\xe1c\xe0\xa1\xf2F!.=y~\xef\x9b{\x86\x18\xff\xc4x9\x92\x16Y\xa0"|\xcbLv\xef\xbc2\x1ak\xfdOB)\x19\xc5\x1c\'g\x8e#\x08\x7f\xde\x8c\x10Z\xd3\xfb\xf3\xf7=\x12\xd0RRIE\xad4Zk\xaa\xba\xa6\xa9j\xb4R\xc1KK\xa4RH%\xbd\xeb\x11\x99\x14\x8cP-\xa1\x1c\xe9\xd1I\xba\xb7\x8d\x90\xcb#\xd8"\x8c\x080\x14&lt;\xdc\xfb\xce\xb7\xbd\x9d\xc9t\xca\xe9k\xae\xe5\x93\x9f\xfckvv\xf7\x98\xcf\x8f\xd0\x95\xc2:\xd8\xbf|\x19\xa5$\x93\xc9\x94\xdbn\xbd\x95v\xd5\xd2\xb6\xab\xe0U\x05\xbf\xf0\x0b?\xcf\xf9\xf3\xe7\x11\x08V\xebu\n\xa9&lt;\xfa\x89H(\xa3\x9c\x92O\x89\xca\x8f\x10\x91/K\xca\x15\xe3\xde\xf2\xfb9%,\x0bb4\x87_^)\x0b\x96\xbc \x047=\xf4&amp;\xac.\x11G\x89\x0e\xbc\xb3\xb0\xc1\x98dB5\xa3\x8a\x8c\x1a\xe2\xb9K\xe4Z"\xbc&lt;6\x97\xc6\x9a\xd1iD\xab~.JD\x12\x8da\x1cO\xcc,Dg\x10\xfdq\xbc/=\x1c\x90\xdcH\x85\xc5|\xedP\xe1\xa3\xd5\xa2\xb8\xf8\xa6\x82\xc7\x9b\xde\xd4\xfbh\xcdr,q\xdc\xa2\xaf\xd7\x9eU,\x19X\xebr\x1aBJ\x95\xc6Z\xc6\xcbq\xc1\xfd\xcdE\xb4\x11C\x1030H\t\xb2\x87\xfb\xa8\xa4\xc2\x06\xc1\xb7\xce\x04\x8bh\xb3u\x95\x1a\x9c\x1fG\\\xb8\x12\x06\x0e\x85\xa2\xb8\x1f\x04"\xc6T\x05\xeb.\xacO\x8dU\xdaC.\x1f\x7f\nO\x9e\t?\x90J*\x9f\x0b\x17\x02Yx\x968\x0f\xc6\x18\x7fL\xa1(%\xca\x90R\x80\xf0\xd6?\xce\x84q&gt;\xfd\xe5\x9c\x0f\xf2\xa5T8\xeb\t?\x85\xe0\x96[o\xa1s+vwN\xf0\xb5\xaf&gt;\xce+\xaf\xbc\xc8\x99\xebo\xc2\xf4\r\xefy\xcf\xf7\xf3\xf1\x8f?D\xdb\xf6H)Y\xad\x16|\xe0\x03\xff\x84\xdf\xfd\x9d\xdf\xa5m\ru\xdd\xb0n;\xae\xbf\xe1&amp;\xd6\xeb\x0e\xa9*\xdc\xca\xa1\x12\t\x18\xbdg\xce\xf5\xc7\x97\xb5&gt;dI\n\x1f\x91\x94\xb3\xa8\r\xa2\xd4\xf3\'2\xf3"Rbz\x03B`\x9c\x1dx\xbf(o\x1e!\x941t\xce\x0cye\xb1(\x95\x95H\n\xbf\x0e\t\xc6\x0f\x1c\x91(\xee\xa1\xbc\x8f(we\xee=\xeb\x8e\xb5.p\t%\x92\x89\xef\xb9b\x8e\xa2\xe1\n2\x16\xd8\x13kK}\x1b:\xb44F\xebQ\x99\x80\x84&lt;\x94\x02]N\x88\x1b\x08\x93-.\x9a\xc5\xd6\xc7\xe4\x9bd\xd3\xb0\xf0\xa1\x14\xbc\xcd"\x98D\x88$\xa3\x91\x95\x7f\x13\xb2y\x98%\x8a\xf3\x82\xb3`L\x1f\xe0Z\xb4\xba\xd1k\xba\x828\x11\x08\xe1\x88\x88;\x9e\xcb\x1b\x8f\x08\xa3L\x12\xb8\xdeY\xcf\xb4\x17\xb1\x96P\n\xe3,BJ\x8c\xb5\x04W\x98\nM\x84\xcb\x8a].vd\xd1\xad5&gt;\x16\x0e\x16$z]kz\x9f\xee\x02\x8c\xf5\xf3\'\x9dD\xba\x8c\x10R\x8a\xc4Y\xa4\x93\x9e\xd0$\x9f\x07\x82!,&lt;O&amp;v\xb2b9\xeb\n\x0fb\xd3\xbd\x0b!\xa8*\xed\x85G\xd5\xfe=%\xa9F\x15w\xdd\xf9Z\x94\x12\xec_\xd9g:\xdbb~\xb4d\xb9Xr\xf2\xf4)\x9e\xf8\xe3?\x0e\x1eM1\x9b5\xdcr\xcb-\x9c=\xfbB0\xc0p\xf3-\xb7\xf2\x9b\xff\xeboxJ\xaf\xf3$PI\xaay#\x99\x19\xe2\xe8X6\xd1\\\x94\x0e\x9d\xc2\xb2,CB\xc8@\x89\np\xd0\xf7\x81y\x8e$orN6y\xfa\xbc.Y\xc1\xa3\xa2y\xcf(0\xa6\x08\xcf\xa4\xc0\x1a\x83T*y\xd9\x18\x13\x97\x0e\xc3\xcb}&amp;\xef\xbcC\x91E\xb1M,~r\xc1\xc0F\xbd\x8ac\xb2\x081D"\xd1\xfb\xc7u5\xd6xNF\xca\xc4\r\xc40\xb3\xaa\xaa\xc1&lt;Z\x1b\x0cy\x98G\x82^\xe9R\tK\xe8\x1d+\xc5\xe2\x04\xe7\xb8\xba\x84\xba1\x06\x1a\xc2\xe4\xf2&lt;.x\xc7\xd2{\xe7\xd8\xa9t\xf7\xd9\xd8(]\xc6\xf0\xce\xf3\nB\x14^\xd3/bIXD\x18\x15\xf5M\xca\x9c\xba*c\xeda\\\x98-o\xfc&lt;\xc2d!\\(\xbc\xf0\xb1oR\x10,\xceB\xef\x1cV\xfa1\xc80\x8deu]\xdb\xb6\x18\xe3\xb0\xb2G\x14\x9c\x85s\x9e\xfc\xc2\xd8\xe0ad`\xc2\xc1\xe5\xc9F"\xe8\xad7&gt;Vx\xb2\r\x97\xd3i&gt;\x02\xb0\x01-D\x88\xe7\xaf\xaf\xb5*\xd6.\x84#\xce[\xf9,\xac\xde+\x08%\x01\x8b\x0b\xc6\xf3\x07\x7f\xe8\xfbp\x02.]\xba\xcc\x8bg_b\xb6\xb5C\xbb\xea\xe8\xdb5G\xf39\x17.\\\xa0i*Lo\xd8\xd9\xd9\xe1\xa1\x87\x1e\xe2\xe0\xe00x2\xc7\xeb^w\x0f\x1f\xfa\xa3?D\xeb\x06g\xbc71\xbdA)I\xd7\xf5^uE\x96\x83\xa8\xf8\xa4\xfb\xf2F@EX\x1fRS%,\x962W\xc1E\x99\xcc\x08\xb2\xack\x18\xca\xb0\x97\x8b\x82\xe4r\x9b0\xbfd\xbbmR\xf2\xf2X\xef\x81u\x01\x9d\xa3\xf14\xc1\x90\xa8\xc1\xf5\xa2\x97W1cP\x8c\xcd\xda\xe1\x987y \x8f\xf0\x9c\xaf\xca\x141\xf6\xcfF\xc5X\xc3z\xbd\xf6\x7f\x0b\x9f\xb6\x8dhM\n\x89q}\x08{\x03t\xdf$\xad\xe2\x84G/\x90=}\x99\xbb\x8c\xa9!\xd8T\xda\xe3\xf1zf\r\xb3a\xc8\x06!\x13\x1a\xe00^\xb1\x91y\xa1dyz\xff\xdd\xe1\x82\x95);/\xf4\xa5\x82\x0f\x91\xc6\xf0\xfa\x11\x01\xc4p"\xc6PI0\x84@\xaa\xbc\x18.\x86N\x02\xda\xb6Mc\xd1!\xb66\xa1\x8a-\x16\xf1H\xe7\x17!^\xcb\xc3\xb6\xe0\r\x9cg\xd4E8\xc69\xe7+\xc3\\0H"(\xa8\xcaLp9\xc7\nQ\x94?\x96\xe5\xbfYh\xe3\xfc\xc8Ja\xfb\x90\x16"@#\x089yGUU\xac\xd7+^{\xef\xebx\xf5\xe5W\xd9\xdb\xdd\xe1o&gt;\xfbY\xa6[3\xaa\x89\xc4\xd9m\xbe\xf1\x8d\xe7\xb9t\xe9\x90\xed\xed)\xcb\xfe\x90\xd3\xa7O\xf1\xb1\x8f}\x8c\xf9|\xcel6e\xbdZ\xf1\xc2\xd9\xb34\xe3\x11\xebe\x87\x14\x9a&gt;\xf1\x13\xae \'K\xc3\x9d\xc9\xab\x08\xdd\xc9\xea\x93\x8c\xf5\xb1z\x8f\x88\x12\n\x99-\xc3\xa9x\x8d(\x07QN\x87\xa5\xa6C\xe7\x16Sk\xde\xb7\x1cO\xcd&amp;\x14Z \xaf\xe8\x95}\x15h\xe0\\\x82A\xf2\xef\x17\x8e\x93\\\r\x98\xe3\xfb\x8c\x8479\x0b\x13\xab\xf3\xa4\x97\x13\x95\xf4\xcaW\x11\x9a\xb6Oe\xb5\xa6\x8f\x06\xc7"e\x08\x11\x13\x8f\xe6\x92\xa3\x18*\x1c\xc3\t(\xe3\xcf![\x19\xdf\xb3\xc7\xbe{\xb5\xdfK\xe3p\xec\x15 \x86W\xe8\\\xaa)\xa5\x18x\xc4rl%|\xca$M\x86U\xb9\xbcP\x0c\xde\xcf\xe3\xb1\xc5Oy\xeeL\x90Xg\x03\x13o\x12#olO,\xc8\x88\xc6\xc8\x18\xc3\xbam\xbd\x80l\xa4\xdc\xbc\xf5\xb7\x85\xc5.\x04+\x95\x11\xfbP@H\x89q\xbex\xc2\x19\x9bx\x82A\x95\x9c_0\xaf\x0cRb\x8c\xcd\xefS\xc6\xa0\x85\xc0\x9b\x0c\x9f\x8d\xb58\xc1\xe0G\x08\xc7\xbb\xdf\xf3}(\xad\xb9\xfd\xf6\xd7\xf0\xcc3\xcfp\xe9\xd2y\xb4\xd4\xd4u\xcd\x8f\xff\xf8O\xf0\xd4S\xcf\xa0\xb5d&lt;\x99 \x84\xe6\xd6[n\xa6[\xf7\xb8(\xe0Zq\xe3\x8d\xd7\xe3\x9cG)m\xd7\'\x99\x89\xf08\xf3#\x99\x0cKUdIFbuW.\xfd\xcc\x8a\x99\xe7/\xcb\xe6\xb0l4\x93\xaf\xc30\xb1\x0cm"\x7fS:\xb2\xc8\t\x95\xdcK\xf2\xb6\xa1`G8\xfc\\:W\xc8\x97\xc4\x98\x1cN\xc5yW\t\x11\x84\x905d\xad2\x82\x94Inc)z\xbcf\xa9\x8f\x0e\x06\xe3\x89\xa9\xdeX\x9f\x1fc\xf7\x18B{\x87\x12d\xcc\x04\xb21\n\x88+\x06\x9e\xa1u\x19Kg\xa2\xa1\x8c\xa7\xa2\xde\xf8\xa4P\xae\xd2\x89\x13\x9a\'6C\xef\xcd\xcf\x80\x90\xca\x00!T\x80\xce\xc38&gt;^e\x18Jx#\xe0cZ\x99\xd2\x11\xd1\xd2\xc6\x7f\xa3\x17\xcf\xe3(s\xe2y\xb2\xa3 \xe4\x8c@Y\x83\x9fSjR*\xb4\x14\x89%\xaf\xa4FK\xe5\xc9\x9c\xe8\xdd\x85\xf2\xd0+\tz\xac\x98\xca\xf7\x82\x14(@X\x8bt&gt;Tp\xd6\x05\xaf\xe2KW\x1d\x8e\xe3i(\xeb\x17\xdf\x11\xca=\tDR\x16\xd0\x88\x1cd\x88\xeb&lt;@\x07\'C\xba\xcdk\xb7?\x8fTX$\xd7\xddp\x9a\xed\x9d\x19\xb3\xe9\x8c\xa7\x9e|\x82\xd3\xa7\xaf\xc3ZC\xbb\\\xf0\xe67\x7f\x0b\xcf&lt;\xfdu\xac1\x08zT%x\xf0\xc1o\xe5\xc5\x17_D\xa9\nc,\xcb\xd5\x82\xad\xc9\x0e\xcb\xe5&lt;A\xf7\xd2\x80\x96\xeb\x17\x91W\x1ck\x99\xeeD\x88$\xf8Y\xc6\x86$g\xb0u\x03\x05-e+mX\x11Y\x1e3\xb3\x1e\x15=\x18\x9cP\xf7a\x8c\t\xa1\x02\xe9\xbb\xf1b2\xe6\xc5\x9d\x0b\xc83{\xf4\xd2\xd9EF&gt;\xd6G\x94\x8eh\x90\x1e\x85t\xdf\xf9\x9e2\xd1zU\xc4KF\x86Qn=\xdb\xde\xa3\xb4L\xbc\x95s\xc73Az\xd3\xe3\x1a\x13\xabmr\xec\x93\xbd\xab&lt;fQ\xe3d\x0b\x94W\xd6\xf4yf\xbe\xb3\xf7\xcf)\x8e\x1cC\x052\x06\xcf\xfcJ\xa1\x8asG\xc8\x96\xc7RV\xd5\x95H*/`\x1c[.\xfa/\rF\x9a\xf4\x81\xf7;n\xc0\xe2"\x86%-PAQ\xe4!|,\x1d\x8f\xb7\xc5\x02\t\xe5\x0b&lt;&lt;YT\xd6s\xfb\xef\xc4\x1c\xf9\xe6u\x07\x8bj\x1dF\x94\x05M&gt;\xcf\xea\xac\xcf\xad\xc7\xd0*\xc2\xc6&lt;n\x88\xc2\x1c\xdf\x8fq[\xac\xb42\xce\x82\t\xd7\r\xac\xff\xb7\xbe\xf5;\xe8\xdb\x9e\xaf|\xe51\xae\x1c\x1c2\x99N\x90\xc0u7\xdc\xc8\xc7\xfe\xf2\xe3,\xe6\x87\x08\x1c\x87W\x8e\x98\xcd\xb69&lt;:\xa47]\x18S\xc7\x9b\xdf\xfcf&gt;\xfe\xb1\x8fP\xe9\x86\xbe\xef\xd3}\xc4\xcdM\xc6X_\x9aID;E:-\xac\x8d\xf3y\x07r(B\x82\xaaB\x08\xba\xae%\x86\x95q\x8d&lt;\x89\x96\x89\xdf\xbc\xa1\xa3,\xb9\x95\xe1\x9c~\x1es\xd5\xa7@\xc9\n\xa5\xd4\x80\xf5w)F\x83\x98\x8aTQ&amp;\x83\xd0\x951}\x96\xd7\x1c\x1e\x94\xde=\x15\x959\x17\xf6\x1dd9\x14B\xd0\xf7\x06\xe7\xfa4\xa6\x8cFHB\xee\x1cig!\xces1\xbd\xf1\xceE\xc9\n\xa4\xbf\xaf\xcd\x026c\x8c/\x98)\xbdW\xb6\x80\xc3\r+\xfe\xfd\x9c\x8f\xdc\xf4\xda\xa5%\x8a\xc7\xc7I\xcd\x13;,\x9e\x89J\x01\xe0\xacLJ&gt;T\xb6&lt;\xe1\xa5\x95\xca\xca!\xaer^\n\xef\xaePJ\x87\xed\x8a\xc3\xaa\xa8\x12\xeeE\x81,\xe7C\x06\x8f\xaf\x95*\xbc\xc10go]Y\x94@b\xee\x11\xf8\x1c\xb8\x92h\xbdQ\xf8 |\x19c\xcc\x01\xc7\xb1F\xe1Ju\xf9\xe1&lt;.X~\x81@X\xa8\xa47/\xd9p\x96p4n\xb6\xb1\xac\xbb\x96&gt;\x84\x1c\xe0\xe1\xa7\xed\r\xabvM\xdfu8cQH$\x02\xa5\x05\xb3\xd9\x04\xad+\x96\xab%\x17.^\xa4\xae\x1a\xda\xe5\x92\x13\'\xf7\xf8\x93\x0f}\x88\xf9|I]Wt}\xcf;\xde\xf1v\xfe\xe0\xf7\xff\xc8#\x0f\xe3w\xa7\xbd\xfb\x9d\xef\xe2\xd2\xc5\xcb8\x04}k\xf1\xdbzs\x89u$\x8a2\xac\xce\xc66\xce\xbbV~^\xd2\x8e\xb4\xc20\xb7m\xbb\x11\xb2\x95!\\\xae\x84\xcbiY\xc2\xfb\xaaP\x9e\x10n\xda\xa1\x1c\x97\x06\'\xaeC9\xa7\x0e\x97j\xc6|!\xda\x90&lt;\x8b\xb2\xef\x158VG\xba\x14f\xa5\xf3\xa5\x0cI\xb9nb\x90E\xca\xbaXd\x9c\x8ac\xa3ND\xf4(E\xd6\x93\x129\x97N\\\xe6\x8b\xc5\x89\xc9\x01\xfff\xac\xe0\'a\xe8u\xf2\x82\xb9c\'O\x93Zx\xacx3\xd1\xdam\xf2\x00C%\x8f\xe7\x18\xc6\xfc\xe5\x06\x95Ma)\'KJ\x95&lt;A\x16\x8a\xec\xa9\xcb\xf0`(4e\xdc/\x86\xd1\x03%J\xf0 :\xe7E\xc3VJ3,]t\xce\xa1\x95\x1f\x8bT\n%\x15* \x04\x19b\xd1\xb8sKJ\xe5-\xbe\x14\x01\xda\x0bj]Q\x85\xfbPJm\x90\x1cC\xd4\x15\xe3\xdd\x98\xb7\xef\xfb\x9e\xb6mY\xae\x96,\xd6KV\xed\n\tTJ\xf9m\xb2\xbe.\x96\xff\xe6\x9f\xfdS\xa4\x92\x8c\xc6c\x8e\x0e\x0fX,\x96H\xe57G\xec\xee\x9dd\xbd:\xc4\xf4PU5\xab\xd5\x8a\x9bn\xba\x91\xa7\x9fz\xd2\xb3\xbeZ\xa1\xeb\x8a\xbf}\xe4a\xea\xaa\xc1Z\x93\xaa\xb2J\xe1\x8c\xc3\xce21,\x81\xdd\x0c\xd5J9\xeb\xfb&gt;\x93m\xb2\x08\x03e^\xab\x01\xfc\x07"!\x96\xce\x1f\x16/\xaei)\xdb&gt;-5T\x18\x1ci\xe3\x0f\xe0C\x91\x8d\xb2\xed\xcc58b\x11V\xbc\x97X\xfeL\n\x01E\x1aW\xe4v\xe2\xfaE\xb4\xec\\&amp;\x96K\xd4)\x92\xec{\x94hL\xe4\xb32\xdc?\xc61\x14\xa1\x82\x1e\xa6$\xd2\x14\x032\xa5bJ\xa1*\x17\xa1T\x94A\x91\x888\xfe\xbbs\x0c\x16:\x9f\x83\xf4y&gt;wD\x10\x9b\x95N\xe1\x9cR\xa6\x1dZ\xa5G\xce\xc7x\xc1\x1a^\xa7\xc8\x1a8\x10\x8a4\xd1IfdV\xf8\x14\xe7\xe7\xd8 \xcekZ\x90t\xcdhu#\x9cW*\t\x12X\x94\xaa\xd2\x17\xc2\xe6\x02\x90 \x9c\x0b0&gt;\x1b\xd8\xc8N\xab8\xafq&lt;\x90v\x9f\x95^.\xdeg\xbe\xd7(\xc0\xe0z\x1f\xcb\xbb\x00\x89S5\x99\xd2\xfe\x1a\xb1y\x83\x96\xdcr\xfb\xad\xac\xd6kvw$\x0f?\xfa\x08\xb3\x9d\x1d\xba\xae\xe5\xd5\xf3\xe7\xd9\xde\xdd\xe5\xe0`\x81P\x82\xe5zA\xd3h^z\xe9%\xa4\x12\x80D\xab\x8aS\xa7wx\xe6\x1b\xdf\xf0[cM\x8f\x10&gt;\x05w\xf50)B\xf7\xbc\x8b/\x13\x88C\xf9\xf2\xd0\xb3\x03@io\xe4J\xd4e\x9dOwFv\xbb\x94\xe7\x92\xbc\x8a\x1b^$2\xcc7Y\xc1\x10 \x9c\x1f\xaf\x909b\x03\\r\x129G\xef\x8f\xcf\xf2\xba\xa9\'\xc9\\9\x17b\xf92\xed\xbc\x89\xc4\xa2h\x88\xa4\xfc\xfe\xf3\x8djK\xe1\x8b\xa9\x04\xb9\xf8\x0b|c\x89\xae\xeb\x06\xb9\xf7\xd2P\xc4-\xb0:&amp;\xf0\x87\xb1\xefq+\x1c\x07\x15o\xa5$+D\x8c#\x18\x1a\x8cxc\x9b^~\x10c\x17\x16)Z`(\x8bdr\xfe4\xc1\x7f\'@\xa8t\xc3\xf1\x98M\xd2\xc2\x7f\x7f\x13^\xe1\xbd\x00\xaaP\xb08\xfe!\xb2\xf0z\x14H2G\xf8\xd7\xfa\x94\x98T`\r\xca[\x0c\x7f=\xe5\r\x90(`]\xaaB\x8bs\x9a\x9do\xb6\xfaD\xa6\xdf\x05\xab\xec\x155~7)\x82q\x10\xf8\x8ao\xb6\xe3+\xceaB16\xef\xbc\x92P\xd4\x9d\x0b\x8c\xf3\xb5\xf0\xb7\xdfy;{\'N0\x1aOx\xfa\xa9\xaf\xf3\xcc3\xdf\xe0\xa6\x9bn\xa5_\xafx\xfd\x1b^\xcf\xd9\xb3/p\xf9\xf2!M3\xa6m\x97T\x1a.^\xbcD\xdbvT\x95\xa2k[\xba\xce0\xaeG\xacVk\xa4\xaa\xe8\xdb\x88\xba\xca\xda\x06\x89s\xa6\xc8\x12\xe4\xf7\xe3\xfa\xe7\xb9\xcf%\xcb\xc9{\x0b\x11\xd6.\x1a\x86\xd0IF\xe5\x987\xbe\xa2\xc0{\xe6\xbb\x1f~\xe6\xf7\xf2\x86\xed\xaa\xa1\x12\xd2\xb7\xe1!\x12q\x8e!\x84\x8f\xeb\xe6\x1bA\xf8\x90m {\x18\xac\xf16\xdc\xe1\x97\xc9&amp;#\xe3\xe7a\xc8\xa9\xc4F\x14q\xcd2*$\x10\xcc\x91\xd8\xf3\xa1\x87\xc3Y\x83K\xa9;3\x90\x03cz\xaa\xaa\x06\n\xb4\xe3\xb2A\x95\xd9\xca\x0e+\xd8\x86\xf1\xf9\x06v%+iYry\xf5\xe3\xae\xae\xe4a\xca\xfdb\x17d\x9b\x10\x91\xf4\xda\xdc\x814\x1c\xcf0E\xe3\xd2~\xdeM\xce\xa0\x84\xf1\xf1&gt;3\xe3\x1e\xeb\xddeq\xad\x8c@\x9c\xb1`\x87\x04`\x18\x01\xce\xfa\xd2L\x91\xc6\x13\x7f\x1fB\xce\x14\x9aD\x0fS\x84\x0c\xb9X\xc7\x9fS%. 2\xcc\xb1\xe20\xa7\xfb\xca\xf3\xc6\xdcs\x19b\r\xf7a\x07C\x16\xc6\xa0\x83\'O\xf3\xe9\xad\x17;\'w\x11B2jj.\\\xbcHS7\xd4u\xc5\xe1\xc1\x01\xef\xfd\xa1\xf7\xf2\xa9O}\x1ak\xbd\xd7\xd0\xaa\xe1\xc1\x07\xdf\xca\x8bg_B\n\x85\xc3\xa2$\xdcy\xc7]\x9c}\xfe\x05\xac\xb5\xd4\xba\x0e\x15y\xa5A\xf7\xc2nL,&amp;2\xc1@1\xb8\'\xc8M7 g:RX&amp;B\xdd\x7fQ\x98R\xe6\x9f\xe3y\xe2\xfa{\x86Z\xe5\xcf\xd2\x1e\xfc0\x05\xb6\x08\xe7\x92\xe2\x0f\xd3\xc8\x9b\xe7\xcd\x1bf\n\xbe!\xa0Pk]*\xf6\x89}\x12rq\xd7\x90\x9b*\xcf\xbf\x89\xac#\x99\x19\x0b\x9bb\xa1L&lt;_\xac\xd6+\x8d\xa2#\xcf_\x0c\xf3by\xad\xf6\xf7\x90!\xa0\x17\xb0\\|1\xf4\xf2\x04V4\xc7R\x19\xd28py\xe0y\x822iv\xdc\xe3\x16%\xb2\x85W\xbd\x9a\xc1(\xb1R\xfc\xbc\xac\x11\xf6\x97\xc8\xd0pX\x8d\x17\xd71\xbf\xe7\x05\xa4PD\x99\xf3\xaa\xd1x\x10\xa0\x92\x8a\xf1\x9c\x08P.\\$.f\xdaUg\x8c\x9f\x19%0\xc1\x9b\xa8\x08\xc7\xe2N(U\x18T\xe7\xe3-km v}\nFH\xed\xfb\xbc9\xff\x8e\xd0\xa1l\xd7v\xf4\xd6pj\xd6\xb03S\\{z\x8b1-[\xb3)\xe3*\x18\x08\'Xv\x86\xfd\xc3\x16\xdb+\x9e\x7f\xf5\x90\x83\xb6\xe3h-Y\x1b\x8bDz\xc8\x1dJ\xcb\xac\xe9\xf8\xd1\x1f{\x1f\xe3\xf1\x98K\x97.qe\xff\x80\xdd\xdd\x13\xb8\xbe\xc7\x1a\xc3\xe1\xe1!/\xbf\xf2\xb2W\x18,\x06\xc3/\xfe\xe2/\xf2\x8f\xfe\xd1?f&gt;_ \xa5@\xd5\x9a\x1f\xfd\xd1\xf7\xf1+\xff\xf438gX\x1e\xad\n!N7\x9b\x94%\xbe\xf2&amp;\x97|\\\x86\xa0\xaa\x90\x9b\xb0u3,qDLQ\xd0\xbd2\x8bb]\x032\xf0Lf\x9a\xeb\x14\xb7\x06\x95\x10\x01\x86\xc7tUV\x1c(\xd1l\xecS\x87#\x1bj"\x8a(7\xac\x18*]\'\x99\x93*\xb6\x8e\x1a"\xe526\x8f\xaf\x98\x0e\x8c\x08x@\x8c;\x90"\x17\x9d\xc5W\xcc\xdd\'\xbe\xc8X\xa4\xf6\xbc\x8a\xf7\xf2y\x13\x95\xce\x17\n\x15L\x06\xa4\xca7\x99*\x89 5B\x10\xe4F}P\xc4@\x1b\x86aHn\r\x17\xb4\x8c\x9f"|\xd9\xb4\xd0\xf1Un\xce\x8f^&lt;B-\xa5\xc0X\xafH)\x9e\x95E#FQ\x14GH\x06\x93U\x8e/\x12H)\x97J\xf6&amp;\xc9\\\x0b\x90!\x85\x98cs\x97\x16.\xc6\xd8\x18K%\xd5\xc0\xf0%\xc1\xb3\x9b\xe1\x90W8g\xc1\n\x0b\xcaW\xca\x19\'hj\xc7\xe9\xdd1\'\xb6j\xee}\xed)^{\xa6\xe657\x9d\xe0\xe6;o\xe6\xf9\xaf?\xcb-\xf7\xdc\xc7W?\xfd)L\xdf\x83\xb3\x98v\xcd\x8b/\\`\xeb\x9a1\xcb\xa3\x15\xcb\xae\xe1\xed\x0f\xbe\x96\x97\x9fx\x96W\x0e+je9\\;._Ypv\tW\x96\xa0\xa7cN]s\x9a\xbe7\xac\xd6+\xce\x9e}\x89\x9d\x9dm\x0e._\xc6ay\xe8\xaf&gt;\xc9z\xb5\x0e\x8a\xa2\xd8\xdd\x9aqpp\x85\xd5j\t\xd6PU\rRJ&gt;\xf3\xd7\x7fMg,M\xd3\xb0Z\xf7I\xf1J\xee!\xd7\xb8G\xe8:\x84\xeae\xfa\xf5\x9bq/)\xc3Qx\xf1\x92SIBo=?\x91\xaa\x1a\xa5\xdf\xf5\x97\x80k\x84_\xb8\x80\xea\xc2\x9bq}\x8arL\x9fU\x90 l\x80la\xdd\xad\xaf\x1e\xf1i9\xb2\xac8p\xc4\x82\x96\xcdZ\xfe\xe3\xdc\x11\xe4\xe6 \xb9@(\xeb\x82\xb5\xd6#\x0f\x99Q\xa072\xf8&amp;\x1a6\xdf{9\x1fR\xfa\xb8\xde9\xe7;\xcc\xc4\xc9\xb4\xc6\x9f\xd0\x99\xe8\x893\xc1\x14\x15]\xc4\x13\nO4\xf9c\xca\xfcd\x1c`6\x04\xa5b\xfbE8\x0e\xb5\xe3w&lt;\xf3\xe9\xad\x92_L\xd2X\x06\xf1\x7f D\xa2\'4\xc5&amp;\x1c__\x1fQG\xc4\x1f2y\xf6.6\xc4,\x85"\xce\x83\xcc\xd6\xda\x97-\xfa\xb6Riq\xc5\x06\x81F&amp;c\xa2%\xcf\x96\x99\x828\x19.\xc4q\xe4\x13\x08%g\xa9\x85\xe1g\xfe\xde\xdd&lt;\xf8\xc0\xed\xdcx\xdbkx\xee\xe1\xc7\xd8\xbd\xf5n\xfe\xf6\xa3\xbf\xc3\xb3\x17\x9f\xe5\xfc\xb9\x8e\xc3\x97\x9e\xe4\xa9\xaf?\xcf\xf9W\xe6\xbcp\xbeg\xd9\xce\x11\xcd\x94\xc3\x05l\x8f\x8f\x98T\x1a\xa3\xa7\xf0\xe83L\xa4\xe0py\x88\xb00\x9f\xaf\xc1)n\xdd\x9d\xf1\x1c\x0b~\xe8\xfd\xefcg\xef\x04\xa7N\x9f\xe2\xeb_\xff*O?\xfd\x04w\xdf\xfdF\xdaU\xcb\r7\xdd\xcc\x8b/\xbd\xc8b\xb1@iM3\xaa\xb9\xf3\xee;\xf8\xed\xdf\xfe\xbf\xe8;\xe3[:)\xc1\xdb\xde\xf66\xfe\xfc\xcf?\x12\xd65\x0bv*\x12\xc1&amp;\xe1\xcc\xf7M\x11\x7f\xc6\xf2U\x91PZ\x82\xeaEl\x9d\x8f\x1bfh\x86e\xad\x05O\x14\x8c~\xf4jQr\\\x92I/\x97\xbe\xf7]\xef\xaf\x9d`uP|\x0fT\x93\\\xc7\xf8\xbc\xeb\xba\x8c4\xa4L\xd9\x9dt\xdf\x81\x87\xf06cXi\x17\x159\x97\xd0\x9a\x84L\xd2\x18\x8b\rH\x10\xc7\xe006\x96\t[\xcf\x01\xb8\xdcg\xf0\xea&lt;UR\xf4\xc2z(\x89\xd0&gt;\xfeL\xad\x8d\x89p\'\xe2\x18\x82\x92o(\xde\x86\xf5M\x1eZ\x08o\r\xc9\xf1\xcc&amp;\xc9\x12\x17\xc2\xda\x18\n\x04\xa2E\xc6\xd4S\xde\xd3\x1b\xcf\x1dw\x1a\tb\xdc]zh9\x10&amp;\xa4\n\x1dB\xfd\xf5\xaa\x10\xff\x1a\x93\x1b\x19\xc4\x85\x8f\xe8A\xa9&lt;I&amp;\xf4x\x11HO\xbe\x05\xa3\x1e[\n{%v\x03\x81;\xde\xf2\xf7x\x0cI\x08y\x84t(\x1c\xdf\xfe\xa63\xbc\xfb]o\xe6\xae\xeb+\xce~\xed\x15\x1e\xff\xcc\x13\xfc\xa7?\xf84\x8b\xbe\xe5\xca\xea\xf3\xcc\xd7=Zh\xda/=\x82\xea\x8f8\xb17\xc6vKf\xb3)\xdb\x931\xabU\xcf\xf6\xd8#\xaeKG\x8e\x83\xee\n+#9\\\xf6\xde\x18\x0b\x85\x96\x1a\x8b\xc4\x1et\x8c\xb6v\xd9\xba\xe6:\xba\xb6e1\x9f\xf3\xc2\x0bg\xb9\xe6\xdakq\xa6c\xb1\\\xf0\xf7\x7f\xec\x97\xf9W\xff\xea_c\x8ca6\xdb\xa2\xedV\xecl\xef\xf0\xa5/}\x11\x87g|}\x88\x12\x8bV,RT\x08\xd1\x93\xab\xbc\x04~Z\xf2\x9c\xf85\x8a\xe5\xa1\x9ea\xd6Zc\\f\xa9K/\x9f\xeb\xddE!sY\x06=Tec\xbe32,\r\xb1o\xaf\x15\x8c\xb3\xf5\xf2iM\xa8Q\x08q\xbap\x99O\x89\xce\xa3\xef\xdb\x8dP\xd4\xff\x1b\xd3\xc4\xa9\xc5v\x08\xff\x10%\xea\xc8MD\x9d\xcb^\xda\xcbBF\xc2q\xb3\x8c\xffN\x94]\x11* }\xb1\x93\xb4\x02\xa9D\xd6H\x17Sk\xd9\x90\x94\x88\'\xb6\x9d\xd2e\xf1G\x14B\x19\xf3q"\xef\'/7cPL@\x19\xdbdE\xcf\xe96\x17\xe2\x9ax\xeerR|S\xbc\xe8\x01\xca\xcd\x0f\x84\xf8\x02\x84\x88\x16&lt;\x96\xaa\x0ew\x9b9Kh\xce\xe8Y\xf8L\xf2\x94\x06\'W,\t!\x12\x8b\xae\x95\xa4\xb7y\\\t\x82\xc7\x9dF\xfeNR\\&amp;e\xac,\x13\xe8\x823\x88\xf7ich\xe1\x1c\xce\xe4}\xeb\xf1\xbb\xc3P\xc1\xa2\xa4CI\xc7m\xd7M\xf8\xd7\xbf\xf6\x1e\xae?u\x13\x8f\x7f\xfe+&lt;\xfe\x97\x0f\xf1\xe8s\x92G_Ybm\xcd\x89\xad\x9a\xbb\xaei\xb8\xe6\x84\xe2\xcc)\x83V\r\x95&gt;\xc1\xba]\xd0\xd4\xd7\xd0\x8c\x14\x07\xfb\x0b^9\xe7\xb7l.\xe7\x1dM\xd3s~\xee\xb8\xf6\xf4u&lt;\xfb\xec9F\xa3\x9e+\x07\x8e+m\xcf\xa2W\\\xee$k\xa5y\xcd\xedw\xb0\xbd\xbd\xcdc\x8f=\xc6\xd9\xb3g\x19\xd7c\xdan\xc5\xee\xde.UUqp\xe5\xc0\xb7\x9f\n\x99\x8a;\xee\xbc\x93/~\xf1\x8b\xf4\xc6\x80\xb5Tu\xcd\xf9\xf3\x17X\xaf}\n\xcc\xd9P\x8cR\x18\xdc2\xdf\\\x1a\xba\xe8\x9d3\xa2\xc9\xb25\x94\xc9au`T\x82\xd2\x83\n\x91\x8f\xdb\xf4j\xd1[\xfam\xbd"\xf7\xe8\x0fH#\xf6t\xf3a[\x08S\x9d+\xf6,\x94\x884\xc7\xca\xf1\xda\xb1\x9d\xb7R*3\xa3)\x97\x00\x00 \x00IDAT\xd5\x99\xcb\x98\xfd\x901\x87^n\xbf\xce\xf7\x98\x8d\xe1\x10\xf1\xc4\x90\x02H\x9du\xa2\xfcy\xc6F\xf8\xd0A\xe4z\x85\xb8\x8b1ez\xc8\x95q\xda\xb9X,3d\x17\xa3\x98\xfb\x05\x80\xd8\x801*OI\xb2\xc55\xb9\x9a\xc5\xdd$\x1d\xc24\xa6\x85K7\x13\x14.[}\n\x04`\x13B\xd8da\xb3\x91\x89\xb1x\xd9M\xa4\x10\x88"\xe6\x89\xbd\xc0A\xa2\x857D\xbd\xcb\xb5\xd4\x8e`\xf9\x9d\xc5\x89\x88n\xfc\xd0=\xc1\x13Z(\xc7\tw6Ay%\x15\xa4L@\xf6\xf0y\x1e\xfd\x1c(\xad\xb9\xf5\xba1\xff\xf5?\xf9^^w\xdb\xed&lt;\xf5\xf9O\xf2\xe8_|\x9e\xbfz\xfc2G+\xc1\xad\xd7*~\xf8\xdb\xaf\xa7\x96\x1d\xd2\x19&amp;S\xc9t2FI\xc5\xb2\xed\xd9\xde\xabX-\x1c\xcbVamC\xdb\xce\xd9\x9a5\xacZ\xc9xlX-\x0e\xd9\xdb\xd9\xa2_^\xe4\xb635\x97/\x1e\xa2\xf6v8e\x1d\x87K\xc1\x1d\xb3S&lt;\xdf5\xd4\xe3\x11}\xdb2\x9bM\x99\xcf\xe7\xdct\xe3\x8d\xbc\xf8\xc2\x0b\xbc\xf1\xbe\xfb\xf8\x0f\xff\xe1?\xb2^\xad|\x1f\xb8\xde2\x1e+n\xbc\xe1F\x0e\x0f\xbd\xf2W\x95\xcf\x95\xdfq\xc7\x1d|\xf6o&gt;\x8f\x13\x8a\xae3\xbe\xce\xc1\xb9$x\x19\xdd\xb8 x}\x9a\x17\xa5d\xf0p\xc6\xcf\xdd ~\xdd(\xe1\r\x11\x94g\xb5\xcb*\xc7\x9c\xeb.\x8diJ\x87\x96\x9dU\x9d\xdf(dl@k\xd6@\xac\xd6\r\xe7\xd3Z!\x9c\x0c\x8dBdP\x1e=p0W\xe3\x9e\x92\xc3\x08\xa7\x93\xc2\x97+;\x91\rZ\x9c\x87\xcc\xc2gy\xf7c\xcc\xba4\x08C\x88\x9b\xbe\x1c\x06\x91x\x8eM}+\x0bvJ\x83\xa9cC\x86,\x8c\x19\xb2f\xf8\x94=\xf4\xd5\x06T^(\x7f\x8f\xf4wV\xba\x081\x86\x84]T\xc0r"\xcb\xd7\x00\x1a\xb9\xd80"o\\)\'\xc5\xf7\xdc\xca\x08!\x9e\xcao\xfc\x0f\x02\xe8\\\xd8\xf6\x97I\x8cJx\xcb\xe9\xc2\x98\x9d \x85\x1cq|\xb1sjr\x1f\t\xdd\xe4\tq\x81\xd4+\xe7\xc2Z\x8b\x13\x02-\x14N\x18fc\xc1\xf7\x7f\xef=\xfc\xfc\xdf\xffI^\xfc\xe2\xdf\xf0\x89\xdf\xfd?\xf9\xf2K5\xcf\x9c\xef\xb8\xf7\x86m\xdexW\x83\xc6\xc7vJT\xd4\xb5\xc09C\xd3\xd4 \x05\xcd\xd4\xdf\xe3tv\x12\xb9V(\xe5\x98\xed\xec\xe2l\xcb\xd1\x81e\xbep\x9c&lt;9\xc1\xe1\xd8\xbf\xb8\xa2\xa9\xc7\xac\xb7\x1ajm\xe9M\xcd\xc1\xa2g5?\xe4G&gt;\xf0sL\'S\xa4T\xbc\xfa\xeay\x84\x90t\xbd\xc1\x1a\xcbl6\xe5\x91G\x1ef\xb9\\\xfa\xfat\xdb\xf3\xa6\x07\x1e\xe4\xd3\x9f\xfek\xd6\xab\x9e\xd0\x03\x86\xad\xad-\x9ez\xf2\xe9\xd03\xaeb\xb9\\\xa1\xcbtVa\xb4\xe3\xdae\xe5\xc8\xce@J\xed\xc1\xf3\x86\x17\xcd2\xe0\xff\x95\x05\x9b\x96=\xa4o\xca\xe9\xff\xf4\xca\x13\x0bd\xac5!\xcc\x92\x18\xbb\x81"\xa2AP9\xad\x9ad5\xa9kL\xd3F&amp;\xfcx\xb8\x1a\x1dT\xaa_\x901\x8d\x9aF\x9a\x1c\x81\xe7\x0c\xe2N\xb5\xb2ve\xb8C\xd49\xbf\x9f\xa1\xbcN\xbc\xbb\xf9|A\xd3\xd4\x1bJ\xcd`\x9e#\xcai\xbb\x0e\x1c\xe8&lt;9\xe5C\x07\x86\xd5E\xe5I\xa0L\x99d\xa6&lt;\x1a\x87rSEL\x81d\xc8\x1e\x15k\x08\xfd\xa3\xf5\x8e\x10\xab,\xf8\x88c\x88\x1b\x14\xd2\r\x07r,\xee\xbe\x13\xc2W\xb1I!A\t:\x1b\x1f\x1a0$\x16c\x8b(U\xd4\xd5\xe7{\x8c4\x1bY\x99\tLm\xcc\xd2\x04#\x13\xb7 \x96s\xa5\xc3W\x8c\xed\x12\x91X\xd6\x02hm\x18U=\xff\xfb\xbf\xfb/\x91\xad\xe1\x99/\xfd-\x7f\xf5\xf1\x87y\xec|\xc3w\xdes\x8a\xd7\xdfv\xc0u\xd7\xed0\x9dNh\xdb\x96s\xaf^\xe4\xf4\xa9mv\xb6\xb7i\xdb+t\x9d`\xb6m\xa8\xd4\x84\x8b\x97\xe6,\x8e:F\x93\x11\x8b\xa5\xcfKoo\xef\xb0\xbdmy\xf9\xd5%\x0eA{t\x9e\xad\xed\x11RX\xb6\xfb\nc\x05Z\x8d\xb9\xe9\x9a\x9e^O8s\xe3mTZ\xb3Z\xaex\xe2\x89\'\x98LF,\x16\x87\xb4m\x8b\xd6\x15}oX\xb7k\x9a\xa6a\xdd\xadx\xc7\xdb\xbf\x97\x7f\xf9\xaf\xfee(G\x05\xadj\xfe\xe1/\xff2\xbf\xfe\xeb\xff3U-\xc0Y$\x16kHkV\x86t\x9b\x1e\xaat.~\x1ds\x96#N\x7f\x99?\x8e\xe8m\x93\xb3\x89B\x1d\t\xa9h\\c~\xdcC\xea\xa1,\x96!\xd5fH\xea\xcf\x15\xe5\xacD\xb99\xd4\x8c\xfb\x17&lt;\xe2\x8c9\xff\xc0\xba\'\xa5\x149\x15\x98\xf4!\xb6iV\t\x99F\xb9/\xe7F"s\xafD7\x9c\xc7\xd1h\xc4|&gt;g:\x9d$\xf9Z\xad|J\xb3\xaa\xaa&lt;\xd7&gt;\xd1\xe0\xf3\xe8\xa5Be\xab\x96\x99\xc72\xfe)o|\xa8\xb0C"nXs\x9c\xa3\xdd!\x84\x1f\xb6\xd4\x89\x13\xbcY\x03\x9f\xbf\x93S\x0f~R\xfd#\x8dJ\xa1I\xde\x16\x10\x05J\xc9\xec\xa3\'\x8cD,s,\xc6\x1c\'\x14DzV\x99_{\x17\x10\x88\xa3\x0f\xb1W\xf2\x18\x05\xf21\xc6\xa0\xa4\xa07\x9dO\xf7\x85\x98\xcd\xaf\xbdC\n\xc3\x0f\xbc\xebM|\xe0}\xdf\xce\xe1\xab/p\xf6k\x8f\xf0\xd1/\xb7\xdcp\xcd\x8c\x9f}\xc7\x1e\xb3\x91\xe2\xf9\x97*\x944\xd8~\x81i-7\xdd|\x8a\xadi\xc5|'... (set the log level to DEBUG or TRACE to see the full content) 
 </msg>
<msg timestamp="20211009 20:54:39.715" level="INFO">POST Response : url=https://rocklov-julius-api.herokuapp.com/equipos 
 status=200, reason=OK 
 headers={'Server': 'Cowboy', 'Connection': 'keep-alive', 'X-Powered-By': 'Express', 'Access-Control-Allow-Origin': '*', 'Content-Type': 'application/json; charset=utf-8', 'Content-Length': '292', 'Etag': 'W/"124-uNzNv0CCMcS4lRdSmORP89mFmQY"', 'Date': 'Sat, 09 Oct 2021 23:54:38 GMT', 'Via': '1.1 vegur'} 
 body={"_id":"61622bbec946ce0016764326","user":"615cfc564215130016a81825","thumbnail":"thumbnail-1633823678190","name":"Violino Stratus","category":"Cordas","price":300,"__v":0,"thumbnail_url":"https://rocklov-julius-api.herokuapp.com/files/thumbnail-1633823678190","id":"61622bbec946ce0016764326"} 
 </msg>
<msg timestamp="20211009 20:54:39.715" level="INFO">${response} = &lt;Response [200]&gt;</msg>
<status status="PASS" starttime="20211009 20:54:38.322" endtime="20211009 20:54:39.716"/>
</kw>
<msg timestamp="20211009 20:54:39.716" level="INFO">${response} = &lt;Response [200]&gt;</msg>
<status status="PASS" starttime="20211009 20:54:38.227" endtime="20211009 20:54:39.716"/>
</kw>
<kw name="Status Should Be" library="RequestsLibrary">
<arg>200</arg>
<arg>${response}</arg>
<doc>Fails if response status code is different than the expected.</doc>
<status status="PASS" starttime="20211009 20:54:39.717" endtime="20211009 20:54:39.718"/>
</kw>
<status status="PASS" starttime="20211009 20:54:37.164" endtime="20211009 20:54:39.719"/>
</test>
<doc>Add Equipos tests</doc>
<status status="PASS" starttime="20211009 20:54:37.147" endtime="20211009 20:54:39.722"/>
</suite>
<suite id="s1-s1-s2" name="DeleteEquiposTests" source="C:\QANinja\RocklovJulius\backend\tests\equipos\DeleteEquiposTests.robot">
<test id="s1-s1-s2-t1" name="Delete Equipo">
<kw name="GET Token" library="Helpers">
<var>${token}</var>
<arg>jose@Jose.com.br</arg>
<arg>Jose@123</arg>
<kw name="Create Dictionary" library="BuiltIn">
<var>&amp;{payload}</var>
<arg>email=${email}</arg>
<arg>password=${password}</arg>
<doc>Creates and returns a dictionary based on the given ``items``.</doc>
<msg timestamp="20211009 20:54:39.753" level="INFO">&amp;{payload} = { email=jose@Jose.com.br | password=Jose@123 }</msg>
<status status="PASS" starttime="20211009 20:54:39.751" endtime="20211009 20:54:39.753"/>
</kw>
<kw name="POST Login" library="Sessions">
<var>${response}</var>
<arg>${payload}</arg>
<kw name="POST" library="RequestsLibrary">
<var>${response}</var>
<arg>${base_url}/sessions</arg>
<arg>json=${payload}</arg>
<arg>expected_status=any</arg>
<doc>Sends a POST request.</doc>
<msg timestamp="20211009 20:54:40.432" level="INFO">POST Request : url=https://rocklov-julius-api.herokuapp.com/sessions 
 path_url=/sessions 
 headers={'User-Agent': 'python-requests/2.25.0', 'Accept-Encoding': 'gzip, deflate', 'Accept': '*/*', 'Connection': 'keep-alive', 'Content-Length': '53', 'Content-Type': 'application/json'} 
 body=b'{"email": "jose@Jose.com.br", "password": "Jose@123"}' 
 </msg>
<msg timestamp="20211009 20:54:40.433" level="INFO">POST Response : url=https://rocklov-julius-api.herokuapp.com/sessions 
 status=200, reason=OK 
 headers={'Server': 'Cowboy', 'Connection': 'keep-alive', 'X-Powered-By': 'Express', 'Access-Control-Allow-Origin': '*', 'Content-Type': 'application/json; charset=utf-8', 'Content-Length': '41', 'Etag': 'W/"29-v6P+5L5phMCY29r1jTiMLH+qWs4"', 'Date': 'Sat, 09 Oct 2021 23:54:39 GMT', 'Via': '1.1 vegur'} 
 body={"user_token":"615cfc564215130016a81825"} 
 </msg>
<msg timestamp="20211009 20:54:40.433" level="INFO">${response} = &lt;Response [200]&gt;</msg>
<status status="PASS" starttime="20211009 20:54:39.754" endtime="20211009 20:54:40.433"/>
</kw>
<msg timestamp="20211009 20:54:40.433" level="INFO">${response} = &lt;Response [200]&gt;</msg>
<status status="PASS" starttime="20211009 20:54:39.753" endtime="20211009 20:54:40.433"/>
</kw>
<kw name="Set Variable" library="BuiltIn">
<var>${user_token}</var>
<arg>${response.json()}[user_token]</arg>
<doc>Returns the given values which can then be assigned to a variables.</doc>
<msg timestamp="20211009 20:54:40.435" level="INFO">${user_token} = 615cfc564215130016a81825</msg>
<status status="PASS" starttime="20211009 20:54:40.434" endtime="20211009 20:54:40.436"/>
</kw>
<msg timestamp="20211009 20:54:40.436" level="INFO">${token} = 615cfc564215130016a81825</msg>
<status status="PASS" starttime="20211009 20:54:39.750" endtime="20211009 20:54:40.436"/>
</kw>
<kw name="GET Json" library="Helpers">
<var>${equipo}</var>
<arg>equipos</arg>
<arg>violao.json</arg>
<kw name="Get File" library="OperatingSystem">
<var>${fixture}</var>
<arg>${EXECDIR}/resources/fixtures/${route}/${file_name}</arg>
<doc>Returns the contents of a specified file.</doc>
<msg timestamp="20211009 20:54:40.439" level="INFO" html="true">Getting file '&lt;a href="file://C:\QANinja\RocklovJulius\backend\resources\fixtures\equipos\violao.json"&gt;C:\QANinja\RocklovJulius\backend\resources\fixtures\equipos\violao.json&lt;/a&gt;'.</msg>
<msg timestamp="20211009 20:54:40.440" level="INFO">${fixture} = {    
    "payload":{        
        "name": "Violão Elétrico",
        "category": "Cordas",
        "price": 250
    },
    "thumb": "violao.png"
}</msg>
<status status="PASS" starttime="20211009 20:54:40.438" endtime="20211009 20:54:40.440"/>
</kw>
<kw name="Evaluate" library="BuiltIn">
<var>${json}</var>
<arg>json.loads($fixture)</arg>
<arg>json</arg>
<doc>Evaluates the given expression in Python and returns the result.</doc>
<msg timestamp="20211009 20:54:40.441" level="INFO">${json} = {'payload': {'name': 'Violão Elétrico', 'category': 'Cordas', 'price': 250}, 'thumb': 'violao.png'}</msg>
<status status="PASS" starttime="20211009 20:54:40.440" endtime="20211009 20:54:40.441"/>
</kw>
<msg timestamp="20211009 20:54:40.442" level="INFO">${equipo} = {'payload': {'name': 'Violão Elétrico', 'category': 'Cordas', 'price': 250}, 'thumb': 'violao.png'}</msg>
<status status="PASS" starttime="20211009 20:54:40.437" endtime="20211009 20:54:40.442"/>
</kw>
<kw name="Remove Equipo" library="mongo">
<arg>${equipo}[payload][name]</arg>
<status status="PASS" starttime="20211009 20:54:40.442" endtime="20211009 20:54:40.494"/>
</kw>
<kw name="POST Equipo" library="Equipos">
<var>${result}</var>
<arg>${equipo}</arg>
<arg>${token}</arg>
<kw name="Create Dictionary" library="BuiltIn">
<var>&amp;{headers}</var>
<arg>user_token=${token}</arg>
<doc>Creates and returns a dictionary based on the given ``items``.</doc>
<msg timestamp="20211009 20:54:40.522" level="INFO">&amp;{headers} = { user_token=615cfc564215130016a81825 }</msg>
<status status="PASS" starttime="20211009 20:54:40.521" endtime="20211009 20:54:40.522"/>
</kw>
<kw name="Get Binary File" library="OperatingSystem">
<var>${bin_img}</var>
<arg>${EXECDIR}/thumbnails/${equipo}[thumb]</arg>
<doc>Returns the contents of a specified file.</doc>
<msg timestamp="20211009 20:54:40.523" level="INFO" html="true">Getting file '&lt;a href="file://C:\QANinja\RocklovJulius\backend\thumbnails\violao.png"&gt;C:\QANinja\RocklovJulius\backend\thumbnails\violao.png&lt;/a&gt;'.</msg>
<msg timestamp="20211009 20:54:40.553" level="INFO">${bin_img} = \x89PNG

IHDR\xfa\xfa\x88\xecZ=sRGB\xae\xce\xe9	pHYs\xc4\xc4\x95+ IDATx\x9c\xcc\xbdyt\\xc5\x95?\xfey\xbd\xab[\xfbj\xad\xb6$/\xb2e\xe3M\xb6\xf10\xc6\x83!@\xc7\x...</msg>
<status status="PASS" starttime="20211009 20:54:40.522" endtime="20211009 20:54:40.553"/>
</kw>
<kw name="Create Dictionary" library="BuiltIn">
<var>&amp;{thumbnail}</var>
<arg>thumbnail=${bin_img}</arg>
<doc>Creates and returns a dictionary based on the given ``items``.</doc>
<msg timestamp="20211009 20:54:40.591" level="INFO">&amp;{thumbnail} = { thumbnail=\x89PNG

IHDR\xfa\xfa\x88\xecZ=sRGB\xae\xce\xe9	pHYs\xc4\xc4\x95+ IDATx\x9c\xcc\xbdyt\\xc5\x95?\xfey\xbd\xab[\xfbj\xad\xb6$/\xb2e\xe3M\xb6\xf10\xc6\...</msg>
<status status="PASS" starttime="20211009 20:54:40.553" endtime="20211009 20:54:40.592"/>
</kw>
<kw name="POST" library="RequestsLibrary">
<var>${response}</var>
<arg>${base_url}/equipos</arg>
<arg>data=${equipo}[payload]</arg>
<arg>headers=${headers}</arg>
<arg>files=${thumbnail}</arg>
<arg>expected_status=any</arg>
<doc>Sends a POST request.</doc>
<msg timestamp="20211009 20:54:41.839" level="INFO">POST Request : url=https://rocklov-julius-api.herokuapp.com/equipos 
 path_url=/equipos 
 headers={'User-Agent': 'python-requests/2.25.0', 'Accept-Encoding': 'gzip, deflate', 'Accept': '*/*', 'Connection': 'keep-alive', 'user_token': '615cfc564215130016a81825', 'Content-Length': '58769', 'Content-Type': 'multipart/form-data; boundary=df161851e35fe92d7ac7dd771d95211b'} 
 body=b'--df161851e35fe92d7ac7dd771d95211b\r\nContent-Disposition: form-data; name="name"\r\n\r\nViol\xc3\xa3o El\xc3\xa9trico\r\n--df161851e35fe92d7ac7dd771d95211b\r\nContent-Disposition: form-data; name="category"\r\n\r\nCordas\r\n--df161851e35fe92d7ac7dd771d95211b\r\nContent-Disposition: form-data; name="price"\r\n\r\n250\r\n--df161851e35fe92d7ac7dd771d95211b\r\nContent-Disposition: form-data; name="thumbnail"; filename="thumbnail"\r\n\r\n\x89PNG\r\n\x1a\n\x00\x00\x00\rIHDR\x00\x00\x00\xfa\x00\x00\x00\xfa\x08\x06\x00\x00\x00\x88\xecZ=\x00\x00\x00\x01sRGB\x00\xae\xce\x1c\xe9\x00\x00\x00\tpHYs\x00\x00\x0e\xc4\x00\x00\x0e\xc4\x01\x95+\x0e\x1b\x00\x00 \x00IDATx\x9c\xcc\xbdyt\\\xc5\x95?\xfey\xbd\xab[\xfbj\xad\xb6$/\xb2e\xe3M\xb6\xf1\x1a0\xc6\x06\x83!@\x12\xc7\x87l\x0c\x19\xcc\x84\xc9&gt;gN\x92\x99\xcc\xfc\xbe\xc9\x99\xe4\x9c$3!\'@6\xc8B\x16 \xc6\xc0\xc4\x98\xd8`\x036\xde\xe4\xdd\xb2,c\xc9\xb2\xb5[\xd6\xbe\xf6\xa6\xee~\xbf?4\xb7|\xfb\xaa^K$0\x99:GG\xdd\xaf\xeb\xd5r\xab\xee\xbd\x9f{\xebV\x95\xe1\xf1xL\xfcO2M\xf5\x11\x00`\x18F\xdc\xf3D\xdf\xe9\xb3U2\x0c\x03\xb1X\x0c\x86aL\xc8\xcb\xcb\x93u\x00\x80\xcdf\x83\xddn\x87\xcdf\x83a\x18X\xbdz5\x16,X\x80\x9a\x9a\x1a,[\xb6\x0c\xd5\xd5\xd5\xc8\xc9\xc9ARR\x12\xc2\xe10L\xd3D__\x1fb\xb1\x18\xe6\xcd\x9b\x87`0\x88\xfa\xfaz\xc4b1$%%all\x0c\x86a`tt\x14\x86a`\xe5\xca\x958~\xfc8b\xb1\x18\xfc~?\xdcn7\x9cN\'&lt;\x1e\x0f\\.\x17"\x91\x08rrr\xd0\xd4\xd4\x04\xa7\xd3\xa9\xfa\x11\x0e\x87\x11\x08\x04\xe0\xf1xPTT\x04\x8f\xc7\x83\xee\xeen\x18\x86\x01\x9b\xcd\x86X,\x86h4\x8aP(\x04\xb7\xdb\r\xaf\xd7\x8b\xfe\xfe~\xd5\x1f\xc30\xb0h\xd1"\xf8|&gt;\xec\xdb\xb7\x0f3g\xceD(\x14\xc2o\x7f\xfb[D\xa3\xd1\x84\xf4\xa4d\xb7\xdb\xa7\x9c\xf7\xfdJ|\xfc\xa8\xaf\x00\xd4\xf8\xd0|0\x0c\x03\xd1h\x14\x86a\xc0\xedv\xc3f\xb3allL=\x03n\x8c\xb3\xcdf\x83i\x9a\xaa\x8cX,\x16W\xa7\xcdf\x83\xdb\xedV4\x8dD"*?/\xc7n\xb7\xc34MD\xa3Q\xc4b1\xd8l6x&lt;\x1e8\x1c\x0e\x8c\x8c\x8c\xa8\xb2\xecv;\x9cN\'\xc6\xc6\xc6`\x9a\xa6z\x87\xf7\x8f\xfa\xe1p8`\x18\x86\xca\xebp8\xe0\xf5z\xe1\xf1x\x10\n\x85022\x127_\xa3\xd1\xa8\xeaG$\x12Qu\x99\xa6\x19\xd7/IG\xfa\xce\xeb\xa7&gt;8\x9dN\x95\'\x12\x89 \x1a\x8d\xaa\xf6\xd9\xedv8\x1c\x0e\xb8\\.\xb8\xddnE\x9f`0\x88\xb1\xb11\x00\x80\xc3j\x00\xa7:\xd0\x92\xc9\xa5\x10\xa0\x81\x97\x1d\xe4\x84\xd1u\xd0*\xd1o)))HMM\x85\xcb\xe5BJJ\n233\x91\x9c\x9c\x8ch4\x8a`0\x88\xa4\xa4$x&lt;\x1e\x14\x17\x17#\x1a\x8d";;\x1biii\x08\x06\x83j\xb28\x1c\x0e$\'\'#))\teeej\xc0m6\x1bl6\x1b\xbc^/\\.\x17\x00`hh\x08\xeb\xd7\xaf\x87\xd7\xeb\x85\xc3\xe1@,\x16S\xf9\x9dN\xa7\xca\x17\x89D\xd4\xfb4\x08\xd1hT1vWW\x17\xd2\xd2\xd2\x10\x0e\x87\xd1\xde\xde\x8e\xeb\xd7\xaf#))I1\xfc\xc8\xc8\x08&lt;\x1e\x0fFGG\xa74\x16\x89h\xf5A%\x1a\xf3Du\x13\x03\xea\xc6\xd4J\xa0[\x95M\xdf\xe5_,\x16C,\x16\x83\xddn\x8f\xcb+\xeb\xd0\x95K\xf3\x91\x84\n\xaf\x8f\xe7\xe5\xe5\xf01\xe7\xed\xb2\xd9l\x8a\xf1H\x88\xf0\xf2\xa8\x9d\xba\xb2\xf9\x9c\x93t\xe1m\xe4m\xa5?\xde.\x9e\x8f\x0b?%\xact\x0c\';\x9cH\x00\xc8F\xf3\xf7tye\x03\xb8\xa6\xb7\x9a8\\\xb2\xd1\xf7\xd5\xabWc\xeb\xd6\xad\xa8\xad\xadEQQ\x11n\xb9\xe5\x16\xf4\xf6\xf6*\xa9Oy\x87\x87\x871::\x8a\x8c\x8c\x0c\xa5Y\x89)\xa9\rW\xaf^EQQ\x11B\xa1\x10\\.\x17\x9cNg\\\xbd\xb1X\x0c---\xc8\xc8\xc8\x80\xddn\x87\xd7\xeb\x8d\xd3\x02\xe1pX\r6i,*;\x14\n!\x12\x89 \x1c\x0e#\x12\x89\xa0\xaf\xaf\x0f\x81@\x00\x00\xd0\xd7\xd7\x07\x00\xf0x&lt;\xc8\xcb\xcb\xc3\xbcy\xf3p\xec\xd81\xf8|\xbe)3\xfa\xdf*%b\x0c)\xd8i,\xac\x92n\x8e\xc9yA\xff\xedv{\x1c2$&amp;\xa7\xfa8\x03\xc8\xf29\x93R^\xdd\x9c\xa3\xfa\xa8\xccH$2Ah\xe8\x04\x14\xcd\x07bv\x1d\xbd\xe4\xdc\x97\xc8\x95\xd7\xcf\xdb\xc0i*\xdf\x91\x82\x87\x90\x07\xf5\xcf0\x0c8&amp;\x93\xccV\xc9J\x93\xf3\n\xf9s\x9d@ \x86\xb4\x120\x12\x9a\x11\x1c\xb6\xdb\xed\xe8\xea\xea\xc2\xf5\xeb\xd7144\x84s\xe7\xce\xc1\xef\xf7+\xe8\x1d\x0c\x06UG3331::\x8a\xce\xceNUV4\x1a\x85\xdf\xefW\x10\xa8\xb8\xb8\x18---\xf0\xfb\xfd\x8a1SRR\x14\xa1\xc7\xc6\xc6PPP\x80\xeb\xd7\xaf\x03\x00FFF`\xb3\xd9\x10\n\x85\x143\x17\x14\x14\xc0\xe5r\xa1\xbd\xbd]A\xbaP(\x14\x07S\t\xee\xfb\xfd~8\x1c\x0e\xf4\xf7\xf7\xe3\xef\xff\xfe\xef\xe1\xf1x\xd0\xd3\xd3\x83\x8c\x8c\x0cddd --\r]]]S\x1a\x07\xdd\x84\xf9[%\x1d\xf3\xcb\xb9 \x99\xc4J\x89\xe84\xaf\xd4\xa6V\xc8R\xd6\x13\x8b\xc5\xe0p8\xb4\xf5I\xd8\xaeSZ\x84\xfe\xe4;\x9c\x99x\xd94\xe6\x84\xe2\xb8\xe6\xa59\xcf59\xf5\x91\x84\x98\xd4\xfe2\xf1\xf2\xc8\xb4\x904\x91\xa6\x8f#Qa:\r\xcc\x07A\x12L\xc2u\xf9\xbb\xcc\x9b\xc8\x04\xe0\x1d"bp\xc9ZWW\x87\x9a\x9a\x1a,]\xba\x14\xe7\xcf\x9fGSS\x13RRR0::\n\xbf\xdf\x0f\xbf\xdf\x0f\x8f\xc7\x83y\xf3\xe6!\x12\x89\xe0\xfc\xf9\xf3HJJ\x82\xd3\xe9\x84\xc3\xe1@(\x14B8\x1c\x86\xd3\xe9DVV\x16\xda\xda\xda\x10\x8b\xc5\x10\n\x85\x94F\'\xbf\x00\x95744\xa4\x18\xdb\xe1p`llL\t\x0f\xb2\xc5\x08\xb6\x91M\x1a\x8dF\x95\x94\x07\xc6\xb57\xd9\x8f.\x97K\xc1\xfa\xd1\xd1QD\xa3Qdee!--m\x02}\xad\xd2T\xcd\xad\x0f2\xd1\xfc\xe0\x90Uj$z\xc6\xdf\xe1\xcf\xf9\x1c\xd3i.\xfa.\xe1\xb3\x9cW\x1c\x06Kx\xcc\x9f\xf1\xf6X\xd1\xd0\n\xad\xca\xa4\x83\xfe\xc4\x844\x07\x88\xb9\xa9o:\x94\x13\x0e\x87-\xdb \xfb"\xf9Q\xfa*8\x9db\xb1\x18lV\xcc\xc53\xca\xceM\x06\xe7\xad\xf2[\x11Z\xe6\x91\xf6\x1dw\x98P\xd9\x81@\x00\x861\xee\x98HJJBjj*\x0c\xc3@ZZ\x1a222\x90\x94\x94\xa4\xca\x0e\x04\x02\xcaQ\xe1p8\xe0t:\xe3\xe0\xb5i\x9a\xca\xb9C\x13\x16@\x1c\x83\xc6b1\xe5\xe8#\xc7\n\xd5\xefr\xb9\xd4g\x9b\xcd\xa6\x04\x12Ih*cll\x0c\xc1`P1z,\x16S0\xfe\xea\xd5\xab\x18\x1e\x1eFvv6rrr\xa6\xcc\xc0\xff\x1749O:\xc6\x93\x13_\xf7\x8e\xfc\xcd\n!\xcar\xe5s \x9e\xf18|\xa5rh\xec%\xcc\x97\xe5\xca\xf7$O\xf0\xb9Ac\xca\xe77\xd7\xd4Vm\xe6\x1a\x9c\xf7A\n+\x99\xac\xd0\x8b\x8ev6\x9b\rqT\xe7/p\xe7\x80\x0e^\xcbJ\xa5D\xe1\xbfM\x15\xaa\xf1I!\x89\xa0$\x13svP\xd9\xc1`\x10\xa1PHA%&gt; \xc4\x80d\'\x87B!\x0c\x0f\x0f\xc7}\x1f\x1b\x1bC$\x12A,\x16\x83\xdb\xed\x86a\x18\xcasI\xccKm!O&amp;}\xe7\xf0\x8b\xdaH\x9e\xf6H$\x82P(\x14\x07\x0f\t\x06J\x8d\x17\x8b\xc5p\xea\xd4)\xf8|&gt;\x14\x15\x15)T1\x95\xf4\x7fA\xab\x03\xf1v\xa8NQ\xf0\xb1\xe5\xef\xf0\xf6\xcb\xf7\xac\xb47}\xe7\xbfs\x86\x94\x0e*Y.\x1f/\x89 \xac\x98\x9d\xd7Kc\xa9c0\xd9\x1f\x9b\xcd\xa6\xc6\x9c\'&gt;\x87x{9\x93\xeb\x90\x82|G\xb6\x9b\xe6/\x7f7\x8e\xd1\'s\x9aPC&amp;cz\x9et\x92x\xb2\x89)\xa1\x12\xcfOD\x03n\x0c\x1e9\xc0\xb8\xf7\x93\x08B\x1er\xc30\x10\x08\x04\x14\xe3Q=\xc4\x98\xe4\x1d\xa7\xb2x\xf9\xdc\xcb)\x05\x1a\xd9\xf9\xa4\xc59\xf3K\x0f,=\xe3KC\xb4\xd4\x97\x9d\x9d\x8d\x9a\x9a\x1a8\x1c\x0eL\x9f&gt;\x1dn\xb7{\xd2\xb1\xd0\xd1\xe7\x7f;i\xb5\x87\x85\xd6\xd611\x80\t\x13\x97\x97\xa7\x9b\xc4\xbc\xdeD\xb6\xbb\xd539\x87ue$RXrN\xf39!a&lt;\xd7\xcad\xda\xf1\xfe\xe8\xea\xd1\xf5OGo9\xafx_%j\x9e\x9c\xb3Y\x03\xa4\xbd\xa0\xcb\x13W8C\x02:i\xa7#\x88U\xc7\xf9\x7f\x97\xcb\x15\x07\xc1L\xd3T\xeb\x86\x91H\x04\x00\x94\x04%;\x9b#\x14\x1a\x1c\xc3\xb8\xb1FJL\xc9=\x96T\x1f\xd9\xd3\x94/))I\xd9\\v\xbb]\xd5)%7\xf7\xbe\x92  ;\x8c\xea\'4\xd0\xd2\xd2\x02\x9f\xcf\x87\xde\xde^L\x9f&gt;\x1d\x19\x19\x19S\x1a\x97\xbf5\xa3S\x1b\xf8\x7f\x9e\xa8m\xba5j\xfa\x9fH{\xf3\xfc\xe4\xa7\xe1\xe3.mv+ee\x05\xd1\x81\x89\xc8Q\xd7\x16\x1dc\xd2\x1c\x94^n\t\xc5e\xfb\xac|\x03\xb2|\xc9?2^B\xcei\xca#\x1d~\x80p\xc6%\x92b\x92`\xbaA\xa5\xca\xa9L.=uv\x88\xae,\xfe\x0e\x0f&lt;\xe0R\x8b\x9eQ0\x00\rT(\x14R\xc1\x11\xc4t\\(\xd0\xd2\x1bM\x18\x0es\x08R\xbb\\.$%%M\x184B\x06\x14d!\xa5&amp;\x97\xda\xa4\xe1%\xd3\x93y\xc0\x83C\xa8\x1d\xe1p\x18\xd3\xa6M\xc3\xa9S\xa7\xb0v\xedZ\xcc\x9f?\x1f---Z\x1a\xf3\xf4\xb7ft\xa9\x19\xb9F\xe3\xff\xe5\xda.\xff\x9dOVJ\xe4\xdfp\xb9\\\xa8\xa8\xa8\xc0\xf2\xe5\xcb\xb1p\xe1B\x94\x94\x94 --M\xadl\x0c\x0e\x0e\xa2\xa5\xa5\x05\x17.\\\xc0\xe9\xd3\xa7q\xf1\xe2E\x15\x18#\xcdN\xce\xd84\xee\xd2\xcc\x93\x893\xaa4\r8\xfa\xe3\xbfS\x1eBs\xdc\x11\'5\xae\xe4#j\x13\xcd\x1dI#\xb9\x14\xcd\xe9I\xf5\x11J\xe5\xed\x99\x100\xc3;,\xed\x1c\x1d\x11d\x03\xa4\x97U\xb7\xae);\xc8\xf3\xf1uA\xaey9\x14\x06\xa0&lt;\xdf\xbc\xdd\x92\xa0N\xa7\x13N\xa73.\xb2\x88\x0f\x08\xb7\x85\x80qgY8\x1c\xc6\xd8\xd8\x98\x8a0\xe2\x83K\x89\x18\x94\x06\x85O(bfB\x0b###qk\xbf\x1e\x8fG-\xaf\xf1\xbac\xb1\x18\xaa\xab\xab\xb1d\xc9\x12\xd8l6\xac\\\xb9\x12o\xbc\xf1\x86\x12f\x89\xd2TL\xae\x0f2q\x81I~\x12z\x96HSJ\x06w\xb9\\\xc8\xcc\xcc\xc4\xf4\xe9\xd3QUU\x85[o\xbd\x15\xf3\xe7\xcf\x87\xcb\xe5\x82\xdf\xefG8\x1cV\x93\xd84Mx&lt;\x1ex&lt;\x1e\x14\x14\x14`\xcd\x9a5j\xa5\xe3\xca\x95+\xd8\xb7o\x1f\x8e\x1c9\x82\xe6\xe6f\x0c\r\rMh+\xaf_g\xeb\x027\x04\x02\xef\x13\x17Z4\xdf\xb8c\x97\xca\xe5s\x86\x0bwi\x9e\xf0\xfc|\xbe\xd1\xdc\x02\x107\x7f8-%]\xe9\xbb.X\xc9\xa1\xabT\xf7y*\x03-\x0b\xd7\x95\xc5\x85\x03\'\xaa\xfc\xcc\t\xc0!\n\x85\xfb\x11\xd1\xc2\xe1\xb0b4\xd2\xd8\xbc\xc3&lt;D\xd4\xe3\xf1(i\x0f@I]2\x07\xc8\xab\x1e\x89D\x94\x80 t@\xed\xe1H\x80\x84\x0e\xd9^\xd2d\x19\x1b\x1bSm\xa5\xb6\xd02\x1cg\x04\xca\x7f\xe1\xc2\x05,Y\xb2\x04\x1d\x1d\x1d\x98?\x7f&gt;\xe6\xcc\x99\x83\x0b\x17.X\xa2\'I\xff\xc9\xf2\xfd\xad\x92dr\x89\xe8\x1c\x0e\x07\xaa\xaa\xaa\xb0v\xedZ\xacX\xb1\x02\x8b\x17/FOO\x0f\xae_\xbf\x8e\xba\xba:\xf8\xfd~477\xa3\xab\xab+\xce\xf4!$\xe6t:\x91\x91\x91\x81i\xd3\xa6\xa9\xf8\x87\xbb\xef\xbe\x1b\x0f?\xfc0jkkq\xf0\xe0A\xbc\xf3\xce;8\x7f\xfe\xbcj\x0f)\x0e\x9dF\'\xa1%\xcd\x069wI\xe8\xf0~\xf2\xcf\xd2\x0b\xafKV\xfc\xc6\xb5\xb2\\\x8d\xb0BD\xfcw\xeeW\x020\x1e0\xa3k\xe8dL\xce\xa5\x8c\x847\xf4\xbel\x90\xac\x877\x90\xd7)5/\x97\x88\xe4\t\'&amp;\x8dF\xa3j\xe9\x8cKL\x9a\x08.\x97KA\xf2`0\x08\x8f\xc7\x83p8\xac\xd6\xb0y\xa4\x9c\xcb\xe5B \x10P\x9ev\xaa\x9f/\x8fP"\x94@\x93\x86\x10\x03\xa1\x0c\xb2\xdb\xf9\xfb\xf4\x1e\xd5\xe7\xf7\xfb\x15-\xc9\x07\xd0\xd0\xd0\x80\xa2\xa2"\xcc\x993\x07\x9b7oF}}\xbdv}\x95\'\xd2\xa4T\xe7\xdf"Is\xcdJ\xf8\xf3\xb1w\xb9\\X\xb7n\x1d\xb6o\xdf\x8e\x05\x0b\x16\x00\x00\x0e\x1d:\x84\x17_|\x11\x99\x99\x99hjjB\x7f\x7f?\xf2\xf3\xf3\x91\x93\x93\x03\x9f\xcf\x87\xeb\xd7\xaf\xa3\xa5\xa5\x05]]]\x18\x1a\x1aB(\x14\x82\xd7\xebEaa!\xae_\xbf\x0e\xd34\x91\x9f\x9f\x8f\xe1\xe1a\xec\xd8\xb1\x03\xf3\xe7\xcf\xc7c\x8f=\x86O~\xf2\x93x\xee\xb9\xe7\xf0\xb3\x9f\xfd\x0c~\xbf?\x8e\x19\xb8\x06\xe7\xed\xe5\x89\xf7\x81\x84\xba\xb4\x83y\xe2\x08\x97\x07\xdbP\xe2Ks\x1c\xceK\xde\x90\n\xd2\xaa&gt;.X\xb8\x12Q\xca\x91g\x94\x9d\xb4\xd2\x14&lt;\x9ag*\xc2Ajo]Cy\xa7$\xf3S}\xf4\x9c\xb4\xad\xd7\xebE,\x16\x83\xcf\xe7\x83\xd7\xeb\x85\xddn\x87\xdf\xef\xc7\xd8\xd8\x98\xda|BL\x00\x00^\xafWM\xb0\xc1\xc1\xc1\xb8\xb2\xd3\xd2\xd2\xe0\xf7\xfb\xe1t:\x95\xb3\r\x80\xfa\xecv\xbb\xe1\xf3\xf9\xe2\x04\\$\x12Q\x010\x0e\x87\x03\xa9\xa9\xa9\x88F\xa3*r\x8e\xb4:m\xa4\xa1\xf5\xfb\xd4\xd4T\x04\x02\x01\x8c\x8e\x8e\xaaIc\xb7\xdb\x11\x0c\x06\x91\x96\x96\x86s\xe7\xcea\xf9\xf2\xe5X\xbdz5\xf6\xef\xdf\x8fS\xa7Ni\xe9J\x89l\xd9\xbf\x05\xa3\'B\x11R\xfb\x10\xdd\x92\x92\x92PQQ\x81o}\xeb[X\xb9r%\x86\x86\x86\xf0\xe2\x8b/btt\x14\xd9\xd9\xd9\xb8|\xf92\xb2\xb3\xb3\x91\x9b\x9b\x8b\xf6\xf6v\xfc\xe67\xbfAGG\x87\nP\x92a\xaf\x00p\xec\xd81\xd8l6\x14\x17\x17c\xde\xbcyp\xbb\xdd\xa8\xac\xac\x04\x00\xfc\xdb\xbf\xfd\x1b&gt;\xf6\xb1\x8f\xe1+_\xf9\n6n\xdc\x88\x7f\xfd\xd7\x7fEMM\x8d*\xc3\xaa\x0f\xb2\xed@\xbc2\xd21(%&gt;\x87u\x9bxt\xb66\x7f\xce\xeb\xe0\xed\x91\xed\xe56\xb9\xa47\x17\xb8\x96\x9bZt\xd0\x9b?K\x04I\xa4\xd0\xb0\x12\x18&lt;\x9f\x84E:i\xc6?\xd3n5\xd34QRR\x82\xdc\xdc\\D"\x11\x04\x02\x01\xb5.\xeet:\x91\x9d\x9d\xad&amp;\x90a\xdc\xf0z\xd3\xe6\x91\xf4\xf4tx&lt;\x1eddd`hhHis\x87\xc3\x01\x87\xc3\xa1\x82l\x0c\xc3\x80\xcf\xe7S\xeb\xecdG\xd1\xce\xa4\x94\x94\x14\xa5\x95\xfd~\xbf\xd2\xee\x04-\x89\x99\xfd~?\\.\x17b\xb1\x18.]\xba\xa4\x96\xd8\x08\xd2_\xbe|\x19\x15\x15\x15x\xeb\xad\xb7p\xef\xbd\xf7b\xf3\xe6\xcd\xb8|\xf92\x06\x07\x07\xb5\xb4\x9el,\xfe7\x93\x95\xb6!zeggc\xf1\xe2\xc5\xd8\xbau+&gt;\xf4\xa1\x0f\xa1\xbd\xbd\x1d/\xbe\xf8"\xae^\xbd\x8a\xe2\xe2btvv\xa2\xaf\xaf\x0f\xc1`\x10\xcf=\xf7\x1c:;;\xe3\xfaEt\x94J\x86hm\x9a&amp;\xda\xdb\xdb\xd1\xd6\xd6\x86\xe4\xe4d455\xc1\xe7\xf3\xa1\xaa\xaa\n\xfb\xf6\xed\xc3\xd5\xabW\xb1h\xd1"&lt;\xf9\xe4\x93\xf8\xc9O~\x82W_}\x15\xbd\xbd\xbdqe\xc9\xcf\xf4\x9d\xafKs8\xcdM\x00]\xbfu\x88\x97Cq\xca\xc3\x9d\xd8\xf4\x9c\xe7\xd1\xd1\x93\x7f\x96uQ"\xa1\xe8\xd0\x154Y\xd29\xd8\x12\x95\xe1\xf1x`\x18\x86\x8a\x02\xa32d\xe2\x8e\x04\x9e\xe4\xb3\xf4\xf4tl\xd8\xb0\x01\xa9\xa9\xa9x\xe1\x85\x17\xb0q\xe3FL\x9b6\r~\xbf_y\xcci\x00FFF0\x7f\xfe|dggcddD1#\xaf\xbf\xa3\xa3\x03\x05\x05\x05*F\x9e\xfaC\xf9L\xd3DSS\x13\xb2\xb2\xb2\xe2\xe0\xb9N\xba\xf2\xe89\x82\xd3|[eGG\x07\x9cN\'\xc2\xe1\xb0B\x18\xe4\xcd\x8f\xc5b\xe8\xec\xecDQQ\x11zzzp\xfa\xf4i\xdcv\xdbm8v\xec\x18\xf6\xef\xdf\xaf\xa5\x19\xa7\xe7\xdfb\xcb\xaa.\xd1d#T\xe3\xf5zq\xcf=\xf7\xe0\x81\x07\x1e@EE\x05.\\\xb8\x80\x83\x07\x0f\xa2\xa1\xa1\x01)))p8\x1c\xd8\xb5k\x17\xba\xbb\xbb\xd1\xd4\xd4\x04\xbf\xdf\x1f\xe7\xa5\x97ZSNf\x9dR\xf2\xfb\xfd\xa8\xad\xad\x85\xddnG]]\x1d\x16,X\x00\xa7\xd3\x89P(\x84\x8c\x8c\x0c\xfc\xd3?\xfd\x13\xaa\xaa\xaa\xf0\xfd\xef\x7f\x1fMMM\x13\x90\xa9\x8e\xf1\xe9\xbf\xf4\xd6\xeb\x92df &gt;h\x87\xaf\xa7s\x98\xcd\xfb\'\x15\xa4\x9c\x93R)Je\xc9\xcbq\xf0\xcc:\xa2\xe9\xa0\xc0dI6.\x14\ni\t\xc1;\xc9\xed\x1d9h\x9cP6\x9b\r&gt;\x9f\x0fW\xaf^\xc5\xe0\xe0 FFFp\xf0\xe0A\xa4\xa4\xa4\xa8\x884\xd34188\x88X,\x86\x85\x0b\x17\xe2\xf8\xf1\xe3\x08\x04\x02jI\x84\xd6\xcb\xa3\xd1\xa8\x82\xfd\xd7\xae]\xc3\xf0\xf00\x82\xc1\xa0\xb2\xe9SSSU\xf4\\yy9\x9a\x9a\x9a\x94\xad\xcf\x07\x8d\xbc\xc5N\xa7\x13\xc3\xc3\xc3\n\xdeS\xf4\x1d9\x8dh\xc9\x8d6\xe0\x98\xa6\x89%K\x96\xc4\xedt\xea\xe9\xe9A8\x1cFww7\xce\x9d;\x87\x8a\x8a\nl\xdf\xbe\x1d\xb5\xb5\xb5\xb8v\xed\x9a%\xcd\xb9i\xf0\xb7H\x12*\x92@\\\xb6l\x19\xbe\xf9\xcdob\xd1\xa2E8w\xee\x1c\xf6\xee\xdd\x0b\x87\xc3\x81w\xdf}\x17\xb3f\xcd\xc2\xee\xdd\xbbq\xf1\xe2E\x0c\r\ri\xcd\xc7\xc9\xcc&gt;\x1dSr\xe7i,\x16\xc3\xf0\xf00\xaa\xab\xab1&lt;&lt;\x8c\xa5K\x97\xc24M&lt;\xf7\xdcs\xd8\xbe};RSS\xf1\xf5\xaf\x7f\x1d\xad\xad\xad\x96s[WG"\x04\xa0k\xbf\xb4\xe79\x9d\xf8\xca\r_u\x92\xf9x]\x94_\xa2\x0bi\xab+;\xdd\xe9t\xfe\x7f\xbaF\xeal\x11Yi\xa2\xceI\xc6\xe5\xb0BB\x0c\xeeU\x97ep\xc9N0y\xd6\xacYhllDGG\x07\xc2\xe10ZZZ\xd0\xd3\xd3\x83\xde\xde^\xb4\xb4\xb4\xa0\xb3\xb3\x13\x9d\x9d\x9d\xe8\xea\xeaBQQ\x11\xea\xea\xea\xd0\xd1\xd1\x81\xa1\xa1!\x15.;00\xa0\x96k\x0c\xc3@www\xdc\x8e3\xf2\xb6S\x18kff&amp;\xfa\xfa\xfa\x14\xe3\xd3\x00\x91\xd7\x9f\xda800\xa0v\xc1\xd1\x92\x10189\x07Ms\xfc\xf0\x82\xbe\xbe&gt;\x94\x97\x97\xa3\xac\xac\x0c\xb5\xb5\xb5hmmE$\x12Aww7\x16.\\\x08\xaf\xd7\x8b\xe6\xe6f\xdcv\xdbm\x981c\x06\x8e\x1c9\x12\x87\x8a$\xfd\xff\xd6\x1a\x9d\xc6,99\x19eee\xf8\x8f\xff\xf8\x0f|\xe3\x1b\xdf\x00\x00\xfc\xecg?C \x10@oo/\x0c\xc3@OO\x0f\x9e|\xf2I\xb4\xb4\xb4 \x18\x0c\xaa\xf6S9V\xb6/\x9fO|\x8er\x9bW\xce\x1d\xfa\xbd\xa7\xa7\x07\x86a //\x0f999\xd8\xb5k\x17\xee\xbd\xf7^\x14\x14\x14\xe0\xe4\xc9\x93\x96[\x83%\x93\xd9\xedve\xd2\x05\x02\x81\t\xe1\xa6@\xbc\xb3MFS\xea\x18\x97;\x7f\xe5\x12\xb5.?\xa7\x05\xd1\x8d\x9c\xc3djp\xc7\xb4b\xf4D\xd0[jZ+;B\x12_v\xca\x8a\x80\xbaw\xa5-C\x82\xc3\xe5ra\xf1\xe2\xc5q^\xf8@ \xa0\x9c4DX\xb2\x8d\xcb\xca\xcap\xed\xda5%\xe9].\x97"j(\x14Bnn.\x80\x1b\x1bg\xa8\xae\xd4\xd4Te\xabG\xa3Q\xc5\xe8\x14,C\x0e\x10\xd2\xa4\xc9\xc9\xc9HNN\xc6\xe8\xe8(b\xb1\x98\na\xa5v\x90C\x86\xaf\xd5\x87B!\x94\x94\x94\xa0\xbc\xbc\x1cW\xae\\\xc1\xd5\xabW\x15*\x19\x1d\x1dEnn\xaeZ\x8b\xbf\xfd\xf6\xdbQXX\x88\xda\xda\xda\xb8ua9NSE]\xefw2\x8c\xf1\x18\x81\xf5\xeb\xd7\xe3\x1f\xff\xf1\x1f\xf1\xf5\xaf\x7f\x1d\x86a\xe0\xcc\x9938r\xe4\x08\xca\xca\xcaPSS\x83\xa6\xa6&amp;\xbc\xf4\xd2K8~\xfc\xb8\xd6/\xc3\xfb"\x93\x15T\x96\xb0[*&amp;\x9e\xaf\xaf\xaf\x0f&gt;\x9f\x0f)))\xc8\xca\xca\xc2\x95+W\xb0n\xdd:\x94\x96\x96\xe2\xc4\x89\x13j%D&amp;\x19GAK\xaa\x9c\xd1y]4\xc7\xf8\xf2\xa9\x14F\xbc\xed\x9c\x06\xfcw\x12X:a\xc1#&gt;i\xb3\x16\xd5\xc3\xc3\xc2\r\xc3\xb8\x11\x19\x97\xc8\x89B\x15rB\xebl\x01IT\xdeX\x19\x02)\xebI\xc4\xf4\xb2^\x9b\xcd\x86`0\x08\x00q\x07?\xf0\xba\xe8\xbb\\\x06$\xe8\xcew\xab\x913\x85&lt;\xe0\x1e\x8fG\xedJ\xe3P\x90\x0f\x1a\x95\x05@-\xf9q\x1a\xd2\x12 Ihr\xf2Q\x9b#\x91\x88z\x9f\xea\xe0}lll\x84\xcf\xe7\xc3\xaaU\xab\xd0\xda\xda\x8aW^y\x05\x0f&lt;\xf0\x00"\x91\x08~\xf0\x83\x1f\xa0\xbd\xbd}\x02\x1d\xad|\x1c\x1ftr:\x9dX\xbdz5&gt;\xfd\xe9O\xa3\xaa\xaa\n\x1d\x1d\x1d8v\xec\x18z{{122\x82h4\x8ag\x9f}\x16\xed\xed\xed\xca\xfc\xb0\x82\xe7\x89\x84\x14\xfd\xc65\x95\x15\xb4\xa5\xcfrn\x87B!\x1c&lt;x\x10v\xbb\x1d7\xdf|3\x86\x86\x86p\xf2\xe4I\xdcq\xc7\x1d\xe8\xef\xef\xc7w\xbf\xfb\xdd\t\xcc\x9e\x08\xbaOE\xa8\xf2&lt;\x92\xd9%B\xe1}!\x9e\x91\xf6\xbcl\x1b\xfd\xc6\x03td\xa0\x92v\x9b\xaa\x84MV\xda\x99;\xa3\x12!\x82D\xcb&gt;\x92\xa99\xc3\xea\xf2\xf1\x0e\x18\xc6\x8d3\xb9\x92\x93\x93a\x18\x86\xda\x06\x1a\x0c\x06\x11\x0c\x06\x15\xdc\x8fF\xa3\xf0x&lt;\n\x05\x10\x93q\xd8E\x9e[i\xdf\x10\x14\xe20\x89KY\x82L\x04\xfb\xb9\xf4\'\xcf&lt;9$y\x9d\x9c19\xa3\x13]kkkQWW\x87\xb6\xb66\xa4\xa7\xa7\xe3\'?\xf9\t\xb6m\xdb\x86\x9f\xfe\xf4\xa7\xc8\xca\xca\x9a@K\xa2\x89n\xdd\xf6\x83H\x86a\xa0\xb2\xb2\x12/\xbd\xf4\x12^}\xf5U\xac\\\xb9\x12/\xbf\xfc2ZZZp\xf4\xe8Q\xb8\xddn\x9c?\x7f\x1e?\xfe\xf1\x8fq\xea\xd4)\xe5E\x97\x8c\xc9\x9d[\xbc/\x9c\x99\xf8\x9f\x956\xe4\x9f\xf9\xa4\x97\x02$\x18\x0c\xe2\xcf\x7f\xfe3\xaa\xab\xab\x91\x9e\x9e\x8e\xcb\x97/\xa3\xbe\xbe\x1e[\xb7n\xc5\xddw\xdf=\xe1t\x18\x99\xa4OI\xc7\xf4V}\x91\xe8E\x86\xe8\xca\xc0\x1c9\x1fu\xe5q\x05B\xc2\x81\xe6\x802ed\'$\x0c\xe2\x9d\xd3\x11UJc&gt;\x18|\x12\xeb\x18ZzV\xf9g\xdd\xa0J{\x86\xc7\x95\x8f\x8c\x8c\xc0\xe1p\xa8gT\x87i\x9a*\x08\x86\xd6ai\xa0x&lt;5wd\xf1\r1\xb4)\x86\x08966\xa6`\xbe\x8c\x97\xa7\xfa\xa4\x90\xa2}\xe8\xf4\x9c\x02f\xb8\xf7^\xb7~\x1a\x8b\xc5p\xf4\xe8Q\x8c\x8d\x8d\xe1\xc0\x81\x03\xc8\xce\xce\xc6\x8e\x1d;PVV\x867\xdf|\x13[\xb6l\x99\xb0\xf9E\x1e{\xf4~\'\xbb\xdd\x8e\x82\x82\x02l\xda\xb4\t\xcf&gt;\xfb,v\xed\xda\x85\x82\x82\x02&lt;\xf3\xcc3x\xe1\x85\x17\x90\x9c\x9c\x8c\xc6\xc6F\xb8\xddn|\xeb[\xdf\xc2k\xaf\xbd\xa6\r1\xd51\x82\x8e)\xf9;R\x01\xf19\xc4\x93d@Y\x16A\xdc7\xdex\x03555\xc8\xcf\xcf\xc7\xde\xbd{\xd1\xdf\xdf\x8fm\xdb\xb6a\xce\x9c9\x93\xd2!\xd1\n\x08\xd5\xc5\xf3$B\x00|\xaeS\xfft\xeb\xfb4\xcf\xacxT\nO\xce\x83S\x16\xfd\xd2\x1b(;@\x9fup^.\xc7I\xa6\x96\r&amp;f\xd11&lt;\x11\x83N\x8a\xa1\xe5+`\xfc\x80\t\xb2\xa9%d\x07n@!bR\xb2\xc1\xe97\x1a\x18~t\x1017\x8f_\x97\x9b\x19\xf86W\x1e\xa0\xc3w\xce\x91\x07\x9e\x84\x08\xfd\xa7ry\x94\x1d\xefs4\x1a\xc5\xae]\xbb\xb0a\xc3\x06\xb4\xb5\xb5\xc1\xe7\xf3a\xff\xfe\xfd(**\xc2\xf7\xbf\xff}\xec\xdd\xbb\x17;v\xec\xc0\xb1c\xc7\x14r\x9aJ|\xfc{M.\x97\x0b\x95\x95\x95X\xb3f\rn\xb9\xe5\x16\xcc\x9c9\x13mmm8q\xe2\x04\xea\xea\xea\x90\x9f\x9f\x8f\xa1\xa1!\xd4\xd5\xd5\xa1\xbe\xbe\x1eMMMq\xb1\xdb|lu\xf3BBY\x99\xe43\xc9\xc8V\xd0\x9d\xffNy\xf8F\xa2\xc3\x87\x0f#==\x1d3g\xce\xc4\xde\xbd{q\xdf}\xf7\xe1\xde{\xefEcc\xa3v\xb5\x88\xca\xb2Z^\xd3\x99\x0b\xfc\x1d\xfe\x9d\xa3F.\xdc%OH\x05*\xe9Fyi\x0e\xeah8!`f\xb20@\xde\t\t!\xac4\x89\x0c\x06\x00\xf4\'\x7fH\x08#c|i\r\x9c47\x05\x9eP\xbb\x93\x93\x93U\x98+iP\x1eW\xce\xdbA\x0c\xc8\xb7\x9fR\xdf\xb9v\xe7e\x90\r\xefv\xbb\x95\x8f@\x1eVH!\x8f\xf2\x99\x8eF4\x91$\x8c\xe7}6\xcdq_\xc0\x9e={PZZ\x8a-[\xb6\xe0\xd2\xa5K\xc8\xcc\xcc\xc4\xce\x9d;q\xc7\x1dw\xe0\xd6[o\xc5;\xef\xbc\x83_\xff\xfa\xd78s\xe6\xcc\xfb\x1a!\x97\x94\x94\x84\r\x1b6\xe0\xc1\x07\x1f\xc4\xd2\xa5K\x11\x0e\x87q\xf4\xe8Q\x9c={\x16\x1d\x1d\x1d\x18\x1d\x1dEJJ\n\x9e{\xee9\xb4\xb6\xb6\xa2\xbf\xbf_\xab\x91\xf8\\\xe16\'\xa7\x8b\x95\xd2\x90\xcft\x8c!\x19\xcb\x8aa\xf8w`&lt;\x86\xa2\xb6\xb6\x166\x9b\r\x8b\x16-\xc2\x993gp\xef\xbd\xf7b\xff\xfe\xfd8~\xfcx\xdc{\xbc\x1d\xba\xe72\xe9\xcc\x0fJ&lt;Z\x8e\xe7\x97\xc17\xb2\xbfT\x06\xf9\x94d\x9f\xac\xf8qB\xc0\x8c\xce\xbb\xc7\x1b\xa2\x0b\x05\xe4I\xda\x15\xdc\x06\xe1\xbf\xeb\xca\x96\x9d\x93\x84$\xe2\xb8\xddn\x0c\r\r)\x86LNN\x86\xdb\xedF$\x12\x81\xdb\xedVA+.\x97K-\x85\x90\'\x92\xa0-i\xd0h4\xaa\xd6\xd8\xc9\x93N\xe5\x90PIJJR^M\xd2\x04$hh-\x9e\xd6\xde\x93\x93\x93a\x9a\xa6\xd2\xfc\xf4}xxX\xc5\xdd\x93`\xa1\x15\x00\xaaS\xc7\xe8\xdc\x96\xbbz\xf5*\x9e~\xfai&lt;\xf2\xc8#8t\xe8\x10JJJ\xb0s\xe7N\x94\x94\x94\xe0\xae\xbb\xee\xc2\x86\r\x1bPSS\x83g\x9f}\x16G\x8e\x1c\x89;\x00s2\xa8\xc9M\x15\x97\xcb\x85\xb2\xb22&lt;\xf0\xc0\x03\xd8\xbau+rrr\xd0\xdc\xdc\x8cg\x9f}\x16&gt;\x9f\x0f\xa9\xa9\xa9\xb8p\xe1\x02\xe6\xcd\x9b\x87\xea\xeaj\xbc\xfd\xf6\xdbjl\xf8\xbc\x90\x9a\x88\x8f\xa3\x14lV\x9a\\7\xb7\xe4;\xba\xb9\xc2\x11\xa8TH\xbcM\xa6i\xe2\xf0\xe1\xc3\xb8\xf3\xce;\xb1\x7f\xff~\xac[\xb7\x0eN\xa7\x13\x9f\xf8\xc4\'p\xf6\xecY5\x97\xe4\xb8\xf0\xff\x93%]&gt;\xae\\\x12\xf9\xa3\xe4\xb2\x9bU\xdd\xba8w*\xcb\xe9t\xc6oj\xd15F\x07\xaf9\xc4\x9c\x0c\x01\xf0FI\x89,\x9f\x03\x980\xf8\xf4\x8c&amp;"\xfd\xa7}\xe3v\xbb]1\x1aA\xddp8\xac\xb6,\xd2\xc5\t\x0e\x87Cy\xd3C\xa1\x90b|:k\xce4M%\x10&lt;\x1e\x0f\xdcn\xb7\xaa\'\x10\x08\xc0\xe7\xf3\xa9\xa58*\x83&amp;lVVV\\,&lt;\x11\x97\x0e\xc30\x0c\x03\x19\x19\x19J\xd3\x03P\xe6@ \x10Ph\x81\xf7Y\x9a;.\x97K\xad\xcd\xff\xf0\x87?DUU\x95:\xbb\xde\xef\xf7\xe3?\xff\xf3?\xb1b\xc5\nL\x9f&gt;\x1d\xdf\xfd\xeewa\x9a&amp;\xea\xea\xeaP[[\x8b\xfa\xfaztww\xab\x13rI\xe3\x93\x930))\t\xe9\xe9\xe9(//GEE\x05\xe6\xcc\x99\x83\xf4\xf4tD"\x11\\\xbe|\x19;v\xec\x80\xddn\xc7\x8c\x193p\xee\xdc9\xb4\xb6\xb6\xa2\xa1\xa1\x01\xcf&lt;\xf3\x8c\xa5\xc0\xa7q\xd3A\\+3N&amp;9\xf7t6\xaf\x8e\xc9%:\x94\nE\xa7\x9c~\xf2\x93\x9f\xe0\xf3\x9f\xff&lt;\x9a\x9b\x9bQPP\x80\x9bo\xbe\x19\x8b\x16-RZ]\x96O\xff\xad\xda-\xeb\xd31\xa8\xee\xb3\xee\x19\x9f\x1b\x1ci\xea\xf8\n\xb8\xe1?\xe0}\xb5\xb4\xd1\xad\x88\xc5\x0b\xd3\r2\xef\x18\'\x84\xd4\xec\xba\xce\xf2\xf7\xf9\x12\n\xefD4\x1aE^^\x1e*++\x91\x9a\x9a\x8a\x96\x96\x16\xdcs\xcf=q\xf6\x0e\xdd\xc0\xe2p8\x90\x95\x95\x85\x8d\x1b7\xc6\xad\x9f\xf3\xa5\xbe\xd4\xd4T\x0c\x0c\x0c\xa8\xf0H\xca\x07\xdcp\xda\x98\xe6x\x0cu^^\x1eL\xd3T\x9bi\xa8=\x04\xff\xe9;G\x0c\\b;\x1c\x0e466b\xda\xb4i\x18\x19\x19\xc1\xfe\xfd\xfb\x15r\xe07\x98\xe8\x98\x82\x07\xca\x18\x86\x81\xd3\xa7O\xe3\xd2\xa5K\x989s&amp;\n\x0b\x0b\xb1r\xe5J444\xe0\xfc\xf9\xf3\xa8\xa8\xa8\x80\xd3\xe9D0\x18\xc4\xa2E\x8bp\xe7\x9dw\xaa\x93ei\xd9\x8f\xcaq8\x1c\x08\x87\xc3\x18\x1c\x1cDOO\x0f\x82\xc1 :;;q\xe9\xd2%466"))\t\xd9\xd9\xd9\xb8p\xe1\x02\xde~\xfbmtuu\xa1\xa9\xa9I\xadv\xc8\x89\xa6CsR\x8b\xca\xb1\xb7Bv\xbc\xbfr^\xf1\xe7\xb2\x8c\xc9\x90\x81\xee\xdd\xb6\xb66\x9c?\x7f\x1e3f\xcc@cc#6m\xda\x84\xf5\xeb\xd7\xa3\xb6\xb6\xd6rm}\xaa\x1a]\xf7\x1egR\xbe\xb4+\xfbF\x82\x92\x94\x84\x8c\xb9\xa7\xb2t\xe7\xc8s\xdak\xf7\xa3\xeb\x18[vL\xaeaJ\xc9%+\x95\x10E\'Uu\x83\xc5\xb59\x1d\x98\x98\x93\x93\x83\xca\xcaJE\xa0\xd9\xb3g#\x1c\x0e\xa3\xb7\xb7\x17\x1e\x8fG\xc1arJy&lt;\x1e\xa4\xa4\xa4\xa8\x886\x9b\xcd\x16w:M0\x18T\xa1\xaa\xb4!\x85\xfaC\xb0\x97\xb6D\x12\xb1im\x9c\x1cw\x14)588\xa8\x9cr\x94\x07\xb8\x118322\x82\xe4\xe4d\xf8\xfd~tww\xa3\xb0\xb00\xce\xd1\xc7\xe3\xedu\xcc\xc1\x85\xef\xf0\xf00jjjP__\x8f\xea\xeaj,^\xbc\x18\xeb\xd7\xafGkk+\x9a\x9b\x9b1m\xda4\x00\xe3Bbdd\x04###q\xe5\xd3e\x14&gt;\x9f\x0fIII\x18\x1c\x1cDss3\x82\xc1 \xca\xcb\xcb1m\xda4\xbc\xf9\xe6\x9b8\x7f\xfe&lt;\x02\x81\x80\n\xdd\xd5M&amp;\xa2\xa5\x0e\xba\xcb\xb9c\x05\xd3\xad\x84\x81\x95\xd6\xe7\xc8R\xce?\x89\x1a%"\x90\xc9f\xb3a\xff\xfe\xfd\xf8\xcaW\xbe\x82\xba\xba:\xdcu\xd7]\xb8\xe9\xa6\x9bPRR\x82K\x97.iM\x83DI\xd2F\xf6M\xd2\x83\x7f\xd7\xd1\x91\xe6:\x99\x9e\x92F:$\xcc?O\xb8\xc0A\'!y\xe2\x15\xcb\xe7\xb2\xa1R\x00p\x8f\xb4N*\xc9rdg\xc2\xe10&lt;\x1e\x0fZ[[\xf1\xc2\x0b/\xa0\xb4\xb4\x14\x8d\x8d\x8d\xf8\xcaW\xbe\xa2\xb6\x99\x8e\x8c\x8c\xc0\xeb\xf5"\x1a\x8d\xa2\xb7\xb7\x17\x0f?\xfc0\x9e\x7f\xfey\x8c\x8c\x8c`llL\t\x02b\xf4\x92\x92\x12\x04\x83A\\\xbf~]\x9d\xf0JH\x80\xb6\xc3\xfa\xfd~\x94\x97\x97\xab\x01\xa7\xa54\n\xaaq:\x9d\xc8\xc9\xc9AJJ\x8a\x8aU\'\x9b\x9f\x84\x01\xb5\x9d\xfc\x0b\x14J\x9b\x93\x93\xa3v\xcaq\xbaI\x1a\xc9\x89\xca\xe9KL\xb8o\xdf&gt;\xec\xdb\xb7\x0f\x85\x85\x85X\xbbv-\xd2\xd3\xd3q\xed\xda5tuu)\x01F~\x02\xd3\xbc\xb1\xb7\xdff\xb3!--\rYYYHOO\xc7\xe9\xd3\xa7\xf1\xd2K/a``@\x0b;\xe5D\x93\xe3%\x83\xab\xe87\xabpP\xdd\xd2\xa2n\x0e\xc89\x08`\x82o\x80\x97/\x15\x96\xce\x07\xc2\xff\x0f\x0f\x0f\xe3\xfc\xf9\xf3(..\xc6\xd9\xb3g1c\xc6\x0c\x94\x95\x95\xa1\xb1\xb1q\x82\x9f\xc3\n\xb6\xeb\xda\xc8\x11\x94N!J\x9aP\xbfx=\xdc\xb7\xc4\xcf\xa8#$@t\x90!\xd0J\xa3[\xe1|Y1\xbd\xa4\x83\x96\x8949\xcfG\xcf\xe4R\x9d\xd5 \xcb\xb2\xa8\x1e\x8aX\xa3?\xda\x8b\xeer\xb9\x94\'\x9e\xef\x0e\xb3\xdb\xedj\xaf\xb8i\x9a\xca\x89\x17\x08\x04\xe0\xf5z\x95M\xefr\xb90::\x8a\xd4\xd4T\x85 h\x03\x8ca\x18HOOW\xc2\xc00\x0c\xe5\x00\xe4\x9eRbpy\xfa\x0c\x1f \x9bm\xfc\xe2?\xda\x13o\x9a&amp;\x92\x92\x92\xe2&amp;\xa3n\x1dUGs\x9d\x86hoo\xc7\x1f\xfe\xf0\x07\xe5o\xa0\xb3\xe2SSS\x95\xa03\xcdqo\xfe\xe8\xe8(z{{\xd1\xdb\xdb\x8b\xc1\xc1\xc1\t\x90\xdc\xaa\r\x89 \xb6\xd5w\xdd\x84\xd6iq\xfe\xbe\xfc\xac\x83\xedVI\xa7\xf5\xb8\xd9\xc6\x95\x96a\x8c\xef\xae\xec\xe8\xe8\xc0\xd2\xa5K\xf1\xd6[o\xe1\xf3\x9f\xff&lt;f\xcf\x9e\x8dw\xdeyG\xf9R$\xda\xb2J::$\xa2%\xc1oj\xa3NPR\x1f\xf8\xe5!\xd4\x0f~&gt;!\xf7\x8b\xd0\xdf\xa4\xdbTu\x1a_\xe6\xe7L\xa8\x83j&lt;\x8fN\xba\xe9\x18]7\xc8\xe4\xd9\xa6\x0ez\xbd^\x00P\xcb]6\xdb\x8dS_\xf8\xb9\xe8\xa4YM\xd3\x8c;\xab\x8d`51&amp;\xc5\xa8\x93\xe3\x8eo\x12\x00\x10\xe7\x08!\x01\x12\x8b\xc5\x94\xe6\xe7uP{\xedv;\xc2\xe1\xb0\xf2\xdermO{\xe3\x89.\xe4\xa0\xa3$\xfd\x1a:/\xb5dx\xfe\x9b\xcdfS\x979vttX\x8e\tO|\xc9\x86h#a$\xff\x8d\xdb\x86\xba\xf2\xad\x92\x84\xd5\xba\xf2e?\xad\x9cq\x89\xe6/\xcf\xaf{\x9f\x0bT\x8au\xe8\xec\xecT\x01X\xa5\xa5\xa5\xf0z\xbd\x18\x1e\x1e\x8e\xa37!\xbb\xc9\x84\r\xd5\xc5\x05\x9a\x15j\x96\xc8\x96\x8f\xa3a\xdc\xb8\x9f\x80\x14\x1d\x0f\xbb\xe6cI\xe6%/\xd3&amp;\x99L\xf7\xe2T\t\xa9\x93\xd42\xd1\x80q\xcf\xa0\x94@:&amp;\xa7\xf784\xa1\xbd\xe7\xc4X|\xcd[\xee\x19&amp;\xe8C\x015:\xe4BZ\x9a\xecu\x12\x15G\xb1\x85\x00\x00 \x00IDAT\x10\xc4\x9ct)\x03\xb5\x99\x98\x80\x9b\x02\x04\x8b\x01\xa8\x9drT/?\x92\x8a\x96\xec\xfa\xfa\xfa`\x9af\x9c\x17_\xd2\x83\xd3B79d\xe2\x9b\x1d\x12i )\xf5\x01\xeb\x0b\x14d\xbc\x00\xbd\xaf\xd3&gt;\x89\xda-\xc38\xad\xa0\xba\xd4\xe0\xb2|\x99t}\x91m\xe0\xff\xe9w\x894\xfb\xfb\xfb\xd1\xda\xda\x8a\x92\x92\x12\xf4\xf5\xf5!??\x1f\xc9\xc9\xc9q\xf9\t"O\xb6d\xa9k\xaf\x8eN\x92I9\x7f\xe8\x14(\xa1.j\x8bNi\xf2~\xdb\xed\xf6\x89!\xb0V\x90H\xc2\xae\xc9\x88-\xa1\x91.?\x7fn%T\xe4`\xf1\r(|\xb9\x8d\x9f\xc9\xce\xcb\x92\xdeH\x9a\xac\\`\x04\x83A%%I\xab\x93\x04\xa56p\xd8\x0f@mc\xe5\x82\x85B]\xa9\x0e~\x16\x1ci|\x1a@\xbeW\x9d\xda\xc5oq\xd5\xd1E\'\x94\xe9\x99\xce\xc3\xcd\xc7MW\x96\x15\\\xa6\xf7\xad\x84\xb1\x9c\x84\xba\x83\x18\xac\x94\x03\xaf[\xb7)\x85\x8f\xbb4\x87\xe8\xb9\xae\xfdV\xf5\xe9\x04\x17/G\xf6\xbb\xa7\xa7\x07\xa1P\x08\xf9\xf9\xf9\xe8\xe8\xe8@zz:\xd2\xd3\xd3\xe3\xca\xe3!\xd1S\xd1\xe8\xb2\xff\xbad\xc5W:\xe5G\xf3\x88\x9f\x82\xcc\x97\xbb9}\xd4\xfc\xe0\r\xd0M*Y\to\x8c,LJK\x1d\xbc\x92\xf0\x85~\x97\x9a\x87\x7f\xa7\xc1\xa2\xff\xc4`\xf4.9\xb3\x0c#&gt;\x10\x86\x9f\xccJ\xcc\xcdoT\xe1\x9b?\xe8\xf8h\xf2\x98S\x19\x00\xe2\xea\xa26\x18\x86\xa1 \xb9&lt;\xb0\x12\xb8\x01\xf3\xc9\x19G\xed\xa4vp\xe6 $!\x07\xc8J\xfas\xba\xc9\xffS\x99\xfc\x93M6]\x92N\x1e\xa2\x8fN8Yis\x9d\xa7:\x11Z\x94}\xe1s\xc8\xaa&gt;\x1d\x82\xb1\xca\xaf\x13\x18\xc3\xc3\xc3\xcaD\xa4\xbb\xeb\xe5~\x02\x1a\xbb\xf7\xb2\xf7_W\xb7\xec\xa3\x8egd\x9f)\x91\xc0!\x9a\xea\xe6M\x9cP\x95\r\x99,\xf1\x06\xea\xde\xb1\xd2\xcc\x948\xa4\x94\r\xb3B\t\xf4_j\x03\xbei\x86\x82gh\xe2\xf1ux\x12\x0c\xf4GL.\x07\x99Cq\xb2\xd59\xc18\x82\xe0\x0c\xcc\xb54\t$\x9a\x0c\x12\x86Q_d\xe0\x03\x1dc\xcda\xb7\xa4\xe5T\'\xb6\x0e\xbe\xe9h\x9a\xa8\x0ez\xa6\xd30&lt;\xbf\xdc\x9e+\xf3\xc96\xe8\x04\x91U^\xddg\x1dm\xac\x10\x8a\xee\xb9\x8ev\xbc\x1dt\xc2\x10\x9d\x04\xe4p8\xe0\xf3\xf9&amp;\xf4O\xfaS&amp;KV\xe8\x89\xb7E\x87|y\xfb\xe5\xbc\xe2\xdb\xb1\xe9}9\xdfh\x0cmV\x1a\x84\x13\xc2Jz\xea~K$U\xe89\xdf\x10\xcf;\xac#\x06u\x84o\x10\xa1\xa3\x9d\x89\xc9\xe8\x10\x07\x1a\x10*\x87lx\xde\x1e:\xf4\x81\x18\x96L\x01r\xf2\x113\'%%\xc1\xe5r\xa9\xb0Y"4Al\x1e\xc8\xc0o\x86\xa1\xc0\x17\xbe\xeb\x8dhC\x82\x86\x96\xd2\xb8`\xa0\xba\xa8\xaf\xbaK\xf9t\x13@\xc7\xc4:\xcdn\x95W\x87\x10$\xf4O\xf4\x9e.\xc8G&amp;\x9d\x86\xe7c\xce\xb5\x12/\x9f\xde\xe3\x01I:\x9a\xd0\x18$\x9a\xa3\x92&gt;\xba|\x9cyl6\x9b\xf2\xaf\xd0n\xc3D\xfdz\xafI\xf6\x91+/\x9d`\xe7B\x8e\xdaJ\xf3\x95;\x9e\xa5o\x86\xf2\'\xdc\xbd&amp;\xa1C"XH\x90Zj/bF^9\xdf\xd3\xad+K&gt;\xe3\xeb\xb2\xb4|&amp;\xb7\x8f\xf2\xa3}\x88\x01\xa9\xfd\xb4\x9c\xc6C?i\xe9\x89\xde\xa3A\x8eD"\xf0\xf9|*8\x84\x84\x07\x11\x94\x18\x94Bd\xc9C/\x97\xf7x\x1f\xc9\\\xa0K"h\xd3\x8da\x18HNNV\x83CKp:\x1a\xe8\x06OG/\xc9\xbc||t\xcc\xae+G\x87\xda&amp;\x1b{+\x8d\xaac:Y\xae\x15\xe4\xa7\xef|;\xb0\xcc\x07L\\K\xe7t\x98L\x9b\xcb\xf6\xeav\x0f\xfe5\x0c\x9d\xa8&gt;\xaaS\xce\xf5D+S\xbc\x1c2\x01)\x82\x13\x88\xf7{\x91\x12\xb1\xd9l\x13\xcfu\xe7\r\x90\x03`%\xfd\xf93j(\x7f_\xb7nN\x1aU\x96\xaf\x13,\xfcwbp\nTq8\x1c\xf0z\xbd0M\x13\xa3\xa3\xa3J*\x92\xa6\'\x88\x9c\x94\x94\xa4\xaeH\xa6\xdf\x88\x10&lt;\xe2\x88\xb43\xd5I\xf6\x1a\xf5\x8d\xb6\xc6\x12\x03\x03\xe3\xcb{n\xb7[\xa1\x00\xfe;\xadw\x12\xe4\xa26\x03@vv\xb6\xba\xfaI\'\xf4t\xc8HG\xc7D\xb0]7FV\xf0\xd0\n\xb9M&amp;\x88\xe5\xf3\xc94\xab\x8e\xd9e&gt;\x1d*\xa1\xdf\xac6\xffp\xc6H\xc4X\xba&lt;T&gt;\t\xf3p8\x8c\xa4\xa4$\xb5\xaf\xe1\xafMVt\xa7\xf6[}\x9f\x8c\xcet\xf4\x18\x85eKA\xaf\xe6\xb1U\xc3&amp;cj\xdd\xf7D\xbf\xe9\xa0\x17\rZ\xa2\x01\xe7\xef\x13TIOO\xc7\xbau\xeb\xe0v\xbb1s\xe6L\xdc|\xf3\xcdq\xb7l\x8e\x8e\x8e*\xcd\x9c\x9d\x9d\x8d\xdbo\xbf=Nk\x13\xd4w\xbb\xdd\xc8\xcd\xcdU\x07\r\x10\xa1hC\n?\x87\xab\xbf\xbf\x1f\x0b\x16,\x88c|Z\xe6\xf0z\xbd*8\x87\x0e\x8b\xe4\xd7FQ\xdb].\x17\x9a\x9b\x9bQTT\x84\xfe\xfe~\x1c:tHip\x0eae\xff\xb9\x86\x91t\x9c\xccN\x9c\nmu\xe5\xc8\xfcr\x9c\x12\xcd\x05)\xac\x13im]\xd2igY\x97\xd5\x9c\xe4\x8c\xac\xab\x8f4\x1c\x17l\xfc\xb3\xd7\xebE$\x12Agg\'JKK\x11\n\x85,\x0f\xe4|/\xc9\ne\xf16\xeb'... (set the log level to DEBUG or TRACE to see the full content) 
 </msg>
<msg timestamp="20211009 20:54:41.840" level="INFO">POST Response : url=https://rocklov-julius-api.herokuapp.com/equipos 
 status=200, reason=OK 
 headers={'Server': 'Cowboy', 'Connection': 'keep-alive', 'X-Powered-By': 'Express', 'Access-Control-Allow-Origin': '*', 'Content-Type': 'application/json; charset=utf-8', 'Content-Length': '294', 'Etag': 'W/"126-zXCdxL4AAil+HZoe73QEicwhutA"', 'Date': 'Sat, 09 Oct 2021 23:54:40 GMT', 'Via': '1.1 vegur'} 
 body={"_id":"61622bc0c946ce001676432b","user":"615cfc564215130016a81825","thumbnail":"thumbnail-1633823680400","name":"Violão Elétrico","category":"Cordas","price":250,"__v":0,"thumbnail_url":"https://rocklov-julius-api.herokuapp.com/files/thumbnail-1633823680400","id":"61622bc0c946ce001676432b"} 
 </msg>
<msg timestamp="20211009 20:54:41.841" level="INFO">${response} = &lt;Response [200]&gt;</msg>
<status status="PASS" starttime="20211009 20:54:40.592" endtime="20211009 20:54:41.841"/>
</kw>
<msg timestamp="20211009 20:54:41.841" level="INFO">${result} = &lt;Response [200]&gt;</msg>
<status status="PASS" starttime="20211009 20:54:40.520" endtime="20211009 20:54:41.841"/>
</kw>
<kw name="Set Variable" library="BuiltIn">
<var>${equipo_id}</var>
<arg>${result.json()}[_id]</arg>
<doc>Returns the given values which can then be assigned to a variables.</doc>
<msg timestamp="20211009 20:54:41.843" level="INFO">${equipo_id} = 61622bc0c946ce001676432b</msg>
<status status="PASS" starttime="20211009 20:54:41.842" endtime="20211009 20:54:41.843"/>
</kw>
<kw name="DELETE Unique Equipo" library="Equipos">
<var>${response}</var>
<arg>${token}</arg>
<arg>${equipo_id}</arg>
<kw name="Create Dictionary" library="BuiltIn">
[...]
this.shiftKey=a.shiftKey;this.metaKey=a.metaKey;this.pointerId=a.pointerId||0;this.pointerType="string"===typeof a.pointerType?a.pointerType:E[a.pointerType]||"";this.state=a.state;this.h=a;a.defaultPrevented&amp;&amp;F.j.g.call(this)}};n(F,C);var E={2:"touch",3:"pen",4:"mouse"};F.prototype.g=function(){F.j.g.call(this);var a=this.h;a.preventDefault?a.preventDefault():a.returnValue=!1};var G="closure_listenable_"+(1E6*Math.random()|0);var H=0;var I=function(a,b,c,d,e){this.listener=a;this.proxy=null;this.src=b;this.type=c;this.capture=!!d;this.h=e;this.key=++H;this.g=this.i=!1},J=function(a){a.g=!0;a.listener=null;a.proxy=null;a.src=null;a.h=null};var K=function(a){this.src=a;this.g={};this.h=0};K.prototype.add=function(a,b,c,d,e){var f=a.toString();a=this.g[f];a||(a=this.g[f]=[],this.h++);var g;a:{for(g=0;g&lt;a.length;++g){var h=a[g];if(!h.g&amp;&amp;h.listener==b&amp;&amp;h.capture==!!d&amp;&amp;h.h==e)break a}g=-1}-1&lt;g?(b=a[g],c||(b.i=!1)):(b=new I(b,this.src,f,!!d,e),b.i=c,a.push(b));return b};var L="closure_lm_"+(1E6*Math.random()|0),M={},N=0,P=function(a,b,c,d,e){if(d&amp;&amp;d.once)return O(a,b,c,d,e);if(Array.isArray(b)){for(var f=0;f&lt;b.length;f++)P(a,b[f],c,d,e);return null}c=Q(c);return a&amp;&amp;a[G]?a.g(b,c,m(d)?!!d.capture:!!d,e):R(a,b,c,!1,d,e)},R=function(a,b,c,d,e,f){if(!b)throw Error("a");var g=m(e)?!!e.capture:!!e,h=S(a);h||(a[L]=h=new K(a));c=h.add(b,c,d,g,f);if(c.proxy)return c;d=T();c.proxy=d;d.src=a;d.listener=c;if(a.addEventListener)D||(e=g),void 0===e&amp;&amp;(e=!1),a.addEventListener(b.toString(),d,e);else if(a.attachEvent)a.attachEvent(U(b.toString()),d);else if(a.addListener&amp;&amp;a.removeListener)a.addListener(d);else throw Error("b");N++;return c},T=function(){var a=V,b=function(c){return a.call(b.src,b.listener,c)};return b},O=function(a,b,c,d,e){if(Array.isArray(b)){for(var f=0;f&lt;b.length;f++)O(a,b[f],c,d,e);return null}c=Q(c);return a&amp;&amp;a[G]?a.h(b,c,m(d)?!!d.capture:!!d,e):R(a,b,c,!0,d,e)},W=function(a){if("number"!==typeof a&amp;&amp;a&amp;&amp;!a.g){var b=a.src;if(b&amp;&amp;b[G])b.o(a);else{var c=a.type,d=a.proxy;b.removeEventListener?b.removeEventListener(c,d,a.capture):b.detachEvent?b.detachEvent(U(c),d):b.addListener&amp;&amp;b.removeListener&amp;&amp;b.removeListener(d);N--;if(c=S(b)){d=a.type;if(d in c.g){var e=c.g[d],f=p(e,a),g;(g=0&lt;=f)&amp;&amp;Array.prototype.splice.call(e,f,1);g&amp;&amp;(J(a),0==c.g[d].length&amp;&amp;(delete c.g[d],c.h--))}0==c.h&amp;&amp;(c.src=null,b[L]=null)}else J(a)}}},U=function(a){return a in M?M[a]:M[a]="on"+a},V=function(a,b){if(a.g)a=!0;else{b=new F(b,this);var c=a.listener,d=a.h||a.src;a.i&amp;&amp;W(a);a=c.call(d,b)}return a},S=function(a){a=a[L];return a instanceof K... (set the log level to DEBUG or TRACE to see the full content) 
 </msg>
<msg timestamp="20211009 20:55:08.886" level="INFO">${response} = &lt;Response [200]&gt;</msg>
<status status="PASS" starttime="20211009 20:55:07.874" endtime="20211009 20:55:08.886"/>
</kw>
<kw name="GET" library="RequestsLibrary">
<var>${response}</var>
<arg>https://www.google.com/search</arg>
<arg>params=query=ciao</arg>
<arg>expected_status=400</arg>
<doc>Sends a GET request.</doc>
<msg timestamp="20211009 20:55:09.728" level="INFO">GET Request : url=https://www.google.com/search?query=ciao 
 path_url=/search?query=ciao 
 headers={'User-Agent': 'python-requests/2.25.0', 'Accept-Encoding': 'gzip, deflate', 'Accept': '*/*', 'Connection': 'keep-alive'} 
 body=None 
 </msg>
<msg timestamp="20211009 20:55:09.728" level="INFO">GET Response : url=https://www.google.com/search?query=ciao 
 status=200, reason=OK 
 headers={'Content-Type': 'text/html; charset=ISO-8859-1', 'Date': 'Sat, 09 Oct 2021 23:55:08 GMT', 'Expires': '-1', 'Cache-Control': 'private, max-age=0', 'P3P': 'CP="This is not a P3P policy! See g.co/p3phelp for more info."', 'Content-Encoding': 'gzip', 'Server': 'gws', 'X-XSS-Protection': '0', 'X-Frame-Options': 'SAMEORIGIN', 'Set-Cookie': '1P_JAR=2021-10-09-23; expires=Mon, 08-Nov-2021 23:55:08 GMT; path=/; domain=.google.com; Secure, NID=511=e5v5bIGTMWEaSyx7r4LF3mOhWKf5kQu-f-vo48FvHHB7l-kvcM-em9m_ByqG6SX7gciNsoS9MDRmsWsQaH9xc3wJRB3apbPZy3Ba_uEqIaDj3rDSPE-N_K9JG4Gz5MWKkD1OATQ_SRTC6-ckdXq-6jAVOysyM8l_kN8YJxCBLSs; expires=Sun, 10-Apr-2022 23:55:08 GMT; path=/; domain=.google.com; HttpOnly', 'Alt-Svc': 'h3=":443"; ma=2592000,h3-29=":443"; ma=2592000,h3-T051=":443"; ma=2592000,h3-Q050=":443"; ma=2592000,h3-Q046=":443"; ma=2592000,h3-Q043=":443"; ma=2592000,quic=":443"; ma=2592000; v="46,43"', 'Transfer-Encoding': 'chunked'} 
 body=&lt;!doctype html&gt;&lt;html lang="pt-BR"&gt;&lt;head&gt;&lt;meta charset="UTF-8"&gt;&lt;meta content="/images/branding/googleg/1x/googleg_standard_color_128dp.png" itemprop="image"&gt;&lt;title&gt;ciao - Pesquisa Google&lt;/title&gt;&lt;script nonce="kXJZumIEUjvFjOjkJyM9RQ=="&gt;(function(){
document.documentElement.addEventListener("submit",function(b){var a;if(a=b.target){var c=a.getAttribute("data-submitfalse");a="1"===c||"q"===c&amp;&amp;!a.elements.q.value?!0:!1}else a=!1;a&amp;&amp;(b.preventDefault(),b.stopPropagation())},!0);document.documentElement.addEventListener("click",function(b){var a;a:{for(a=b.target;a&amp;&amp;a!==document.documentElement;a=a.parentElement)if("A"===a.tagName){a="1"===a.getAttribute("data-nohref");break a}a=!1}a&amp;&amp;b.preventDefault()},!0);}).call(this);(function(){
var a=window.performance;window.start=Date.now();a:{var b=window;if(a){var c=a.timing;if(c){var d=c.navigationStart,f=c.responseStart;if(f&gt;d&amp;&amp;f&lt;=window.start){window.start=f;b.wsrt=f-d;break a}}a.now&amp;&amp;(b.wsrt=Math.floor(a.now()))}}window.google=window.google||{};var h=function(g){g&amp;&amp;g.target.setAttribute("data-iml",Date.now())};document.documentElement.addEventListener("load",h,!0);google.rglh=function(){document.documentElement.removeEventListener("load",h,!0)};}).call(this);(function(){window.google.erd={sp:'srp',jsr:0,bv:1455};})();(function(){
var c=[],e=0;window.ping=function(b){-1==b.indexOf("&amp;zx")&amp;&amp;(b+="&amp;zx="+Date.now());var a=new Image,d=e++;c[d]=a;a.onerror=a.onload=a.onabort=function(){delete c[d]};a.src=b};}).call(this);&lt;/script&gt;&lt;style&gt;body{margin:0 auto;max-width:736px;padding:0 8px;}a{color:#1967D2;text-decoration:none;tap-highlight-color:rgba(0,0,0,.10)}a:visited{color:#4B11A8}a:hover{text-decoration:underline}img{border:0}html{font-family:Roboto,Helvetica Neue,Arial,sans-serif;font-size:14px;line-height:20px;text-size-adjust:100%;color:#3c4043;word-wrap:break-word;background-color:#fff}.bRsWnc{background-color:#fff;border-top:1px solid #dadce0;height:39px;overflow:hidden}.N6RWV{height:51px;overflow-scrolling:touch;overflow-x:auto;overflow-y:hidden}.Uv67qb{box-pack:justify;font-size:12px;line-height:37px;justify-content:space-between;justify-content:space-between}.Uv67qb a,.Uv67qb span{color:#70757a;display:block;flex:none;padding:0 16px;text-align:center;text-transform:uppercase;}span.OXXup{border-bottom:2px solid #4285f4;color:#4285f4;font-weight:bold}a.eZt8xd:visited{color:#70757a}.FElbsf{border-left:1px solid rgba(0,0,0,.12)}header article{overflow:visible}.Pg70bf{height:39px;display:box;display:flex;display:flex;width:100%}.H0PQec{position:relative;flex:1}.sbc{display:flex;width:100%}.Pg70bf input{margin:2px 4px 2px 8px;}.x{width:26px;color:#70757a;font:27px/38px arial, sans-serif;line-height:40px;}#qdClwb{flex:0 0 auto;width:39px;height:39px;border-bottom:0;padding:0;border-top-right-radius:8px;background-color:#1a73e8;border:1px solid #1558d6;background-image:url(data:image/gif;base64,R0lGODdhJAAjAPIHAODr/nCk+MPZ/FmV96zK+/7+/5K5+kqL9iwAAAAAJAAjAEADani63P4wykmbKcQRXDscQAEMXmmeaLQVLCukzyC09AjfeK7v/MAajACLhPMVAgwjsUcEiZa8xgAYrVqv2Kx2iwsIAAABknfBBAKrTE4IcMyot8ur8datqIbQfJdnAfo2WE6BV05wXIiJigkAOw==);}.sc{font-size:16px;position:absolute;top:39px;left:0;right:0;box-shadow:0px 2px 5px rgba(0,0,0,.2);z-index:2;background-color:#fff}.sc&gt;div{padding:10px 10px;padding-left:16px;padding-left:14px;border-top:1px solid #dfe1e5}.scs{background-color:#f8f9fa;}.noHIxc{display:block;font-size:16px;padding:0 0 0 8px;flex:1;height:35px;outline:none;border:none;width:100%;-webkit-tap-highlight-color:rgba(0,0,0,.00);overflow:hidden;}.sbc input[type=text]{background:none}.sml .cOl4Id{display:none}.l{display:none}.sml header{background:none}.sml .l{display:block;padding:0 8px}.sml .l{letter-spacing:-1px;text-align:center;border-radius:2px 0 0 0;font:22px/36px Futura, Arial, sans-serif;font-smoothing:antialiased}.bz1lBb{background:#fff;border-radius:8px 8px 0 0;box-shadow:0 1px 6px rgba(32, 33, 36, 0.18);margin-top:10px}.KP7LCb{border-radius:0 0 8px 8px;box-shadow:0 2px 3px rgba(32, 33, 36, 0.18);margin-bottom:10px;overflow:hidden}.cOl4Id{letter-spacing:-1px;text-align:center;font:22pt Futura, Arial, sans-serif;height:37px;font-smoothing:antialiased;padding:10px 0 5px 0;}.cOl4Id span{display:inline-block}.S591j{height:100%}.V6gwVd{color:#4285f4}.iWkuvd{color:#ea4335}.cDrQ7{color:#fcc934}.ntlR9{color:#34a853}.tJ3Myc{-webkit-transform:rotate(-20deg);position:relative;left:-1px;display:inline-block}footer{text-align:center;margin-top:18px}footer a,footer a:visited,.smiUbb{color:#70757a}.xeDNfc{margin:0 13px}#EOlPnc{margin-top:36px}#EOlPnc&gt;div{margin:20px}.Srfpq{color:#70757a}&lt;/style&gt;&lt;/head&gt;&lt;body jsmodel="hspDDf"&gt;&lt;header id="hdr"&gt;&lt;script nonce="kXJZumIEUjvFjOjkJyM9RQ=="&gt;(function(){
var k=this||self,l=function(){},m=function(a){var b=typeof a;return"object"==b&amp;&amp;null!=a||"function"==b},n=function(a,b){function c(){}c.prototype=b.prototype;a.j=b.prototype;a.prototype=new c;a.prototype.constructor=a;a.l=function(d,e,f){for(var g=Array(arguments.length-2),h=2;h&lt;arguments.length;h++)g[h-2]=arguments[h];return b.prototype[e].apply(d,g)}};var p=Array.prototype.indexOf?function(a,b){return Array.prototype.indexOf.call(a,b,void 0)}:function(a,b){if("string"===typeof a)return"string"!==typeof b||1!=b.length?-1:a.indexOf(b,0);for(var c=0;c&lt;a.length;c++)if(c in a&amp;&amp;a[c]===b)return c;return-1};var q=function(a){return"string"==typeof a.className?a.className:a.getAttribute&amp;&amp;a.getAttribute("class")||""},r=function(a,b){"string"==typeof a.className?a.className=b:a.setAttribute&amp;&amp;a.setAttribute("class",b)},t=function(a,b){a.classList?b=a.classList.contains(b):(a=a.classList?a.classList:q(a).match(/\S+/g)||[],b=0&lt;=p(a,b));return b},w=function(){var a=u,b=v;a.classList?a.classList.remove(b):t(a,b)&amp;&amp;r(a,Array.prototype.filter.call(a.classList?a.classList:q(a).match(/\S+/g)||[],function(c){return c!=
b}).join(" "))};var x;a:{var y=k.navigator;if(y){var z=y.userAgent;if(z){x=z;break a}}x=""};var A=function(a){A[" "](a);return a};A[" "]=l;var B=-1!=x.indexOf("Gecko")&amp;&amp;!(-1!=x.toLowerCase().indexOf("webkit")&amp;&amp;-1==x.indexOf("Edge"))&amp;&amp;!(-1!=x.indexOf("Trident")||-1!=x.indexOf("MSIE"))&amp;&amp;-1==x.indexOf("Edge");var C=function(a,b){this.type=a;this.target=b};C.prototype.g=function(){};var D=function(){if(!k.addEventListener||!Object.defineProperty)return!1;var a=!1,b=Object.defineProperty({},"passive",{get:function(){a=!0}});try{k.addEventListener("test",l,b),k.removeEventListener("test",l,b)}catch(c){}return a}();var F=function(a){C.call(this,a?a.type:"");this.relatedTarget=this.target=null;this.button=this.screenY=this.screenX=this.clientY=this.clientX=0;this.key="";this.keyCode=0;this.metaKey=this.shiftKey=this.altKey=this.ctrlKey=!1;this.state=null;this.pointerId=0;this.pointerType="";this.h=null;if(a){var b=this.type=a.type,c=a.changedTouches&amp;&amp;a.changedTouches.length?a.changedTouches[0]:null;this.target=a.target||a.srcElement;var d=a.relatedTarget;if(d){if(B){a:{try{A(d.nodeName);var e=!0;break a}catch(f){}e=
!1}e||(d=null)}}else"mouseover"==b?d=a.fromElement:"mouseout"==b&amp;&amp;(d=a.toElement);this.relatedTarget=d;c?(this.clientX=void 0!==c.clientX?c.clientX:c.pageX,this.clientY=void 0!==c.clientY?c.clientY:c.pageY,this.screenX=c.screenX||0,this.screenY=c.screenY||0):(this.clientX=void 0!==a.clientX?a.clientX:a.pageX,this.clientY=void 0!==a.clientY?a.clientY:a.pageY,this.screenX=a.screenX||0,this.screenY=a.screenY||0);this.button=a.button;this.keyCode=a.keyCode||0;this.key=a.key||"";this.ctrlKey=a.ctrlKey;this.altKey=a.altKey;this.shiftKey=a.shiftKey;this.metaKey=a.metaKey;this.pointerId=a.pointerId||0;this.pointerType="string"===typeof a.pointerType?a.pointerType:E[a.pointerType]||"";this.state=a.state;this.h=a;a.defaultPrevented&amp;&amp;F.j.g.call(this)}};n(F,C);var E={2:"touch",3:"pen",4:"mouse"};F.prototype.g=function(){F.j.g.call(this);var a=this.h;a.preventDefault?a.preventDefault():a.returnValue=!1};var G="closure_listenable_"+(1E6*Math.random()|0);var H=0;var I=function(a,b,c,d,e){this.listener=a;this.proxy=null;this.src=b;this.type=c;this.capture=!!d;this.h=e;this.key=++H;this.g=this.i=!1},J=function(a){a.g=!0;a.listener=null;a.proxy=null;a.src=null;a.h=null};var K=function(a){this.src=a;this.g={};this.h=0};K.prototype.add=function(a,b,c,d,e){var f=a.toString();a=this.g[f];a||(a=this.g[f]=[],this.h++);var g;a:{for(g=0;g&lt;a.length;++g){var h=a[g];if(!h.g&amp;&amp;h.listener==b&amp;&amp;h.capture==!!d&amp;&amp;h.h==e)break a}g=-1}-1&lt;g?(b=a[g],c||(b.i=!1)):(b=new I(b,this.src,f,!!d,e),b.i=c,a.push(b));return b};var L="closure_lm_"+(1E6*Math.random()|0),M={},N=0,P=function(a,b,c,d,e){if(d&amp;&amp;d.once)return O(a,b,c,d,e);if(Array.isArray(b)){for(var f=0;f&lt;b.length;f++)P(a,b[f],c,d,e);return null}c=Q(c);return a&amp;&amp;a[G]?a.g(b,c,m(d)?!!d.capture:!!d,e):R(a,b,c,!1,d,e)},R=function(a,b,c,d,e,f){if(!b)throw Error("a");var g=m(e)?!!e.capture:!!e,h=S(a);h||(a[L]=h=new K(a));c=h.add(b,c,d,g,f);if(c.proxy)return c;d=T();c.proxy=d;d.src=a;d.listener=c;if(a.addEventListener)D||(e=g),void 0===e&amp;&amp;(e=!1),a.addEventListener(b.toString(),d,e);else if(a.attachEvent)a.attachEvent(U(b.toString()),d);else if(a.addListener&amp;&amp;a.removeListener)a.addListener(d);else throw Error("b");N++;return c},T=function(){var a=V,b=function(c){return a.call(b.src,b.listener,c)};return b},O=function(a,b,c,d,e){if(Array.isArray(b)){for(var f=0;f&lt;b.length;f++)O(a,b[f],c,d,e);return null}c=Q(c);return a&amp;&amp;a[G]?a.h(b,c,m(d)?!!d.capture:!!d,e):R(a,b,c,!0,d,e)},W=function(a){if("number"!==typeof a&amp;&amp;a&amp;&amp;!a.g){var b=a.src;if(b&amp;&amp;b[G])b.o(a);else{var c=a.type,d=a.proxy;b.removeEventListener?b.removeEventListener(c,d,a.capture):b.detachEvent?b.detachEvent(U(c),d):b.addListener&amp;&amp;b.removeListener&amp;&amp;b.removeListener(d);N--;if(c=S(b)){d=a.type;if(d in c.g){var e=c.g[d],f=p(e,a),g;(g=0&lt;=f)&amp;&amp;Array.prototype.splice.call(e,f,1);g&amp;&amp;(J(a),0==c.g[d].length&amp;&amp;(delete c.g[d],c.h--))}0==c.h&amp;&amp;(c.src=null,b[L]=null)}else J(a)}}},U=function(a){return a in M?M[a]:M[a]="on"+a},V=function(a,b){if(a.g)a=!0;else{b=new F(b,this);var c=a.listener,d=a.h||a.src;a.i&amp;&amp;W(a);a=c.call(d,b)}return a},S=function(a){a=a[L];return a instanceof K... (set the log level to DEBUG or TRACE to see the full content) 
 </msg>
<msg timestamp="20211009 20:55:09.736" level="FAIL">Url: https://www.google.com/search?query=ciao Expected status: 200 != 400</msg>
<status status="FAIL" starttime="20211009 20:55:08.887" endtime="20211009 20:55:09.736"/>
</kw>
<status status="FAIL" starttime="20211009 20:55:07.873" endtime="20211009 20:55:09.737">Url: https://www.google.com/search?query=ciao Expected status: 200 != 400</status>
</test>
<test id="s1-s4-t3" name="Quick Get A JSON Body Test">
<kw name="GET" library="RequestsLibrary">
<var>${response}</var>
<arg>https://jsonplaceholder.typicode.com/posts/1</arg>
<doc>Sends a GET request.</doc>
<msg timestamp="20211009 20:55:09.954" level="INFO">GET Request : url=https://jsonplaceholder.typicode.com/posts/1 
 path_url=/posts/1 
 headers={'User-Agent': 'python-requests/2.25.0', 'Accept-Encoding': 'gzip, deflate', 'Accept': '*/*', 'Connection': 'keep-alive'} 
 body=None 
 </msg>
<msg timestamp="20211009 20:55:09.954" level="INFO">GET Response : url=https://jsonplaceholder.typicode.com/posts/1 
 status=200, reason=OK 
 headers={'Date': 'Sat, 09 Oct 2021 23:55:09 GMT', 'Content-Type': 'application/json; charset=utf-8', 'Transfer-Encoding': 'chunked', 'Connection': 'keep-alive', 'x-powered-by': 'Express', 'x-ratelimit-limit': '1000', 'x-ratelimit-remaining': '999', 'x-ratelimit-reset': '1633809173', 'vary': 'Origin, Accept-Encoding', 'access-control-allow-credentials': 'true', 'cache-control': 'max-age=43200', 'pragma': 'no-cache', 'expires': '-1', 'x-content-type-options': 'nosniff', 'etag': 'W/"124-yiKdLzqO5gfBrJFrcdJ8Yq0LGnU"', 'via': '1.1 vegur', 'CF-Cache-Status': 'HIT', 'Age': '14563', 'Expect-CT': 'max-age=604800, report-uri="https://report-uri.cloudflare.com/cdn-cgi/beacon/expect-ct"', 'Report-To': '{"endpoints":[{"url":"https:\\/\\/a.nel.cloudflare.com\\/report\\/v3?s=u%2B9PjsIAIKOHoNGIBBhq%2F43CtgKuiW0o8AQCByZhgRMGlYqaaMRUB0rAnSIvGs21mtCZ92xca%2BaFSUpg%2F%2Fcvt1mVi29CpqV%2BaEXqfXp290II4INgRO46sQq0oXZNUCcwjHUJBoxcwHPQHwNwomyv"}],"group":"cf-nel","max_age":604800}', 'NEL': '{"success_fraction":0,"report_to":"cf-nel","max_age":604800}', 'Server': 'cloudflare', 'CF-RAY': '69bb89c5bfb62673-GIG', 'Content-Encoding': 'gzip', 'alt-svc': 'h3=":443"; ma=86400, h3-29=":443"; ma=86400, h3-28=":443"; ma=86400, h3-27=":443"; ma=86400'} 
 body={
  "userId": 1,
  "id": 1,
  "title": "sunt aut facere repellat provident occaecati excepturi optio reprehenderit",
  "body": "quia et suscipit\nsuscipit recusandae consequuntur expedita et cum\nreprehenderit molestiae ut ut quas totam\nnostrum rerum est autem sunt rem eveniet architecto"
} 
 </msg>
<msg timestamp="20211009 20:55:09.954" level="INFO">${response} = &lt;Response [200]&gt;</msg>
<status status="PASS" starttime="20211009 20:55:09.741" endtime="20211009 20:55:09.954"/>
</kw>
<kw name="Should Be Equal As Strings" library="BuiltIn">
<arg>1</arg>
<arg>${response.json()}[id]</arg>
<doc>Fails if objects are unequal after converting them to strings.</doc>
<msg timestamp="20211009 20:55:09.956" level="INFO">Argument types are:
&lt;type 'unicode'&gt;
&lt;class 'int'&gt;</msg>
<status status="PASS" starttime="20211009 20:55:09.955" endtime="20211009 20:55:09.956"/>
</kw>
<status status="PASS" starttime="20211009 20:55:09.740" endtime="20211009 20:55:09.957"/>
</test>
<status status="FAIL" starttime="20211009 20:55:07.488" endtime="20211009 20:55:09.959"/>
</suite>
<doc>Seeds</doc>
<status status="FAIL" starttime="20211009 20:54:34.822" endtime="20211009 20:55:09.962"/>
</suite>
<statistics>
<total>
<stat pass="25" fail="1" skip="0">All Tests</stat>
</total>
<tag>
<stat pass="1" fail="0" skip="0">List</stat>
</tag>
<suite>
<stat pass="25" fail="1" skip="0" id="s1" name="Tests">Tests</stat>
<stat pass="6" fail="0" skip="0" id="s1-s1" name="Equipos">Tests.Equipos</stat>
<stat pass="1" fail="0" skip="0" id="s1-s1-s1" name="AddEquiposTests">Tests.Equipos.AddEquiposTests</stat>
<stat pass="2" fail="0" skip="0" id="s1-s1-s2" name="DeleteEquiposTests">Tests.Equipos.DeleteEquiposTests</stat>
<stat pass="3" fail="0" skip="0" id="s1-s1-s3" name="GetEquiposTests">Tests.Equipos.GetEquiposTests</stat>
<stat pass="8" fail="0" skip="0" id="s1-s2" name="Sessions">Tests.Sessions</stat>
<stat pass="7" fail="0" skip="0" id="s1-s2-s1" name="AttemptLoginTests">Tests.Sessions.AttemptLoginTests</stat>
<stat pass="1" fail="0" skip="0" id="s1-s2-s2" name="UserLoginTest">Tests.Sessions.UserLoginTest</stat>
<stat pass="9" fail="0" skip="0" id="s1-s3" name="Signup">Tests.Signup</stat>
<stat pass="7" fail="0" skip="0" id="s1-s3-s1" name="AttemptSignupTests">Tests.Signup.AttemptSignupTests</stat>
<stat pass="2" fail="0" skip="0" id="s1-s3-s2" name="SignUpTests">Tests.Signup.SignUpTests</stat>
<stat pass="2" fail="1" skip="0" id="s1-s4" name="TesteGoogle">Tests.TesteGoogle</stat>
</suite>
</statistics>
<errors>
</errors>
</robot>
