<?xml version="1.0" encoding="UTF-8"?>
<robot generator="Robot 4.0.2 (Python 3.9.1 on win32)" generated="20211002 23:02:33.585" rpa="false" schemaversion="2">
<suite id="s1" name="LoginTests" source="C:\QANinja\RocklovJulius\backend\tests\LoginTests.robot">
<test id="s1-t1" name="User Login">
<kw name="Create Dictionary" library="BuiltIn">
<var>&amp;{payload}</var>
<arg>email=francisca@francisca.com.br</arg>
<arg>password=Francisca@123</arg>
<doc>Creates and returns a dictionary based on the given ``items``.</doc>
<msg timestamp="20211002 23:02:33.772" level="INFO">&amp;{payload} = { email=francisca@francisca.com.br | password=Francisca@123 }</msg>
<status status="PASS" starttime="20211002 23:02:33.770" endtime="20211002 23:02:33.773"/>
</kw>
<kw name="POST" library="RequestsLibrary">
<var>${response}</var>
<arg>${base_url}/sessions</arg>
<arg>json=${payload}</arg>
<doc>Sends a POST request.</doc>
<msg timestamp="20211002 23:02:34.844" level="INFO">POST Request : url=https://rocklov-julius-api.herokuapp.com/sessions 
 path_url=/sessions 
 headers={'User-Agent': 'python-requests/2.25.0', 'Accept-Encoding': 'gzip, deflate', 'Accept': '*/*', 'Connection': 'keep-alive', 'Content-Length': '68', 'Content-Type': 'application/json'} 
 body=b'{"email": "francisca@francisca.com.br", "password": "Francisca@123"}' 
 </msg>
<msg timestamp="20211002 23:02:34.844" level="INFO">POST Response : url=https://rocklov-julius-api.herokuapp.com/sessions 
 status=200, reason=OK 
 headers={'Server': 'Cowboy', 'Connection': 'keep-alive', 'X-Powered-By': 'Express', 'Access-Control-Allow-Origin': '*', 'Content-Type': 'application/json; charset=utf-8', 'Content-Length': '41', 'Etag': 'W/"29-kq5evL1n0K4ID4vRlfD1JI+ZHF0"', 'Date': 'Sun, 03 Oct 2021 02:02:35 GMT', 'Via': '1.1 vegur'} 
 body={"user_token":"6158f97f101af300162312a5"} 
 </msg>
<msg timestamp="20211002 23:02:34.844" level="INFO">${response} = &lt;Response [200]&gt;</msg>
<status status="PASS" starttime="20211002 23:02:33.774" endtime="20211002 23:02:34.844"/>
</kw>
<kw name="Status Should Be" library="RequestsLibrary">
<arg>200</arg>
<arg>${response}</arg>
<doc>Fails if response status code is different than the expected.</doc>
<status status="PASS" starttime="20211002 23:02:34.845" endtime="20211002 23:02:34.846"/>
</kw>
<kw name="Set Variable" library="BuiltIn">
<var>${token}</var>
<arg>${response.json()}[user_token]</arg>
<doc>Returns the given values which can then be assigned to a variables.</doc>
<msg timestamp="20211002 23:02:34.847" level="INFO">${token} = 6158f97f101af300162312a5</msg>
<status status="PASS" starttime="20211002 23:02:34.846" endtime="20211002 23:02:34.847"/>
</kw>
<kw name="Length Should Be" library="BuiltIn">
<arg>${token}</arg>
<arg>24</arg>
<doc>Verifies that the length of the given item is correct.</doc>
<msg timestamp="20211002 23:02:34.848" level="INFO">Length is 24</msg>
<status status="PASS" starttime="20211002 23:02:34.848" endtime="20211002 23:02:34.848"/>
</kw>
<status status="PASS" starttime="20211002 23:02:33.769" endtime="20211002 23:02:34.848"/>
</test>
<doc>Sessions route tests</doc>
<status status="PASS" starttime="20211002 23:02:33.589" endtime="20211002 23:02:34.851"/>
</suite>
<statistics>
<total>
<stat pass="1" fail="0" skip="0">All Tests</stat>
</total>
<tag>
</tag>
<suite>
<stat pass="1" fail="0" skip="0" id="s1" name="LoginTests">LoginTests</stat>
</suite>
</statistics>
<errors>
</errors>
</robot>
