<?xml version="1.0" encoding="UTF-8"?>
<robot generator="Robot 4.0.2 (Python 3.9.1 on win32)" generated="20211003 11:25:53.490" rpa="false" schemaversion="2">
<suite id="s1" name="LoginTests" source="C:\QANinja\RocklovJulius\backend\tests\LoginTests.robot">
<test id="s1-t1" name="User Login">
<kw name="GET Json" library="Helpers">
<var>${payload}</var>
<arg>user_login.json</arg>
<kw name="Get File" library="OperatingSystem">
<var>${fixture}</var>
<arg>${EXECDIR}/resources/fixtures/${file_name}</arg>
<doc>Returns the contents of a specified file.</doc>
<msg timestamp="20211003 11:25:53.668" level="INFO" html="true">Getting file '&lt;a href="file://C:\QANinja\RocklovJulius\backend\resources\fixtures\user_login.json"&gt;C:\QANinja\RocklovJulius\backend\resources\fixtures\user_login.json&lt;/a&gt;'.</msg>
<msg timestamp="20211003 11:25:53.668" level="INFO">${fixture} = {
    "email": "francisca@francisca.com.br",
    "password": "Francisca@123"
}</msg>
<status status="PASS" starttime="20211003 11:25:53.667" endtime="20211003 11:25:53.668"/>
</kw>
<kw name="Evaluate" library="BuiltIn">
<var>${json}</var>
<arg>json.loads($fixture)</arg>
<arg>json</arg>
<doc>Evaluates the given expression in Python and returns the result.</doc>
<msg timestamp="20211003 11:25:53.674" level="INFO">${json} = {'email': 'francisca@francisca.com.br', 'password': 'Francisca@123'}</msg>
<status status="PASS" starttime="20211003 11:25:53.668" endtime="20211003 11:25:53.674"/>
</kw>
<msg timestamp="20211003 11:25:53.674" level="INFO">${payload} = {'email': 'francisca@francisca.com.br', 'password': 'Francisca@123'}</msg>
<status status="PASS" starttime="20211003 11:25:53.667" endtime="20211003 11:25:53.674"/>
</kw>
<kw name="POST Login" library="Sessions">
<var>${response}</var>
<arg>${payload}</arg>
<kw name="POST" library="RequestsLibrary">
<var>${response}</var>
<arg>${base_url}/sessions</arg>
<arg>json=${payload}</arg>
<arg>expected_status=any</arg>
<doc>Sends a POST request.</doc>
<msg timestamp="20211003 11:25:54.585" level="INFO">POST Request : url=https://rocklov-julius-api.herokuapp.com/sessions 
 path_url=/sessions 
 headers={'User-Agent': 'python-requests/2.25.0', 'Accept-Encoding': 'gzip, deflate', 'Accept': '*/*', 'Connection': 'keep-alive', 'Content-Length': '68', 'Content-Type': 'application/json'} 
 body=b'{"email": "francisca@francisca.com.br", "password": "Francisca@123"}' 
 </msg>
<msg timestamp="20211003 11:25:54.585" level="INFO">POST Response : url=https://rocklov-julius-api.herokuapp.com/sessions 
 status=200, reason=OK 
 headers={'Server': 'Cowboy', 'Connection': 'keep-alive', 'X-Powered-By': 'Express', 'Access-Control-Allow-Origin': '*', 'Content-Type': 'application/json; charset=utf-8', 'Content-Length': '41', 'Etag': 'W/"29-kq5evL1n0K4ID4vRlfD1JI+ZHF0"', 'Date': 'Sun, 03 Oct 2021 14:25:54 GMT', 'Via': '1.1 vegur'} 
 body={"user_token":"6158f97f101af300162312a5"} 
 </msg>
<msg timestamp="20211003 11:25:54.585" level="INFO">${response} = &lt;Response [200]&gt;</msg>
<status status="PASS" starttime="20211003 11:25:53.675" endtime="20211003 11:25:54.585"/>
</kw>
<msg timestamp="20211003 11:25:54.585" level="INFO">${response} = &lt;Response [200]&gt;</msg>
<status status="PASS" starttime="20211003 11:25:53.674" endtime="20211003 11:25:54.585"/>
</kw>
<kw name="Status Should Be" library="RequestsLibrary">
<arg>200</arg>
<arg>${response}</arg>
<doc>Fails if response status code is different than the expected.</doc>
<status status="PASS" starttime="20211003 11:25:54.587" endtime="20211003 11:25:54.587"/>
</kw>
<kw name="Set Variable" library="BuiltIn">
<var>${token}</var>
<arg>${response.json()}[user_token]</arg>
<doc>Returns the given values which can then be assigned to a variables.</doc>
<msg timestamp="20211003 11:25:54.588" level="INFO">${token} = 6158f97f101af300162312a5</msg>
<status status="PASS" starttime="20211003 11:25:54.587" endtime="20211003 11:25:54.588"/>
</kw>
<kw name="Length Should Be" library="BuiltIn">
<arg>${token}</arg>
<arg>24</arg>
<doc>Verifies that the length of the given item is correct.</doc>
<msg timestamp="20211003 11:25:54.589" level="INFO">Length is 24</msg>
<status status="PASS" starttime="20211003 11:25:54.589" endtime="20211003 11:25:54.589"/>
</kw>
<status status="PASS" starttime="20211003 11:25:53.666" endtime="20211003 11:25:54.589"/>
</test>
<test id="s1-t2" name="Incorect password">
<kw name="GET Json" library="Helpers">
<var>${payload}</var>
<arg>incorect_password.json</arg>
<kw name="Get File" library="OperatingSystem">
<var>${fixture}</var>
<arg>${EXECDIR}/resources/fixtures/${file_name}</arg>
<doc>Returns the contents of a specified file.</doc>
<msg timestamp="20211003 11:25:54.593" level="INFO" html="true">Getting file '&lt;a href="file://C:\QANinja\RocklovJulius\backend\resources\fixtures\incorect_password.json"&gt;C:\QANinja\RocklovJulius\backend\resources\fixtures\incorect_password.json&lt;/a&gt;'.</msg>
<msg timestamp="20211003 11:25:54.593" level="INFO">${fixture} = {
    "email": "francisca@francisca.com.br",
    "password": "Francisca@1"
}</msg>
<status status="PASS" starttime="20211003 11:25:54.592" endtime="20211003 11:25:54.593"/>
</kw>
<kw name="Evaluate" library="BuiltIn">
<var>${json}</var>
<arg>json.loads($fixture)</arg>
<arg>json</arg>
<doc>Evaluates the given expression in Python and returns the result.</doc>
<msg timestamp="20211003 11:25:54.594" level="INFO">${json} = {'email': 'francisca@francisca.com.br', 'password': 'Francisca@1'}</msg>
<status status="PASS" starttime="20211003 11:25:54.594" endtime="20211003 11:25:54.594"/>
</kw>
<msg timestamp="20211003 11:25:54.595" level="INFO">${payload} = {'email': 'francisca@francisca.com.br', 'password': 'Francisca@1'}</msg>
<status status="PASS" starttime="20211003 11:25:54.591" endtime="20211003 11:25:54.595"/>
</kw>
<kw name="POST Login" library="Sessions">
<var>${response}</var>
<arg>${payload}</arg>
<kw name="POST" library="RequestsLibrary">
<var>${response}</var>
<arg>${base_url}/sessions</arg>
<arg>json=${payload}</arg>
<arg>expected_status=any</arg>
<doc>Sends a POST request.</doc>
<msg timestamp="20211003 11:25:55.639" level="INFO">POST Request : url=https://rocklov-julius-api.herokuapp.com/sessions 
 path_url=/sessions 
 headers={'User-Agent': 'python-requests/2.25.0', 'Accept-Encoding': 'gzip, deflate', 'Accept': '*/*', 'Connection': 'keep-alive', 'Content-Length': '66', 'Content-Type': 'application/json'} 
 body=b'{"email": "francisca@francisca.com.br", "password": "Francisca@1"}' 
 </msg>
<msg timestamp="20211003 11:25:55.640" level="INFO">POST Response : url=https://rocklov-julius-api.herokuapp.com/sessions 
 status=401, reason=Unauthorized 
 headers={'Server': 'Cowboy', 'Connection': 'keep-alive', 'X-Powered-By': 'Express', 'Access-Control-Allow-Origin': '*', 'Content-Type': 'application/json; charset=utf-8', 'Content-Length': '24', 'Etag': 'W/"18-XPDV80vbMk4yY1/PADG4jYM4rSI"', 'Date': 'Sun, 03 Oct 2021 14:25:55 GMT', 'Via': '1.1 vegur'} 
 body={"error":"Unauthorized"} 
 </msg>
<msg timestamp="20211003 11:25:55.640" level="INFO">${response} = &lt;Response [401]&gt;</msg>
<status status="PASS" starttime="20211003 11:25:54.596" endtime="20211003 11:25:55.640"/>
</kw>
<msg timestamp="20211003 11:25:55.640" level="INFO">${response} = &lt;Response [401]&gt;</msg>
<status status="PASS" starttime="20211003 11:25:54.595" endtime="20211003 11:25:55.640"/>
</kw>
<kw name="Status Should Be" library="RequestsLibrary">
<arg>401</arg>
<arg>${response}</arg>
<doc>Fails if response status code is different than the expected.</doc>
<status status="PASS" starttime="20211003 11:25:55.641" endtime="20211003 11:25:55.641"/>
</kw>
<kw name="Should Be Equal" library="BuiltIn">
<arg>Unauthorized</arg>
<arg>${response.json()}[error]</arg>
<doc>Fails if the given objects are unequal.</doc>
<status status="PASS" starttime="20211003 11:25:55.641" endtime="20211003 11:25:55.642"/>
</kw>
<status status="PASS" starttime="20211003 11:25:54.591" endtime="20211003 11:25:55.643"/>
</test>
<test id="s1-t3" name="User not found">
<kw name="GET Json" library="Helpers">
<var>${payload}</var>
<arg>user_not_found.json</arg>
<kw name="Get File" library="OperatingSystem">
<var>${fixture}</var>
<arg>${EXECDIR}/resources/fixtures/${file_name}</arg>
<doc>Returns the contents of a specified file.</doc>
<msg timestamp="20211003 11:25:55.648" level="INFO" html="true">Getting file '&lt;a href="file://C:\QANinja\RocklovJulius\backend\resources\fixtures\user_not_found.json"&gt;C:\QANinja\RocklovJulius\backend\resources\fixtures\user_not_found.json&lt;/a&gt;'.</msg>
<msg timestamp="20211003 11:25:55.649" level="INFO">${fixture} = {
    "email": "fracisca@francisca.com.br",
    "password": "Francisca@1"
}
  </msg>
<status status="PASS" starttime="20211003 11:25:55.647" endtime="20211003 11:25:55.649"/>
</kw>
<kw name="Evaluate" library="BuiltIn">
<var>${json}</var>
<arg>json.loads($fixture)</arg>
<arg>json</arg>
<doc>Evaluates the given expression in Python and returns the result.</doc>
<msg timestamp="20211003 11:25:55.650" level="INFO">${json} = {'email': 'fracisca@francisca.com.br', 'password': 'Francisca@1'}</msg>
<status status="PASS" starttime="20211003 11:25:55.649" endtime="20211003 11:25:55.650"/>
</kw>
<msg timestamp="20211003 11:25:55.650" level="INFO">${payload} = {'email': 'fracisca@francisca.com.br', 'password': 'Francisca@1'}</msg>
<status status="PASS" starttime="20211003 11:25:55.646" endtime="20211003 11:25:55.650"/>
</kw>
<kw name="POST Login" library="Sessions">
<var>${response}</var>
<arg>${payload}</arg>
<kw name="POST" library="RequestsLibrary">
<var>${response}</var>
<arg>${base_url}/sessions</arg>
<arg>json=${payload}</arg>
<arg>expected_status=any</arg>
<doc>Sends a POST request.</doc>
<msg timestamp="20211003 11:25:56.721" level="INFO">POST Request : url=https://rocklov-julius-api.herokuapp.com/sessions 
 path_url=/sessions 
 headers={'User-Agent': 'python-requests/2.25.0', 'Accept-Encoding': 'gzip, deflate', 'Accept': '*/*', 'Connection': 'keep-alive', 'Content-Length': '65', 'Content-Type': 'application/json'} 
 body=b'{"email": "fracisca@francisca.com.br", "password": "Francisca@1"}' 
 </msg>
<msg timestamp="20211003 11:25:56.721" level="INFO">POST Response : url=https://rocklov-julius-api.herokuapp.com/sessions 
 status=401, reason=Unauthorized 
 headers={'Server': 'Cowboy', 'Connection': 'keep-alive', 'X-Powered-By': 'Express', 'Access-Control-Allow-Origin': '*', 'Content-Type': 'application/json; charset=utf-8', 'Content-Length': '24', 'Etag': 'W/"18-XPDV80vbMk4yY1/PADG4jYM4rSI"', 'Date': 'Sun, 03 Oct 2021 14:25:56 GMT', 'Via': '1.1 vegur'} 
 body={"error":"Unauthorized"} 
 </msg>
<msg timestamp="20211003 11:25:56.721" level="INFO">${response} = &lt;Response [401]&gt;</msg>
<status status="PASS" starttime="20211003 11:25:55.651" endtime="20211003 11:25:56.721"/>
</kw>
<msg timestamp="20211003 11:25:56.721" level="INFO">${response} = &lt;Response [401]&gt;</msg>
<status status="PASS" starttime="20211003 11:25:55.650" endtime="20211003 11:25:56.721"/>
</kw>
<kw name="Status Should Be" library="RequestsLibrary">
<arg>401</arg>
<arg>${response}</arg>
<doc>Fails if response status code is different than the expected.</doc>
<status status="PASS" starttime="20211003 11:25:56.722" endtime="20211003 11:25:56.722"/>
</kw>
<kw name="Should Be Equal" library="BuiltIn">
<arg>Unauthorized</arg>
<arg>${response.json()}[error]</arg>
<doc>Fails if the given objects are unequal.</doc>
<status status="PASS" starttime="20211003 11:25:56.723" endtime="20211003 11:25:56.724"/>
</kw>
<status status="PASS" starttime="20211003 11:25:55.644" endtime="20211003 11:25:56.725"/>
</test>
<test id="s1-t4" name="Wrong email">
<kw name="GET Json" library="Helpers">
<var>${payload}</var>
<arg>wrong_email.json</arg>
<kw name="Get File" library="OperatingSystem">
<var>${fixture}</var>
<arg>${EXECDIR}/resources/fixtures/${file_name}</arg>
<doc>Returns the contents of a specified file.</doc>
<msg timestamp="20211003 11:25:56.728" level="INFO" html="true">Getting file '&lt;a href="file://C:\QANinja\RocklovJulius\backend\resources\fixtures\wrong_email.json"&gt;C:\QANinja\RocklovJulius\backend\resources\fixtures\wrong_email.json&lt;/a&gt;'.</msg>
<msg timestamp="20211003 11:25:56.728" level="INFO">${fixture} = {
    "email": "fracisca%%francisca.com.br",
    "password": "Francisca@1"
}</msg>
<status status="PASS" starttime="20211003 11:25:56.727" endtime="20211003 11:25:56.728"/>
</kw>
<kw name="Evaluate" library="BuiltIn">
<var>${json}</var>
<arg>json.loads($fixture)</arg>
<arg>json</arg>
<doc>Evaluates the given expression in Python and returns the result.</doc>
<msg timestamp="20211003 11:25:56.729" level="INFO">${json} = {'email': 'fracisca%%francisca.com.br', 'password': 'Francisca@1'}</msg>
<status status="PASS" starttime="20211003 11:25:56.728" endtime="20211003 11:25:56.729"/>
</kw>
<msg timestamp="20211003 11:25:56.731" level="INFO">${payload} = {'email': 'fracisca%%francisca.com.br', 'password': 'Francisca@1'}</msg>
<status status="PASS" starttime="20211003 11:25:56.727" endtime="20211003 11:25:56.732"/>
</kw>
<kw name="POST Login" library="Sessions">
<var>${response}</var>
<arg>${payload}</arg>
<kw name="POST" library="RequestsLibrary">
<var>${response}</var>
<arg>${base_url}/sessions</arg>
<arg>json=${payload}</arg>
<arg>expected_status=any</arg>
<doc>Sends a POST request.</doc>
<msg timestamp="20211003 11:25:57.355" level="INFO">POST Request : url=https://rocklov-julius-api.herokuapp.com/sessions 
 path_url=/sessions 
 headers={'User-Agent': 'python-requests/2.25.0', 'Accept-Encoding': 'gzip, deflate', 'Accept': '*/*', 'Connection': 'keep-alive', 'Content-Length': '66', 'Content-Type': 'application/json'} 
 body=b'{"email": "fracisca%%francisca.com.br", "password": "Francisca@1"}' 
 </msg>
<msg timestamp="20211003 11:25:57.356" level="INFO">POST Response : url=https://rocklov-julius-api.herokuapp.com/sessions 
 status=412, reason=Precondition Failed 
 headers={'Server': 'Cowboy', 'Connection': 'keep-alive', 'X-Powered-By': 'Express', 'Access-Control-Allow-Origin': '*', 'Content-Type': 'application/json; charset=utf-8', 'Content-Length': '23', 'Etag': 'W/"17-J+BxLoUN8ST7m7fP0enwagCQK4E"', 'Date': 'Sun, 03 Oct 2021 14:25:57 GMT', 'Via': '1.1 vegur'} 
 body={"error":"wrong email"} 
 </msg>
<msg timestamp="20211003 11:25:57.356" level="INFO">${response} = &lt;Response [412]&gt;</msg>
<status status="PASS" starttime="20211003 11:25:56.733" endtime="20211003 11:25:57.356"/>
</kw>
<msg timestamp="20211003 11:25:57.356" level="INFO">${response} = &lt;Response [412]&gt;</msg>
<status status="PASS" starttime="20211003 11:25:56.732" endtime="20211003 11:25:57.356"/>
</kw>
<kw name="Status Should Be" library="RequestsLibrary">
<arg>412</arg>
<arg>${response}</arg>
<doc>Fails if response status code is different than the expected.</doc>
<status status="PASS" starttime="20211003 11:25:57.357" endtime="20211003 11:25:57.357"/>
</kw>
<kw name="Should Be Equal" library="BuiltIn">
<arg>wrong email</arg>
<arg>${response.json()}[error]</arg>
<doc>Fails if the given objects are unequal.</doc>
<status status="PASS" starttime="20211003 11:25:57.357" endtime="20211003 11:25:57.358"/>
</kw>
<status status="PASS" starttime="20211003 11:25:56.726" endtime="20211003 11:25:57.359"/>
</test>
<test id="s1-t5" name="Empty email">
<kw name="GET Json" library="Helpers">
<var>${payload}</var>
<arg>empty_email.json</arg>
<kw name="Get File" library="OperatingSystem">
<var>${fixture}</var>
<arg>${EXECDIR}/resources/fixtures/${file_name}</arg>
<doc>Returns the contents of a specified file.</doc>
<msg timestamp="20211003 11:25:57.363" level="INFO" html="true">Getting file '&lt;a href="file://C:\QANinja\RocklovJulius\backend\resources\fixtures\empty_email.json"&gt;C:\QANinja\RocklovJulius\backend\resources\fixtures\empty_email.json&lt;/a&gt;'.</msg>
<msg timestamp="20211003 11:25:57.365" level="INFO">${fixture} = {
    "email": "",
    "password": "Francisca@1"
}</msg>
<status status="PASS" starttime="20211003 11:25:57.362" endtime="20211003 11:25:57.365"/>
</kw>
<kw name="Evaluate" library="BuiltIn">
<var>${json}</var>
<arg>json.loads($fixture)</arg>
<arg>json</arg>
<doc>Evaluates the given expression in Python and returns the result.</doc>
<msg timestamp="20211003 11:25:57.367" level="INFO">${json} = {'email': '', 'password': 'Francisca@1'}</msg>
<status status="PASS" starttime="20211003 11:25:57.366" endtime="20211003 11:25:57.367"/>
</kw>
<msg timestamp="20211003 11:25:57.368" level="INFO">${payload} = {'email': '', 'password': 'Francisca@1'}</msg>
<status status="PASS" starttime="20211003 11:25:57.361" endtime="20211003 11:25:57.368"/>
</kw>
<kw name="POST Login" library="Sessions">
<var>${response}</var>
<arg>${payload}</arg>
<kw name="POST" library="RequestsLibrary">
<var>${response}</var>
<arg>${base_url}/sessions</arg>
<arg>json=${payload}</arg>
<arg>expected_status=any</arg>
<doc>Sends a POST request.</doc>
<msg timestamp="20211003 11:25:58.315" level="INFO">POST Request : url=https://rocklov-julius-api.herokuapp.com/sessions 
 path_url=/sessions 
 headers={'User-Agent': 'python-requests/2.25.0', 'Accept-Encoding': 'gzip, deflate', 'Accept': '*/*', 'Connection': 'keep-alive', 'Content-Length': '40', 'Content-Type': 'application/json'} 
 body=b'{"email": "", "password": "Francisca@1"}' 
 </msg>
<msg timestamp="20211003 11:25:58.315" level="INFO">POST Response : url=https://rocklov-julius-api.herokuapp.com/sessions 
 status=412, reason=Precondition Failed 
 headers={'Server': 'Cowboy', 'Connection': 'keep-alive', 'X-Powered-By': 'Express', 'Access-Control-Allow-Origin': '*', 'Content-Type': 'application/json; charset=utf-8', 'Content-Length': '26', 'Etag': 'W/"1a-8KRaSvY57iDhlue9EjFWx2TpquE"', 'Date': 'Sun, 03 Oct 2021 14:25:58 GMT', 'Via': '1.1 vegur'} 
 body={"error":"required email"} 
 </msg>
<msg timestamp="20211003 11:25:58.316" level="INFO">${response} = &lt;Response [412]&gt;</msg>
<status status="PASS" starttime="20211003 11:25:57.370" endtime="20211003 11:25:58.316"/>
</kw>
<msg timestamp="20211003 11:25:58.316" level="INFO">${response} = &lt;Response [412]&gt;</msg>
<status status="PASS" starttime="20211003 11:25:57.369" endtime="20211003 11:25:58.316"/>
</kw>
<kw name="Status Should Be" library="RequestsLibrary">
<arg>412</arg>
<arg>${response}</arg>
<doc>Fails if response status code is different than the expected.</doc>
<status status="PASS" starttime="20211003 11:25:58.317" endtime="20211003 11:25:58.317"/>
</kw>
<kw name="Should Be Equal" library="BuiltIn">
<arg>required email</arg>
<arg>${response.json()}[error]</arg>
<doc>Fails if the given objects are unequal.</doc>
<status status="PASS" starttime="20211003 11:25:58.318" endtime="20211003 11:25:58.318"/>
</kw>
<status status="PASS" starttime="20211003 11:25:57.360" endtime="20211003 11:25:58.319"/>
</test>
<test id="s1-t6" name="Empty password">
<kw name="GET Json" library="Helpers">
<var>${payload}</var>
<arg>empty_email.json</arg>
<kw name="Get File" library="OperatingSystem">
<var>${fixture}</var>
<arg>${EXECDIR}/resources/fixtures/${file_name}</arg>
<doc>Returns the contents of a specified file.</doc>
<msg timestamp="20211003 11:25:58.322" level="INFO" html="true">Getting file '&lt;a href="file://C:\QANinja\RocklovJulius\backend\resources\fixtures\empty_email.json"&gt;C:\QANinja\RocklovJulius\backend\resources\fixtures\empty_email.json&lt;/a&gt;'.</msg>
<msg timestamp="20211003 11:25:58.322" level="INFO">${fixture} = {
    "email": "",
    "password": "Francisca@1"
}</msg>
<status status="PASS" starttime="20211003 11:25:58.321" endtime="20211003 11:25:58.322"/>
</kw>
<kw name="Evaluate" library="BuiltIn">
<var>${json}</var>
<arg>json.loads($fixture)</arg>
<arg>json</arg>
<doc>Evaluates the given expression in Python and returns the result.</doc>
<msg timestamp="20211003 11:25:58.324" level="INFO">${json} = {'email': '', 'password': 'Francisca@1'}</msg>
<status status="PASS" starttime="20211003 11:25:58.323" endtime="20211003 11:25:58.324"/>
</kw>
<msg timestamp="20211003 11:25:58.324" level="INFO">${payload} = {'email': '', 'password': 'Francisca@1'}</msg>
<status status="PASS" starttime="20211003 11:25:58.321" endtime="20211003 11:25:58.324"/>
</kw>
<kw name="POST Login" library="Sessions">
<var>${response}</var>
<arg>${payload}</arg>
<kw name="POST" library="RequestsLibrary">
<var>${response}</var>
<arg>${base_url}/sessions</arg>
<arg>json=${payload}</arg>
<arg>expected_status=any</arg>
<doc>Sends a POST request.</doc>
<msg timestamp="20211003 11:25:59.225" level="INFO">POST Request : url=https://rocklov-julius-api.herokuapp.com/sessions 
 path_url=/sessions 
 headers={'User-Agent': 'python-requests/2.25.0', 'Accept-Encoding': 'gzip, deflate', 'Accept': '*/*', 'Connection': 'keep-alive', 'Content-Length': '40', 'Content-Type': 'application/json'} 
 body=b'{"email": "", "password": "Francisca@1"}' 
 </msg>
<msg timestamp="20211003 11:25:59.225" level="INFO">POST Response : url=https://rocklov-julius-api.herokuapp.com/sessions 
 status=412, reason=Precondition Failed 
 headers={'Server': 'Cowboy', 'Connection': 'keep-alive', 'X-Powered-By': 'Express', 'Access-Control-Allow-Origin': '*', 'Content-Type': 'application/json; charset=utf-8', 'Content-Length': '26', 'Etag': 'W/"1a-8KRaSvY57iDhlue9EjFWx2TpquE"', 'Date': 'Sun, 03 Oct 2021 14:25:59 GMT', 'Via': '1.1 vegur'} 
 body={"error":"required email"} 
 </msg>
<msg timestamp="20211003 11:25:59.225" level="INFO">${response} = &lt;Response [412]&gt;</msg>
<status status="PASS" starttime="20211003 11:25:58.326" endtime="20211003 11:25:59.226"/>
</kw>
<msg timestamp="20211003 11:25:59.226" level="INFO">${response} = &lt;Response [412]&gt;</msg>
<status status="PASS" starttime="20211003 11:25:58.325" endtime="20211003 11:25:59.226"/>
</kw>
<kw name="Status Should Be" library="RequestsLibrary">
<arg>412</arg>
<arg>${response}</arg>
<doc>Fails if response status code is different than the expected.</doc>
<status status="PASS" starttime="20211003 11:25:59.227" endtime="20211003 11:25:59.227"/>
</kw>
<kw name="Should Be Equal" library="BuiltIn">
<arg>required email</arg>
<arg>${response.json()}[error]</arg>
<doc>Fails if the given objects are unequal.</doc>
<status status="PASS" starttime="20211003 11:25:59.231" endtime="20211003 11:25:59.235"/>
</kw>
<status status="PASS" starttime="20211003 11:25:58.320" endtime="20211003 11:25:59.236"/>
</test>
<test id="s1-t7" name="Without Email">
<kw name="GET Json" library="Helpers">
<var>${payload}</var>
<arg>without_email.json</arg>
<kw name="Get File" library="OperatingSystem">
<var>${fixture}</var>
<arg>${EXECDIR}/resources/fixtures/${file_name}</arg>
<doc>Returns the contents of a specified file.</doc>
<msg timestamp="20211003 11:25:59.240" level="INFO" html="true">Getting file '&lt;a href="file://C:\QANinja\RocklovJulius\backend\resources\fixtures\without_email.json"&gt;C:\QANinja\RocklovJulius\backend\resources\fixtures\without_email.json&lt;/a&gt;'.</msg>
<msg timestamp="20211003 11:25:59.240" level="INFO">${fixture} = {
    "password": "Francisca@1"
}</msg>
<status status="PASS" starttime="20211003 11:25:59.239" endtime="20211003 11:25:59.240"/>
</kw>
<kw name="Evaluate" library="BuiltIn">
<var>${json}</var>
<arg>json.loads($fixture)</arg>
<arg>json</arg>
<doc>Evaluates the given expression in Python and returns the result.</doc>
<msg timestamp="20211003 11:25:59.241" level="INFO">${json} = {'password': 'Francisca@1'}</msg>
<status status="PASS" starttime="20211003 11:25:59.241" endtime="20211003 11:25:59.242"/>
</kw>
<msg timestamp="20211003 11:25:59.242" level="INFO">${payload} = {'password': 'Francisca@1'}</msg>
<status status="PASS" starttime="20211003 11:25:59.238" endtime="20211003 11:25:59.243"/>
</kw>
<kw name="POST Login" library="Sessions">
<var>${response}</var>
<arg>${payload}</arg>
<kw name="POST" library="RequestsLibrary">
<var>${response}</var>
<arg>${base_url}/sessions</arg>
<arg>json=${payload}</arg>
<arg>expected_status=any</arg>
<doc>Sends a POST request.</doc>
<msg timestamp="20211003 11:26:00.019" level="INFO">POST Request : url=https://rocklov-julius-api.herokuapp.com/sessions 
 path_url=/sessions 
 headers={'User-Agent': 'python-requests/2.25.0', 'Accept-Encoding': 'gzip, deflate', 'Accept': '*/*', 'Connection': 'keep-alive', 'Content-Length': '27', 'Content-Type': 'application/json'} 
 body=b'{"password": "Francisca@1"}' 
 </msg>
<msg timestamp="20211003 11:26:00.039" level="INFO">POST Response : url=https://rocklov-julius-api.herokuapp.com/sessions 
 status=412, reason=Precondition Failed 
 headers={'Server': 'Cowboy', 'Connection': 'keep-alive', 'X-Powered-By': 'Express', 'Access-Control-Allow-Origin': '*', 'Content-Type': 'application/json; charset=utf-8', 'Content-Length': '26', 'Etag': 'W/"1a-8KRaSvY57iDhlue9EjFWx2TpquE"', 'Date': 'Sun, 03 Oct 2021 14:26:00 GMT', 'Via': '1.1 vegur'} 
 body={"error":"required email"} 
 </msg>
<msg timestamp="20211003 11:26:00.039" level="INFO">${response} = &lt;Response [412]&gt;</msg>
<status status="PASS" starttime="20211003 11:25:59.244" endtime="20211003 11:26:00.039"/>
</kw>
<msg timestamp="20211003 11:26:00.039" level="INFO">${response} = &lt;Response [412]&gt;</msg>
<status status="PASS" starttime="20211003 11:25:59.243" endtime="20211003 11:26:00.040"/>
</kw>
<kw name="Status Should Be" library="RequestsLibrary">
<arg>412</arg>
<arg>${response}</arg>
<doc>Fails if response status code is different than the expected.</doc>
<status status="PASS" starttime="20211003 11:26:00.040" endtime="20211003 11:26:00.041"/>
</kw>
<kw name="Should Be Equal" library="BuiltIn">
<arg>required email</arg>
<arg>${response.json()}[error]</arg>
<doc>Fails if the given objects are unequal.</doc>
<status status="PASS" starttime="20211003 11:26:00.041" endtime="20211003 11:26:00.042"/>
</kw>
<status status="PASS" starttime="20211003 11:25:59.238" endtime="20211003 11:26:00.042"/>
</test>
<test id="s1-t8" name="Without Password">
<kw name="GET Json" library="Helpers">
<var>${payload}</var>
<arg>without_password.json</arg>
<kw name="Get File" library="OperatingSystem">
<var>${fixture}</var>
<arg>${EXECDIR}/resources/fixtures/${file_name}</arg>
<doc>Returns the contents of a specified file.</doc>
<msg timestamp="20211003 11:26:00.046" level="INFO" html="true">Getting file '&lt;a href="file://C:\QANinja\RocklovJulius\backend\resources\fixtures\without_password.json"&gt;C:\QANinja\RocklovJulius\backend\resources\fixtures\without_password.json&lt;/a&gt;'.</msg>
<msg timestamp="20211003 11:26:00.047" level="INFO">${fixture} = {
    "email": "francisca@francisca.com.br"
    
}</msg>
<status status="PASS" starttime="20211003 11:26:00.045" endtime="20211003 11:26:00.047"/>
</kw>
<kw name="Evaluate" library="BuiltIn">
<var>${json}</var>
<arg>json.loads($fixture)</arg>
<arg>json</arg>
<doc>Evaluates the given expression in Python and returns the result.</doc>
<msg timestamp="20211003 11:26:00.048" level="INFO">${json} = {'email': 'francisca@francisca.com.br'}</msg>
<status status="PASS" starttime="20211003 11:26:00.047" endtime="20211003 11:26:00.048"/>
</kw>
<msg timestamp="20211003 11:26:00.048" level="INFO">${payload} = {'email': 'francisca@francisca.com.br'}</msg>
<status status="PASS" starttime="20211003 11:26:00.044" endtime="20211003 11:26:00.049"/>
</kw>
<kw name="POST Login" library="Sessions">
<var>${response}</var>
<arg>${payload}</arg>
<kw name="POST" library="RequestsLibrary">
<var>${response}</var>
<arg>${base_url}/sessions</arg>
<arg>json=${payload}</arg>
<arg>expected_status=any</arg>
<doc>Sends a POST request.</doc>
<msg timestamp="20211003 11:26:00.956" level="INFO">POST Request : url=https://rocklov-julius-api.herokuapp.com/sessions 
 path_url=/sessions 
 headers={'User-Agent': 'python-requests/2.25.0', 'Accept-Encoding': 'gzip, deflate', 'Accept': '*/*', 'Connection': 'keep-alive', 'Content-Length': '39', 'Content-Type': 'application/json'} 
 body=b'{"email": "francisca@francisca.com.br"}' 
 </msg>
<msg timestamp="20211003 11:26:00.957" level="INFO">POST Response : url=https://rocklov-julius-api.herokuapp.com/sessions 
 status=412, reason=Precondition Failed 
 headers={'Server': 'Cowboy', 'Connection': 'keep-alive', 'X-Powered-By': 'Express', 'Access-Control-Allow-Origin': '*', 'Content-Type': 'application/json; charset=utf-8', 'Content-Length': '29', 'Etag': 'W/"1d-tUn0yUHtqO1XqLN8GlARJKKNdM8"', 'Date': 'Sun, 03 Oct 2021 14:26:01 GMT', 'Via': '1.1 vegur'} 
 body={"error":"required password"} 
 </msg>
<msg timestamp="20211003 11:26:00.957" level="INFO">${response} = &lt;Response [412]&gt;</msg>
<status status="PASS" starttime="20211003 11:26:00.050" endtime="20211003 11:26:00.957"/>
</kw>
<msg timestamp="20211003 11:26:00.957" level="INFO">${response} = &lt;Response [412]&gt;</msg>
<status status="PASS" starttime="20211003 11:26:00.049" endtime="20211003 11:26:00.957"/>
</kw>
<kw name="Status Should Be" library="RequestsLibrary">
<arg>412</arg>
<arg>${response}</arg>
<doc>Fails if response status code is different than the expected.</doc>
<status status="PASS" starttime="20211003 11:26:00.958" endtime="20211003 11:26:00.958"/>
</kw>
<kw name="Should Be Equal" library="BuiltIn">
<arg>required password</arg>
<arg>${response.json()}[error]</arg>
<doc>Fails if the given objects are unequal.</doc>
<status status="PASS" starttime="20211003 11:26:00.958" endtime="20211003 11:26:00.959"/>
</kw>
<status status="PASS" starttime="20211003 11:26:00.043" endtime="20211003 11:26:00.960"/>
</test>
<doc>Sessions route tests</doc>
<status status="PASS" starttime="20211003 11:25:53.495" endtime="20211003 11:26:00.963"/>
</suite>
<statistics>
<total>
<stat pass="8" fail="0" skip="0">All Tests</stat>
</total>
<tag>
</tag>
<suite>
<stat pass="8" fail="0" skip="0" id="s1" name="LoginTests">LoginTests</stat>
</suite>
</statistics>
<errors>
</errors>
</robot>
