<?xml version="1.0" encoding="UTF-8"?>
<robot generator="Robot 4.1.1 (Python 3.9.1 on win32)" generated="20211017 21:07:36.113" rpa="false" schemaversion="2">
<suite id="s1" name="TesteGoogle" source="C:\QANinja\RocklovJulius\backend\tests\TesteGoogle.robot">
<test id="s1-t1" name="Quick Get Request Test">
<kw name="GET" library="RequestsLibrary">
<var>${response}</var>
<arg>https://www.google.com</arg>
<doc>Sends a GET request.</doc>
<msg timestamp="20211017 21:07:36.860" level="INFO">GET Request : url=https://www.google.com/ 
 path_url=/ 
 headers={'User-Agent': 'python-requests/2.25.0', 'Accept-Encoding': 'gzip, deflate', 'Accept': '*/*', 'Connection': 'keep-alive'} 
 body=None 
 </msg>
<msg timestamp="20211017 21:07:36.860" level="INFO">GET Response : url=https://www.google.com/ 
 status=200, reason=OK 
 headers={'Date': 'Mon, 18 Oct 2021 00:07:36 GMT', 'Expires': '-1', 'Cache-Control': 'private, max-age=0', 'Content-Type': 'text/html; charset=ISO-8859-1', 'P3P': 'CP="This is not a P3P policy! See g.co/p3phelp for more info."', 'Content-Encoding': 'gzip', 'Server': 'gws', 'X-XSS-Protection': '0', 'X-Frame-Options': 'SAMEORIGIN', 'Set-Cookie': '1P_JAR=2021-10-18-00; expires=Wed, 17-Nov-2021 00:07:36 GMT; path=/; domain=.google.com; Secure, NID=511=kXJO0Vg0o-kAc9LExjI351j4pEAiqTpgtXBB6JhDMyEOq63BclCpnU2jsHZh9nrP9edm84O0B8eEMVvodhlrMtIIKt_3ZAIlLqWX2_hor0E7offV_ayzkisRSisRuOCIxa6HIS1QhgwJCrIVTFib0KYBWzvONDEjtOfZ8mNHlCE; expires=Tue, 19-Apr-2022 00:07:36 GMT; path=/; domain=.google.com; HttpOnly', 'Alt-Svc': 'h3=":443"; ma=2592000,h3-29=":443"; ma=2592000,h3-T051=":443"; ma=2592000,h3-Q050=":443"; ma=2592000,h3-Q046=":443"; ma=2592000,h3-Q043=":443"; ma=2592000,quic=":443"; ma=2592000; v="46,43"', 'Transfer-Encoding': 'chunked'} 
 body=&lt;!doctype html&gt;&lt;html itemscope="" itemtype="http://schema.org/WebPage" lang="pt-BR"&gt;&lt;head&gt;&lt;meta content="text/html; charset=UTF-8" http-equiv="Content-Type"&gt;&lt;meta content="/images/branding/googleg/1x/googleg_standard_color_128dp.png" itemprop="image"&gt;&lt;title&gt;Google&lt;/title&gt;&lt;script nonce="IVu52EU0aS+jL7S4KGS8vw=="&gt;(function(){window.google={kEI:'yLpsYbi9ELHM1sQPpOaZ2AE',kEXPI:'0,1302536,56873,6059,206,4804,2316,383,246,5,1353,4013,1239,1122515,1197765,636,328866,51223,16115,28684,17572,4859,1361,9291,3027,12740,4841,4020,978,13228,3847,4192,6430,19044,2778,919,5081,1593,1279,2212,530,149,1103,840,6297,3514,606,2023,1777,520,14670,3227,2845,7,12354,5096,16320,908,2,941,15756,3,346,230,4337,2123,148,12314,1661,4,1528,2304,1236,5803,4683,2015,11501,2110,1714,3050,2658,6701,655,31,5615,8013,1592,713,638,1494,16786,5806,2551,992,3102,3138,6,908,3,3541,1,5096,2,1,3,9608,1816,281,914,5996,15441,8,1273,1715,2,8603,20,1216,7,29,7,4140,1244,7,680,442,652,7,2810,407,1271,744,2350,3502,9865,598,1160,1312,5387,2380,2719,9280,742,5389,2868,2,3,6,7734,4567,2578,3120,290,268,3623,2,3010,91,606,1,2499,669,2,2370,5528,230,1811,361,1630,200,786,3429,1570,825,2,3,6,793,414,46,1163,6,504,1600,114,973,98,730,905,580,385,7,701,69,1700,1160,60,3,1104,37,614,2,1025,273,548,2,530,75,56,5,5,1,3,2,214,1662,465,340,2,1,3,122,35,136,983,147,3,2,210,280,409,636,401,406,2,79,135,2,304,185,5,63,237,38,115,256,482,294,2,291,448,874,81,61,75,268,877,4,35,10,64,336,110,2,2,1,331,3409,5555276,446,161,159,8,1802561,96,4193363,520,212,2800485,882,444,1,2,80,1,1796,1,9,2553,1,889,795,2,561,1,4265,1,1,2,1331,4142,2609,155,17,13,72,139,4,2,20,2,169,13,19,46,5,39,96,548,29,2,2,1,2,1,2,2,7,4,1,2,2,2,2,2,2,353,513,186,1,1,158,3,2,2,2,2,2,4,2,3,3,269,465,86,17,2,4,4,12,99,2,2,118,6,29,5,14,4,34,3,1,4,3,2,16,4,40,3,2,4,4,3,5,21,16,1,1,1,23953685,4041352,338,3,2414,1008,483,9,1434,158,1358,293,2928,344,1584,138,686,804719',kBL:'HAro'};google.sn='webhp';google.kHL='pt-BR';})();(function(){
var f=this||self;var h,k=[];function l(a){for(var b;a&amp;&amp;(!a.getAttribute||!(b=a.getAttribute("eid")));)a=a.parentNode;return b||h}function m(a){for(var b=null;a&amp;&amp;(!a.getAttribute||!(b=a.getAttribute("leid")));)a=a.parentNode;return b}
function n(a,b,c,d,g){var e="";c||-1!==b.search("&amp;ei=")||(e="&amp;ei="+l(d),-1===b.search("&amp;lei=")&amp;&amp;(d=m(d))&amp;&amp;(e+="&amp;lei="+d));d="";!c&amp;&amp;f._cshid&amp;&amp;-1===b.search("&amp;cshid=")&amp;&amp;"slh"!==a&amp;&amp;(d="&amp;cshid="+f._cshid);c=c||"/"+(g||"gen_204")+"?atyp=i&amp;ct="+a+"&amp;cad="+b+e+"&amp;zx="+Date.now()+d;/^http:/i.test(c)&amp;&amp;"https:"===window.location.protocol&amp;&amp;(google.ml&amp;&amp;google.ml(Error("a"),!1,{src:c,glmm:1}),c="");return c};h=google.kEI;google.getEI=l;google.getLEI=m;google.ml=function(){return null};google.log=function(a,b,c,d,g){if(c=n(a,b,c,d,g)){a=new Image;var e=k.length;k[e]=a;a.onerror=a.onload=a.onabort=function(){delete k[e]};a.src=c}};google.logUrl=n;}).call(this);(function(){
google.y={};google.sy=[];google.x=function(a,b){if(a)var c=a.id;else{do c=Math.random();while(google.y[c])}google.y[c]=[a,b];return!1};google.sx=function(a){google.sy.push(a)};google.lm=[];google.plm=function(a){google.lm.push.apply(google.lm,a)};google.lq=[];google.load=function(a,b,c){google.lq.push([[a],b,c])};google.loadAll=function(a,b){google.lq.push([a,b])};google.bx=!1;google.lx=function(){};}).call(this);google.f={};(function(){
document.documentElement.addEventListener("submit",function(b){var a;if(a=b.target){var c=a.getAttribute("data-submitfalse");a="1"===c||"q"===c&amp;&amp;!a.elements.q.value?!0:!1}else a=!1;a&amp;&amp;(b.preventDefault(),b.stopPropagation())},!0);document.documentElement.addEventListener("click",function(b){var a;a:{for(a=b.target;a&amp;&amp;a!==document.documentElement;a=a.parentElement)if("A"===a.tagName){a="1"===a.getAttribute("data-nohref");break a}a=!1}a&amp;&amp;b.preventDefault()},!0);}).call(this);&lt;/script&gt;&lt;style&gt;#gbar,#guser{font-size:13px;padding-top:1px !important;}#gbar{height:22px}#guser{padding-bottom:7px !important;text-align:right}.gbh,.gbd{border-top:1px solid #c9d7f1;font-size:1px}.gbh{height:0;position:absolute;top:24px;width:100%}@media all{.gb1{height:22px;margin-right:.5em;vertical-align:top}#gbar{float:left}}a.gb1,a.gb4{text-decoration:underline !important}a.gb1,a.gb4{color:#00c !important}.gbi .gb4{color:#dd8e27 !important}.gbf .gb4{color:#900 !important}
&lt;/style&gt;&lt;style&gt;body,td,a,p,.h{font-family:arial,sans-serif}body{margin:0;overflow-y:scroll}#gog{padding:3px 8px 0}td{line-height:.8em}.gac_m td{line-height:17px}form{margin-bottom:20px}.h{color:#1558d6}em{font-weight:bold;font-style:normal}.lst{height:25px;width:496px}.gsfi,.lst{font:18px arial,sans-serif}.gsfs{font:17px arial,sans-serif}.ds{display:inline-box;display:inline-block;margin:3px 0 4px;margin-left:4px}input{font-family:inherit}body{background:#fff;color:#000}a{color:#4b11a8;text-decoration:none}a:hover,a:active{text-decoration:underline}.fl a{color:#1558d6}a:visited{color:#4b11a8}.sblc{padding-top:5px}.sblc a{display:block;margin:2px 0;margin-left:13px;font-size:11px}.lsbb{background:#f8f9fa;border:solid 1px;border-color:#dadce0 #70757a #70757a #dadce0;height:30px}.lsbb{display:block}#WqQANb a{display:inline-block;margin:0 12px}.lsb{background:url(/images/nav_logo229.png) 0 -261px repeat-x;border:none;color:#000;cursor:pointer;height:30px;margin:0;outline:0;font:15px arial,sans-serif;vertical-align:top}.lsb:active{background:#dadce0}.lst:focus{outline:none}.tiah{width:458px}&lt;/style&gt;&lt;script nonce="IVu52EU0aS+jL7S4KGS8vw=="&gt;(function(){window.google.erd={sp:'hp',jsr:0,bv:1459,de:true};
var f=this||self;var g,h,k=null!==(g=f.mei)&amp;&amp;void 0!==g?g:1,l=null!==(h=f.sdo)&amp;&amp;void 0!==h?h:!0,n=0,p,q=google.erd,t=q.jsr;google.ml=function(a,b,e,m,d){d=void 0===d?2:d;b&amp;&amp;(p=a&amp;&amp;a.message);if(google.dl)return google.dl(a,d,e),null;if(0&gt;t){window.console&amp;&amp;console.error(a,e);if(-2===t)throw a;b=!1}else b=!a||!a.message||"Error loading script"===a.message||n&gt;=k&amp;&amp;!m?!1:!0;if(!b)return null;n++;e=e||{};b=encodeURIComponent;var c="/gen_204?atyp=i&amp;ei="+b(google.kEI);google.kEXPI&amp;&amp;(c+="&amp;jexpid="+b(google.kEXPI));c+="&amp;srcpg="+b(q.sp)+"&amp;jsr="+b(q.jsr)+"&amp;bver="+b(q.bv)+("&amp;jsel="+d);c+="&amp;sn="+b(google.sn);for(var r in e)c+="&amp;",c+=b(r),c+="=",c+=b(e[r]);c=c+"&amp;emsg="+b(a.name+": "+a.message);c=c+"&amp;jsst="+b(a.stack||"N/A");12288&lt;=c.length&amp;&amp;(c=c.substr(0,12288));a=c;m||google.log(0,"",a);return a};window.onerror=function(a,b,e,m,d){p!==a&amp;&amp;google.ml(d instanceof Error?d:Error(a),!1,void 0,!1,!d||d instanceof SyntaxError?2:0);p=null;l&amp;&amp;n&gt;=k&amp;&amp;(window.onerror=null)};})();&lt;/script&gt;&lt;/head&gt;&lt;body bgcolor="#fff"&gt;&lt;script nonce="IVu52EU0aS+jL7S4KGS8vw=="&gt;(function(){var src='/images/nav_logo229.png';var iesg=false;document.body.onload = function(){window.n &amp;&amp; window.n();if (document.images){new Image().src=src;}
if (!iesg){document.f&amp;&amp;document.f.q.focus();document.gbqf&amp;&amp;document.gbqf.q.focus();}
}
})();&lt;/script&gt;&lt;div id="mngb"&gt;&lt;div id=gbar&gt;&lt;nobr&gt;&lt;b class=gb1&gt;Pesquisa&lt;/b&gt; &lt;a class=gb1 href="https://www.google.com.br/imghp?hl=pt-BR&amp;tab=wi"&gt;Imagens&lt;/a&gt; &lt;a class=gb1 href="https://maps.google.com.br/maps?hl=pt-BR&amp;tab=wl"&gt;Maps&lt;/a&gt; &lt;a class=gb1 href="https://play.google.com/?hl=pt-BR&amp;tab=w8"&gt;Play&lt;/a&gt; &lt;a class=gb1 href="https://www.youtube.com/?gl=BR&amp;tab=w1"&gt;YouTube&lt;/a&gt; &lt;a class=gb1 href="https://news.google.com/?tab=wn"&gt;Notícias&lt;/a&gt; &lt;a class=gb1 href="https://mail.google.com/mail/?tab=wm"&gt;Gmail&lt;/a&gt; &lt;a class=gb1 href="https://drive.google.com/?tab=wo"&gt;Drive&lt;/a&gt; &lt;a class=gb1 style="text-decoration:none" href="https://www.google.com.br/intl/pt-BR/about/products?tab=wh"&gt;&lt;u&gt;Mais&lt;/u&gt; &amp;raquo;&lt;/a&gt;&lt;/nobr&gt;&lt;/div&gt;&lt;div id=guser width=100%&gt;&lt;nobr&gt;&lt;span id=gbn class=gbi&gt;&lt;/span&gt;&lt;span id=gbf class=gbf&gt;&lt;/span&gt;&lt;span id=gbe&gt;&lt;/span&gt;&lt;a href="http://www.google.com.br/history/optout?hl=pt-BR" class=gb4&gt;Histórico da Web&lt;/a&gt; | &lt;a  href="/preferences?hl=pt-BR" class=gb4&gt;Configurações&lt;/a&gt; | &lt;a target=_top id=gb_70 href="https://accounts.google.com/ServiceLogin?hl=pt-BR&amp;passive=true&amp;continue=https://www.google.com/&amp;ec=GAZAAQ" class=gb4&gt;Fazer login&lt;/a&gt;&lt;/nobr&gt;&lt;/div&gt;&lt;div class=gbh style=left:0&gt;&lt;/div&gt;&lt;div class=gbh style=right:0&gt;&lt;/div&gt;&lt;/div&gt;&lt;center&gt;&lt;br clear="all" id="lgpd"&gt;&lt;div id="lga"&gt;&lt;img alt="Google" height="92" src="/images/branding/googlelogo/1x/googlelogo_white_background_color_272x92dp.png" style="padding:28px 0 14px" width="272" id="hplogo"&gt;&lt;br&gt;&lt;br&gt;&lt;/div&gt;&lt;form action="/search" name="f"&gt;&lt;table cellpadding="0" cellspacing="0"&gt;&lt;tr valign="top"&gt;&lt;td width="25%"&gt;&amp;nbsp;&lt;/td&gt;&lt;td align="center" nowrap=""&gt;&lt;input name="ie" value="ISO-8859-1" type="hidden"&gt;&lt;input value="pt-BR" name="hl" type="hidden"&gt;&lt;input name="source" type="hidden" value="hp"&gt;&lt;input name="biw" type="hidden"&gt;&lt;input name="bih" type="hidden"&gt;&lt;div class="ds" style="height:32px;margin:4px 0"&gt;&lt;div style="position:relative;zoom:1"&gt;&lt;input class="lst tiah" style="margin:0;padding:5px 8px 0 6px;vertical-align:top;color:#000;padding-right:38px" autocomplete="off" value="" title="Pesquisa Google" maxlength="2048" name="q" size="57"&gt;&lt;img src="/textinputassistant/tia.png" style="position:absolute;cursor:pointer;right:5px;top:4px;z-index:300" data-script-url="/textinputassistant/11/pt-BR_tia.js" id="tsuid1" alt="" height="23" width="27"&gt;&lt;script nonce="IVu52EU0aS+jL7S4KGS8vw=="&gt;(function(){var id='tsuid1';document.getElementById(id).onclick = function(){var s = document.createElement('script');s.src = this.getAttribute('data-script-url');(document.getElementById('xjsc')||document.body).appendChild(s);};})();&lt;/script&gt;&lt;/div&gt;&lt;/div&gt;&lt;br style="line-height:0"&gt;&lt;span class="ds"&gt;&lt;span class="lsbb"&gt;&lt;input class="lsb" value="Pesquisa Google" name="btnG" type="submit"&gt;&lt;/span&gt;&lt;/span&gt;&lt;span class="ds"&gt;&lt;span class="lsbb"&gt;&lt;input class="lsb" id="tsuid2" value="Estou com sorte" name="btnI" type="submit"&gt;&lt;script nonce="IVu52EU0aS+jL7S4KGS8vw=="&gt;(function(){var id='tsuid2';document.getElementById(id).onclick = function(){if (this.form.q.value){this.checked = 1;if (this.form.iflsig)this.form.iflsig.disabled = false;}
else top.location='/doodles/';};})();&lt;/script&gt;&lt;input value="ALs-wAMAAAAAYWzI2FswZc7Wfh86_UTsqgQR-OHJSuqe" name="iflsig" type="hidden"&gt;&lt;/span&gt;&lt;/span&gt;... (set the log level to DEBUG or TRACE to see the full content) 
 </msg>
<msg timestamp="20211017 21:07:36.861" level="INFO">${response} = &lt;Response [200]&gt;</msg>
<status status="PASS" starttime="20211017 21:07:36.454" endtime="20211017 21:07:36.862"/>
</kw>
<status status="PASS" starttime="20211017 21:07:36.453" endtime="20211017 21:07:36.863"/>
</test>
<test id="s1-t2" name="Quick Get Request With Parameters Test">
<kw name="GET" library="RequestsLibrary">
<var>${response}</var>
<arg>https://www.google.com/search</arg>
<arg>params=query=ciao</arg>
<arg>expected_status=200</arg>
<doc>Sends a GET request.</doc>
<msg timestamp="20211017 21:07:37.681" level="INFO">GET Request : url=https://www.google.com/search?query=ciao 
 path_url=/search?query=ciao 
 headers={'User-Agent': 'python-requests/2.25.0', 'Accept-Encoding': 'gzip, deflate', 'Accept': '*/*', 'Connection': 'keep-alive'} 
 body=None 
 </msg>
<msg timestamp="20211017 21:07:37.682" level="INFO">GET Response : url=https://www.google.com/search?query=ciao 
 status=200, reason=OK 
 headers={'Content-Type': 'text/html; charset=ISO-8859-1', 'Date': 'Mon, 18 Oct 2021 00:07:36 GMT', 'Expires': '-1', 'Cache-Control': 'private, max-age=0', 'P3P': 'CP="This is not a P3P policy! See g.co/p3phelp for more info."', 'Content-Encoding': 'gzip', 'Server': 'gws', 'X-XSS-Protection': '0', 'X-Frame-Options': 'SAMEORIGIN', 'Set-Cookie': '1P_JAR=2021-10-18-00; expires=Wed, 17-Nov-2021 00:07:36 GMT; path=/; domain=.google.com; Secure, NID=511=rADlQPIiWlI88tOBzuKgQPHoxcTkSG5AButDUAaa9wyEzYnDGqF-At0WmCzdZpcw0WswMSYy9bJTzolPyOAMRsPlekVbeJrXygEcRYS3bXcGRoRvYgJTe82gcMPgq0Wj7eHazDEj8MdSggzcuneYtvHmreFo-r_MHjBYG8U3FL4; expires=Tue, 19-Apr-2022 00:07:36 GMT; path=/; domain=.google.com; HttpOnly', 'Alt-Svc': 'h3=":443"; ma=2592000,h3-29=":443"; ma=2592000,h3-T051=":443"; ma=2592000,h3-Q050=":443"; ma=2592000,h3-Q046=":443"; ma=2592000,h3-Q043=":443"; ma=2592000,quic=":443"; ma=2592000; v="46,43"', 'Transfer-Encoding': 'chunked'} 
 body=&lt;!doctype html&gt;&lt;html lang="pt-BR"&gt;&lt;head&gt;&lt;meta charset="UTF-8"&gt;&lt;meta content="/images/branding/googleg/1x/googleg_standard_color_128dp.png" itemprop="image"&gt;&lt;title&gt;ciao - Pesquisa Google&lt;/title&gt;&lt;script nonce="XxNOhA+r4owlwU+Y6u4a6g=="&gt;(function(){
document.documentElement.addEventListener("submit",function(b){var a;if(a=b.target){var c=a.getAttribute("data-submitfalse");a="1"===c||"q"===c&amp;&amp;!a.elements.q.value?!0:!1}else a=!1;a&amp;&amp;(b.preventDefault(),b.stopPropagation())},!0);document.documentElement.addEventListener("click",function(b){var a;a:{for(a=b.target;a&amp;&amp;a!==document.documentElement;a=a.parentElement)if("A"===a.tagName){a="1"===a.getAttribute("data-nohref");break a}a=!1}a&amp;&amp;b.preventDefault()},!0);}).call(this);(function(){
var a=window.performance;window.start=Date.now();a:{var b=window;if(a){var c=a.timing;if(c){var d=c.navigationStart,f=c.responseStart;if(f&gt;d&amp;&amp;f&lt;=window.start){window.start=f;b.wsrt=f-d;break a}}a.now&amp;&amp;(b.wsrt=Math.floor(a.now()))}}window.google=window.google||{};var h=function(g){g&amp;&amp;g.target.setAttribute("data-iml",Date.now())};document.documentElement.addEventListener("load",h,!0);google.rglh=function(){document.documentElement.removeEventListener("load",h,!0)};}).call(this);(function(){window.google.erd={sp:'srp',jsr:0,bv:1459,de:true};})();(function(){
var c=[],e=0;window.ping=function(b){-1==b.indexOf("&amp;zx")&amp;&amp;(b+="&amp;zx="+Date.now());var a=new Image,d=e++;c[d]=a;a.onerror=a.onload=a.onabort=function(){delete c[d]};a.src=b};}).call(this);&lt;/script&gt;&lt;style&gt;body{margin:0 auto;max-width:736px;padding:0 8px;}a{color:#1967D2;text-decoration:none;tap-highlight-color:rgba(0,0,0,.10)}a:visited{color:#4B11A8}a:hover{text-decoration:underline}img{border:0}html{font-family:Roboto,Helvetica Neue,Arial,sans-serif;font-size:14px;line-height:20px;text-size-adjust:100%;color:#3c4043;word-wrap:break-word;background-color:#fff}.bRsWnc{background-color:#fff;border-top:1px solid #dadce0;height:39px;overflow:hidden}.N6RWV{height:51px;overflow-scrolling:touch;overflow-x:auto;overflow-y:hidden}.Uv67qb{box-pack:justify;font-size:12px;line-height:37px;justify-content:space-between;justify-content:space-between}.Uv67qb a,.Uv67qb span{color:#70757a;display:block;flex:none;padding:0 16px;text-align:center;text-transform:uppercase;}span.OXXup{border-bottom:2px solid #4285f4;color:#4285f4;font-weight:bold}a.eZt8xd:visited{color:#70757a}.FElbsf{border-left:1px solid rgba(0,0,0,.12)}header article{overflow:visible}.Pg70bf{height:39px;display:box;display:flex;display:flex;width:100%}.H0PQec{position:relative;flex:1}.sbc{display:flex;width:100%}.Pg70bf input{margin:2px 4px 2px 8px;}.x{width:26px;color:#70757a;font:27px/38px arial, sans-serif;line-height:40px;}#qdClwb{flex:0 0 auto;width:39px;height:39px;border-bottom:0;padding:0;border-top-right-radius:8px;background-color:#1a73e8;border:1px solid #1558d6;background-image:url(data:image/gif;base64,R0lGODdhJAAjAPIHAODr/nCk+MPZ/FmV96zK+/7+/5K5+kqL9iwAAAAAJAAjAEADani63P4wykmbKcQRXDscQAEMXmmeaLQVLCukzyC09AjfeK7v/MAajACLhPMVAgwjsUcEiZa8xgAYrVqv2Kx2iwsIAAABknfBBAKrTE4IcMyot8ur8datqIbQfJdnAfo2WE6BV05wXIiJigkAOw==);}.sc{font-size:16px;position:absolute;top:39px;left:0;right:0;box-shadow:0px 2px 5px rgba(0,0,0,.2);z-index:2;background-color:#fff}.sc&gt;div{padding:10px 10px;padding-left:16px;padding-left:14px;border-top:1px solid #dfe1e5}.scs{background-color:#f8f9fa;}.noHIxc{display:block;font-size:16px;padding:0 0 0 8px;flex:1;height:35px;outline:none;border:none;width:100%;-webkit-tap-highlight-color:rgba(0,0,0,.00);overflow:hidden;}.sbc input[type=text]{background:none}.sml .cOl4Id{display:none}.l{display:none}.sml header{background:none}.sml .l{display:block;padding:0 8px}.sml .l{letter-spacing:-1px;text-align:center;border-radius:2px 0 0 0;font:22px/36px Futura, Arial, sans-serif;font-smoothing:antialiased}.bz1lBb{background:#fff;border-radius:8px 8px 0 0;box-shadow:0 1px 6px rgba(32, 33, 36, 0.18);margin-top:10px}.KP7LCb{border-radius:0 0 8px 8px;box-shadow:0 2px 3px rgba(32, 33, 36, 0.18);margin-bottom:10px;overflow:hidden}.cOl4Id{letter-spacing:-1px;text-align:center;font:22pt Futura, Arial, sans-serif;height:37px;font-smoothing:antialiased;padding:10px 0 5px 0;}.cOl4Id span{display:inline-block}.S591j{height:100%}.V6gwVd{color:#4285f4}.iWkuvd{color:#ea4335}.cDrQ7{color:#fcc934}.ntlR9{color:#34a853}.tJ3Myc{-webkit-transform:rotate(-20deg);position:relative;left:-1px;display:inline-block}footer{text-align:center;margin-top:18px}footer a,footer a:visited,.smiUbb{color:#70757a}.xeDNfc{margin:0 13px}#EOlPnc{margin-top:36px}#EOlPnc&gt;div{margin:20px}.Srfpq{color:#70757a}&lt;/style&gt;&lt;/head&gt;&lt;body jsmodel="hspDDf"&gt;&lt;header id="hdr"&gt;&lt;script nonce="XxNOhA+r4owlwU+Y6u4a6g=="&gt;(function(){
var k=this||self,l=function(){},m=function(a){var b=typeof a;return"object"==b&amp;&amp;null!=a||"function"==b},n=function(a,b){function c(){}c.prototype=b.prototype;a.j=b.prototype;a.prototype=new c;a.prototype.constructor=a;a.l=function(d,e,f){for(var g=Array(arguments.length-2),h=2;h&lt;arguments.length;h++)g[h-2]=arguments[h];return b.prototype[e].apply(d,g)}};var p=Array.prototype.indexOf?function(a,b){return Array.prototype.indexOf.call(a,b,void 0)}:function(a,b){if("string"===typeof a)return"string"!==typeof b||1!=b.length?-1:a.indexOf(b,0);for(var c=0;c&lt;a.length;c++)if(c in a&amp;&amp;a[c]===b)return c;return-1};var q=function(a){return"string"==typeof a.className?a.className:a.getAttribute&amp;&amp;a.getAttribute("class")||""},r=function(a,b){"string"==typeof a.className?a.className=b:a.setAttribute&amp;&amp;a.setAttribute("class",b)},t=function(a,b){a.classList?b=a.classList.contains(b):(a=a.classList?a.classList:q(a).match(/\S+/g)||[],b=0&lt;=p(a,b));return b},w=function(){var a=u,b=v;a.classList?a.classList.remove(b):t(a,b)&amp;&amp;r(a,Array.prototype.filter.call(a.classList?a.classList:q(a).match(/\S+/g)||[],function(c){return c!=
b}).join(" "))};var x;a:{var y=k.navigator;if(y){var z=y.userAgent;if(z){x=z;break a}}x=""};var A=function(a){A[" "](a);return a};A[" "]=l;var B=-1!=x.indexOf("Gecko")&amp;&amp;!(-1!=x.toLowerCase().indexOf("webkit")&amp;&amp;-1==x.indexOf("Edge"))&amp;&amp;!(-1!=x.indexOf("Trident")||-1!=x.indexOf("MSIE"))&amp;&amp;-1==x.indexOf("Edge");var C=function(a,b){this.type=a;this.target=b};C.prototype.g=function(){};var D=function(){if(!k.addEventListener||!Object.defineProperty)return!1;var a=!1,b=Object.defineProperty({},"passive",{get:function(){a=!0}});try{k.addEventListener("test",l,b),k.removeEventListener("test",l,b)}catch(c){}return a}();var F=function(a){C.call(this,a?a.type:"");this.relatedTarget=this.target=null;this.button=this.screenY=this.screenX=this.clientY=this.clientX=0;this.key="";this.keyCode=0;this.metaKey=this.shiftKey=this.altKey=this.ctrlKey=!1;this.state=null;this.pointerId=0;this.pointerType="";this.h=null;if(a){var b=this.type=a.type,c=a.changedTouches&amp;&amp;a.changedTouches.length?a.changedTouches[0]:null;this.target=a.target||a.srcElement;var d=a.relatedTarget;if(d){if(B){a:{try{A(d.nodeName);var e=!0;break a}catch(f){}e=
!1}e||(d=null)}}else"mouseover"==b?d=a.fromElement:"mouseout"==b&amp;&amp;(d=a.toElement);this.relatedTarget=d;c?(this.clientX=void 0!==c.clientX?c.clientX:c.pageX,this.clientY=void 0!==c.clientY?c.clientY:c.pageY,this.screenX=c.screenX||0,this.screenY=c.screenY||0):(this.clientX=void 0!==a.clientX?a.clientX:a.pageX,this.clientY=void 0!==a.clientY?a.clientY:a.pageY,this.screenX=a.screenX||0,this.screenY=a.screenY||0);this.button=a.button;this.keyCode=a.keyCode||0;this.key=a.key||"";this.ctrlKey=a.ctrlKey;this.altKey=a.altKey;this.shiftKey=a.shiftKey;this.metaKey=a.metaKey;this.pointerId=a.pointerId||0;this.pointerType="string"===typeof a.pointerType?a.pointerType:E[a.pointerType]||"";this.state=a.state;this.h=a;a.defaultPrevented&amp;&amp;F.j.g.call(this)}};n(F,C);var E={2:"touch",3:"pen",4:"mouse"};F.prototype.g=function(){F.j.g.call(this);var a=this.h;a.preventDefault?a.preventDefault():a.returnValue=!1};var G="closure_listenable_"+(1E6*Math.random()|0);var H=0;var I=function(a,b,c,d,e){this.listener=a;this.proxy=null;this.src=b;this.type=c;this.capture=!!d;this.h=e;this.key=++H;this.g=this.i=!1},J=function(a){a.g=!0;a.listener=null;a.proxy=null;a.src=null;a.h=null};var K=function(a){this.src=a;this.g={};this.h=0};K.prototype.add=function(a,b,c,d,e){var f=a.toString();a=this.g[f];a||(a=this.g[f]=[],this.h++);var g;a:{for(g=0;g&lt;a.length;++g){var h=a[g];if(!h.g&amp;&amp;h.listener==b&amp;&amp;h.capture==!!d&amp;&amp;h.h==e)break a}g=-1}-1&lt;g?(b=a[g],c||(b.i=!1)):(b=new I(b,this.src,f,!!d,e),b.i=c,a.push(b));return b};var L="closure_lm_"+(1E6*Math.random()|0),M={},N=0,P=function(a,b,c,d,e){if(d&amp;&amp;d.once)return O(a,b,c,d,e);if(Array.isArray(b)){for(var f=0;f&lt;b.length;f++)P(a,b[f],c,d,e);return null}c=Q(c);return a&amp;&amp;a[G]?a.g(b,c,m(d)?!!d.capture:!!d,e):R(a,b,c,!1,d,e)},R=function(a,b,c,d,e,f){if(!b)throw Error("a");var g=m(e)?!!e.capture:!!e,h=S(a);h||(a[L]=h=new K(a));c=h.add(b,c,d,g,f);if(c.proxy)return c;d=T();c.proxy=d;d.src=a;d.listener=c;if(a.addEventListener)D||(e=g),void 0===e&amp;&amp;(e=!1),a.addEventListener(b.toString(),d,e);else if(a.attachEvent)a.attachEvent(U(b.toString()),d);else if(a.addListener&amp;&amp;a.removeListener)a.addListener(d);else throw Error("b");N++;return c},T=function(){var a=V,b=function(c){return a.call(b.src,b.listener,c)};return b},O=function(a,b,c,d,e){if(Array.isArray(b)){for(var f=0;f&lt;b.length;f++)O(a,b[f],c,d,e);return null}c=Q(c);return a&amp;&amp;a[G]?a.h(b,c,m(d)?!!d.capture:!!d,e):R(a,b,c,!0,d,e)},W=function(a){if("number"!==typeof a&amp;&amp;a&amp;&amp;!a.g){var b=a.src;if(b&amp;&amp;b[G])b.o(a);else{var c=a.type,d=a.proxy;b.removeEventListener?b.removeEventListener(c,d,a.capture):b.detachEvent?b.detachEvent(U(c),d):b.addListener&amp;&amp;b.removeListener&amp;&amp;b.removeListener(d);N--;if(c=S(b)){d=a.type;if(d in c.g){var e=c.g[d],f=p(e,a),g;(g=0&lt;=f)&amp;&amp;Array.prototype.splice.call(e,f,1);g&amp;&amp;(J(a),0==c.g[d].length&amp;&amp;(delete c.g[d],c.h--))}0==c.h&amp;&amp;(c.src=null,b[L]=null)}else J(a)}}},U=function(a){return a in M?M[a]:M[a]="on"+a},V=function(a,b){if(a.g)a=!0;else{b=new F(b,this);var c=a.listener,d=a.h||a.src;a.i&amp;&amp;W(a);a=c.call(d,b)}return a},S=function(a){a=a[L];return a inst... (set the log level to DEBUG or TRACE to see the full content) 
 </msg>
<msg timestamp="20211017 21:07:37.683" level="INFO">${response} = &lt;Response [200]&gt;</msg>
<status status="PASS" starttime="20211017 21:07:36.868" endtime="20211017 21:07:37.683"/>
</kw>
<kw name="GET" library="RequestsLibrary">
<var>${response}</var>
<arg>https://www.google.com/search</arg>
<arg>params=query=ciao</arg>
<arg>expected_status=400</arg>
<doc>Sends a GET request.</doc>
<msg timestamp="20211017 21:07:38.457" level="INFO">GET Request : url=https://www.google.com/search?query=ciao 
 path_url=/search?query=ciao 
 headers={'User-Agent': 'python-requests/2.25.0', 'Accept-Encoding': 'gzip, deflate', 'Accept': '*/*', 'Connection': 'keep-alive'} 
 body=None 
 </msg>
<msg timestamp="20211017 21:07:38.458" level="INFO">GET Response : url=https://www.google.com/search?query=ciao 
 status=200, reason=OK 
 headers={'Content-Type': 'text/html; charset=ISO-8859-1', 'Date': 'Mon, 18 Oct 2021 00:07:37 GMT', 'Expires': '-1', 'Cache-Control': 'private, max-age=0', 'P3P': 'CP="This is not a P3P policy! See g.co/p3phelp for more info."', 'Content-Encoding': 'gzip', 'Server': 'gws', 'X-XSS-Protection': '0', 'X-Frame-Options': 'SAMEORIGIN', 'Set-Cookie': '1P_JAR=2021-10-18-00; expires=Wed, 17-Nov-2021 00:07:37 GMT; path=/; domain=.google.com; Secure, NID=511=KNA1EBoCu5Yr8InZFppQUPiwdeZ98qvpGtJVHeCykMvCJXKQgW6y_oqhfdeRE_VtjkcJo_AMPh6aRRPo6lUgFTiZmbP_AgB2mStFPOaDSqOueCNi-83n1i6vg-SSUTjRK-doFrdunQWMUEcjBoS94lJghksW2MBOdGbZevGHTRM; expires=Tue, 19-Apr-2022 00:07:37 GMT; path=/; domain=.google.com; HttpOnly', 'Alt-Svc': 'h3=":443"; ma=2592000,h3-29=":443"; ma=2592000,h3-T051=":443"; ma=2592000,h3-Q050=":443"; ma=2592000,h3-Q046=":443"; ma=2592000,h3-Q043=":443"; ma=2592000,quic=":443"; ma=2592000; v="46,43"', 'Transfer-Encoding': 'chunked'} 
 body=&lt;!doctype html&gt;&lt;html lang="pt-BR"&gt;&lt;head&gt;&lt;meta charset="UTF-8"&gt;&lt;meta content="/images/branding/googleg/1x/googleg_standard_color_128dp.png" itemprop="image"&gt;&lt;title&gt;ciao - Pesquisa Google&lt;/title&gt;&lt;script nonce="7S0E4SY8/JfI3c8jcEakSg=="&gt;(function(){
document.documentElement.addEventListener("submit",function(b){var a;if(a=b.target){var c=a.getAttribute("data-submitfalse");a="1"===c||"q"===c&amp;&amp;!a.elements.q.value?!0:!1}else a=!1;a&amp;&amp;(b.preventDefault(),b.stopPropagation())},!0);document.documentElement.addEventListener("click",function(b){var a;a:{for(a=b.target;a&amp;&amp;a!==document.documentElement;a=a.parentElement)if("A"===a.tagName){a="1"===a.getAttribute("data-nohref");break a}a=!1}a&amp;&amp;b.preventDefault()},!0);}).call(this);(function(){
var a=window.performance;window.start=Date.now();a:{var b=window;if(a){var c=a.timing;if(c){var d=c.navigationStart,f=c.responseStart;if(f&gt;d&amp;&amp;f&lt;=window.start){window.start=f;b.wsrt=f-d;break a}}a.now&amp;&amp;(b.wsrt=Math.floor(a.now()))}}window.google=window.google||{};var h=function(g){g&amp;&amp;g.target.setAttribute("data-iml",Date.now())};document.documentElement.addEventListener("load",h,!0);google.rglh=function(){document.documentElement.removeEventListener("load",h,!0)};}).call(this);(function(){window.google.erd={sp:'srp',jsr:0,bv:1459,de:true};})();(function(){
var c=[],e=0;window.ping=function(b){-1==b.indexOf("&amp;zx")&amp;&amp;(b+="&amp;zx="+Date.now());var a=new Image,d=e++;c[d]=a;a.onerror=a.onload=a.onabort=function(){delete c[d]};a.src=b};}).call(this);&lt;/script&gt;&lt;style&gt;body{margin:0 auto;max-width:736px;padding:0 8px;}a{color:#1967D2;text-decoration:none;tap-highlight-color:rgba(0,0,0,.10)}a:visited{color:#4B11A8}a:hover{text-decoration:underline}img{border:0}html{font-family:Roboto,Helvetica Neue,Arial,sans-serif;font-size:14px;line-height:20px;text-size-adjust:100%;color:#3c4043;word-wrap:break-word;background-color:#fff}.bRsWnc{background-color:#fff;border-top:1px solid #dadce0;height:39px;overflow:hidden}.N6RWV{height:51px;overflow-scrolling:touch;overflow-x:auto;overflow-y:hidden}.Uv67qb{box-pack:justify;font-size:12px;line-height:37px;justify-content:space-between;justify-content:space-between}.Uv67qb a,.Uv67qb span{color:#70757a;display:block;flex:none;padding:0 16px;text-align:center;text-transform:uppercase;}span.OXXup{border-bottom:2px solid #4285f4;color:#4285f4;font-weight:bold}a.eZt8xd:visited{color:#70757a}.FElbsf{border-left:1px solid rgba(0,0,0,.12)}header article{overflow:visible}.Pg70bf{height:39px;display:box;display:flex;display:flex;width:100%}.H0PQec{position:relative;flex:1}.sbc{display:flex;width:100%}.Pg70bf input{margin:2px 4px 2px 8px;}.x{width:26px;color:#70757a;font:27px/38px arial, sans-serif;line-height:40px;}#qdClwb{flex:0 0 auto;width:39px;height:39px;border-bottom:0;padding:0;border-top-right-radius:8px;background-color:#1a73e8;border:1px solid #1558d6;background-image:url(data:image/gif;base64,R0lGODdhJAAjAPIHAODr/nCk+MPZ/FmV96zK+/7+/5K5+kqL9iwAAAAAJAAjAEADani63P4wykmbKcQRXDscQAEMXmmeaLQVLCukzyC09AjfeK7v/MAajACLhPMVAgwjsUcEiZa8xgAYrVqv2Kx2iwsIAAABknfBBAKrTE4IcMyot8ur8datqIbQfJdnAfo2WE6BV05wXIiJigkAOw==);}.sc{font-size:16px;position:absolute;top:39px;left:0;right:0;box-shadow:0px 2px 5px rgba(0,0,0,.2);z-index:2;background-color:#fff}.sc&gt;div{padding:10px 10px;padding-left:16px;padding-left:14px;border-top:1px solid #dfe1e5}.scs{background-color:#f8f9fa;}.noHIxc{display:block;font-size:16px;padding:0 0 0 8px;flex:1;height:35px;outline:none;border:none;width:100%;-webkit-tap-highlight-color:rgba(0,0,0,.00);overflow:hidden;}.sbc input[type=text]{background:none}.sml .cOl4Id{display:none}.l{display:none}.sml header{background:none}.sml .l{display:block;padding:0 8px}.sml .l{letter-spacing:-1px;text-align:center;border-radius:2px 0 0 0;font:22px/36px Futura, Arial, sans-serif;font-smoothing:antialiased}.bz1lBb{background:#fff;border-radius:8px 8px 0 0;box-shadow:0 1px 6px rgba(32, 33, 36, 0.18);margin-top:10px}.KP7LCb{border-radius:0 0 8px 8px;box-shadow:0 2px 3px rgba(32, 33, 36, 0.18);margin-bottom:10px;overflow:hidden}.cOl4Id{letter-spacing:-1px;text-align:center;font:22pt Futura, Arial, sans-serif;height:37px;font-smoothing:antialiased;padding:10px 0 5px 0;}.cOl4Id span{display:inline-block}.S591j{height:100%}.V6gwVd{color:#4285f4}.iWkuvd{color:#ea4335}.cDrQ7{color:#fcc934}.ntlR9{color:#34a853}.tJ3Myc{-webkit-transform:rotate(-20deg);position:relative;left:-1px;display:inline-block}footer{text-align:center;margin-top:18px}footer a,footer a:visited,.smiUbb{color:#70757a}.xeDNfc{margin:0 13px}#EOlPnc{margin-top:36px}#EOlPnc&gt;div{margin:20px}.Srfpq{color:#70757a}&lt;/style&gt;&lt;/head&gt;&lt;body jsmodel="hspDDf"&gt;&lt;header id="hdr"&gt;&lt;script nonce="7S0E4SY8/JfI3c8jcEakSg=="&gt;(function(){
var k=this||self,l=function(){},m=function(a){var b=typeof a;return"object"==b&amp;&amp;null!=a||"function"==b},n=function(a,b){function c(){}c.prototype=b.prototype;a.j=b.prototype;a.prototype=new c;a.prototype.constructor=a;a.l=function(d,e,f){for(var g=Array(arguments.length-2),h=2;h&lt;arguments.length;h++)g[h-2]=arguments[h];return b.prototype[e].apply(d,g)}};var p=Array.prototype.indexOf?function(a,b){return Array.prototype.indexOf.call(a,b,void 0)}:function(a,b){if("string"===typeof a)return"string"!==typeof b||1!=b.length?-1:a.indexOf(b,0);for(var c=0;c&lt;a.length;c++)if(c in a&amp;&amp;a[c]===b)return c;return-1};var q=function(a){return"string"==typeof a.className?a.className:a.getAttribute&amp;&amp;a.getAttribute("class")||""},r=function(a,b){"string"==typeof a.className?a.className=b:a.setAttribute&amp;&amp;a.setAttribute("class",b)},t=function(a,b){a.classList?b=a.classList.contains(b):(a=a.classList?a.classList:q(a).match(/\S+/g)||[],b=0&lt;=p(a,b));return b},w=function(){var a=u,b=v;a.classList?a.classList.remove(b):t(a,b)&amp;&amp;r(a,Array.prototype.filter.call(a.classList?a.classList:q(a).match(/\S+/g)||[],function(c){return c!=
b}).join(" "))};var x;a:{var y=k.navigator;if(y){var z=y.userAgent;if(z){x=z;break a}}x=""};var A=function(a){A[" "](a);return a};A[" "]=l;var B=-1!=x.indexOf("Gecko")&amp;&amp;!(-1!=x.toLowerCase().indexOf("webkit")&amp;&amp;-1==x.indexOf("Edge"))&amp;&amp;!(-1!=x.indexOf("Trident")||-1!=x.indexOf("MSIE"))&amp;&amp;-1==x.indexOf("Edge");var C=function(a,b){this.type=a;this.target=b};C.prototype.g=function(){};var D=function(){if(!k.addEventListener||!Object.defineProperty)return!1;var a=!1,b=Object.defineProperty({},"passive",{get:function(){a=!0}});try{k.addEventListener("test",l,b),k.removeEventListener("test",l,b)}catch(c){}return a}();var F=function(a){C.call(this,a?a.type:"");this.relatedTarget=this.target=null;this.button=this.screenY=this.screenX=this.clientY=this.clientX=0;this.key="";this.keyCode=0;this.metaKey=this.shiftKey=this.altKey=this.ctrlKey=!1;this.state=null;this.pointerId=0;this.pointerType="";this.h=null;if(a){var b=this.type=a.type,c=a.changedTouches&amp;&amp;a.changedTouches.length?a.changedTouches[0]:null;this.target=a.target||a.srcElement;var d=a.relatedTarget;if(d){if(B){a:{try{A(d.nodeName);var e=!0;break a}catch(f){}e=
!1}e||(d=null)}}else"mouseover"==b?d=a.fromElement:"mouseout"==b&amp;&amp;(d=a.toElement);this.relatedTarget=d;c?(this.clientX=void 0!==c.clientX?c.clientX:c.pageX,this.clientY=void 0!==c.clientY?c.clientY:c.pageY,this.screenX=c.screenX||0,this.screenY=c.screenY||0):(this.clientX=void 0!==a.clientX?a.clientX:a.pageX,this.clientY=void 0!==a.clientY?a.clientY:a.pageY,this.screenX=a.screenX||0,this.screenY=a.screenY||0);this.button=a.button;this.keyCode=a.keyCode||0;this.key=a.key||"";this.ctrlKey=a.ctrlKey;this.altKey=a.altKey;this.shiftKey=a.shiftKey;this.metaKey=a.metaKey;this.pointerId=a.pointerId||0;this.pointerType="string"===typeof a.pointerType?a.pointerType:E[a.pointerType]||"";this.state=a.state;this.h=a;a.defaultPrevented&amp;&amp;F.j.g.call(this)}};n(F,C);var E={2:"touch",3:"pen",4:"mouse"};F.prototype.g=function(){F.j.g.call(this);var a=this.h;a.preventDefault?a.preventDefault():a.returnValue=!1};var G="closure_listenable_"+(1E6*Math.random()|0);var H=0;var I=function(a,b,c,d,e){this.listener=a;this.proxy=null;this.src=b;this.type=c;this.capture=!!d;this.h=e;this.key=++H;this.g=this.i=!1},J=function(a){a.g=!0;a.listener=null;a.proxy=null;a.src=null;a.h=null};var K=function(a){this.src=a;this.g={};this.h=0};K.prototype.add=function(a,b,c,d,e){var f=a.toString();a=this.g[f];a||(a=this.g[f]=[],this.h++);var g;a:{for(g=0;g&lt;a.length;++g){var h=a[g];if(!h.g&amp;&amp;h.listener==b&amp;&amp;h.capture==!!d&amp;&amp;h.h==e)break a}g=-1}-1&lt;g?(b=a[g],c||(b.i=!1)):(b=new I(b,this.src,f,!!d,e),b.i=c,a.push(b));return b};var L="closure_lm_"+(1E6*Math.random()|0),M={},N=0,P=function(a,b,c,d,e){if(d&amp;&amp;d.once)return O(a,b,c,d,e);if(Array.isArray(b)){for(var f=0;f&lt;b.length;f++)P(a,b[f],c,d,e);return null}c=Q(c);return a&amp;&amp;a[G]?a.g(b,c,m(d)?!!d.capture:!!d,e):R(a,b,c,!1,d,e)},R=function(a,b,c,d,e,f){if(!b)throw Error("a");var g=m(e)?!!e.capture:!!e,h=S(a);h||(a[L]=h=new K(a));c=h.add(b,c,d,g,f);if(c.proxy)return c;d=T();c.proxy=d;d.src=a;d.listener=c;if(a.addEventListener)D||(e=g),void 0===e&amp;&amp;(e=!1),a.addEventListener(b.toString(),d,e);else if(a.attachEvent)a.attachEvent(U(b.toString()),d);else if(a.addListener&amp;&amp;a.removeListener)a.addListener(d);else throw Error("b");N++;return c},T=function(){var a=V,b=function(c){return a.call(b.src,b.listener,c)};return b},O=function(a,b,c,d,e){if(Array.isArray(b)){for(var f=0;f&lt;b.length;f++)O(a,b[f],c,d,e);return null}c=Q(c);return a&amp;&amp;a[G]?a.h(b,c,m(d)?!!d.capture:!!d,e):R(a,b,c,!0,d,e)},W=function(a){if("number"!==typeof a&amp;&amp;a&amp;&amp;!a.g){var b=a.src;if(b&amp;&amp;b[G])b.o(a);else{var c=a.type,d=a.proxy;b.removeEventListener?b.removeEventListener(c,d,a.capture):b.detachEvent?b.detachEvent(U(c),d):b.addListener&amp;&amp;b.removeListener&amp;&amp;b.removeListener(d);N--;if(c=S(b)){d=a.type;if(d in c.g){var e=c.g[d],f=p(e,a),g;(g=0&lt;=f)&amp;&amp;Array.prototype.splice.call(e,f,1);g&amp;&amp;(J(a),0==c.g[d].length&amp;&amp;(delete c.g[d],c.h--))}0==c.h&amp;&amp;(c.src=null,b[L]=null)}else J(a)}}},U=function(a){return a in M?M[a]:M[a]="on"+a},V=function(a,b){if(a.g)a=!0;else{b=new F(b,this);var c=a.listener,d=a.h||a.src;a.i&amp;&amp;W(a);a=c.call(d,b)}return a},S=function(a){a=a[L];return a inst... (set the log level to DEBUG or TRACE to see the full content) 
 </msg>
<msg timestamp="20211017 21:07:38.484" level="FAIL">Url: https://www.google.com/search?query=ciao Expected status: 200 != 400</msg>
<status status="FAIL" starttime="20211017 21:07:37.687" endtime="20211017 21:07:38.484"/>
</kw>
<status status="FAIL" starttime="20211017 21:07:36.866" endtime="20211017 21:07:38.536">Url: https://www.google.com/search?query=ciao Expected status: 200 != 400</status>
</test>
<test id="s1-t3" name="Quick Get A JSON Body Test">
<kw name="GET" library="RequestsLibrary">
<var>${response}</var>
<arg>https://jsonplaceholder.typicode.com/posts/1</arg>
<doc>Sends a GET request.</doc>
<msg timestamp="20211017 21:07:38.782" level="INFO">GET Request : url=https://jsonplaceholder.typicode.com/posts/1 
 path_url=/posts/1 
 headers={'User-Agent': 'python-requests/2.25.0', 'Accept-Encoding': 'gzip, deflate', 'Accept': '*/*', 'Connection': 'keep-alive'} 
 body=None 
 </msg>
<msg timestamp="20211017 21:07:38.782" level="INFO">GET Response : url=https://jsonplaceholder.typicode.com/posts/1 
 status=200, reason=OK 
 headers={'Date': 'Mon, 18 Oct 2021 00:07:38 GMT', 'Content-Type': 'application/json; charset=utf-8', 'Transfer-Encoding': 'chunked', 'Connection': 'keep-alive', 'x-powered-by': 'Express', 'x-ratelimit-limit': '1000', 'x-ratelimit-remaining': '999', 'x-ratelimit-reset': '1633891509', 'vary': 'Origin, Accept-Encoding', 'access-control-allow-credentials': 'true', 'cache-control': 'max-age=43200', 'pragma': 'no-cache', 'expires': '-1', 'x-content-type-options': 'nosniff', 'etag': 'W/"124-yiKdLzqO5gfBrJFrcdJ8Yq0LGnU"', 'via': '1.1 vegur', 'CF-Cache-Status': 'HIT', 'Age': '530', 'Expect-CT': 'max-age=604800, report-uri="https://report-uri.cloudflare.com/cdn-cgi/beacon/expect-ct"', 'Report-To': '{"endpoints":[{"url":"https:\\/\\/a.nel.cloudflare.com\\/report\\/v3?s=9pVDGwAB2RlHaTo%2BSDBcXDGfPyRaYMjp6gn5pi8dx1S49Op8zG5NXBtXnb3Vv91UYnAxlQPE%2BL3TRKTl4Kd0dqPYU90owevnsJZJsfF3nnuBDAMwv%2BhvkdD8LkpLwO0J%2FXjaYvhmO%2BZUZ4I8b55S"}],"group":"cf-nel","max_age":604800}', 'NEL': '{"success_fraction":0,"report_to":"cf-nel","max_age":604800}', 'Server': 'cloudflare', 'CF-RAY': '69fd8710185b2767-GIG', 'Content-Encoding': 'gzip', 'alt-svc': 'h3=":443"; ma=86400, h3-29=":443"; ma=86400, h3-28=":443"; ma=86400, h3-27=":443"; ma=86400'} 
 body={
  "userId": 1,
  "id": 1,
  "title": "sunt aut facere repellat provident occaecati excepturi optio reprehenderit",
  "body": "quia et suscipit\nsuscipit recusandae consequuntur expedita et cum\nreprehenderit molestiae ut ut quas totam\nnostrum rerum est autem sunt rem eveniet architecto"
} 
 </msg>
<msg timestamp="20211017 21:07:38.783" level="INFO">${response} = &lt;Response [200]&gt;</msg>
<status status="PASS" starttime="20211017 21:07:38.563" endtime="20211017 21:07:38.783"/>
</kw>
<kw name="Should Be Equal As Strings" library="BuiltIn">
<arg>1</arg>
<arg>${response.json()}[id]</arg>
<doc>Fails if objects are unequal after converting them to strings.</doc>
<msg timestamp="20211017 21:07:38.789" level="INFO">Argument types are:
&lt;type 'unicode'&gt;
&lt;class 'int'&gt;</msg>
<status status="PASS" starttime="20211017 21:07:38.785" endtime="20211017 21:07:38.789"/>
</kw>
<status status="PASS" starttime="20211017 21:07:38.551" endtime="20211017 21:07:38.791"/>
</test>
<status status="FAIL" starttime="20211017 21:07:36.120" endtime="20211017 21:07:38.798"/>
</suite>
<statistics>
<total>
<stat pass="2" fail="1" skip="0">All Tests</stat>
</total>
<tag>
</tag>
<suite>
<stat pass="2" fail="1" skip="0" id="s1" name="TesteGoogle">TesteGoogle</stat>
</suite>
</statistics>
<errors>
</errors>
</robot>
